[0.731s] Invoking command in '/home/athens/ros2_athens_ws/src/stm_station': PYTHONPATH=/home/athens/ros2_athens_ws/build/stm_station/prefix_override:/usr/lib/python3/dist-packages/colcon_core/task/python/colcon_distutils_commands:/home/athens/ros2_athens_ws/install/stm_station/lib/python3.8/site-packages:${PYTHONPATH} /usr/bin/python3 -W ignore:setup.py install is deprecated setup.py egg_info --egg-base ../../build/stm_station build --build-base /home/athens/ros2_athens_ws/build/stm_station/build install --record /home/athens/ros2_athens_ws/build/stm_station/install.log --install-scripts $base/lib/stm_station --single-version-externally-managed install_data
[0.956s] running egg_info
[0.958s] writing ../../build/stm_station/stm_station.egg-info/PKG-INFO
[0.960s] writing dependency_links to ../../build/stm_station/stm_station.egg-info/dependency_links.txt
[0.961s] writing entry points to ../../build/stm_station/stm_station.egg-info/entry_points.txt
[0.962s] writing requirements to ../../build/stm_station/stm_station.egg-info/requires.txt
[0.964s] writing top-level names to ../../build/stm_station/stm_station.egg-info/top_level.txt
[0.997s] reading manifest file '../../build/stm_station/stm_station.egg-info/SOURCES.txt'
[0.999s] writing manifest file '../../build/stm_station/stm_station.egg-info/SOURCES.txt'
[1.004s] running build
[1.005s] running build_py
[1.005s] copying stm_station/4_stm_serial_node_pub.py -> /home/athens/ros2_athens_ws/build/stm_station/build/lib/stm_station
[1.006s] running install
[1.008s] running install_lib
[1.009s] copying /home/athens/ros2_athens_ws/build/stm_station/build/lib/stm_station/4_stm_serial_node_pub.py -> /home/athens/ros2_athens_ws/install/stm_station/lib/python3.8/site-packages/stm_station
[1.011s] byte-compiling /home/athens/ros2_athens_ws/install/stm_station/lib/python3.8/site-packages/stm_station/4_stm_serial_node_pub.py to 4_stm_serial_node_pub.cpython-38.pyc
[1.018s] running install_data
[1.019s] running install_egg_info
[1.021s] removing '/home/athens/ros2_athens_ws/install/stm_station/lib/python3.8/site-packages/stm_station-0.0.0-py3.8.egg-info' (and everything under it)
[1.035s] Copying ../../build/stm_station/stm_station.egg-info to /home/athens/ros2_athens_ws/install/stm_station/lib/python3.8/site-packages/stm_station-0.0.0-py3.8.egg-info
[1.039s] running install_scripts
[1.059s] Installing 4_stm_serial_node_pub script to /home/athens/ros2_athens_ws/install/stm_station/lib/stm_station
[1.061s] writing list of installed files to '/home/athens/ros2_athens_ws/build/stm_station/install.log'
[1.085s] Invoked command in '/home/athens/ros2_athens_ws/src/stm_station' returned '0': PYTHONPATH=/home/athens/ros2_athens_ws/build/stm_station/prefix_override:/usr/lib/python3/dist-packages/colcon_core/task/python/colcon_distutils_commands:/home/athens/ros2_athens_ws/install/stm_station/lib/python3.8/site-packages:${PYTHONPATH} /usr/bin/python3 -W ignore:setup.py install is deprecated setup.py egg_info --egg-base ../../build/stm_station build --build-base /home/athens/ros2_athens_ws/build/stm_station/build install --record /home/athens/ros2_athens_ws/build/stm_station/install.log --install-scripts $base/lib/stm_station --single-version-externally-managed install_data
