[0.759s] Invoking command in '/home/athens/ros2_athens_ws/src/first_package': CMAKE_PREFIX_PATH=/home/athens/ros2_athens_ws/install/first_interfaces:/home/athens/ros2_athens_ws/install/stm_interfaces LD_LIBRARY_PATH=/home/athens/ros2_athens_ws/install/first_interfaces/lib:/home/athens/ros2_athens_ws/install/stm_interfaces/lib:/opt/ros/foxy/opt/yaml_cpp_vendor/lib:/opt/ros/foxy/opt/rviz_ogre_vendor/lib:/opt/ros/foxy/lib/x86_64-linux-gnu:/opt/ros/foxy/lib PYTHONPATH=/home/athens/ros2_athens_ws/build/first_package/prefix_override:/usr/lib/python3/dist-packages/colcon_core/task/python/colcon_distutils_commands:/home/athens/ros2_athens_ws/install/first_package/lib/python3.8/site-packages:/home/athens/ros2_athens_ws/install/first_interfaces/lib/python3.8/site-packages:/home/athens/ros2_athens_ws/install/stm_station/lib/python3.8/site-packages:/home/athens/ros2_athens_ws/install/stm_interfaces/lib/python3.8/site-packages:/home/athens/ros2_athens_ws/install/first_package/lib/python3.8/site-packages:/opt/ros/foxy/lib/python3.8/site-packages /usr/bin/python3 -W ignore:setup.py install is deprecated setup.py egg_info --egg-base ../../build/first_package build --build-base /home/athens/ros2_athens_ws/build/first_package/build install --record /home/athens/ros2_athens_ws/build/first_package/install.log --install-scripts $base/lib/first_package --single-version-externally-managed install_data
[0.994s] running egg_info
[0.998s] writing ../../build/first_package/first_package.egg-info/PKG-INFO
[0.998s] writing dependency_links to ../../build/first_package/first_package.egg-info/dependency_links.txt
[1.001s] writing entry points to ../../build/first_package/first_package.egg-info/entry_points.txt
[1.002s] writing requirements to ../../build/first_package/first_package.egg-info/requires.txt
[1.002s] writing top-level names to ../../build/first_package/first_package.egg-info/top_level.txt
[1.043s] reading manifest file '../../build/first_package/first_package.egg-info/SOURCES.txt'
[1.044s] writing manifest file '../../build/first_package/first_package.egg-info/SOURCES.txt'
[1.045s] running build
[1.045s] running build_py
[1.045s] running install
[1.046s] running install_lib
[1.048s] running install_data
[1.048s] running install_egg_info
[1.050s] removing '/home/athens/ros2_athens_ws/install/first_package/lib/python3.8/site-packages/first_package-0.0.0-py3.8.egg-info' (and everything under it)
[1.050s] Copying ../../build/first_package/first_package.egg-info to /home/athens/ros2_athens_ws/install/first_package/lib/python3.8/site-packages/first_package-0.0.0-py3.8.egg-info
[1.051s] running install_scripts
[1.070s] Installing simple_publisher_node script to /home/athens/ros2_athens_ws/install/first_package/lib/first_package
[1.071s] Installing simple_pubsub_node script to /home/athens/ros2_athens_ws/install/first_package/lib/first_package
[1.071s] Installing simple_subscriber_node script to /home/athens/ros2_athens_ws/install/first_package/lib/first_package
[1.071s] Installing test_simple_pubsub_node script to /home/athens/ros2_athens_ws/install/first_package/lib/first_package
[1.072s] writing list of installed files to '/home/athens/ros2_athens_ws/build/first_package/install.log'
[1.106s] Invoked command in '/home/athens/ros2_athens_ws/src/first_package' returned '0': CMAKE_PREFIX_PATH=/home/athens/ros2_athens_ws/install/first_interfaces:/home/athens/ros2_athens_ws/install/stm_interfaces LD_LIBRARY_PATH=/home/athens/ros2_athens_ws/install/first_interfaces/lib:/home/athens/ros2_athens_ws/install/stm_interfaces/lib:/opt/ros/foxy/opt/yaml_cpp_vendor/lib:/opt/ros/foxy/opt/rviz_ogre_vendor/lib:/opt/ros/foxy/lib/x86_64-linux-gnu:/opt/ros/foxy/lib PYTHONPATH=/home/athens/ros2_athens_ws/build/first_package/prefix_override:/usr/lib/python3/dist-packages/colcon_core/task/python/colcon_distutils_commands:/home/athens/ros2_athens_ws/install/first_package/lib/python3.8/site-packages:/home/athens/ros2_athens_ws/install/first_interfaces/lib/python3.8/site-packages:/home/athens/ros2_athens_ws/install/stm_station/lib/python3.8/site-packages:/home/athens/ros2_athens_ws/install/stm_interfaces/lib/python3.8/site-packages:/home/athens/ros2_athens_ws/install/first_package/lib/python3.8/site-packages:/opt/ros/foxy/lib/python3.8/site-packages /usr/bin/python3 -W ignore:setup.py install is deprecated setup.py egg_info --egg-base ../../build/first_package build --build-base /home/athens/ros2_athens_ws/build/first_package/build install --record /home/athens/ros2_athens_ws/build/first_package/install.log --install-scripts $base/lib/first_package --single-version-externally-managed install_data
