[0.028s] Invoking command in '/home/athens/ros2_athens_ws/build/first_interfaces': CMAKE_PREFIX_PATH=${CMAKE_PREFIX_PATH}:/home/athens/ros2_athens_ws/install/first_package:/home/athens/ros2_ws/install/stm_visualization_node:/home/athens/ros2_ws/install/stm_setup:/home/athens/ros2_ws/install/stm_serial_node:/home/athens/ros2_ws/install/stm_control_node:/opt/ros/foxy /usr/bin/cmake /home/athens/ros2_athens_ws/src/first_interfaces -DCMAKE_INSTALL_PREFIX=/home/athens/ros2_athens_ws/install/first_interfaces
[0.085s] -- Found ament_cmake: 0.9.12 (/opt/ros/foxy/share/ament_cmake/cmake)
[0.145s] -- Using PYTHON_EXECUTABLE: /usr/bin/python3
[0.407s] -- Found std_msgs: 2.0.5 (/opt/ros/foxy/share/std_msgs/cmake)
[0.508s] -- Using all available rosidl_typesupport_c: rosidl_typesupport_fastrtps_c;rosidl_typesupport_introspection_c
[0.533s] -- Found rosidl_adapter: 1.3.1 (/opt/ros/foxy/share/rosidl_adapter/cmake)
[0.724s] -- Found OpenSSL: /usr/lib/x86_64-linux-gnu/libcrypto.so (found version "1.1.1f")  
[0.767s] -- Found FastRTPS: /opt/ros/foxy/include  
[0.914s] -- Using all available rosidl_typesupport_cpp: rosidl_typesupport_fastrtps_cpp;rosidl_typesupport_introspection_cpp
[1.017s] -- Found rosidl_default_generators: 1.0.1 (/opt/ros/foxy/share/rosidl_default_generators/cmake)
[1.041s] CMake Error at /opt/ros/foxy/share/rosidl_cmake/cmake/rosidl_generate_interfaces.cmake:93 (message):
[1.041s]   rosidl_generate_interfaces() the passed file '$(msg_file)' doesn't exist
[1.042s]   relative to the CMAKE_CURRENT_SOURCE_DIR
[1.042s]   '/home/athens/ros2_athens_ws/src/first_interfaces'
[1.042s] Call Stack (most recent call first):
[1.043s]   CMakeLists.txt:29 (rosidl_generate_interfaces)
[1.043s] 
[1.044s] 
[1.050s] -- Configuring incomplete, errors occurred!
[1.050s] See also "/home/athens/ros2_athens_ws/build/first_interfaces/CMakeFiles/CMakeOutput.log".
[1.065s] Invoked command in '/home/athens/ros2_athens_ws/build/first_interfaces' returned '1': CMAKE_PREFIX_PATH=${CMAKE_PREFIX_PATH}:/home/athens/ros2_athens_ws/install/first_package:/home/athens/ros2_ws/install/stm_visualization_node:/home/athens/ros2_ws/install/stm_setup:/home/athens/ros2_ws/install/stm_serial_node:/home/athens/ros2_ws/install/stm_control_node:/opt/ros/foxy /usr/bin/cmake /home/athens/ros2_athens_ws/src/first_interfaces -DCMAKE_INSTALL_PREFIX=/home/athens/ros2_athens_ws/install/first_interfaces
