[0.185s] DEBUG:colcon:Command line arguments: ['/usr/bin/colcon', 'build']
[0.186s] DEBUG:colcon:Parsed command line arguments: Namespace(allow_overriding=[], ament_cmake_args=None, base_paths=['.'], build_base='build', catkin_cmake_args=None, catkin_skip_building_tests=False, cmake_args=None, cmake_clean_cache=False, cmake_clean_first=False, cmake_force_configure=False, cmake_target=None, cmake_target_skip_unavailable=False, continue_on_error=False, event_handlers=None, executor='parallel', ignore_user_meta=False, install_base='install', log_base=None, log_level=None, main=<bound method BuildVerb.main of <colcon_core.verb.build.BuildVerb object at 0x7f50424c4400>>, merge_install=False, metas=['./colcon.meta'], mixin=None, mixin_files=None, mixin_verb=('build',), packages_above=None, packages_above_and_dependencies=None, packages_above_depth=None, packages_end=None, packages_ignore=None, packages_ignore_regex=None, packages_select=None, packages_select_build_failed=False, packages_select_by_dep=None, packages_select_regex=None, packages_select_test_failures=False, packages_skip=None, packages_skip_build_finished=False, packages_skip_by_dep=None, packages_skip_regex=None, packages_skip_test_passed=False, packages_skip_up_to=None, packages_start=None, packages_up_to=None, packages_up_to_regex=None, parallel_workers=4, paths=None, symlink_install=False, test_result_base=None, verb_extension=<colcon_core.verb.build.BuildVerb object at 0x7f50424c4400>, verb_name='build', verb_parser=<colcon_mixin.mixin.mixin_argument.MixinArgumentDecorator object at 0x7f5042496940>)
[0.334s] Level 1:colcon.colcon_core.package_discovery:discover_packages(colcon_meta) check parameters
[0.334s] Level 1:colcon.colcon_core.package_discovery:discover_packages(recursive) check parameters
[0.334s] Level 1:colcon.colcon_core.package_discovery:discover_packages(ignore) check parameters
[0.335s] Level 1:colcon.colcon_core.package_discovery:discover_packages(path) check parameters
[0.335s] Level 1:colcon.colcon_core.package_discovery:discover_packages(colcon_meta) discover
[0.335s] Level 1:colcon.colcon_core.package_discovery:discover_packages(recursive) discover
[0.335s] INFO:colcon.colcon_core.package_discovery:Crawling recursively for packages in '/home/athens/ros2_athens_ws'
[0.335s] Level 1:colcon.colcon_core.package_identification:_identify(.) by extensions ['ignore', 'ignore_ament_install']
[0.335s] Level 1:colcon.colcon_core.package_identification:_identify(.) by extension 'ignore'
[0.335s] Level 1:colcon.colcon_core.package_identification:_identify(.) by extension 'ignore_ament_install'
[0.335s] Level 1:colcon.colcon_core.package_identification:_identify(.) by extensions ['colcon_pkg']
[0.335s] Level 1:colcon.colcon_core.package_identification:_identify(.) by extension 'colcon_pkg'
[0.335s] Level 1:colcon.colcon_core.package_identification:_identify(.) by extensions ['colcon_meta']
[0.335s] Level 1:colcon.colcon_core.package_identification:_identify(.) by extension 'colcon_meta'
[0.335s] Level 1:colcon.colcon_core.package_identification:_identify(.) by extensions ['ros']
[0.336s] Level 1:colcon.colcon_core.package_identification:_identify(.) by extension 'ros'
[0.348s] Level 1:colcon.colcon_core.package_identification:_identify(.) by extensions ['cmake', 'python']
[0.348s] Level 1:colcon.colcon_core.package_identification:_identify(.) by extension 'cmake'
[0.348s] Level 1:colcon.colcon_core.package_identification:_identify(.) by extension 'python'
[0.348s] Level 1:colcon.colcon_core.package_identification:_identify(.) by extensions ['python_setup_py']
[0.348s] Level 1:colcon.colcon_core.package_identification:_identify(.) by extension 'python_setup_py'
[0.348s] Level 1:colcon.colcon_core.package_identification:_identify(bags) by extensions ['ignore', 'ignore_ament_install']
[0.349s] Level 1:colcon.colcon_core.package_identification:_identify(bags) by extension 'ignore'
[0.349s] Level 1:colcon.colcon_core.package_identification:_identify(bags) by extension 'ignore_ament_install'
[0.349s] Level 1:colcon.colcon_core.package_identification:_identify(bags) by extensions ['colcon_pkg']
[0.349s] Level 1:colcon.colcon_core.package_identification:_identify(bags) by extension 'colcon_pkg'
[0.349s] Level 1:colcon.colcon_core.package_identification:_identify(bags) by extensions ['colcon_meta']
[0.349s] Level 1:colcon.colcon_core.package_identification:_identify(bags) by extension 'colcon_meta'
[0.349s] Level 1:colcon.colcon_core.package_identification:_identify(bags) by extensions ['ros']
[0.349s] Level 1:colcon.colcon_core.package_identification:_identify(bags) by extension 'ros'
[0.349s] Level 1:colcon.colcon_core.package_identification:_identify(bags) by extensions ['cmake', 'python']
[0.349s] Level 1:colcon.colcon_core.package_identification:_identify(bags) by extension 'cmake'
[0.349s] Level 1:colcon.colcon_core.package_identification:_identify(bags) by extension 'python'
[0.349s] Level 1:colcon.colcon_core.package_identification:_identify(bags) by extensions ['python_setup_py']
[0.349s] Level 1:colcon.colcon_core.package_identification:_identify(bags) by extension 'python_setup_py'
[0.349s] Level 1:colcon.colcon_core.package_identification:_identify(bags/rosbag2_2024_11_21-10_41_01) by extensions ['ignore', 'ignore_ament_install']
[0.349s] Level 1:colcon.colcon_core.package_identification:_identify(bags/rosbag2_2024_11_21-10_41_01) by extension 'ignore'
[0.349s] Level 1:colcon.colcon_core.package_identification:_identify(bags/rosbag2_2024_11_21-10_41_01) by extension 'ignore_ament_install'
[0.349s] Level 1:colcon.colcon_core.package_identification:_identify(bags/rosbag2_2024_11_21-10_41_01) by extensions ['colcon_pkg']
[0.349s] Level 1:colcon.colcon_core.package_identification:_identify(bags/rosbag2_2024_11_21-10_41_01) by extension 'colcon_pkg'
[0.349s] Level 1:colcon.colcon_core.package_identification:_identify(bags/rosbag2_2024_11_21-10_41_01) by extensions ['colcon_meta']
[0.349s] Level 1:colcon.colcon_core.package_identification:_identify(bags/rosbag2_2024_11_21-10_41_01) by extension 'colcon_meta'
[0.350s] Level 1:colcon.colcon_core.package_identification:_identify(bags/rosbag2_2024_11_21-10_41_01) by extensions ['ros']
[0.350s] Level 1:colcon.colcon_core.package_identification:_identify(bags/rosbag2_2024_11_21-10_41_01) by extension 'ros'
[0.350s] Level 1:colcon.colcon_core.package_identification:_identify(bags/rosbag2_2024_11_21-10_41_01) by extensions ['cmake', 'python']
[0.350s] Level 1:colcon.colcon_core.package_identification:_identify(bags/rosbag2_2024_11_21-10_41_01) by extension 'cmake'
[0.350s] Level 1:colcon.colcon_core.package_identification:_identify(bags/rosbag2_2024_11_21-10_41_01) by extension 'python'
[0.350s] Level 1:colcon.colcon_core.package_identification:_identify(bags/rosbag2_2024_11_21-10_41_01) by extensions ['python_setup_py']
[0.350s] Level 1:colcon.colcon_core.package_identification:_identify(bags/rosbag2_2024_11_21-10_41_01) by extension 'python_setup_py'
[0.350s] Level 1:colcon.colcon_core.package_identification:_identify(bags/stm_pub2) by extensions ['ignore', 'ignore_ament_install']
[0.350s] Level 1:colcon.colcon_core.package_identification:_identify(bags/stm_pub2) by extension 'ignore'
[0.350s] Level 1:colcon.colcon_core.package_identification:_identify(bags/stm_pub2) by extension 'ignore_ament_install'
[0.350s] Level 1:colcon.colcon_core.package_identification:_identify(bags/stm_pub2) by extensions ['colcon_pkg']
[0.350s] Level 1:colcon.colcon_core.package_identification:_identify(bags/stm_pub2) by extension 'colcon_pkg'
[0.350s] Level 1:colcon.colcon_core.package_identification:_identify(bags/stm_pub2) by extensions ['colcon_meta']
[0.350s] Level 1:colcon.colcon_core.package_identification:_identify(bags/stm_pub2) by extension 'colcon_meta'
[0.350s] Level 1:colcon.colcon_core.package_identification:_identify(bags/stm_pub2) by extensions ['ros']
[0.350s] Level 1:colcon.colcon_core.package_identification:_identify(bags/stm_pub2) by extension 'ros'
[0.350s] Level 1:colcon.colcon_core.package_identification:_identify(bags/stm_pub2) by extensions ['cmake', 'python']
[0.350s] Level 1:colcon.colcon_core.package_identification:_identify(bags/stm_pub2) by extension 'cmake'
[0.350s] Level 1:colcon.colcon_core.package_identification:_identify(bags/stm_pub2) by extension 'python'
[0.350s] Level 1:colcon.colcon_core.package_identification:_identify(bags/stm_pub2) by extensions ['python_setup_py']
[0.350s] Level 1:colcon.colcon_core.package_identification:_identify(bags/stm_pub2) by extension 'python_setup_py'
[0.350s] Level 1:colcon.colcon_core.package_identification:_identify(bags/turlesim_demo) by extensions ['ignore', 'ignore_ament_install']
[0.351s] Level 1:colcon.colcon_core.package_identification:_identify(bags/turlesim_demo) by extension 'ignore'
[0.351s] Level 1:colcon.colcon_core.package_identification:_identify(bags/turlesim_demo) by extension 'ignore_ament_install'
[0.351s] Level 1:colcon.colcon_core.package_identification:_identify(bags/turlesim_demo) by extensions ['colcon_pkg']
[0.351s] Level 1:colcon.colcon_core.package_identification:_identify(bags/turlesim_demo) by extension 'colcon_pkg'
[0.351s] Level 1:colcon.colcon_core.package_identification:_identify(bags/turlesim_demo) by extensions ['colcon_meta']
[0.351s] Level 1:colcon.colcon_core.package_identification:_identify(bags/turlesim_demo) by extension 'colcon_meta'
[0.351s] Level 1:colcon.colcon_core.package_identification:_identify(bags/turlesim_demo) by extensions ['ros']
[0.351s] Level 1:colcon.colcon_core.package_identification:_identify(bags/turlesim_demo) by extension 'ros'
[0.351s] Level 1:colcon.colcon_core.package_identification:_identify(bags/turlesim_demo) by extensions ['cmake', 'python']
[0.351s] Level 1:colcon.colcon_core.package_identification:_identify(bags/turlesim_demo) by extension 'cmake'
[0.351s] Level 1:colcon.colcon_core.package_identification:_identify(bags/turlesim_demo) by extension 'python'
[0.351s] Level 1:colcon.colcon_core.package_identification:_identify(bags/turlesim_demo) by extensions ['python_setup_py']
[0.351s] Level 1:colcon.colcon_core.package_identification:_identify(bags/turlesim_demo) by extension 'python_setup_py'
[0.351s] Level 1:colcon.colcon_core.package_identification:_identify(build) by extensions ['ignore', 'ignore_ament_install']
[0.351s] Level 1:colcon.colcon_core.package_identification:_identify(build) by extension 'ignore'
[0.351s] Level 1:colcon.colcon_core.package_identification:_identify(build) ignored
[0.351s] Level 1:colcon.colcon_core.package_identification:_identify(delivrable) by extensions ['ignore', 'ignore_ament_install']
[0.352s] Level 1:colcon.colcon_core.package_identification:_identify(delivrable) by extension 'ignore'
[0.352s] Level 1:colcon.colcon_core.package_identification:_identify(delivrable) by extension 'ignore_ament_install'
[0.352s] Level 1:colcon.colcon_core.package_identification:_identify(delivrable) by extensions ['colcon_pkg']
[0.352s] Level 1:colcon.colcon_core.package_identification:_identify(delivrable) by extension 'colcon_pkg'
[0.352s] Level 1:colcon.colcon_core.package_identification:_identify(delivrable) by extensions ['colcon_meta']
[0.352s] Level 1:colcon.colcon_core.package_identification:_identify(delivrable) by extension 'colcon_meta'
[0.352s] Level 1:colcon.colcon_core.package_identification:_identify(delivrable) by extensions ['ros']
[0.352s] Level 1:colcon.colcon_core.package_identification:_identify(delivrable) by extension 'ros'
[0.352s] Level 1:colcon.colcon_core.package_identification:_identify(delivrable) by extensions ['cmake', 'python']
[0.352s] Level 1:colcon.colcon_core.package_identification:_identify(delivrable) by extension 'cmake'
[0.352s] Level 1:colcon.colcon_core.package_identification:_identify(delivrable) by extension 'python'
[0.352s] Level 1:colcon.colcon_core.package_identification:_identify(delivrable) by extensions ['python_setup_py']
[0.352s] Level 1:colcon.colcon_core.package_identification:_identify(delivrable) by extension 'python_setup_py'
[0.352s] Level 1:colcon.colcon_core.package_identification:_identify(delivrable/bags) by extensions ['ignore', 'ignore_ament_install']
[0.352s] Level 1:colcon.colcon_core.package_identification:_identify(delivrable/bags) by extension 'ignore'
[0.352s] Level 1:colcon.colcon_core.package_identification:_identify(delivrable/bags) by extension 'ignore_ament_install'
[0.352s] Level 1:colcon.colcon_core.package_identification:_identify(delivrable/bags) by extensions ['colcon_pkg']
[0.352s] Level 1:colcon.colcon_core.package_identification:_identify(delivrable/bags) by extension 'colcon_pkg'
[0.352s] Level 1:colcon.colcon_core.package_identification:_identify(delivrable/bags) by extensions ['colcon_meta']
[0.352s] Level 1:colcon.colcon_core.package_identification:_identify(delivrable/bags) by extension 'colcon_meta'
[0.352s] Level 1:colcon.colcon_core.package_identification:_identify(delivrable/bags) by extensions ['ros']
[0.352s] Level 1:colcon.colcon_core.package_identification:_identify(delivrable/bags) by extension 'ros'
[0.352s] Level 1:colcon.colcon_core.package_identification:_identify(delivrable/bags) by extensions ['cmake', 'python']
[0.352s] Level 1:colcon.colcon_core.package_identification:_identify(delivrable/bags) by extension 'cmake'
[0.352s] Level 1:colcon.colcon_core.package_identification:_identify(delivrable/bags) by extension 'python'
[0.352s] Level 1:colcon.colcon_core.package_identification:_identify(delivrable/bags) by extensions ['python_setup_py']
[0.352s] Level 1:colcon.colcon_core.package_identification:_identify(delivrable/bags) by extension 'python_setup_py'
[0.353s] Level 1:colcon.colcon_core.package_identification:_identify(delivrable/bags/delivrable1.1_bag) by extensions ['ignore', 'ignore_ament_install']
[0.353s] Level 1:colcon.colcon_core.package_identification:_identify(delivrable/bags/delivrable1.1_bag) by extension 'ignore'
[0.353s] Level 1:colcon.colcon_core.package_identification:_identify(delivrable/bags/delivrable1.1_bag) by extension 'ignore_ament_install'
[0.353s] Level 1:colcon.colcon_core.package_identification:_identify(delivrable/bags/delivrable1.1_bag) by extensions ['colcon_pkg']
[0.353s] Level 1:colcon.colcon_core.package_identification:_identify(delivrable/bags/delivrable1.1_bag) by extension 'colcon_pkg'
[0.353s] Level 1:colcon.colcon_core.package_identification:_identify(delivrable/bags/delivrable1.1_bag) by extensions ['colcon_meta']
[0.353s] Level 1:colcon.colcon_core.package_identification:_identify(delivrable/bags/delivrable1.1_bag) by extension 'colcon_meta'
[0.353s] Level 1:colcon.colcon_core.package_identification:_identify(delivrable/bags/delivrable1.1_bag) by extensions ['ros']
[0.353s] Level 1:colcon.colcon_core.package_identification:_identify(delivrable/bags/delivrable1.1_bag) by extension 'ros'
[0.353s] Level 1:colcon.colcon_core.package_identification:_identify(delivrable/bags/delivrable1.1_bag) by extensions ['cmake', 'python']
[0.353s] Level 1:colcon.colcon_core.package_identification:_identify(delivrable/bags/delivrable1.1_bag) by extension 'cmake'
[0.353s] Level 1:colcon.colcon_core.package_identification:_identify(delivrable/bags/delivrable1.1_bag) by extension 'python'
[0.353s] Level 1:colcon.colcon_core.package_identification:_identify(delivrable/bags/delivrable1.1_bag) by extensions ['python_setup_py']
[0.353s] Level 1:colcon.colcon_core.package_identification:_identify(delivrable/bags/delivrable1.1_bag) by extension 'python_setup_py'
[0.353s] Level 1:colcon.colcon_core.package_identification:_identify(delivrable/bags/delivrable1.2_bag) by extensions ['ignore', 'ignore_ament_install']
[0.353s] Level 1:colcon.colcon_core.package_identification:_identify(delivrable/bags/delivrable1.2_bag) by extension 'ignore'
[0.353s] Level 1:colcon.colcon_core.package_identification:_identify(delivrable/bags/delivrable1.2_bag) by extension 'ignore_ament_install'
[0.353s] Level 1:colcon.colcon_core.package_identification:_identify(delivrable/bags/delivrable1.2_bag) by extensions ['colcon_pkg']
[0.353s] Level 1:colcon.colcon_core.package_identification:_identify(delivrable/bags/delivrable1.2_bag) by extension 'colcon_pkg'
[0.353s] Level 1:colcon.colcon_core.package_identification:_identify(delivrable/bags/delivrable1.2_bag) by extensions ['colcon_meta']
[0.353s] Level 1:colcon.colcon_core.package_identification:_identify(delivrable/bags/delivrable1.2_bag) by extension 'colcon_meta'
[0.354s] Level 1:colcon.colcon_core.package_identification:_identify(delivrable/bags/delivrable1.2_bag) by extensions ['ros']
[0.354s] Level 1:colcon.colcon_core.package_identification:_identify(delivrable/bags/delivrable1.2_bag) by extension 'ros'
[0.354s] Level 1:colcon.colcon_core.package_identification:_identify(delivrable/bags/delivrable1.2_bag) by extensions ['cmake', 'python']
[0.354s] Level 1:colcon.colcon_core.package_identification:_identify(delivrable/bags/delivrable1.2_bag) by extension 'cmake'
[0.354s] Level 1:colcon.colcon_core.package_identification:_identify(delivrable/bags/delivrable1.2_bag) by extension 'python'
[0.354s] Level 1:colcon.colcon_core.package_identification:_identify(delivrable/bags/delivrable1.2_bag) by extensions ['python_setup_py']
[0.354s] Level 1:colcon.colcon_core.package_identification:_identify(delivrable/bags/delivrable1.2_bag) by extension 'python_setup_py'
[0.354s] Level 1:colcon.colcon_core.package_identification:_identify(delivrable/bags/devlivrable1.3_bag) by extensions ['ignore', 'ignore_ament_install']
[0.354s] Level 1:colcon.colcon_core.package_identification:_identify(delivrable/bags/devlivrable1.3_bag) by extension 'ignore'
[0.354s] Level 1:colcon.colcon_core.package_identification:_identify(delivrable/bags/devlivrable1.3_bag) by extension 'ignore_ament_install'
[0.354s] Level 1:colcon.colcon_core.package_identification:_identify(delivrable/bags/devlivrable1.3_bag) by extensions ['colcon_pkg']
[0.354s] Level 1:colcon.colcon_core.package_identification:_identify(delivrable/bags/devlivrable1.3_bag) by extension 'colcon_pkg'
[0.354s] Level 1:colcon.colcon_core.package_identification:_identify(delivrable/bags/devlivrable1.3_bag) by extensions ['colcon_meta']
[0.354s] Level 1:colcon.colcon_core.package_identification:_identify(delivrable/bags/devlivrable1.3_bag) by extension 'colcon_meta'
[0.354s] Level 1:colcon.colcon_core.package_identification:_identify(delivrable/bags/devlivrable1.3_bag) by extensions ['ros']
[0.354s] Level 1:colcon.colcon_core.package_identification:_identify(delivrable/bags/devlivrable1.3_bag) by extension 'ros'
[0.354s] Level 1:colcon.colcon_core.package_identification:_identify(delivrable/bags/devlivrable1.3_bag) by extensions ['cmake', 'python']
[0.354s] Level 1:colcon.colcon_core.package_identification:_identify(delivrable/bags/devlivrable1.3_bag) by extension 'cmake'
[0.354s] Level 1:colcon.colcon_core.package_identification:_identify(delivrable/bags/devlivrable1.3_bag) by extension 'python'
[0.354s] Level 1:colcon.colcon_core.package_identification:_identify(delivrable/bags/devlivrable1.3_bag) by extensions ['python_setup_py']
[0.354s] Level 1:colcon.colcon_core.package_identification:_identify(delivrable/bags/devlivrable1.3_bag) by extension 'python_setup_py'
[0.354s] Level 1:colcon.colcon_core.package_identification:_identify(install) by extensions ['ignore', 'ignore_ament_install']
[0.354s] Level 1:colcon.colcon_core.package_identification:_identify(install) by extension 'ignore'
[0.354s] Level 1:colcon.colcon_core.package_identification:_identify(install) ignored
[0.355s] Level 1:colcon.colcon_core.package_identification:_identify(log) by extensions ['ignore', 'ignore_ament_install']
[0.355s] Level 1:colcon.colcon_core.package_identification:_identify(log) by extension 'ignore'
[0.355s] Level 1:colcon.colcon_core.package_identification:_identify(log) ignored
[0.355s] Level 1:colcon.colcon_core.package_identification:_identify(src) by extensions ['ignore', 'ignore_ament_install']
[0.355s] Level 1:colcon.colcon_core.package_identification:_identify(src) by extension 'ignore'
[0.355s] Level 1:colcon.colcon_core.package_identification:_identify(src) by extension 'ignore_ament_install'
[0.355s] Level 1:colcon.colcon_core.package_identification:_identify(src) by extensions ['colcon_pkg']
[0.355s] Level 1:colcon.colcon_core.package_identification:_identify(src) by extension 'colcon_pkg'
[0.355s] Level 1:colcon.colcon_core.package_identification:_identify(src) by extensions ['colcon_meta']
[0.355s] Level 1:colcon.colcon_core.package_identification:_identify(src) by extension 'colcon_meta'
[0.355s] Level 1:colcon.colcon_core.package_identification:_identify(src) by extensions ['ros']
[0.355s] Level 1:colcon.colcon_core.package_identification:_identify(src) by extension 'ros'
[0.355s] Level 1:colcon.colcon_core.package_identification:_identify(src) by extensions ['cmake', 'python']
[0.355s] Level 1:colcon.colcon_core.package_identification:_identify(src) by extension 'cmake'
[0.356s] Level 1:colcon.colcon_core.package_identification:_identify(src) by extension 'python'
[0.356s] Level 1:colcon.colcon_core.package_identification:_identify(src) by extensions ['python_setup_py']
[0.356s] Level 1:colcon.colcon_core.package_identification:_identify(src) by extension 'python_setup_py'
[0.356s] Level 1:colcon.colcon_core.package_identification:_identify(src/first_interfaces) by extensions ['ignore', 'ignore_ament_install']
[0.356s] Level 1:colcon.colcon_core.package_identification:_identify(src/first_interfaces) by extension 'ignore'
[0.356s] Level 1:colcon.colcon_core.package_identification:_identify(src/first_interfaces) by extension 'ignore_ament_install'
[0.356s] Level 1:colcon.colcon_core.package_identification:_identify(src/first_interfaces) by extensions ['colcon_pkg']
[0.356s] Level 1:colcon.colcon_core.package_identification:_identify(src/first_interfaces) by extension 'colcon_pkg'
[0.356s] Level 1:colcon.colcon_core.package_identification:_identify(src/first_interfaces) by extensions ['colcon_meta']
[0.356s] Level 1:colcon.colcon_core.package_identification:_identify(src/first_interfaces) by extension 'colcon_meta'
[0.356s] Level 1:colcon.colcon_core.package_identification:_identify(src/first_interfaces) by extensions ['ros']
[0.356s] Level 1:colcon.colcon_core.package_identification:_identify(src/first_interfaces) by extension 'ros'
[0.359s] DEBUG:colcon.colcon_core.package_identification:Package 'src/first_interfaces' with type 'ros.ament_cmake' and name 'first_interfaces'
[0.359s] Level 1:colcon.colcon_core.package_identification:_identify(src/first_package) by extensions ['ignore', 'ignore_ament_install']
[0.359s] Level 1:colcon.colcon_core.package_identification:_identify(src/first_package) by extension 'ignore'
[0.359s] Level 1:colcon.colcon_core.package_identification:_identify(src/first_package) by extension 'ignore_ament_install'
[0.359s] Level 1:colcon.colcon_core.package_identification:_identify(src/first_package) by extensions ['colcon_pkg']
[0.359s] Level 1:colcon.colcon_core.package_identification:_identify(src/first_package) by extension 'colcon_pkg'
[0.359s] Level 1:colcon.colcon_core.package_identification:_identify(src/first_package) by extensions ['colcon_meta']
[0.359s] Level 1:colcon.colcon_core.package_identification:_identify(src/first_package) by extension 'colcon_meta'
[0.359s] Level 1:colcon.colcon_core.package_identification:_identify(src/first_package) by extensions ['ros']
[0.359s] Level 1:colcon.colcon_core.package_identification:_identify(src/first_package) by extension 'ros'
[0.360s] DEBUG:colcon.colcon_core.package_identification:Package 'src/first_package' with type 'ros.ament_python' and name 'first_package'
[0.360s] Level 1:colcon.colcon_core.package_identification:_identify(src/stm_interfaces) by extensions ['ignore', 'ignore_ament_install']
[0.360s] Level 1:colcon.colcon_core.package_identification:_identify(src/stm_interfaces) by extension 'ignore'
[0.360s] Level 1:colcon.colcon_core.package_identification:_identify(src/stm_interfaces) by extension 'ignore_ament_install'
[0.360s] Level 1:colcon.colcon_core.package_identification:_identify(src/stm_interfaces) by extensions ['colcon_pkg']
[0.360s] Level 1:colcon.colcon_core.package_identification:_identify(src/stm_interfaces) by extension 'colcon_pkg'
[0.360s] Level 1:colcon.colcon_core.package_identification:_identify(src/stm_interfaces) by extensions ['colcon_meta']
[0.360s] Level 1:colcon.colcon_core.package_identification:_identify(src/stm_interfaces) by extension 'colcon_meta'
[0.360s] Level 1:colcon.colcon_core.package_identification:_identify(src/stm_interfaces) by extensions ['ros']
[0.360s] Level 1:colcon.colcon_core.package_identification:_identify(src/stm_interfaces) by extension 'ros'
[0.361s] DEBUG:colcon.colcon_core.package_identification:Package 'src/stm_interfaces' with type 'ros.ament_cmake' and name 'stm_interfaces'
[0.361s] Level 1:colcon.colcon_core.package_identification:_identify(src/stm_station) by extensions ['ignore', 'ignore_ament_install']
[0.361s] Level 1:colcon.colcon_core.package_identification:_identify(src/stm_station) by extension 'ignore'
[0.361s] Level 1:colcon.colcon_core.package_identification:_identify(src/stm_station) by extension 'ignore_ament_install'
[0.361s] Level 1:colcon.colcon_core.package_identification:_identify(src/stm_station) by extensions ['colcon_pkg']
[0.361s] Level 1:colcon.colcon_core.package_identification:_identify(src/stm_station) by extension 'colcon_pkg'
[0.361s] Level 1:colcon.colcon_core.package_identification:_identify(src/stm_station) by extensions ['colcon_meta']
[0.361s] Level 1:colcon.colcon_core.package_identification:_identify(src/stm_station) by extension 'colcon_meta'
[0.362s] Level 1:colcon.colcon_core.package_identification:_identify(src/stm_station) by extensions ['ros']
[0.362s] Level 1:colcon.colcon_core.package_identification:_identify(src/stm_station) by extension 'ros'
[0.362s] DEBUG:colcon.colcon_core.package_identification:Package 'src/stm_station' with type 'ros.ament_python' and name 'stm_station'
[0.362s] Level 1:colcon.colcon_core.package_discovery:discover_packages(recursive) using defaults
[0.362s] Level 1:colcon.colcon_core.package_discovery:discover_packages(ignore) discover
[0.362s] Level 1:colcon.colcon_core.package_discovery:discover_packages(ignore) using defaults
[0.362s] Level 1:colcon.colcon_core.package_discovery:discover_packages(path) discover
[0.362s] Level 1:colcon.colcon_core.package_discovery:discover_packages(path) using defaults
[0.386s] Level 1:colcon.colcon_core.package_discovery:discover_packages(prefix_path) check parameters
[0.386s] Level 1:colcon.colcon_core.package_discovery:discover_packages(prefix_path) discover
[0.389s] DEBUG:colcon.colcon_installed_package_information.package_discovery:Found 4 installed packages in /home/athens/ros2_athens_ws/install
[0.391s] DEBUG:colcon.colcon_installed_package_information.package_discovery:Found 256 installed packages in /opt/ros/foxy
[0.394s] Level 1:colcon.colcon_core.package_discovery:discover_packages(prefix_path) using defaults
[0.460s] Level 5:colcon.colcon_core.verb:set package 'first_interfaces' build argument 'cmake_args' from command line to 'None'
[0.461s] Level 5:colcon.colcon_core.verb:set package 'first_interfaces' build argument 'cmake_target' from command line to 'None'
[0.461s] Level 5:colcon.colcon_core.verb:set package 'first_interfaces' build argument 'cmake_target_skip_unavailable' from command line to 'False'
[0.461s] Level 5:colcon.colcon_core.verb:set package 'first_interfaces' build argument 'cmake_clean_cache' from command line to 'False'
[0.461s] Level 5:colcon.colcon_core.verb:set package 'first_interfaces' build argument 'cmake_clean_first' from command line to 'False'
[0.461s] Level 5:colcon.colcon_core.verb:set package 'first_interfaces' build argument 'cmake_force_configure' from command line to 'False'
[0.461s] Level 5:colcon.colcon_core.verb:set package 'first_interfaces' build argument 'ament_cmake_args' from command line to 'None'
[0.461s] Level 5:colcon.colcon_core.verb:set package 'first_interfaces' build argument 'catkin_cmake_args' from command line to 'None'
[0.461s] Level 5:colcon.colcon_core.verb:set package 'first_interfaces' build argument 'catkin_skip_building_tests' from command line to 'False'
[0.461s] DEBUG:colcon.colcon_core.verb:Building package 'first_interfaces' with the following arguments: {'ament_cmake_args': None, 'build_base': '/home/athens/ros2_athens_ws/build/first_interfaces', 'catkin_cmake_args': None, 'catkin_skip_building_tests': False, 'cmake_args': None, 'cmake_clean_cache': False, 'cmake_clean_first': False, 'cmake_force_configure': False, 'cmake_target': None, 'cmake_target_skip_unavailable': False, 'install_base': '/home/athens/ros2_athens_ws/install/first_interfaces', 'merge_install': False, 'path': '/home/athens/ros2_athens_ws/src/first_interfaces', 'symlink_install': False, 'test_result_base': None}
[0.461s] Level 5:colcon.colcon_core.verb:set package 'stm_interfaces' build argument 'cmake_args' from command line to 'None'
[0.461s] Level 5:colcon.colcon_core.verb:set package 'stm_interfaces' build argument 'cmake_target' from command line to 'None'
[0.461s] Level 5:colcon.colcon_core.verb:set package 'stm_interfaces' build argument 'cmake_target_skip_unavailable' from command line to 'False'
[0.461s] Level 5:colcon.colcon_core.verb:set package 'stm_interfaces' build argument 'cmake_clean_cache' from command line to 'False'
[0.461s] Level 5:colcon.colcon_core.verb:set package 'stm_interfaces' build argument 'cmake_clean_first' from command line to 'False'
[0.462s] Level 5:colcon.colcon_core.verb:set package 'stm_interfaces' build argument 'cmake_force_configure' from command line to 'False'
[0.462s] Level 5:colcon.colcon_core.verb:set package 'stm_interfaces' build argument 'ament_cmake_args' from command line to 'None'
[0.462s] Level 5:colcon.colcon_core.verb:set package 'stm_interfaces' build argument 'catkin_cmake_args' from command line to 'None'
[0.462s] Level 5:colcon.colcon_core.verb:set package 'stm_interfaces' build argument 'catkin_skip_building_tests' from command line to 'False'
[0.462s] DEBUG:colcon.colcon_core.verb:Building package 'stm_interfaces' with the following arguments: {'ament_cmake_args': None, 'build_base': '/home/athens/ros2_athens_ws/build/stm_interfaces', 'catkin_cmake_args': None, 'catkin_skip_building_tests': False, 'cmake_args': None, 'cmake_clean_cache': False, 'cmake_clean_first': False, 'cmake_force_configure': False, 'cmake_target': None, 'cmake_target_skip_unavailable': False, 'install_base': '/home/athens/ros2_athens_ws/install/stm_interfaces', 'merge_install': False, 'path': '/home/athens/ros2_athens_ws/src/stm_interfaces', 'symlink_install': False, 'test_result_base': None}
[0.462s] Level 5:colcon.colcon_core.verb:set package 'first_package' build argument 'cmake_args' from command line to 'None'
[0.462s] Level 5:colcon.colcon_core.verb:set package 'first_package' build argument 'cmake_target' from command line to 'None'
[0.462s] Level 5:colcon.colcon_core.verb:set package 'first_package' build argument 'cmake_target_skip_unavailable' from command line to 'False'
[0.462s] Level 5:colcon.colcon_core.verb:set package 'first_package' build argument 'cmake_clean_cache' from command line to 'False'
[0.462s] Level 5:colcon.colcon_core.verb:set package 'first_package' build argument 'cmake_clean_first' from command line to 'False'
[0.462s] Level 5:colcon.colcon_core.verb:set package 'first_package' build argument 'cmake_force_configure' from command line to 'False'
[0.462s] Level 5:colcon.colcon_core.verb:set package 'first_package' build argument 'ament_cmake_args' from command line to 'None'
[0.462s] Level 5:colcon.colcon_core.verb:set package 'first_package' build argument 'catkin_cmake_args' from command line to 'None'
[0.462s] Level 5:colcon.colcon_core.verb:set package 'first_package' build argument 'catkin_skip_building_tests' from command line to 'False'
[0.462s] DEBUG:colcon.colcon_core.verb:Building package 'first_package' with the following arguments: {'ament_cmake_args': None, 'build_base': '/home/athens/ros2_athens_ws/build/first_package', 'catkin_cmake_args': None, 'catkin_skip_building_tests': False, 'cmake_args': None, 'cmake_clean_cache': False, 'cmake_clean_first': False, 'cmake_force_configure': False, 'cmake_target': None, 'cmake_target_skip_unavailable': False, 'install_base': '/home/athens/ros2_athens_ws/install/first_package', 'merge_install': False, 'path': '/home/athens/ros2_athens_ws/src/first_package', 'symlink_install': False, 'test_result_base': None}
[0.463s] Level 5:colcon.colcon_core.verb:set package 'stm_station' build argument 'cmake_args' from command line to 'None'
[0.463s] Level 5:colcon.colcon_core.verb:set package 'stm_station' build argument 'cmake_target' from command line to 'None'
[0.463s] Level 5:colcon.colcon_core.verb:set package 'stm_station' build argument 'cmake_target_skip_unavailable' from command line to 'False'
[0.463s] Level 5:colcon.colcon_core.verb:set package 'stm_station' build argument 'cmake_clean_cache' from command line to 'False'
[0.463s] Level 5:colcon.colcon_core.verb:set package 'stm_station' build argument 'cmake_clean_first' from command line to 'False'
[0.463s] Level 5:colcon.colcon_core.verb:set package 'stm_station' build argument 'cmake_force_configure' from command line to 'False'
[0.463s] Level 5:colcon.colcon_core.verb:set package 'stm_station' build argument 'ament_cmake_args' from command line to 'None'
[0.463s] Level 5:colcon.colcon_core.verb:set package 'stm_station' build argument 'catkin_cmake_args' from command line to 'None'
[0.463s] Level 5:colcon.colcon_core.verb:set package 'stm_station' build argument 'catkin_skip_building_tests' from command line to 'False'
[0.463s] DEBUG:colcon.colcon_core.verb:Building package 'stm_station' with the following arguments: {'ament_cmake_args': None, 'build_base': '/home/athens/ros2_athens_ws/build/stm_station', 'catkin_cmake_args': None, 'catkin_skip_building_tests': False, 'cmake_args': None, 'cmake_clean_cache': False, 'cmake_clean_first': False, 'cmake_force_configure': False, 'cmake_target': None, 'cmake_target_skip_unavailable': False, 'install_base': '/home/athens/ros2_athens_ws/install/stm_station', 'merge_install': False, 'path': '/home/athens/ros2_athens_ws/src/stm_station', 'symlink_install': False, 'test_result_base': None}
[0.463s] INFO:colcon.colcon_core.executor:Executing jobs using 'parallel' executor
[0.469s] DEBUG:colcon.colcon_parallel_executor.executor.parallel:run_until_complete
[0.470s] INFO:colcon.colcon_ros.task.ament_cmake.build:Building ROS package in '/home/athens/ros2_athens_ws/src/first_interfaces' with build type 'ament_cmake'
[0.470s] INFO:colcon.colcon_cmake.task.cmake.build:Building CMake package in '/home/athens/ros2_athens_ws/src/first_interfaces'
[0.474s] INFO:colcon.colcon_core.plugin_system:Skipping extension 'colcon_core.shell.bat': Not used on non-Windows systems
[0.474s] INFO:colcon.colcon_core.shell:Skip shell extension 'powershell' for command environment: Not usable outside of PowerShell
[0.475s] DEBUG:colcon.colcon_core.shell:Skip shell extension 'dsv' for command environment
[0.483s] INFO:colcon.colcon_ros.task.ament_cmake.build:Building ROS package in '/home/athens/ros2_athens_ws/src/stm_interfaces' with build type 'ament_cmake'
[0.484s] INFO:colcon.colcon_cmake.task.cmake.build:Building CMake package in '/home/athens/ros2_athens_ws/src/stm_interfaces'
[0.484s] INFO:colcon.colcon_core.shell:Skip shell extension 'powershell' for command environment: Not usable outside of PowerShell
[0.487s] DEBUG:colcon.colcon_core.shell:Skip shell extension 'dsv' for command environment
[0.544s] DEBUG:colcon.colcon_core.event_handler.log_command:Invoking command in '/home/athens/ros2_athens_ws/build/first_interfaces': CMAKE_PREFIX_PATH=${CMAKE_PREFIX_PATH}:/home/athens/ros2_athens_ws/install/stm_station:/home/athens/ros2_athens_ws/install/first_package:/opt/ros/foxy /usr/bin/cmake --build /home/athens/ros2_athens_ws/build/first_interfaces -- -j4 -l4
[0.579s] DEBUG:colcon.colcon_core.event_handler.log_command:Invoking command in '/home/athens/ros2_athens_ws/build/stm_interfaces': CMAKE_PREFIX_PATH=${CMAKE_PREFIX_PATH}:/home/athens/ros2_athens_ws/install/stm_station:/home/athens/ros2_athens_ws/install/first_package:/opt/ros/foxy /usr/bin/cmake --build /home/athens/ros2_athens_ws/build/stm_interfaces -- -j4 -l4
[1.026s] DEBUG:colcon.colcon_core.event_handler.log_command:Invoked command in '/home/athens/ros2_athens_ws/build/first_interfaces' returned '0': CMAKE_PREFIX_PATH=${CMAKE_PREFIX_PATH}:/home/athens/ros2_athens_ws/install/stm_station:/home/athens/ros2_athens_ws/install/first_package:/opt/ros/foxy /usr/bin/cmake --build /home/athens/ros2_athens_ws/build/first_interfaces -- -j4 -l4
[1.081s] DEBUG:colcon.colcon_core.event_handler.log_command:Invoked command in '/home/athens/ros2_athens_ws/build/stm_interfaces' returned '0': CMAKE_PREFIX_PATH=${CMAKE_PREFIX_PATH}:/home/athens/ros2_athens_ws/install/stm_station:/home/athens/ros2_athens_ws/install/first_package:/opt/ros/foxy /usr/bin/cmake --build /home/athens/ros2_athens_ws/build/stm_interfaces -- -j4 -l4
[1.292s] DEBUG:colcon.colcon_core.event_handler.log_command:Invoking command in '/home/athens/ros2_athens_ws/build/first_interfaces': CMAKE_PREFIX_PATH=${CMAKE_PREFIX_PATH}:/home/athens/ros2_athens_ws/install/stm_station:/home/athens/ros2_athens_ws/install/first_package:/opt/ros/foxy /usr/bin/cmake --install /home/athens/ros2_athens_ws/build/first_interfaces
[1.408s] DEBUG:colcon.colcon_core.event_handler.log_command:Invoking command in '/home/athens/ros2_athens_ws/build/stm_interfaces': CMAKE_PREFIX_PATH=${CMAKE_PREFIX_PATH}:/home/athens/ros2_athens_ws/install/stm_station:/home/athens/ros2_athens_ws/install/first_package:/opt/ros/foxy /usr/bin/cmake --install /home/athens/ros2_athens_ws/build/stm_interfaces
[1.443s] Level 1:colcon.colcon_core.environment:create_environment_scripts_only(first_interfaces)
[1.448s] Level 1:colcon.colcon_core.environment:checking '/home/athens/ros2_athens_ws/install/first_interfaces' for CMake module files
[1.454s] Level 1:colcon.colcon_core.environment:checking '/home/athens/ros2_athens_ws/install/first_interfaces' for CMake config files
[1.461s] DEBUG:colcon.colcon_core.event_handler.log_command:Invoked command in '/home/athens/ros2_athens_ws/build/first_interfaces' returned '0': CMAKE_PREFIX_PATH=${CMAKE_PREFIX_PATH}:/home/athens/ros2_athens_ws/install/stm_station:/home/athens/ros2_athens_ws/install/first_package:/opt/ros/foxy /usr/bin/cmake --install /home/athens/ros2_athens_ws/build/first_interfaces
[1.464s] Level 1:colcon.colcon_core.shell:create_environment_hook('first_interfaces', 'cmake_prefix_path')
[1.464s] INFO:colcon.colcon_core.shell:Creating environment hook '/home/athens/ros2_athens_ws/install/first_interfaces/share/first_interfaces/hook/cmake_prefix_path.ps1'
[1.467s] INFO:colcon.colcon_core.shell:Creating environment descriptor '/home/athens/ros2_athens_ws/install/first_interfaces/share/first_interfaces/hook/cmake_prefix_path.dsv'
[1.468s] INFO:colcon.colcon_core.shell:Creating environment hook '/home/athens/ros2_athens_ws/install/first_interfaces/share/first_interfaces/hook/cmake_prefix_path.sh'
[1.471s] Level 1:colcon.colcon_core.environment:checking '/home/athens/ros2_athens_ws/install/first_interfaces/lib'
[1.471s] Level 1:colcon.colcon_core.shell:create_environment_hook('first_interfaces', 'ld_library_path_lib')
[1.472s] INFO:colcon.colcon_core.shell:Creating environment hook '/home/athens/ros2_athens_ws/install/first_interfaces/share/first_interfaces/hook/ld_library_path_lib.ps1'
[1.472s] INFO:colcon.colcon_core.shell:Creating environment descriptor '/home/athens/ros2_athens_ws/install/first_interfaces/share/first_interfaces/hook/ld_library_path_lib.dsv'
[1.473s] INFO:colcon.colcon_core.shell:Creating environment hook '/home/athens/ros2_athens_ws/install/first_interfaces/share/first_interfaces/hook/ld_library_path_lib.sh'
[1.473s] Level 1:colcon.colcon_core.environment:checking '/home/athens/ros2_athens_ws/install/first_interfaces/bin'
[1.474s] Level 1:colcon.colcon_core.environment:checking '/home/athens/ros2_athens_ws/install/first_interfaces/lib/pkgconfig/first_interfaces.pc'
[1.474s] Level 1:colcon.colcon_core.environment:checking '/home/athens/ros2_athens_ws/install/first_interfaces/lib/python3.8/site-packages'
[1.474s] Level 1:colcon.colcon_core.shell:create_environment_hook('first_interfaces', 'pythonpath')
[1.474s] INFO:colcon.colcon_core.shell:Creating environment hook '/home/athens/ros2_athens_ws/install/first_interfaces/share/first_interfaces/hook/pythonpath.ps1'
[1.475s] INFO:colcon.colcon_core.shell:Creating environment descriptor '/home/athens/ros2_athens_ws/install/first_interfaces/share/first_interfaces/hook/pythonpath.dsv'
[1.475s] INFO:colcon.colcon_core.shell:Creating environment hook '/home/athens/ros2_athens_ws/install/first_interfaces/share/first_interfaces/hook/pythonpath.sh'
[1.476s] Level 1:colcon.colcon_core.environment:checking '/home/athens/ros2_athens_ws/install/first_interfaces/bin'
[1.476s] INFO:colcon.colcon_core.shell:Creating package script '/home/athens/ros2_athens_ws/install/first_interfaces/share/first_interfaces/package.ps1'
[1.477s] INFO:colcon.colcon_core.shell:Creating package descriptor '/home/athens/ros2_athens_ws/install/first_interfaces/share/first_interfaces/package.dsv'
[1.478s] INFO:colcon.colcon_core.shell:Creating package script '/home/athens/ros2_athens_ws/install/first_interfaces/share/first_interfaces/package.sh'
[1.479s] INFO:colcon.colcon_core.shell:Creating package script '/home/athens/ros2_athens_ws/install/first_interfaces/share/first_interfaces/package.bash'
[1.480s] INFO:colcon.colcon_core.shell:Creating package script '/home/athens/ros2_athens_ws/install/first_interfaces/share/first_interfaces/package.zsh'
[1.481s] Level 1:colcon.colcon_core.environment:create_file_with_runtime_dependencies(/home/athens/ros2_athens_ws/install/first_interfaces/share/colcon-core/packages/first_interfaces)
[1.503s] Level 1:colcon.colcon_core.environment:create_environment_scripts_only(stm_interfaces)
[1.503s] Level 1:colcon.colcon_core.environment:checking '/home/athens/ros2_athens_ws/install/stm_interfaces' for CMake module files
[1.508s] DEBUG:colcon.colcon_core.event_handler.log_command:Invoked command in '/home/athens/ros2_athens_ws/build/stm_interfaces' returned '0': CMAKE_PREFIX_PATH=${CMAKE_PREFIX_PATH}:/home/athens/ros2_athens_ws/install/stm_station:/home/athens/ros2_athens_ws/install/first_package:/opt/ros/foxy /usr/bin/cmake --install /home/athens/ros2_athens_ws/build/stm_interfaces
[1.505s] Level 1:colcon.colcon_core.environment:checking '/home/athens/ros2_athens_ws/install/stm_interfaces' for CMake config files
[1.505s] Level 1:colcon.colcon_core.shell:create_environment_hook('stm_interfaces', 'cmake_prefix_path')
[1.506s] INFO:colcon.colcon_core.shell:Creating environment hook '/home/athens/ros2_athens_ws/install/stm_interfaces/share/stm_interfaces/hook/cmake_prefix_path.ps1'
[1.509s] INFO:colcon.colcon_core.shell:Creating environment descriptor '/home/athens/ros2_athens_ws/install/stm_interfaces/share/stm_interfaces/hook/cmake_prefix_path.dsv'
[1.511s] INFO:colcon.colcon_core.shell:Creating environment hook '/home/athens/ros2_athens_ws/install/stm_interfaces/share/stm_interfaces/hook/cmake_prefix_path.sh'
[1.511s] Level 1:colcon.colcon_core.environment:checking '/home/athens/ros2_athens_ws/install/stm_interfaces/lib'
[1.511s] Level 1:colcon.colcon_core.shell:create_environment_hook('stm_interfaces', 'ld_library_path_lib')
[1.512s] INFO:colcon.colcon_core.shell:Creating environment hook '/home/athens/ros2_athens_ws/install/stm_interfaces/share/stm_interfaces/hook/ld_library_path_lib.ps1'
[1.512s] INFO:colcon.colcon_core.shell:Creating environment descriptor '/home/athens/ros2_athens_ws/install/stm_interfaces/share/stm_interfaces/hook/ld_library_path_lib.dsv'
[1.513s] INFO:colcon.colcon_core.shell:Creating environment hook '/home/athens/ros2_athens_ws/install/stm_interfaces/share/stm_interfaces/hook/ld_library_path_lib.sh'
[1.513s] Level 1:colcon.colcon_core.environment:checking '/home/athens/ros2_athens_ws/install/stm_interfaces/bin'
[1.513s] Level 1:colcon.colcon_core.environment:checking '/home/athens/ros2_athens_ws/install/stm_interfaces/lib/pkgconfig/stm_interfaces.pc'
[1.514s] Level 1:colcon.colcon_core.environment:checking '/home/athens/ros2_athens_ws/install/stm_interfaces/lib/python3.8/site-packages'
[1.515s] Level 1:colcon.colcon_core.shell:create_environment_hook('stm_interfaces', 'pythonpath')
[1.515s] INFO:colcon.colcon_core.shell:Creating environment hook '/home/athens/ros2_athens_ws/install/stm_interfaces/share/stm_interfaces/hook/pythonpath.ps1'
[1.515s] INFO:colcon.colcon_core.shell:Creating environment descriptor '/home/athens/ros2_athens_ws/install/stm_interfaces/share/stm_interfaces/hook/pythonpath.dsv'
[1.516s] INFO:colcon.colcon_core.shell:Creating environment hook '/home/athens/ros2_athens_ws/install/stm_interfaces/share/stm_interfaces/hook/pythonpath.sh'
[1.517s] Level 1:colcon.colcon_core.environment:checking '/home/athens/ros2_athens_ws/install/stm_interfaces/bin'
[1.519s] INFO:colcon.colcon_core.shell:Creating package script '/home/athens/ros2_athens_ws/install/stm_interfaces/share/stm_interfaces/package.ps1'
[1.519s] INFO:colcon.colcon_core.shell:Creating package descriptor '/home/athens/ros2_athens_ws/install/stm_interfaces/share/stm_interfaces/package.dsv'
[1.520s] INFO:colcon.colcon_core.shell:Creating package script '/home/athens/ros2_athens_ws/install/stm_interfaces/share/stm_interfaces/package.sh'
[1.521s] INFO:colcon.colcon_core.shell:Creating package script '/home/athens/ros2_athens_ws/install/stm_interfaces/share/stm_interfaces/package.bash'
[1.523s] INFO:colcon.colcon_core.shell:Creating package script '/home/athens/ros2_athens_ws/install/stm_interfaces/share/stm_interfaces/package.zsh'
[1.524s] Level 1:colcon.colcon_core.environment:create_file_with_runtime_dependencies(/home/athens/ros2_athens_ws/install/stm_interfaces/share/colcon-core/packages/stm_interfaces)
[1.673s] Level 1:colcon.colcon_core.environment:create_environment_scripts_only(first_interfaces)
[1.674s] Level 1:colcon.colcon_core.environment:checking '/home/athens/ros2_athens_ws/install/first_interfaces' for CMake module files
[1.675s] Level 1:colcon.colcon_core.environment:checking '/home/athens/ros2_athens_ws/install/first_interfaces' for CMake config files
[1.677s] Level 1:colcon.colcon_core.shell:create_environment_hook('first_interfaces', 'cmake_prefix_path')
[1.678s] INFO:colcon.colcon_core.shell:Creating environment hook '/home/athens/ros2_athens_ws/install/first_interfaces/share/first_interfaces/hook/cmake_prefix_path.ps1'
[1.681s] INFO:colcon.colcon_core.shell:Creating environment descriptor '/home/athens/ros2_athens_ws/install/first_interfaces/share/first_interfaces/hook/cmake_prefix_path.dsv'
[1.683s] INFO:colcon.colcon_core.shell:Creating environment hook '/home/athens/ros2_athens_ws/install/first_interfaces/share/first_interfaces/hook/cmake_prefix_path.sh'
[1.686s] Level 1:colcon.colcon_core.environment:checking '/home/athens/ros2_athens_ws/install/first_interfaces/lib'
[1.686s] Level 1:colcon.colcon_core.shell:create_environment_hook('first_interfaces', 'ld_library_path_lib')
[1.686s] INFO:colcon.colcon_core.shell:Creating environment hook '/home/athens/ros2_athens_ws/install/first_interfaces/share/first_interfaces/hook/ld_library_path_lib.ps1'
[1.689s] INFO:colcon.colcon_core.shell:Creating environment descriptor '/home/athens/ros2_athens_ws/install/first_interfaces/share/first_interfaces/hook/ld_library_path_lib.dsv'
[1.690s] INFO:colcon.colcon_core.shell:Creating environment hook '/home/athens/ros2_athens_ws/install/first_interfaces/share/first_interfaces/hook/ld_library_path_lib.sh'
[1.692s] Level 1:colcon.colcon_core.environment:checking '/home/athens/ros2_athens_ws/install/first_interfaces/bin'
[1.692s] Level 1:colcon.colcon_core.environment:checking '/home/athens/ros2_athens_ws/install/first_interfaces/lib/pkgconfig/first_interfaces.pc'
[1.693s] Level 1:colcon.colcon_core.environment:checking '/home/athens/ros2_athens_ws/install/first_interfaces/lib/python3.8/site-packages'
[1.693s] Level 1:colcon.colcon_core.shell:create_environment_hook('first_interfaces', 'pythonpath')
[1.693s] INFO:colcon.colcon_core.shell:Creating environment hook '/home/athens/ros2_athens_ws/install/first_interfaces/share/first_interfaces/hook/pythonpath.ps1'
[1.694s] INFO:colcon.colcon_core.shell:Creating environment descriptor '/home/athens/ros2_athens_ws/install/first_interfaces/share/first_interfaces/hook/pythonpath.dsv'
[1.696s] INFO:colcon.colcon_core.shell:Creating environment hook '/home/athens/ros2_athens_ws/install/first_interfaces/share/first_interfaces/hook/pythonpath.sh'
[1.698s] Level 1:colcon.colcon_core.environment:checking '/home/athens/ros2_athens_ws/install/first_interfaces/bin'
[1.699s] INFO:colcon.colcon_core.shell:Creating package script '/home/athens/ros2_athens_ws/install/first_interfaces/share/first_interfaces/package.ps1'
[1.700s] INFO:colcon.colcon_core.shell:Creating package descriptor '/home/athens/ros2_athens_ws/install/first_interfaces/share/first_interfaces/package.dsv'
[1.702s] INFO:colcon.colcon_core.shell:Creating package script '/home/athens/ros2_athens_ws/install/first_interfaces/share/first_interfaces/package.sh'
[1.704s] INFO:colcon.colcon_core.shell:Creating package script '/home/athens/ros2_athens_ws/install/first_interfaces/share/first_interfaces/package.bash'
[1.705s] INFO:colcon.colcon_core.shell:Creating package script '/home/athens/ros2_athens_ws/install/first_interfaces/share/first_interfaces/package.zsh'
[1.706s] Level 1:colcon.colcon_core.environment:create_file_with_runtime_dependencies(/home/athens/ros2_athens_ws/install/first_interfaces/share/colcon-core/packages/first_interfaces)
[1.708s] INFO:colcon.colcon_ros.task.ament_python.build:Building ROS package in '/home/athens/ros2_athens_ws/src/first_package' with build type 'ament_python'
[1.708s] Level 1:colcon.colcon_core.shell:create_environment_hook('first_package', 'ament_prefix_path')
[1.709s] INFO:colcon.colcon_core.shell:Creating environment hook '/home/athens/ros2_athens_ws/install/first_package/share/first_package/hook/ament_prefix_path.ps1'
[1.710s] INFO:colcon.colcon_core.shell:Creating environment descriptor '/home/athens/ros2_athens_ws/install/first_package/share/first_package/hook/ament_prefix_path.dsv'
[1.715s] INFO:colcon.colcon_core.shell:Creating environment hook '/home/athens/ros2_athens_ws/install/first_package/share/first_package/hook/ament_prefix_path.sh'
[1.717s] INFO:colcon.colcon_core.shell:Skip shell extension 'powershell' for command environment: Not usable outside of PowerShell
[1.717s] DEBUG:colcon.colcon_core.shell:Skip shell extension 'dsv' for command environment
[2.125s] INFO:colcon.colcon_core.task.python.build:Building Python package in '/home/athens/ros2_athens_ws/src/first_package'
[2.125s] INFO:colcon.colcon_core.shell:Skip shell extension 'powershell' for command environment: Not usable outside of PowerShell
[2.126s] DEBUG:colcon.colcon_core.shell:Skip shell extension 'dsv' for command environment
[2.134s] Level 1:colcon.colcon_core.environment:create_environment_scripts_only(stm_interfaces)
[2.135s] Level 1:colcon.colcon_core.environment:checking '/home/athens/ros2_athens_ws/install/stm_interfaces' for CMake module files
[2.136s] Level 1:colcon.colcon_core.environment:checking '/home/athens/ros2_athens_ws/install/stm_interfaces' for CMake config files
[2.136s] Level 1:colcon.colcon_core.shell:create_environment_hook('stm_interfaces', 'cmake_prefix_path')
[2.137s] INFO:colcon.colcon_core.shell:Creating environment hook '/home/athens/ros2_athens_ws/install/stm_interfaces/share/stm_interfaces/hook/cmake_prefix_path.ps1'
[2.138s] INFO:colcon.colcon_core.shell:Creating environment descriptor '/home/athens/ros2_athens_ws/install/stm_interfaces/share/stm_interfaces/hook/cmake_prefix_path.dsv'
[2.139s] INFO:colcon.colcon_core.shell:Creating environment hook '/home/athens/ros2_athens_ws/install/stm_interfaces/share/stm_interfaces/hook/cmake_prefix_path.sh'
[2.140s] Level 1:colcon.colcon_core.environment:checking '/home/athens/ros2_athens_ws/install/stm_interfaces/lib'
[2.141s] Level 1:colcon.colcon_core.shell:create_environment_hook('stm_interfaces', 'ld_library_path_lib')
[2.141s] INFO:colcon.colcon_core.shell:Creating environment hook '/home/athens/ros2_athens_ws/install/stm_interfaces/share/stm_interfaces/hook/ld_library_path_lib.ps1'
[2.141s] INFO:colcon.colcon_core.shell:Creating environment descriptor '/home/athens/ros2_athens_ws/install/stm_interfaces/share/stm_interfaces/hook/ld_library_path_lib.dsv'
[2.142s] INFO:colcon.colcon_core.shell:Creating environment hook '/home/athens/ros2_athens_ws/install/stm_interfaces/share/stm_interfaces/hook/ld_library_path_lib.sh'
[2.143s] Level 1:colcon.colcon_core.environment:checking '/home/athens/ros2_athens_ws/install/stm_interfaces/bin'
[2.143s] Level 1:colcon.colcon_core.environment:checking '/home/athens/ros2_athens_ws/install/stm_interfaces/lib/pkgconfig/stm_interfaces.pc'
[2.144s] Level 1:colcon.colcon_core.environment:checking '/home/athens/ros2_athens_ws/install/stm_interfaces/lib/python3.8/site-packages'
[2.144s] Level 1:colcon.colcon_core.shell:create_environment_hook('stm_interfaces', 'pythonpath')
[2.144s] INFO:colcon.colcon_core.shell:Creating environment hook '/home/athens/ros2_athens_ws/install/stm_interfaces/share/stm_interfaces/hook/pythonpath.ps1'
[2.145s] INFO:colcon.colcon_core.shell:Creating environment descriptor '/home/athens/ros2_athens_ws/install/stm_interfaces/share/stm_interfaces/hook/pythonpath.dsv'
[2.145s] INFO:colcon.colcon_core.shell:Creating environment hook '/home/athens/ros2_athens_ws/install/stm_interfaces/share/stm_interfaces/hook/pythonpath.sh'
[2.147s] Level 1:colcon.colcon_core.environment:checking '/home/athens/ros2_athens_ws/install/stm_interfaces/bin'
[2.148s] INFO:colcon.colcon_core.shell:Creating package script '/home/athens/ros2_athens_ws/install/stm_interfaces/share/stm_interfaces/package.ps1'
[2.149s] INFO:colcon.colcon_core.shell:Creating package descriptor '/home/athens/ros2_athens_ws/install/stm_interfaces/share/stm_interfaces/package.dsv'
[2.155s] INFO:colcon.colcon_core.shell:Creating package script '/home/athens/ros2_athens_ws/install/stm_interfaces/share/stm_interfaces/package.sh'
[2.156s] INFO:colcon.colcon_core.shell:Creating package script '/home/athens/ros2_athens_ws/install/stm_interfaces/share/stm_interfaces/package.bash'
[2.157s] INFO:colcon.colcon_core.shell:Creating package script '/home/athens/ros2_athens_ws/install/stm_interfaces/share/stm_interfaces/package.zsh'
[2.157s] Level 1:colcon.colcon_core.environment:create_file_with_runtime_dependencies(/home/athens/ros2_athens_ws/install/stm_interfaces/share/colcon-core/packages/stm_interfaces)
[2.160s] INFO:colcon.colcon_ros.task.ament_python.build:Building ROS package in '/home/athens/ros2_athens_ws/src/stm_station' with build type 'ament_python'
[2.160s] Level 1:colcon.colcon_core.shell:create_environment_hook('stm_station', 'ament_prefix_path')
[2.160s] INFO:colcon.colcon_core.shell:Creating environment hook '/home/athens/ros2_athens_ws/install/stm_station/share/stm_station/hook/ament_prefix_path.ps1'
[2.162s] INFO:colcon.colcon_core.shell:Creating environment descriptor '/home/athens/ros2_athens_ws/install/stm_station/share/stm_station/hook/ament_prefix_path.dsv'
[2.163s] INFO:colcon.colcon_core.shell:Creating environment hook '/home/athens/ros2_athens_ws/install/stm_station/share/stm_station/hook/ament_prefix_path.sh'
[2.164s] INFO:colcon.colcon_core.shell:Skip shell extension 'powershell' for command environment: Not usable outside of PowerShell
[2.164s] DEBUG:colcon.colcon_core.shell:Skip shell extension 'dsv' for command environment
[2.420s] INFO:colcon.colcon_core.task.python.build:Building Python package in '/home/athens/ros2_athens_ws/src/stm_station'
[2.425s] INFO:colcon.colcon_core.shell:Skip shell extension 'powershell' for command environment: Not usable outside of PowerShell
[2.425s] DEBUG:colcon.colcon_core.shell:Skip shell extension 'dsv' for command environment
[2.651s] DEBUG:colcon.colcon_core.event_handler.log_command:Invoking command in '/home/athens/ros2_athens_ws/src/first_package': CMAKE_PREFIX_PATH=/home/athens/ros2_athens_ws/install/first_interfaces:/home/athens/ros2_athens_ws/install/stm_interfaces LD_LIBRARY_PATH=/home/athens/ros2_athens_ws/install/first_interfaces/lib:/home/athens/ros2_athens_ws/install/stm_interfaces/lib:/opt/ros/foxy/opt/yaml_cpp_vendor/lib:/opt/ros/foxy/opt/rviz_ogre_vendor/lib:/opt/ros/foxy/lib/x86_64-linux-gnu:/opt/ros/foxy/lib PYTHONPATH=/home/athens/ros2_athens_ws/build/first_package/prefix_override:/usr/lib/python3/dist-packages/colcon_core/task/python/colcon_distutils_commands:/home/athens/ros2_athens_ws/install/first_package/lib/python3.8/site-packages:/home/athens/ros2_athens_ws/install/first_interfaces/lib/python3.8/site-packages:/home/athens/ros2_athens_ws/install/stm_station/lib/python3.8/site-packages:/home/athens/ros2_athens_ws/install/stm_interfaces/lib/python3.8/site-packages:/home/athens/ros2_athens_ws/install/first_package/lib/python3.8/site-packages:/opt/ros/foxy/lib/python3.8/site-packages /usr/bin/python3 -W ignore:setup.py install is deprecated setup.py egg_info --egg-base ../../build/first_package build --build-base /home/athens/ros2_athens_ws/build/first_package/build install --record /home/athens/ros2_athens_ws/build/first_package/install.log --install-scripts $base/lib/first_package --single-version-externally-managed install_data
[2.855s] DEBUG:colcon.colcon_core.event_handler.log_command:Invoking command in '/home/athens/ros2_athens_ws/src/stm_station': PYTHONPATH=/home/athens/ros2_athens_ws/build/stm_station/prefix_override:/usr/lib/python3/dist-packages/colcon_core/task/python/colcon_distutils_commands:/home/athens/ros2_athens_ws/install/stm_station/lib/python3.8/site-packages:/home/athens/ros2_athens_ws/install/stm_interfaces/lib/python3.8/site-packages:/home/athens/ros2_athens_ws/install/stm_station/lib/python3.8/site-packages:/home/athens/ros2_athens_ws/install/first_package/lib/python3.8/site-packages:/home/athens/ros2_athens_ws/install/first_interfaces/lib/python3.8/site-packages:/opt/ros/foxy/lib/python3.8/site-packages /usr/bin/python3 -W ignore:setup.py install is deprecated setup.py egg_info --egg-base ../../build/stm_station build --build-base /home/athens/ros2_athens_ws/build/stm_station/build install --record /home/athens/ros2_athens_ws/build/stm_station/install.log --install-scripts $base/lib/stm_station --single-version-externally-managed install_data
[2.991s] Level 1:colcon.colcon_core.environment:checking '/home/athens/ros2_athens_ws/install/first_package' for CMake module files
[2.992s] Level 1:colcon.colcon_core.environment:checking '/home/athens/ros2_athens_ws/install/first_package' for CMake config files
[2.992s] Level 1:colcon.colcon_core.environment:checking '/home/athens/ros2_athens_ws/install/first_package/lib'
[2.993s] Level 1:colcon.colcon_core.environment:checking '/home/athens/ros2_athens_ws/install/first_package/bin'
[2.993s] Level 1:colcon.colcon_core.environment:checking '/home/athens/ros2_athens_ws/install/first_package/lib/pkgconfig/first_package.pc'
[2.993s] Level 1:colcon.colcon_core.environment:checking '/home/athens/ros2_athens_ws/install/first_package/lib/python3.8/site-packages'
[2.993s] Level 1:colcon.colcon_core.shell:create_environment_hook('first_package', 'pythonpath')
[2.993s] INFO:colcon.colcon_core.shell:Creating environment hook '/home/athens/ros2_athens_ws/install/first_package/share/first_package/hook/pythonpath.ps1'
[2.995s] INFO:colcon.colcon_core.shell:Creating environment descriptor '/home/athens/ros2_athens_ws/install/first_package/share/first_package/hook/pythonpath.dsv'
[2.996s] INFO:colcon.colcon_core.shell:Creating environment hook '/home/athens/ros2_athens_ws/install/first_package/share/first_package/hook/pythonpath.sh'
[2.998s] Level 1:colcon.colcon_core.environment:checking '/home/athens/ros2_athens_ws/install/first_package/bin'
[2.998s] Level 1:colcon.colcon_core.environment:create_environment_scripts_only(first_package)
[3.006s] INFO:colcon.colcon_core.shell:Creating package script '/home/athens/ros2_athens_ws/install/first_package/share/first_package/package.ps1'
[3.009s] INFO:colcon.colcon_core.shell:Creating package descriptor '/home/athens/ros2_athens_ws/install/first_package/share/first_package/package.dsv'
[3.002s] DEBUG:colcon.colcon_core.event_handler.log_command:Invoked command in '/home/athens/ros2_athens_ws/src/first_package' returned '0': CMAKE_PREFIX_PATH=/home/athens/ros2_athens_ws/install/first_interfaces:/home/athens/ros2_athens_ws/install/stm_interfaces LD_LIBRARY_PATH=/home/athens/ros2_athens_ws/install/first_interfaces/lib:/home/athens/ros2_athens_ws/install/stm_interfaces/lib:/opt/ros/foxy/opt/yaml_cpp_vendor/lib:/opt/ros/foxy/opt/rviz_ogre_vendor/lib:/opt/ros/foxy/lib/x86_64-linux-gnu:/opt/ros/foxy/lib PYTHONPATH=/home/athens/ros2_athens_ws/build/first_package/prefix_override:/usr/lib/python3/dist-packages/colcon_core/task/python/colcon_distutils_commands:/home/athens/ros2_athens_ws/install/first_package/lib/python3.8/site-packages:/home/athens/ros2_athens_ws/install/first_interfaces/lib/python3.8/site-packages:/home/athens/ros2_athens_ws/install/stm_station/lib/python3.8/site-packages:/home/athens/ros2_athens_ws/install/stm_interfaces/lib/python3.8/site-packages:/home/athens/ros2_athens_ws/install/first_package/lib/python3.8/site-packages:/opt/ros/foxy/lib/python3.8/site-packages /usr/bin/python3 -W ignore:setup.py install is deprecated setup.py egg_info --egg-base ../../build/first_package build --build-base /home/athens/ros2_athens_ws/build/first_package/build install --record /home/athens/ros2_athens_ws/build/first_package/install.log --install-scripts $base/lib/first_package --single-version-externally-managed install_data
[3.012s] INFO:colcon.colcon_core.shell:Creating package script '/home/athens/ros2_athens_ws/install/first_package/share/first_package/package.sh'
[3.017s] INFO:colcon.colcon_core.shell:Creating package script '/home/athens/ros2_athens_ws/install/first_package/share/first_package/package.bash'
[3.018s] INFO:colcon.colcon_core.shell:Creating package script '/home/athens/ros2_athens_ws/install/first_package/share/first_package/package.zsh'
[3.020s] Level 1:colcon.colcon_core.environment:create_file_with_runtime_dependencies(/home/athens/ros2_athens_ws/install/first_package/share/colcon-core/packages/first_package)
[3.269s] Level 1:colcon.colcon_core.environment:checking '/home/athens/ros2_athens_ws/install/stm_station' for CMake module files
[3.265s] DEBUG:colcon.colcon_core.event_handler.log_command:Invoked command in '/home/athens/ros2_athens_ws/src/stm_station' returned '0': PYTHONPATH=/home/athens/ros2_athens_ws/build/stm_station/prefix_override:/usr/lib/python3/dist-packages/colcon_core/task/python/colcon_distutils_commands:/home/athens/ros2_athens_ws/install/stm_station/lib/python3.8/site-packages:/home/athens/ros2_athens_ws/install/stm_interfaces/lib/python3.8/site-packages:/home/athens/ros2_athens_ws/install/stm_station/lib/python3.8/site-packages:/home/athens/ros2_athens_ws/install/first_package/lib/python3.8/site-packages:/home/athens/ros2_athens_ws/install/first_interfaces/lib/python3.8/site-packages:/opt/ros/foxy/lib/python3.8/site-packages /usr/bin/python3 -W ignore:setup.py install is deprecated setup.py egg_info --egg-base ../../build/stm_station build --build-base /home/athens/ros2_athens_ws/build/stm_station/build install --record /home/athens/ros2_athens_ws/build/stm_station/install.log --install-scripts $base/lib/stm_station --single-version-externally-managed install_data
[3.272s] Level 1:colcon.colcon_core.environment:checking '/home/athens/ros2_athens_ws/install/stm_station' for CMake config files
[3.272s] Level 1:colcon.colcon_core.environment:checking '/home/athens/ros2_athens_ws/install/stm_station/lib'
[3.273s] Level 1:colcon.colcon_core.environment:checking '/home/athens/ros2_athens_ws/install/stm_station/bin'
[3.273s] Level 1:colcon.colcon_core.environment:checking '/home/athens/ros2_athens_ws/install/stm_station/lib/pkgconfig/stm_station.pc'
[3.273s] Level 1:colcon.colcon_core.environment:checking '/home/athens/ros2_athens_ws/install/stm_station/lib/python3.8/site-packages'
[3.273s] Level 1:colcon.colcon_core.shell:create_environment_hook('stm_station', 'pythonpath')
[3.274s] INFO:colcon.colcon_core.shell:Creating environment hook '/home/athens/ros2_athens_ws/install/stm_station/share/stm_station/hook/pythonpath.ps1'
[3.275s] INFO:colcon.colcon_core.shell:Creating environment descriptor '/home/athens/ros2_athens_ws/install/stm_station/share/stm_station/hook/pythonpath.dsv'
[3.276s] INFO:colcon.colcon_core.shell:Creating environment hook '/home/athens/ros2_athens_ws/install/stm_station/share/stm_station/hook/pythonpath.sh'
[3.277s] Level 1:colcon.colcon_core.environment:checking '/home/athens/ros2_athens_ws/install/stm_station/bin'
[3.278s] Level 1:colcon.colcon_core.environment:create_environment_scripts_only(stm_station)
[3.278s] INFO:colcon.colcon_core.shell:Creating package script '/home/athens/ros2_athens_ws/install/stm_station/share/stm_station/package.ps1'
[3.279s] INFO:colcon.colcon_core.shell:Creating package descriptor '/home/athens/ros2_athens_ws/install/stm_station/share/stm_station/package.dsv'
[3.280s] INFO:colcon.colcon_core.shell:Creating package script '/home/athens/ros2_athens_ws/install/stm_station/share/stm_station/package.sh'
[3.282s] INFO:colcon.colcon_core.shell:Creating package script '/home/athens/ros2_athens_ws/install/stm_station/share/stm_station/package.bash'
[3.282s] INFO:colcon.colcon_core.shell:Creating package script '/home/athens/ros2_athens_ws/install/stm_station/share/stm_station/package.zsh'
[3.283s] Level 1:colcon.colcon_core.environment:create_file_with_runtime_dependencies(/home/athens/ros2_athens_ws/install/stm_station/share/colcon-core/packages/stm_station)
[3.285s] DEBUG:colcon.colcon_parallel_executor.executor.parallel:closing loop
[3.285s] DEBUG:colcon.colcon_parallel_executor.executor.parallel:loop closed
[3.285s] DEBUG:colcon.colcon_parallel_executor.executor.parallel:run_until_complete finished with '0'
[3.285s] DEBUG:colcon.colcon_core.event_reactor:joining thread
[3.307s] INFO:colcon.colcon_core.plugin_system:Skipping extension 'colcon_notification.desktop_notification.terminal_notifier': Not used on non-Darwin systems
[3.308s] INFO:colcon.colcon_core.plugin_system:Skipping extension 'colcon_notification.desktop_notification.win32': Not used on non-Windows systems
[3.308s] INFO:colcon.colcon_notification.desktop_notification:Sending desktop notification using 'notify2'
[3.350s] DEBUG:colcon.colcon_core.event_reactor:joined thread
[3.353s] INFO:colcon.colcon_core.shell:Creating prefix script '/home/athens/ros2_athens_ws/install/local_setup.ps1'
[3.354s] INFO:colcon.colcon_core.shell:Creating prefix util module '/home/athens/ros2_athens_ws/install/_local_setup_util_ps1.py'
[3.356s] INFO:colcon.colcon_core.shell:Creating prefix chain script '/home/athens/ros2_athens_ws/install/setup.ps1'
[3.358s] INFO:colcon.colcon_core.shell:Creating prefix script '/home/athens/ros2_athens_ws/install/local_setup.sh'
[3.360s] INFO:colcon.colcon_core.shell:Creating prefix util module '/home/athens/ros2_athens_ws/install/_local_setup_util_sh.py'
[3.361s] INFO:colcon.colcon_core.shell:Creating prefix chain script '/home/athens/ros2_athens_ws/install/setup.sh'
[3.365s] INFO:colcon.colcon_core.shell:Creating prefix script '/home/athens/ros2_athens_ws/install/local_setup.bash'
[3.367s] INFO:colcon.colcon_core.shell:Creating prefix chain script '/home/athens/ros2_athens_ws/install/setup.bash'
[3.369s] INFO:colcon.colcon_core.shell:Creating prefix script '/home/athens/ros2_athens_ws/install/local_setup.zsh'
[3.370s] INFO:colcon.colcon_core.shell:Creating prefix chain script '/home/athens/ros2_athens_ws/install/setup.zsh'
