[0.752s] Invoking command in '/home/athens/ros2_athens_ws/src/first_package': AMENT_PREFIX_PATH=/home/athens/ros2_athens_ws/src/install/first_interfaces:${AMENT_PREFIX_PATH} CMAKE_PREFIX_PATH=/home/athens/ros2_athens_ws/src/install/first_interfaces:${CMAKE_PREFIX_PATH} LD_LIBRARY_PATH=/home/athens/ros2_athens_ws/src/install/first_interfaces/lib:${LD_LIBRARY_PATH} PYTHONPATH=/home/athens/ros2_athens_ws/src/build/first_package/prefix_override:/usr/lib/python3/dist-packages/colcon_core/task/python/colcon_distutils_commands:/home/athens/ros2_athens_ws/src/install/first_package/lib/python3.8/site-packages:/home/athens/ros2_athens_ws/src/install/first_interfaces/lib/python3.8/site-packages:${PYTHONPATH} /usr/bin/python3 -W ignore:setup.py install is deprecated setup.py egg_info --egg-base ../build/first_package build --build-base /home/athens/ros2_athens_ws/src/build/first_package/build install --record /home/athens/ros2_athens_ws/src/build/first_package/install.log --install-scripts $base/lib/first_package --single-version-externally-managed install_data
[0.969s] running egg_info
[0.971s] creating ../build/first_package/first_package.egg-info
[0.972s] writing ../build/first_package/first_package.egg-info/PKG-INFO
[0.973s] writing dependency_links to ../build/first_package/first_package.egg-info/dependency_links.txt
[0.973s] writing entry points to ../build/first_package/first_package.egg-info/entry_points.txt
[0.973s] writing requirements to ../build/first_package/first_package.egg-info/requires.txt
[0.973s] writing top-level names to ../build/first_package/first_package.egg-info/top_level.txt
[0.975s] writing manifest file '../build/first_package/first_package.egg-info/SOURCES.txt'
[1.008s] reading manifest file '../build/first_package/first_package.egg-info/SOURCES.txt'
[1.018s] writing manifest file '../build/first_package/first_package.egg-info/SOURCES.txt'
[1.018s] running build
[1.018s] running build_py
[1.018s] creating /home/athens/ros2_athens_ws/src/build/first_package/build
[1.018s] creating /home/athens/ros2_athens_ws/src/build/first_package/build/lib
[1.018s] creating /home/athens/ros2_athens_ws/src/build/first_package/build/lib/first_package
[1.018s] copying first_package/simple_publisher.py -> /home/athens/ros2_athens_ws/src/build/first_package/build/lib/first_package
[1.029s] copying first_package/simple_pubsub.py -> /home/athens/ros2_athens_ws/src/build/first_package/build/lib/first_package
[1.030s] copying first_package/simple_subscriber.py -> /home/athens/ros2_athens_ws/src/build/first_package/build/lib/first_package
[1.031s] copying first_package/__init__.py -> /home/athens/ros2_athens_ws/src/build/first_package/build/lib/first_package
[1.031s] copying first_package/test_simple_pubsub.py -> /home/athens/ros2_athens_ws/src/build/first_package/build/lib/first_package
[1.032s] running install
[1.033s] running install_lib
[1.035s] creating /home/athens/ros2_athens_ws/src/install/first_package/lib/python3.8/site-packages/first_package
[1.035s] copying /home/athens/ros2_athens_ws/src/build/first_package/build/lib/first_package/simple_publisher.py -> /home/athens/ros2_athens_ws/src/install/first_package/lib/python3.8/site-packages/first_package
[1.036s] copying /home/athens/ros2_athens_ws/src/build/first_package/build/lib/first_package/simple_pubsub.py -> /home/athens/ros2_athens_ws/src/install/first_package/lib/python3.8/site-packages/first_package
[1.036s] copying /home/athens/ros2_athens_ws/src/build/first_package/build/lib/first_package/simple_subscriber.py -> /home/athens/ros2_athens_ws/src/install/first_package/lib/python3.8/site-packages/first_package
[1.036s] copying /home/athens/ros2_athens_ws/src/build/first_package/build/lib/first_package/__init__.py -> /home/athens/ros2_athens_ws/src/install/first_package/lib/python3.8/site-packages/first_package
[1.036s] copying /home/athens/ros2_athens_ws/src/build/first_package/build/lib/first_package/test_simple_pubsub.py -> /home/athens/ros2_athens_ws/src/install/first_package/lib/python3.8/site-packages/first_package
[1.037s] byte-compiling /home/athens/ros2_athens_ws/src/install/first_package/lib/python3.8/site-packages/first_package/simple_publisher.py to simple_publisher.cpython-38.pyc
[1.038s] byte-compiling /home/athens/ros2_athens_ws/src/install/first_package/lib/python3.8/site-packages/first_package/simple_pubsub.py to simple_pubsub.cpython-38.pyc
[1.039s] byte-compiling /home/athens/ros2_athens_ws/src/install/first_package/lib/python3.8/site-packages/first_package/simple_subscriber.py to simple_subscriber.cpython-38.pyc
[1.039s] byte-compiling /home/athens/ros2_athens_ws/src/install/first_package/lib/python3.8/site-packages/first_package/__init__.py to __init__.cpython-38.pyc
[1.040s] byte-compiling /home/athens/ros2_athens_ws/src/install/first_package/lib/python3.8/site-packages/first_package/test_simple_pubsub.py to test_simple_pubsub.cpython-38.pyc
[1.041s] running install_data
[1.041s] creating /home/athens/ros2_athens_ws/src/install/first_package/share/ament_index
[1.041s] creating /home/athens/ros2_athens_ws/src/install/first_package/share/ament_index/resource_index
[1.041s] creating /home/athens/ros2_athens_ws/src/install/first_package/share/ament_index/resource_index/packages
[1.041s] copying resource/first_package -> /home/athens/ros2_athens_ws/src/install/first_package/share/ament_index/resource_index/packages
[1.041s] copying package.xml -> /home/athens/ros2_athens_ws/src/install/first_package/share/first_package
[1.041s] running install_egg_info
[1.043s] Copying ../build/first_package/first_package.egg-info to /home/athens/ros2_athens_ws/src/install/first_package/lib/python3.8/site-packages/first_package-0.0.0-py3.8.egg-info
[1.044s] running install_scripts
[1.064s] Installing simple_publisher_node script to /home/athens/ros2_athens_ws/src/install/first_package/lib/first_package
[1.065s] Installing simple_pubsub_node script to /home/athens/ros2_athens_ws/src/install/first_package/lib/first_package
[1.065s] Installing simple_subscriber_node script to /home/athens/ros2_athens_ws/src/install/first_package/lib/first_package
[1.065s] Installing test_simple_pubsub_node script to /home/athens/ros2_athens_ws/src/install/first_package/lib/first_package
[1.065s] writing list of installed files to '/home/athens/ros2_athens_ws/src/build/first_package/install.log'
[1.095s] Invoked command in '/home/athens/ros2_athens_ws/src/first_package' returned '0': AMENT_PREFIX_PATH=/home/athens/ros2_athens_ws/src/install/first_interfaces:${AMENT_PREFIX_PATH} CMAKE_PREFIX_PATH=/home/athens/ros2_athens_ws/src/install/first_interfaces:${CMAKE_PREFIX_PATH} LD_LIBRARY_PATH=/home/athens/ros2_athens_ws/src/install/first_interfaces/lib:${LD_LIBRARY_PATH} PYTHONPATH=/home/athens/ros2_athens_ws/src/build/first_package/prefix_override:/usr/lib/python3/dist-packages/colcon_core/task/python/colcon_distutils_commands:/home/athens/ros2_athens_ws/src/install/first_package/lib/python3.8/site-packages:/home/athens/ros2_athens_ws/src/install/first_interfaces/lib/python3.8/site-packages:${PYTHONPATH} /usr/bin/python3 -W ignore:setup.py install is deprecated setup.py egg_info --egg-base ../build/first_package build --build-base /home/athens/ros2_athens_ws/src/build/first_package/build install --record /home/athens/ros2_athens_ws/src/build/first_package/install.log --install-scripts $base/lib/first_package --single-version-externally-managed install_data
