[0.052s] Invoking command in '/home/athens/ros2_athens_ws/build/first_interfaces': CMAKE_PREFIX_PATH=${CMAKE_PREFIX_PATH}:/home/athens/ros2_athens_ws/install/first_package:/home/athens/ros2_ws/install/stm_visualization_node:/home/athens/ros2_ws/install/stm_setup:/home/athens/ros2_ws/install/stm_serial_node:/home/athens/ros2_ws/install/stm_control_node:/opt/ros/foxy /usr/bin/cmake /home/athens/ros2_athens_ws/src/first_interfaces -DCMAKE_INSTALL_PREFIX=/home/athens/ros2_athens_ws/install/first_interfaces
[0.528s] -- Found ament_cmake: 0.9.12 (/opt/ros/foxy/share/ament_cmake/cmake)
[0.834s] -- Using PYTHON_EXECUTABLE: /usr/bin/python3
[1.329s] -- Found std_msgs: 2.0.5 (/opt/ros/foxy/share/std_msgs/cmake)
[1.436s] -- Using all available rosidl_typesupport_c: rosidl_typesupport_fastrtps_c;rosidl_typesupport_introspection_c
[1.454s] -- Found rosidl_adapter: 1.3.1 (/opt/ros/foxy/share/rosidl_adapter/cmake)
[1.753s] -- Using all available rosidl_typesupport_cpp: rosidl_typesupport_fastrtps_cpp;rosidl_typesupport_introspection_cpp
[1.877s] -- Found rosidl_default_generators: 1.0.1 (/opt/ros/foxy/share/rosidl_default_generators/cmake)
[1.938s] -- Found PythonInterp: /usr/bin/python3 (found version "3.8.10") 
[2.145s] -- Found ament_cmake_ros: 0.9.2 (/opt/ros/foxy/share/ament_cmake_ros/cmake)
[2.345s] -- Using all available rosidl_typesupport_c: rosidl_typesupport_fastrtps_c;rosidl_typesupport_introspection_c
[2.373s] -- Using all available rosidl_typesupport_cpp: rosidl_typesupport_fastrtps_cpp;rosidl_typesupport_introspection_cpp
[2.408s] -- Found PythonInterp: /usr/bin/python3 (found suitable version "3.8.10", minimum required is "3.5") 
[2.415s] -- Found python_cmake_module: 0.8.1 (/opt/ros/foxy/share/python_cmake_module/cmake)
[2.470s] -- Found PythonLibs: /usr/lib/x86_64-linux-gnu/libpython3.8.so (found suitable version "3.8.10", minimum required is "3.5") 
[2.471s] -- Using PYTHON_EXECUTABLE: /usr/bin/python3
[2.471s] -- Using PYTHON_INCLUDE_DIRS: /usr/include/python3.8
[2.472s] -- Using PYTHON_LIBRARIES: /usr/lib/x86_64-linux-gnu/libpython3.8.so
[2.500s] -- Found PythonExtra: .so  
[2.593s] -- Found ament_lint_auto: 0.9.8 (/opt/ros/foxy/share/ament_lint_auto/cmake)
[2.698s] -- Added test 'copyright' to check source files copyright and LICENSE
[2.706s] -- Added test 'lint_cmake' to check CMake code style
[2.714s] -- Added test 'xmllint' to check XML markup files
[2.732s] -- Configuring done
[2.819s] -- Generating done
[2.838s] -- Build files have been written to: /home/athens/ros2_athens_ws/build/first_interfaces
[2.867s] Invoked command in '/home/athens/ros2_athens_ws/build/first_interfaces' returned '0': CMAKE_PREFIX_PATH=${CMAKE_PREFIX_PATH}:/home/athens/ros2_athens_ws/install/first_package:/home/athens/ros2_ws/install/stm_visualization_node:/home/athens/ros2_ws/install/stm_setup:/home/athens/ros2_ws/install/stm_serial_node:/home/athens/ros2_ws/install/stm_control_node:/opt/ros/foxy /usr/bin/cmake /home/athens/ros2_athens_ws/src/first_interfaces -DCMAKE_INSTALL_PREFIX=/home/athens/ros2_athens_ws/install/first_interfaces
[2.868s] Invoking command in '/home/athens/ros2_athens_ws/build/first_interfaces': CMAKE_PREFIX_PATH=${CMAKE_PREFIX_PATH}:/home/athens/ros2_athens_ws/install/first_package:/home/athens/ros2_ws/install/stm_visualization_node:/home/athens/ros2_ws/install/stm_setup:/home/athens/ros2_ws/install/stm_serial_node:/home/athens/ros2_ws/install/stm_control_node:/opt/ros/foxy /usr/bin/cmake --build /home/athens/ros2_athens_ws/build/first_interfaces -- -j1 -l1
[2.963s] [35m[1mScanning dependencies of target first_interfaces__cpp[0m
[2.982s] [  3%] [34m[1mGenerating C++ code for ROS interfaces[0m
[3.783s] [  3%] Built target first_interfaces__cpp
[3.801s] [  6%] [34m[1mGenerating C++ introspection for ROS interfaces[0m
[4.088s] [35m[1mScanning dependencies of target first_interfaces__rosidl_typesupport_introspection_cpp[0m
[4.130s] [  9%] [32mBuilding CXX object CMakeFiles/first_interfaces__rosidl_typesupport_introspection_cpp.dir/rosidl_typesupport_introspection_cpp/first_interfaces/msg/detail/example_message__type_support.cpp.o[0m
[5.198s] [ 12%] [32m[1mLinking CXX shared library libfirst_interfaces__rosidl_typesupport_introspection_cpp.so[0m
[5.359s] [ 12%] Built target first_interfaces__rosidl_typesupport_introspection_cpp
[5.375s] [ 16%] [34m[1mGenerating C code for ROS interfaces[0m
[5.685s] [35m[1mScanning dependencies of target first_interfaces__rosidl_generator_c[0m
[5.729s] [ 19%] [32mBuilding C object CMakeFiles/first_interfaces__rosidl_generator_c.dir/rosidl_generator_c/first_interfaces/msg/detail/example_message__functions.c.o[0m
[5.984s] [ 22%] [32m[1mLinking C shared library libfirst_interfaces__rosidl_generator_c.so[0m
[6.054s] [ 22%] Built target first_interfaces__rosidl_generator_c
[6.072s] [ 25%] [34m[1mGenerating C introspection for ROS interfaces[0m
[6.361s] [35m[1mScanning dependencies of target first_interfaces__rosidl_typesupport_introspection_c[0m
[6.389s] [ 29%] [32mBuilding C object CMakeFiles/first_interfaces__rosidl_typesupport_introspection_c.dir/rosidl_typesupport_introspection_c/first_interfaces/msg/detail/example_message__type_support.c.o[0m
[6.447s] [ 32%] [32m[1mLinking C shared library libfirst_interfaces__rosidl_typesupport_introspection_c.so[0m
[6.501s] [ 32%] Built target first_interfaces__rosidl_typesupport_introspection_c
[6.522s] [ 35%] [34m[1mGenerating C++ type support for eProsima Fast-RTPS[0m
[6.818s] [35m[1mScanning dependencies of target first_interfaces__rosidl_typesupport_fastrtps_cpp[0m
[6.869s] [ 38%] [32mBuilding CXX object CMakeFiles/first_interfaces__rosidl_typesupport_fastrtps_cpp.dir/rosidl_typesupport_fastrtps_cpp/first_interfaces/msg/detail/dds_fastrtps/example_message__type_support.cpp.o[0m
[7.998s] [ 41%] [32m[1mLinking CXX shared library libfirst_interfaces__rosidl_typesupport_fastrtps_cpp.so[0m
[8.156s] [ 41%] Built target first_interfaces__rosidl_typesupport_fastrtps_cpp
[8.181s] [ 45%] [34m[1mGenerating C type support for eProsima Fast-RTPS[0m
[8.464s] [35m[1mScanning dependencies of target first_interfaces__rosidl_typesupport_fastrtps_c[0m
[8.506s] [ 48%] [32mBuilding CXX object CMakeFiles/first_interfaces__rosidl_typesupport_fastrtps_c.dir/rosidl_typesupport_fastrtps_c/first_interfaces/msg/detail/example_message__type_support_c.cpp.o[0m
[8.956s] [ 51%] [32m[1mLinking CXX shared library libfirst_interfaces__rosidl_typesupport_fastrtps_c.so[0m
[9.088s] [ 51%] Built target first_interfaces__rosidl_typesupport_fastrtps_c
[9.113s] [ 54%] [34m[1mGenerating C type support dispatch for ROS interfaces[0m
[9.372s] [35m[1mScanning dependencies of target first_interfaces__rosidl_typesupport_c[0m
[9.405s] [ 58%] [32mBuilding CXX object CMakeFiles/first_interfaces__rosidl_typesupport_c.dir/rosidl_typesupport_c/first_interfaces/msg/example_message__type_support.cpp.o[0m
[9.464s] [ 61%] [32m[1mLinking CXX shared library libfirst_interfaces__rosidl_typesupport_c.so[0m
[9.532s] [ 61%] Built target first_interfaces__rosidl_typesupport_c
[9.554s] [ 64%] [34m[1mGenerating C++ type support dispatch for ROS interfaces[0m
[9.801s] [35m[1mScanning dependencies of target first_interfaces__rosidl_typesupport_cpp[0m
[9.853s] [ 67%] [32mBuilding CXX object CMakeFiles/first_interfaces__rosidl_typesupport_cpp.dir/rosidl_typesupport_cpp/first_interfaces/msg/example_message__type_support.cpp.o[0m
[10.206s] [ 70%] [32m[1mLinking CXX shared library libfirst_interfaces__rosidl_typesupport_cpp.so[0m
[10.287s] [ 70%] Built target first_interfaces__rosidl_typesupport_cpp
[10.302s] [35m[1mScanning dependencies of target first_interfaces[0m
[10.321s] [ 70%] Built target first_interfaces
[10.339s] [35m[1mScanning dependencies of target first_interfaces__py[0m
[10.363s] [ 74%] [34m[1mGenerating Python code for ROS interfaces[0m
[11.186s] [ 74%] Built target first_interfaces__py
[11.205s] [35m[1mScanning dependencies of target first_interfaces__python[0m
[11.334s] [ 77%] [32mBuilding C object CMakeFiles/first_interfaces__python.dir/rosidl_generator_py/first_interfaces/msg/_example_message_s.c.o[0m
[11.518s] [ 80%] [32m[1mLinking C shared library rosidl_generator_py/first_interfaces/libfirst_interfaces__python.so[0m
[11.587s] [ 80%] Built target first_interfaces__python
[11.609s] [35m[1mScanning dependencies of target first_interfaces__rosidl_typesupport_c__pyext[0m
[11.660s] [ 83%] [32mBuilding C object CMakeFiles/first_interfaces__rosidl_typesupport_c__pyext.dir/rosidl_generator_py/first_interfaces/_first_interfaces_s.ep.rosidl_typesupport_c.c.o[0m
[11.769s] [ 87%] [32m[1mLinking C shared library rosidl_generator_py/first_interfaces/first_interfaces_s__rosidl_typesupport_c.cpython-38-x86_64-linux-gnu.so[0m
[11.844s] [ 87%] Built target first_interfaces__rosidl_typesupport_c__pyext
[11.864s] [35m[1mScanning dependencies of target first_interfaces__rosidl_typesupport_introspection_c__pyext[0m
[11.920s] [ 90%] [32mBuilding C object CMakeFiles/first_interfaces__rosidl_typesupport_introspection_c__pyext.dir/rosidl_generator_py/first_interfaces/_first_interfaces_s.ep.rosidl_typesupport_introspection_c.c.o[0m
[12.040s] [ 93%] [32m[1mLinking C shared library rosidl_generator_py/first_interfaces/first_interfaces_s__rosidl_typesupport_introspection_c.cpython-38-x86_64-linux-gnu.so[0m
[12.096s] [ 93%] Built target first_interfaces__rosidl_typesupport_introspection_c__pyext
[12.121s] [35m[1mScanning dependencies of target first_interfaces__rosidl_typesupport_fastrtps_c__pyext[0m
[12.181s] [ 96%] [32mBuilding C object CMakeFiles/first_interfaces__rosidl_typesupport_fastrtps_c__pyext.dir/rosidl_generator_py/first_interfaces/_first_interfaces_s.ep.rosidl_typesupport_fastrtps_c.c.o[0m
[12.287s] [100%] [32m[1mLinking CXX shared library rosidl_generator_py/first_interfaces/first_interfaces_s__rosidl_typesupport_fastrtps_c.cpython-38-x86_64-linux-gnu.so[0m
[12.387s] [100%] Built target first_interfaces__rosidl_typesupport_fastrtps_c__pyext
[12.419s] Invoked command in '/home/athens/ros2_athens_ws/build/first_interfaces' returned '0': CMAKE_PREFIX_PATH=${CMAKE_PREFIX_PATH}:/home/athens/ros2_athens_ws/install/first_package:/home/athens/ros2_ws/install/stm_visualization_node:/home/athens/ros2_ws/install/stm_setup:/home/athens/ros2_ws/install/stm_serial_node:/home/athens/ros2_ws/install/stm_control_node:/opt/ros/foxy /usr/bin/cmake --build /home/athens/ros2_athens_ws/build/first_interfaces -- -j1 -l1
[12.542s] Invoking command in '/home/athens/ros2_athens_ws/build/first_interfaces': CMAKE_PREFIX_PATH=${CMAKE_PREFIX_PATH}:/home/athens/ros2_athens_ws/install/first_package:/home/athens/ros2_ws/install/stm_visualization_node:/home/athens/ros2_ws/install/stm_setup:/home/athens/ros2_ws/install/stm_serial_node:/home/athens/ros2_ws/install/stm_control_node:/opt/ros/foxy /usr/bin/cmake --install /home/athens/ros2_athens_ws/build/first_interfaces
[12.570s] -- Install configuration: ""
[12.571s] -- Installing: /home/athens/ros2_athens_ws/install/first_interfaces/share/ament_index/resource_index/rosidl_interfaces/first_interfaces
[12.573s] -- Installing: /home/athens/ros2_athens_ws/install/first_interfaces/include/first_interfaces
[12.577s] -- Installing: /home/athens/ros2_athens_ws/install/first_interfaces/include/first_interfaces/msg
[12.578s] -- Installing: /home/athens/ros2_athens_ws/install/first_interfaces/include/first_interfaces/msg/example_message.h
[12.580s] -- Installing: /home/athens/ros2_athens_ws/install/first_interfaces/include/first_interfaces/msg/detail
[12.581s] -- Installing: /home/athens/ros2_athens_ws/install/first_interfaces/include/first_interfaces/msg/detail/example_message__struct.h
[12.583s] -- Installing: /home/athens/ros2_athens_ws/install/first_interfaces/include/first_interfaces/msg/detail/example_message__type_support.h
[12.583s] -- Installing: /home/athens/ros2_athens_ws/install/first_interfaces/include/first_interfaces/msg/detail/example_message__functions.h
[12.584s] -- Installing: /home/athens/ros2_athens_ws/install/first_interfaces/include/first_interfaces/msg/detail/example_message__functions.c
[12.588s] -- Installing: /home/athens/ros2_athens_ws/install/first_interfaces/include/first_interfaces/msg/rosidl_generator_c__visibility_control.h
[12.622s] -- Installing: /home/athens/ros2_athens_ws/install/first_interfaces/share/first_interfaces/environment/library_path.sh
[12.622s] -- Installing: /home/athens/ros2_athens_ws/install/first_interfaces/share/first_interfaces/environment/library_path.dsv
[12.622s] -- Installing: /home/athens/ros2_athens_ws/install/first_interfaces/lib/libfirst_interfaces__rosidl_generator_c.so
[12.622s] -- Set runtime path of "/home/athens/ros2_athens_ws/install/first_interfaces/lib/libfirst_interfaces__rosidl_generator_c.so" to ""
[12.622s] -- Up-to-date: /home/athens/ros2_athens_ws/install/first_interfaces/include/first_interfaces
[12.622s] -- Up-to-date: /home/athens/ros2_athens_ws/install/first_interfaces/include/first_interfaces/msg
[12.622s] -- Up-to-date: /home/athens/ros2_athens_ws/install/first_interfaces/include/first_interfaces/msg/detail
[12.622s] -- Installing: /home/athens/ros2_athens_ws/install/first_interfaces/include/first_interfaces/msg/detail/example_message__rosidl_typesupport_fastrtps_c.h
[12.622s] -- Installing: /home/athens/ros2_athens_ws/install/first_interfaces/include/first_interfaces/msg/rosidl_typesupport_fastrtps_c__visibility_control.h
[12.622s] -- Installing: /home/athens/ros2_athens_ws/install/first_interfaces/lib/libfirst_interfaces__rosidl_typesupport_fastrtps_c.so
[12.622s] -- Set runtime path of "/home/athens/ros2_athens_ws/install/first_interfaces/lib/libfirst_interfaces__rosidl_typesupport_fastrtps_c.so" to ""
[12.622s] -- Up-to-date: /home/athens/ros2_athens_ws/install/first_interfaces/include/first_interfaces
[12.622s] -- Up-to-date: /home/athens/ros2_athens_ws/install/first_interfaces/include/first_interfaces/msg
[12.623s] -- Up-to-date: /home/athens/ros2_athens_ws/install/first_interfaces/include/first_interfaces/msg/detail
[12.623s] -- Installing: /home/athens/ros2_athens_ws/install/first_interfaces/include/first_interfaces/msg/detail/dds_fastrtps
[12.623s] -- Installing: /home/athens/ros2_athens_ws/install/first_interfaces/include/first_interfaces/msg/detail/example_message__rosidl_typesupport_fastrtps_cpp.hpp
[12.623s] -- Installing: /home/athens/ros2_athens_ws/install/first_interfaces/include/first_interfaces/msg/rosidl_typesupport_fastrtps_cpp__visibility_control.h
[12.623s] -- Installing: /home/athens/ros2_athens_ws/install/first_interfaces/lib/libfirst_interfaces__rosidl_typesupport_fastrtps_cpp.so
[12.623s] -- Set runtime path of "/home/athens/ros2_athens_ws/install/first_interfaces/lib/libfirst_interfaces__rosidl_typesupport_fastrtps_cpp.so" to ""
[12.623s] -- Up-to-date: /home/athens/ros2_athens_ws/install/first_interfaces/include/first_interfaces
[12.623s] -- Up-to-date: /home/athens/ros2_athens_ws/install/first_interfaces/include/first_interfaces/msg
[12.623s] -- Up-to-date: /home/athens/ros2_athens_ws/install/first_interfaces/include/first_interfaces/msg/detail
[12.623s] -- Installing: /home/athens/ros2_athens_ws/install/first_interfaces/include/first_interfaces/msg/detail/example_message__type_support.c
[12.623s] -- Installing: /home/athens/ros2_athens_ws/install/first_interfaces/include/first_interfaces/msg/detail/example_message__rosidl_typesupport_introspection_c.h
[12.623s] -- Installing: /home/athens/ros2_athens_ws/install/first_interfaces/include/first_interfaces/msg/rosidl_typesupport_introspection_c__visibility_control.h
[12.623s] -- Installing: /home/athens/ros2_athens_ws/install/first_interfaces/lib/libfirst_interfaces__rosidl_typesupport_introspection_c.so
[12.623s] -- Set runtime path of "/home/athens/ros2_athens_ws/install/first_interfaces/lib/libfirst_interfaces__rosidl_typesupport_introspection_c.so" to ""
[12.623s] -- Installing: /home/athens/ros2_athens_ws/install/first_interfaces/lib/libfirst_interfaces__rosidl_typesupport_c.so
[12.623s] -- Set runtime path of "/home/athens/ros2_athens_ws/install/first_interfaces/lib/libfirst_interfaces__rosidl_typesupport_c.so" to ""
[12.624s] -- Up-to-date: /home/athens/ros2_athens_ws/install/first_interfaces/include/first_interfaces
[12.624s] -- Up-to-date: /home/athens/ros2_athens_ws/install/first_interfaces/include/first_interfaces/msg
[12.624s] -- Up-to-date: /home/athens/ros2_athens_ws/install/first_interfaces/include/first_interfaces/msg/detail
[12.624s] -- Installing: /home/athens/ros2_athens_ws/install/first_interfaces/include/first_interfaces/msg/detail/example_message__type_support.hpp
[12.624s] -- Installing: /home/athens/ros2_athens_ws/install/first_interfaces/include/first_interfaces/msg/detail/example_message__traits.hpp
[12.624s] -- Installing: /home/athens/ros2_athens_ws/install/first_interfaces/include/first_interfaces/msg/detail/example_message__struct.hpp
[12.633s] -- Installing: /home/athens/ros2_athens_ws/install/first_interfaces/include/first_interfaces/msg/detail/example_message__builder.hpp
[12.633s] -- Installing: /home/athens/ros2_athens_ws/install/first_interfaces/include/first_interfaces/msg/rosidl_generator_cpp__visibility_control.hpp
[12.633s] -- Installing: /home/athens/ros2_athens_ws/install/first_interfaces/include/first_interfaces/msg/example_message.hpp
[12.634s] -- Up-to-date: /home/athens/ros2_athens_ws/install/first_interfaces/include/first_interfaces
[12.634s] -- Up-to-date: /home/athens/ros2_athens_ws/install/first_interfaces/include/first_interfaces/msg
[12.634s] -- Up-to-date: /home/athens/ros2_athens_ws/install/first_interfaces/include/first_interfaces/msg/detail
[12.634s] -- Installing: /home/athens/ros2_athens_ws/install/first_interfaces/include/first_interfaces/msg/detail/example_message__rosidl_typesupport_introspection_cpp.hpp
[12.635s] -- Installing: /home/athens/ros2_athens_ws/install/first_interfaces/include/first_interfaces/msg/detail/example_message__type_support.cpp
[12.635s] -- Installing: /home/athens/ros2_athens_ws/install/first_interfaces/lib/libfirst_interfaces__rosidl_typesupport_introspection_cpp.so
[12.636s] -- Set runtime path of "/home/athens/ros2_athens_ws/install/first_interfaces/lib/libfirst_interfaces__rosidl_typesupport_introspection_cpp.so" to ""
[12.636s] -- Installing: /home/athens/ros2_athens_ws/install/first_interfaces/lib/libfirst_interfaces__rosidl_typesupport_cpp.so
[12.636s] -- Set runtime path of "/home/athens/ros2_athens_ws/install/first_interfaces/lib/libfirst_interfaces__rosidl_typesupport_cpp.so" to ""
[12.636s] -- Installing: /home/athens/ros2_athens_ws/install/first_interfaces/share/first_interfaces/environment/pythonpath.sh
[12.637s] -- Installing: /home/athens/ros2_athens_ws/install/first_interfaces/share/first_interfaces/environment/pythonpath.dsv
[12.637s] -- Installing: /home/athens/ros2_athens_ws/install/first_interfaces/lib/python3.8/site-packages/first_interfaces/__init__.py
[12.695s] Compiling '/home/athens/ros2_athens_ws/install/first_interfaces/lib/python3.8/site-packages/first_interfaces/__init__.py'...
[12.701s] -- Installing: /home/athens/ros2_athens_ws/install/first_interfaces/lib/python3.8/site-packages/first_interfaces/msg
[12.702s] -- Installing: /home/athens/ros2_athens_ws/install/first_interfaces/lib/python3.8/site-packages/first_interfaces/msg/_example_message_s.c
[12.702s] -- Installing: /home/athens/ros2_athens_ws/install/first_interfaces/lib/python3.8/site-packages/first_interfaces/msg/_example_message.py
[12.703s] -- Installing: /home/athens/ros2_athens_ws/install/first_interfaces/lib/python3.8/site-packages/first_interfaces/msg/__init__.py
[12.704s] -- Installing: /home/athens/ros2_athens_ws/install/first_interfaces/lib/python3.8/site-packages/first_interfaces/first_interfaces_s__rosidl_typesupport_fastrtps_c.cpython-38-x86_64-linux-gnu.so
[12.706s] -- Set runtime path of "/home/athens/ros2_athens_ws/install/first_interfaces/lib/python3.8/site-packages/first_interfaces/first_interfaces_s__rosidl_typesupport_fastrtps_c.cpython-38-x86_64-linux-gnu.so" to ""
[12.707s] -- Installing: /home/athens/ros2_athens_ws/install/first_interfaces/lib/python3.8/site-packages/first_interfaces/first_interfaces_s__rosidl_typesupport_introspection_c.cpython-38-x86_64-linux-gnu.so
[12.708s] -- Set runtime path of "/home/athens/ros2_athens_ws/install/first_interfaces/lib/python3.8/site-packages/first_interfaces/first_interfaces_s__rosidl_typesupport_introspection_c.cpython-38-x86_64-linux-gnu.so" to ""
[12.708s] -- Installing: /home/athens/ros2_athens_ws/install/first_interfaces/lib/python3.8/site-packages/first_interfaces/first_interfaces_s__rosidl_typesupport_c.cpython-38-x86_64-linux-gnu.so
[12.709s] -- Set runtime path of "/home/athens/ros2_athens_ws/install/first_interfaces/lib/python3.8/site-packages/first_interfaces/first_interfaces_s__rosidl_typesupport_c.cpython-38-x86_64-linux-gnu.so" to ""
[12.710s] -- Installing: /home/athens/ros2_athens_ws/install/first_interfaces/lib/libfirst_interfaces__python.so
[12.712s] -- Set runtime path of "/home/athens/ros2_athens_ws/install/first_interfaces/lib/libfirst_interfaces__python.so" to ""
[12.712s] -- Installing: /home/athens/ros2_athens_ws/install/first_interfaces/share/first_interfaces/msg/ExampleMessage.idl
[12.714s] -- Installing: /home/athens/ros2_athens_ws/install/first_interfaces/share/first_interfaces/msg/ExampleMessage.msg
[12.715s] -- Installing: /home/athens/ros2_athens_ws/install/first_interfaces/share/ament_index/resource_index/package_run_dependencies/first_interfaces
[12.716s] -- Installing: /home/athens/ros2_athens_ws/install/first_interfaces/share/ament_index/resource_index/parent_prefix_path/first_interfaces
[12.717s] -- Installing: /home/athens/ros2_athens_ws/install/first_interfaces/share/first_interfaces/environment/ament_prefix_path.sh
[12.718s] -- Installing: /home/athens/ros2_athens_ws/install/first_interfaces/share/first_interfaces/environment/ament_prefix_path.dsv
[12.718s] -- Installing: /home/athens/ros2_athens_ws/install/first_interfaces/share/first_interfaces/environment/path.sh
[12.719s] -- Installing: /home/athens/ros2_athens_ws/install/first_interfaces/share/first_interfaces/environment/path.dsv
[12.721s] -- Installing: /home/athens/ros2_athens_ws/install/first_interfaces/share/first_interfaces/local_setup.bash
[12.721s] -- Installing: /home/athens/ros2_athens_ws/install/first_interfaces/share/first_interfaces/local_setup.sh
[12.721s] -- Installing: /home/athens/ros2_athens_ws/install/first_interfaces/share/first_interfaces/local_setup.zsh
[12.722s] -- Installing: /home/athens/ros2_athens_ws/install/first_interfaces/share/first_interfaces/local_setup.dsv
[12.722s] -- Installing: /home/athens/ros2_athens_ws/install/first_interfaces/share/first_interfaces/package.dsv
[12.722s] -- Installing: /home/athens/ros2_athens_ws/install/first_interfaces/share/ament_index/resource_index/packages/first_interfaces
[12.726s] -- Installing: /home/athens/ros2_athens_ws/install/first_interfaces/share/first_interfaces/cmake/first_interfaces__rosidl_generator_cExport.cmake
[12.726s] -- Installing: /home/athens/ros2_athens_ws/install/first_interfaces/share/first_interfaces/cmake/first_interfaces__rosidl_generator_cExport-noconfig.cmake
[12.726s] -- Installing: /home/athens/ros2_athens_ws/install/first_interfaces/share/first_interfaces/cmake/first_interfaces__rosidl_typesupport_introspection_cExport.cmake
[12.727s] -- Installing: /home/athens/ros2_athens_ws/install/first_interfaces/share/first_interfaces/cmake/first_interfaces__rosidl_typesupport_introspection_cExport-noconfig.cmake
[12.727s] -- Installing: /home/athens/ros2_athens_ws/install/first_interfaces/share/first_interfaces/cmake/first_interfaces__rosidl_typesupport_cExport.cmake
[12.727s] -- Installing: /home/athens/ros2_athens_ws/install/first_interfaces/share/first_interfaces/cmake/first_interfaces__rosidl_typesupport_cExport-noconfig.cmake
[12.727s] -- Installing: /home/athens/ros2_athens_ws/install/first_interfaces/share/first_interfaces/cmake/first_interfaces__rosidl_generator_cppExport.cmake
[12.728s] -- Installing: /home/athens/ros2_athens_ws/install/first_interfaces/share/first_interfaces/cmake/first_interfaces__rosidl_typesupport_introspection_cppExport.cmake
[12.728s] -- Installing: /home/athens/ros2_athens_ws/install/first_interfaces/share/first_interfaces/cmake/first_interfaces__rosidl_typesupport_introspection_cppExport-noconfig.cmake
[12.728s] -- Installing: /home/athens/ros2_athens_ws/install/first_interfaces/share/first_interfaces/cmake/first_interfaces__rosidl_typesupport_cppExport.cmake
[12.729s] -- Installing: /home/athens/ros2_athens_ws/install/first_interfaces/share/first_interfaces/cmake/first_interfaces__rosidl_typesupport_cppExport-noconfig.cmake
[12.729s] -- Installing: /home/athens/ros2_athens_ws/install/first_interfaces/share/first_interfaces/cmake/rosidl_cmake-extras.cmake
[12.729s] -- Installing: /home/athens/ros2_athens_ws/install/first_interfaces/share/first_interfaces/cmake/ament_cmake_export_dependencies-extras.cmake
[12.733s] -- Installing: /home/athens/ros2_athens_ws/install/first_interfaces/share/first_interfaces/cmake/ament_cmake_export_libraries-extras.cmake
[12.733s] -- Installing: /home/athens/ros2_athens_ws/install/first_interfaces/share/first_interfaces/cmake/ament_cmake_export_targets-extras.cmake
[12.733s] -- Installing: /home/athens/ros2_athens_ws/install/first_interfaces/share/first_interfaces/cmake/ament_cmake_export_include_directories-extras.cmake
[12.734s] -- Installing: /home/athens/ros2_athens_ws/install/first_interfaces/share/first_interfaces/cmake/rosidl_cmake_export_typesupport_libraries-extras.cmake
[12.734s] -- Installing: /home/athens/ros2_athens_ws/install/first_interfaces/share/first_interfaces/cmake/rosidl_cmake_export_typesupport_targets-extras.cmake
[12.734s] -- Installing: /home/athens/ros2_athens_ws/install/first_interfaces/share/first_interfaces/cmake/first_interfacesConfig.cmake
[12.734s] -- Installing: /home/athens/ros2_athens_ws/install/first_interfaces/share/first_interfaces/cmake/first_interfacesConfig-version.cmake
[12.735s] -- Installing: /home/athens/ros2_athens_ws/install/first_interfaces/share/first_interfaces/package.xml
[12.746s] Invoked command in '/home/athens/ros2_athens_ws/build/first_interfaces' returned '0': CMAKE_PREFIX_PATH=${CMAKE_PREFIX_PATH}:/home/athens/ros2_athens_ws/install/first_package:/home/athens/ros2_ws/install/stm_visualization_node:/home/athens/ros2_ws/install/stm_setup:/home/athens/ros2_ws/install/stm_serial_node:/home/athens/ros2_ws/install/stm_control_node:/opt/ros/foxy /usr/bin/cmake --install /home/athens/ros2_athens_ws/build/first_interfaces
