[0.589s] DEBUG:colcon:Command line arguments: ['/usr/bin/colcon', 'build']
[0.589s] DEBUG:colcon:Parsed command line arguments: Namespace(allow_overriding=[], ament_cmake_args=None, base_paths=['.'], build_base='build', catkin_cmake_args=None, catkin_skip_building_tests=False, cmake_args=None, cmake_clean_cache=False, cmake_clean_first=False, cmake_force_configure=False, cmake_target=None, cmake_target_skip_unavailable=False, continue_on_error=False, event_handlers=None, executor='parallel', ignore_user_meta=False, install_base='install', log_base=None, log_level=None, main=<bound method BuildVerb.main of <colcon_core.verb.build.BuildVerb object at 0x7f7c74e5f640>>, merge_install=False, metas=['./colcon.meta'], mixin=None, mixin_files=None, mixin_verb=('build',), packages_above=None, packages_above_and_dependencies=None, packages_above_depth=None, packages_end=None, packages_ignore=None, packages_ignore_regex=None, packages_select=None, packages_select_build_failed=False, packages_select_by_dep=None, packages_select_regex=None, packages_select_test_failures=False, packages_skip=None, packages_skip_build_finished=False, packages_skip_by_dep=None, packages_skip_regex=None, packages_skip_test_passed=False, packages_skip_up_to=None, packages_start=None, packages_up_to=None, packages_up_to_regex=None, parallel_workers=1, paths=None, symlink_install=False, test_result_base=None, verb_extension=<colcon_core.verb.build.BuildVerb object at 0x7f7c74e5f640>, verb_name='build', verb_parser=<colcon_mixin.mixin.mixin_argument.MixinArgumentDecorator object at 0x7f7c74ddaa00>)
[0.908s] Level 1:colcon.colcon_core.package_discovery:discover_packages(colcon_meta) check parameters
[0.909s] Level 1:colcon.colcon_core.package_discovery:discover_packages(recursive) check parameters
[0.909s] Level 1:colcon.colcon_core.package_discovery:discover_packages(ignore) check parameters
[0.909s] Level 1:colcon.colcon_core.package_discovery:discover_packages(path) check parameters
[0.909s] Level 1:colcon.colcon_core.package_discovery:discover_packages(colcon_meta) discover
[0.909s] Level 1:colcon.colcon_core.package_discovery:discover_packages(recursive) discover
[0.910s] INFO:colcon.colcon_core.package_discovery:Crawling recursively for packages in '/home/athens/ros2_athens_ws'
[0.910s] Level 1:colcon.colcon_core.package_identification:_identify(.) by extensions ['ignore', 'ignore_ament_install']
[0.910s] Level 1:colcon.colcon_core.package_identification:_identify(.) by extension 'ignore'
[0.910s] Level 1:colcon.colcon_core.package_identification:_identify(.) by extension 'ignore_ament_install'
[0.910s] Level 1:colcon.colcon_core.package_identification:_identify(.) by extensions ['colcon_pkg']
[0.910s] Level 1:colcon.colcon_core.package_identification:_identify(.) by extension 'colcon_pkg'
[0.910s] Level 1:colcon.colcon_core.package_identification:_identify(.) by extensions ['colcon_meta']
[0.911s] Level 1:colcon.colcon_core.package_identification:_identify(.) by extension 'colcon_meta'
[0.911s] Level 1:colcon.colcon_core.package_identification:_identify(.) by extensions ['ros']
[0.911s] Level 1:colcon.colcon_core.package_identification:_identify(.) by extension 'ros'
[0.950s] Level 1:colcon.colcon_core.package_identification:_identify(.) by extensions ['cmake', 'python']
[0.951s] Level 1:colcon.colcon_core.package_identification:_identify(.) by extension 'cmake'
[0.951s] Level 1:colcon.colcon_core.package_identification:_identify(.) by extension 'python'
[0.951s] Level 1:colcon.colcon_core.package_identification:_identify(.) by extensions ['python_setup_py']
[0.951s] Level 1:colcon.colcon_core.package_identification:_identify(.) by extension 'python_setup_py'
[0.952s] Level 1:colcon.colcon_core.package_identification:_identify(build) by extensions ['ignore', 'ignore_ament_install']
[0.952s] Level 1:colcon.colcon_core.package_identification:_identify(build) by extension 'ignore'
[0.952s] Level 1:colcon.colcon_core.package_identification:_identify(build) ignored
[0.953s] Level 1:colcon.colcon_core.package_identification:_identify(install) by extensions ['ignore', 'ignore_ament_install']
[0.953s] Level 1:colcon.colcon_core.package_identification:_identify(install) by extension 'ignore'
[0.953s] Level 1:colcon.colcon_core.package_identification:_identify(install) ignored
[0.953s] Level 1:colcon.colcon_core.package_identification:_identify(lob) by extensions ['ignore', 'ignore_ament_install']
[0.954s] Level 1:colcon.colcon_core.package_identification:_identify(lob) by extension 'ignore'
[0.954s] Level 1:colcon.colcon_core.package_identification:_identify(lob) ignored
[0.954s] Level 1:colcon.colcon_core.package_identification:_identify(log) by extensions ['ignore', 'ignore_ament_install']
[0.954s] Level 1:colcon.colcon_core.package_identification:_identify(log) by extension 'ignore'
[0.955s] Level 1:colcon.colcon_core.package_identification:_identify(log) ignored
[0.955s] Level 1:colcon.colcon_core.package_identification:_identify(src) by extensions ['ignore', 'ignore_ament_install']
[0.955s] Level 1:colcon.colcon_core.package_identification:_identify(src) by extension 'ignore'
[0.955s] Level 1:colcon.colcon_core.package_identification:_identify(src) by extension 'ignore_ament_install'
[0.956s] Level 1:colcon.colcon_core.package_identification:_identify(src) by extensions ['colcon_pkg']
[0.956s] Level 1:colcon.colcon_core.package_identification:_identify(src) by extension 'colcon_pkg'
[0.956s] Level 1:colcon.colcon_core.package_identification:_identify(src) by extensions ['colcon_meta']
[0.956s] Level 1:colcon.colcon_core.package_identification:_identify(src) by extension 'colcon_meta'
[0.956s] Level 1:colcon.colcon_core.package_identification:_identify(src) by extensions ['ros']
[0.957s] Level 1:colcon.colcon_core.package_identification:_identify(src) by extension 'ros'
[0.957s] Level 1:colcon.colcon_core.package_identification:_identify(src) by extensions ['cmake', 'python']
[0.957s] Level 1:colcon.colcon_core.package_identification:_identify(src) by extension 'cmake'
[0.957s] Level 1:colcon.colcon_core.package_identification:_identify(src) by extension 'python'
[0.958s] Level 1:colcon.colcon_core.package_identification:_identify(src) by extensions ['python_setup_py']
[0.958s] Level 1:colcon.colcon_core.package_identification:_identify(src) by extension 'python_setup_py'
[0.958s] Level 1:colcon.colcon_core.package_identification:_identify(src/build) by extensions ['ignore', 'ignore_ament_install']
[0.958s] Level 1:colcon.colcon_core.package_identification:_identify(src/build) by extension 'ignore'
[0.958s] Level 1:colcon.colcon_core.package_identification:_identify(src/build) by extension 'ignore_ament_install'
[0.958s] Level 1:colcon.colcon_core.package_identification:_identify(src/build) by extensions ['colcon_pkg']
[0.959s] Level 1:colcon.colcon_core.package_identification:_identify(src/build) by extension 'colcon_pkg'
[0.959s] Level 1:colcon.colcon_core.package_identification:_identify(src/build) by extensions ['colcon_meta']
[0.959s] Level 1:colcon.colcon_core.package_identification:_identify(src/build) by extension 'colcon_meta'
[0.959s] Level 1:colcon.colcon_core.package_identification:_identify(src/build) by extensions ['ros']
[0.959s] Level 1:colcon.colcon_core.package_identification:_identify(src/build) by extension 'ros'
[0.959s] Level 1:colcon.colcon_core.package_identification:_identify(src/build) by extensions ['cmake', 'python']
[0.959s] Level 1:colcon.colcon_core.package_identification:_identify(src/build) by extension 'cmake'
[0.960s] Level 1:colcon.colcon_core.package_identification:_identify(src/build) by extension 'python'
[0.960s] Level 1:colcon.colcon_core.package_identification:_identify(src/build) by extensions ['python_setup_py']
[0.960s] Level 1:colcon.colcon_core.package_identification:_identify(src/build) by extension 'python_setup_py'
[0.961s] Level 1:colcon.colcon_core.package_identification:_identify(src/build/first_interfaces) by extensions ['ignore', 'ignore_ament_install']
[0.961s] Level 1:colcon.colcon_core.package_identification:_identify(src/build/first_interfaces) by extension 'ignore'
[0.961s] Level 1:colcon.colcon_core.package_identification:_identify(src/build/first_interfaces) by extension 'ignore_ament_install'
[0.961s] Level 1:colcon.colcon_core.package_identification:_identify(src/build/first_interfaces) by extensions ['colcon_pkg']
[0.961s] Level 1:colcon.colcon_core.package_identification:_identify(src/build/first_interfaces) by extension 'colcon_pkg'
[0.961s] Level 1:colcon.colcon_core.package_identification:_identify(src/build/first_interfaces) by extensions ['colcon_meta']
[0.962s] Level 1:colcon.colcon_core.package_identification:_identify(src/build/first_interfaces) by extension 'colcon_meta'
[0.962s] Level 1:colcon.colcon_core.package_identification:_identify(src/build/first_interfaces) by extensions ['ros']
[0.962s] Level 1:colcon.colcon_core.package_identification:_identify(src/build/first_interfaces) by extension 'ros'
[0.962s] Level 1:colcon.colcon_core.package_identification:_identify(src/build/first_interfaces) by extensions ['cmake', 'python']
[0.962s] Level 1:colcon.colcon_core.package_identification:_identify(src/build/first_interfaces) by extension 'cmake'
[0.962s] Level 1:colcon.colcon_core.package_identification:_identify(src/build/first_interfaces) by extension 'python'
[0.963s] Level 1:colcon.colcon_core.package_identification:_identify(src/build/first_interfaces) by extensions ['python_setup_py']
[0.963s] Level 1:colcon.colcon_core.package_identification:_identify(src/build/first_interfaces) by extension 'python_setup_py'
[0.963s] Level 1:colcon.colcon_core.package_identification:_identify(src/build/first_interfaces/CMakeFiles) by extensions ['ignore', 'ignore_ament_install']
[0.963s] Level 1:colcon.colcon_core.package_identification:_identify(src/build/first_interfaces/CMakeFiles) by extension 'ignore'
[0.964s] Level 1:colcon.colcon_core.package_identification:_identify(src/build/first_interfaces/CMakeFiles) by extension 'ignore_ament_install'
[0.964s] Level 1:colcon.colcon_core.package_identification:_identify(src/build/first_interfaces/CMakeFiles) by extensions ['colcon_pkg']
[0.964s] Level 1:colcon.colcon_core.package_identification:_identify(src/build/first_interfaces/CMakeFiles) by extension 'colcon_pkg'
[0.964s] Level 1:colcon.colcon_core.package_identification:_identify(src/build/first_interfaces/CMakeFiles) by extensions ['colcon_meta']
[0.964s] Level 1:colcon.colcon_core.package_identification:_identify(src/build/first_interfaces/CMakeFiles) by extension 'colcon_meta'
[0.965s] Level 1:colcon.colcon_core.package_identification:_identify(src/build/first_interfaces/CMakeFiles) by extensions ['ros']
[0.965s] Level 1:colcon.colcon_core.package_identification:_identify(src/build/first_interfaces/CMakeFiles) by extension 'ros'
[0.965s] Level 1:colcon.colcon_core.package_identification:_identify(src/build/first_interfaces/CMakeFiles) by extensions ['cmake', 'python']
[0.965s] Level 1:colcon.colcon_core.package_identification:_identify(src/build/first_interfaces/CMakeFiles) by extension 'cmake'
[0.965s] Level 1:colcon.colcon_core.package_identification:_identify(src/build/first_interfaces/CMakeFiles) by extension 'python'
[0.966s] Level 1:colcon.colcon_core.package_identification:_identify(src/build/first_interfaces/CMakeFiles) by extensions ['python_setup_py']
[0.966s] Level 1:colcon.colcon_core.package_identification:_identify(src/build/first_interfaces/CMakeFiles) by extension 'python_setup_py'
[0.966s] Level 1:colcon.colcon_core.package_identification:_identify(src/build/first_interfaces/CMakeFiles/3.16.3) by extensions ['ignore', 'ignore_ament_install']
[0.966s] Level 1:colcon.colcon_core.package_identification:_identify(src/build/first_interfaces/CMakeFiles/3.16.3) by extension 'ignore'
[0.966s] Level 1:colcon.colcon_core.package_identification:_identify(src/build/first_interfaces/CMakeFiles/3.16.3) by extension 'ignore_ament_install'
[0.967s] Level 1:colcon.colcon_core.package_identification:_identify(src/build/first_interfaces/CMakeFiles/3.16.3) by extensions ['colcon_pkg']
[0.967s] Level 1:colcon.colcon_core.package_identification:_identify(src/build/first_interfaces/CMakeFiles/3.16.3) by extension 'colcon_pkg'
[0.967s] Level 1:colcon.colcon_core.package_identification:_identify(src/build/first_interfaces/CMakeFiles/3.16.3) by extensions ['colcon_meta']
[0.967s] Level 1:colcon.colcon_core.package_identification:_identify(src/build/first_interfaces/CMakeFiles/3.16.3) by extension 'colcon_meta'
[0.967s] Level 1:colcon.colcon_core.package_identification:_identify(src/build/first_interfaces/CMakeFiles/3.16.3) by extensions ['ros']
[0.968s] Level 1:colcon.colcon_core.package_identification:_identify(src/build/first_interfaces/CMakeFiles/3.16.3) by extension 'ros'
[0.968s] Level 1:colcon.colcon_core.package_identification:_identify(src/build/first_interfaces/CMakeFiles/3.16.3) by extensions ['cmake', 'python']
[0.968s] Level 1:colcon.colcon_core.package_identification:_identify(src/build/first_interfaces/CMakeFiles/3.16.3) by extension 'cmake'
[0.968s] Level 1:colcon.colcon_core.package_identification:_identify(src/build/first_interfaces/CMakeFiles/3.16.3) by extension 'python'
[0.968s] Level 1:colcon.colcon_core.package_identification:_identify(src/build/first_interfaces/CMakeFiles/3.16.3) by extensions ['python_setup_py']
[0.968s] Level 1:colcon.colcon_core.package_identification:_identify(src/build/first_interfaces/CMakeFiles/3.16.3) by extension 'python_setup_py'
[0.969s] Level 1:colcon.colcon_core.package_identification:_identify(src/build/first_interfaces/CMakeFiles/3.16.3/CompilerIdC) by extensions ['ignore', 'ignore_ament_install']
[0.969s] Level 1:colcon.colcon_core.package_identification:_identify(src/build/first_interfaces/CMakeFiles/3.16.3/CompilerIdC) by extension 'ignore'
[0.969s] Level 1:colcon.colcon_core.package_identification:_identify(src/build/first_interfaces/CMakeFiles/3.16.3/CompilerIdC) by extension 'ignore_ament_install'
[0.969s] Level 1:colcon.colcon_core.package_identification:_identify(src/build/first_interfaces/CMakeFiles/3.16.3/CompilerIdC) by extensions ['colcon_pkg']
[0.969s] Level 1:colcon.colcon_core.package_identification:_identify(src/build/first_interfaces/CMakeFiles/3.16.3/CompilerIdC) by extension 'colcon_pkg'
[0.969s] Level 1:colcon.colcon_core.package_identification:_identify(src/build/first_interfaces/CMakeFiles/3.16.3/CompilerIdC) by extensions ['colcon_meta']
[0.969s] Level 1:colcon.colcon_core.package_identification:_identify(src/build/first_interfaces/CMakeFiles/3.16.3/CompilerIdC) by extension 'colcon_meta'
[0.970s] Level 1:colcon.colcon_core.package_identification:_identify(src/build/first_interfaces/CMakeFiles/3.16.3/CompilerIdC) by extensions ['ros']
[0.970s] Level 1:colcon.colcon_core.package_identification:_identify(src/build/first_interfaces/CMakeFiles/3.16.3/CompilerIdC) by extension 'ros'
[0.970s] Level 1:colcon.colcon_core.package_identification:_identify(src/build/first_interfaces/CMakeFiles/3.16.3/CompilerIdC) by extensions ['cmake', 'python']
[0.970s] Level 1:colcon.colcon_core.package_identification:_identify(src/build/first_interfaces/CMakeFiles/3.16.3/CompilerIdC) by extension 'cmake'
[0.970s] Level 1:colcon.colcon_core.package_identification:_identify(src/build/first_interfaces/CMakeFiles/3.16.3/CompilerIdC) by extension 'python'
[0.970s] Level 1:colcon.colcon_core.package_identification:_identify(src/build/first_interfaces/CMakeFiles/3.16.3/CompilerIdC) by extensions ['python_setup_py']
[0.971s] Level 1:colcon.colcon_core.package_identification:_identify(src/build/first_interfaces/CMakeFiles/3.16.3/CompilerIdC) by extension 'python_setup_py'
[0.971s] Level 1:colcon.colcon_core.package_identification:_identify(src/build/first_interfaces/CMakeFiles/3.16.3/CompilerIdC/tmp) by extensions ['ignore', 'ignore_ament_install']
[0.971s] Level 1:colcon.colcon_core.package_identification:_identify(src/build/first_interfaces/CMakeFiles/3.16.3/CompilerIdC/tmp) by extension 'ignore'
[0.972s] Level 1:colcon.colcon_core.package_identification:_identify(src/build/first_interfaces/CMakeFiles/3.16.3/CompilerIdC/tmp) by extension 'ignore_ament_install'
[0.972s] Level 1:colcon.colcon_core.package_identification:_identify(src/build/first_interfaces/CMakeFiles/3.16.3/CompilerIdC/tmp) by extensions ['colcon_pkg']
[0.972s] Level 1:colcon.colcon_core.package_identification:_identify(src/build/first_interfaces/CMakeFiles/3.16.3/CompilerIdC/tmp) by extension 'colcon_pkg'
[0.972s] Level 1:colcon.colcon_core.package_identification:_identify(src/build/first_interfaces/CMakeFiles/3.16.3/CompilerIdC/tmp) by extensions ['colcon_meta']
[0.973s] Level 1:colcon.colcon_core.package_identification:_identify(src/build/first_interfaces/CMakeFiles/3.16.3/CompilerIdC/tmp) by extension 'colcon_meta'
[0.973s] Level 1:colcon.colcon_core.package_identification:_identify(src/build/first_interfaces/CMakeFiles/3.16.3/CompilerIdC/tmp) by extensions ['ros']
[0.973s] Level 1:colcon.colcon_core.package_identification:_identify(src/build/first_interfaces/CMakeFiles/3.16.3/CompilerIdC/tmp) by extension 'ros'
[0.973s] Level 1:colcon.colcon_core.package_identification:_identify(src/build/first_interfaces/CMakeFiles/3.16.3/CompilerIdC/tmp) by extensions ['cmake', 'python']
[0.973s] Level 1:colcon.colcon_core.package_identification:_identify(src/build/first_interfaces/CMakeFiles/3.16.3/CompilerIdC/tmp) by extension 'cmake'
[0.974s] Level 1:colcon.colcon_core.package_identification:_identify(src/build/first_interfaces/CMakeFiles/3.16.3/CompilerIdC/tmp) by extension 'python'
[0.974s] Level 1:colcon.colcon_core.package_identification:_identify(src/build/first_interfaces/CMakeFiles/3.16.3/CompilerIdC/tmp) by extensions ['python_setup_py']
[0.974s] Level 1:colcon.colcon_core.package_identification:_identify(src/build/first_interfaces/CMakeFiles/3.16.3/CompilerIdC/tmp) by extension 'python_setup_py'
[0.974s] Level 1:colcon.colcon_core.package_identification:_identify(src/build/first_interfaces/CMakeFiles/3.16.3/CompilerIdCXX) by extensions ['ignore', 'ignore_ament_install']
[0.974s] Level 1:colcon.colcon_core.package_identification:_identify(src/build/first_interfaces/CMakeFiles/3.16.3/CompilerIdCXX) by extension 'ignore'
[0.974s] Level 1:colcon.colcon_core.package_identification:_identify(src/build/first_interfaces/CMakeFiles/3.16.3/CompilerIdCXX) by extension 'ignore_ament_install'
[0.975s] Level 1:colcon.colcon_core.package_identification:_identify(src/build/first_interfaces/CMakeFiles/3.16.3/CompilerIdCXX) by extensions ['colcon_pkg']
[0.975s] Level 1:colcon.colcon_core.package_identification:_identify(src/build/first_interfaces/CMakeFiles/3.16.3/CompilerIdCXX) by extension 'colcon_pkg'
[0.975s] Level 1:colcon.colcon_core.package_identification:_identify(src/build/first_interfaces/CMakeFiles/3.16.3/CompilerIdCXX) by extensions ['colcon_meta']
[0.975s] Level 1:colcon.colcon_core.package_identification:_identify(src/build/first_interfaces/CMakeFiles/3.16.3/CompilerIdCXX) by extension 'colcon_meta'
[0.975s] Level 1:colcon.colcon_core.package_identification:_identify(src/build/first_interfaces/CMakeFiles/3.16.3/CompilerIdCXX) by extensions ['ros']
[0.975s] Level 1:colcon.colcon_core.package_identification:_identify(src/build/first_interfaces/CMakeFiles/3.16.3/CompilerIdCXX) by extension 'ros'
[0.976s] Level 1:colcon.colcon_core.package_identification:_identify(src/build/first_interfaces/CMakeFiles/3.16.3/CompilerIdCXX) by extensions ['cmake', 'python']
[0.976s] Level 1:colcon.colcon_core.package_identification:_identify(src/build/first_interfaces/CMakeFiles/3.16.3/CompilerIdCXX) by extension 'cmake'
[0.976s] Level 1:colcon.colcon_core.package_identification:_identify(src/build/first_interfaces/CMakeFiles/3.16.3/CompilerIdCXX) by extension 'python'
[0.976s] Level 1:colcon.colcon_core.package_identification:_identify(src/build/first_interfaces/CMakeFiles/3.16.3/CompilerIdCXX) by extensions ['python_setup_py']
[0.976s] Level 1:colcon.colcon_core.package_identification:_identify(src/build/first_interfaces/CMakeFiles/3.16.3/CompilerIdCXX) by extension 'python_setup_py'
[0.976s] Level 1:colcon.colcon_core.package_identification:_identify(src/build/first_interfaces/CMakeFiles/3.16.3/CompilerIdCXX/tmp) by extensions ['ignore', 'ignore_ament_install']
[0.977s] Level 1:colcon.colcon_core.package_identification:_identify(src/build/first_interfaces/CMakeFiles/3.16.3/CompilerIdCXX/tmp) by extension 'ignore'
[0.977s] Level 1:colcon.colcon_core.package_identification:_identify(src/build/first_interfaces/CMakeFiles/3.16.3/CompilerIdCXX/tmp) by extension 'ignore_ament_install'
[0.977s] Level 1:colcon.colcon_core.package_identification:_identify(src/build/first_interfaces/CMakeFiles/3.16.3/CompilerIdCXX/tmp) by extensions ['colcon_pkg']
[0.977s] Level 1:colcon.colcon_core.package_identification:_identify(src/build/first_interfaces/CMakeFiles/3.16.3/CompilerIdCXX/tmp) by extension 'colcon_pkg'
[0.977s] Level 1:colcon.colcon_core.package_identification:_identify(src/build/first_interfaces/CMakeFiles/3.16.3/CompilerIdCXX/tmp) by extensions ['colcon_meta']
[0.977s] Level 1:colcon.colcon_core.package_identification:_identify(src/build/first_interfaces/CMakeFiles/3.16.3/CompilerIdCXX/tmp) by extension 'colcon_meta'
[0.978s] Level 1:colcon.colcon_core.package_identification:_identify(src/build/first_interfaces/CMakeFiles/3.16.3/CompilerIdCXX/tmp) by extensions ['ros']
[0.978s] Level 1:colcon.colcon_core.package_identification:_identify(src/build/first_interfaces/CMakeFiles/3.16.3/CompilerIdCXX/tmp) by extension 'ros'
[0.978s] Level 1:colcon.colcon_core.package_identification:_identify(src/build/first_interfaces/CMakeFiles/3.16.3/CompilerIdCXX/tmp) by extensions ['cmake', 'python']
[0.978s] Level 1:colcon.colcon_core.package_identification:_identify(src/build/first_interfaces/CMakeFiles/3.16.3/CompilerIdCXX/tmp) by extension 'cmake'
[0.979s] Level 1:colcon.colcon_core.package_identification:_identify(src/build/first_interfaces/CMakeFiles/3.16.3/CompilerIdCXX/tmp) by extension 'python'
[0.979s] Level 1:colcon.colcon_core.package_identification:_identify(src/build/first_interfaces/CMakeFiles/3.16.3/CompilerIdCXX/tmp) by extensions ['python_setup_py']
[0.979s] Level 1:colcon.colcon_core.package_identification:_identify(src/build/first_interfaces/CMakeFiles/3.16.3/CompilerIdCXX/tmp) by extension 'python_setup_py'
[0.979s] Level 1:colcon.colcon_core.package_identification:_identify(src/build/first_interfaces/CMakeFiles/CMakeTmp) by extensions ['ignore', 'ignore_ament_install']
[0.980s] Level 1:colcon.colcon_core.package_identification:_identify(src/build/first_interfaces/CMakeFiles/CMakeTmp) by extension 'ignore'
[0.980s] Level 1:colcon.colcon_core.package_identification:_identify(src/build/first_interfaces/CMakeFiles/CMakeTmp) by extension 'ignore_ament_install'
[0.980s] Level 1:colcon.colcon_core.package_identification:_identify(src/build/first_interfaces/CMakeFiles/CMakeTmp) by extensions ['colcon_pkg']
[0.980s] Level 1:colcon.colcon_core.package_identification:_identify(src/build/first_interfaces/CMakeFiles/CMakeTmp) by extension 'colcon_pkg'
[0.981s] Level 1:colcon.colcon_core.package_identification:_identify(src/build/first_interfaces/CMakeFiles/CMakeTmp) by extensions ['colcon_meta']
[0.981s] Level 1:colcon.colcon_core.package_identification:_identify(src/build/first_interfaces/CMakeFiles/CMakeTmp) by extension 'colcon_meta'
[0.981s] Level 1:colcon.colcon_core.package_identification:_identify(src/build/first_interfaces/CMakeFiles/CMakeTmp) by extensions ['ros']
[0.981s] Level 1:colcon.colcon_core.package_identification:_identify(src/build/first_interfaces/CMakeFiles/CMakeTmp) by extension 'ros'
[0.981s] Level 1:colcon.colcon_core.package_identification:_identify(src/build/first_interfaces/CMakeFiles/CMakeTmp) by extensions ['cmake', 'python']
[0.982s] Level 1:colcon.colcon_core.package_identification:_identify(src/build/first_interfaces/CMakeFiles/CMakeTmp) by extension 'cmake'
[0.982s] Level 1:colcon.colcon_core.package_identification:_identify(src/build/first_interfaces/CMakeFiles/CMakeTmp) by extension 'python'
[0.982s] Level 1:colcon.colcon_core.package_identification:_identify(src/build/first_interfaces/CMakeFiles/CMakeTmp) by extensions ['python_setup_py']
[0.982s] Level 1:colcon.colcon_core.package_identification:_identify(src/build/first_interfaces/CMakeFiles/CMakeTmp) by extension 'python_setup_py'
[0.982s] Level 1:colcon.colcon_core.package_identification:_identify(src/build/first_interfaces/ament_copyright) by extensions ['ignore', 'ignore_ament_install']
[0.982s] Level 1:colcon.colcon_core.package_identification:_identify(src/build/first_interfaces/ament_copyright) by extension 'ignore'
[0.983s] Level 1:colcon.colcon_core.package_identification:_identify(src/build/first_interfaces/ament_copyright) by extension 'ignore_ament_install'
[0.983s] Level 1:colcon.colcon_core.package_identification:_identify(src/build/first_interfaces/ament_copyright) by extensions ['colcon_pkg']
[0.983s] Level 1:colcon.colcon_core.package_identification:_identify(src/build/first_interfaces/ament_copyright) by extension 'colcon_pkg'
[0.983s] Level 1:colcon.colcon_core.package_identification:_identify(src/build/first_interfaces/ament_copyright) by extensions ['colcon_meta']
[0.983s] Level 1:colcon.colcon_core.package_identification:_identify(src/build/first_interfaces/ament_copyright) by extension 'colcon_meta'
[0.983s] Level 1:colcon.colcon_core.package_identification:_identify(src/build/first_interfaces/ament_copyright) by extensions ['ros']
[0.983s] Level 1:colcon.colcon_core.package_identification:_identify(src/build/first_interfaces/ament_copyright) by extension 'ros'
[0.983s] Level 1:colcon.colcon_core.package_identification:_identify(src/build/first_interfaces/ament_copyright) by extensions ['cmake', 'python']
[0.984s] Level 1:colcon.colcon_core.package_identification:_identify(src/build/first_interfaces/ament_copyright) by extension 'cmake'
[0.984s] Level 1:colcon.colcon_core.package_identification:_identify(src/build/first_interfaces/ament_copyright) by extension 'python'
[0.984s] Level 1:colcon.colcon_core.package_identification:_identify(src/build/first_interfaces/ament_copyright) by extensions ['python_setup_py']
[0.984s] Level 1:colcon.colcon_core.package_identification:_identify(src/build/first_interfaces/ament_copyright) by extension 'python_setup_py'
[0.984s] Level 1:colcon.colcon_core.package_identification:_identify(src/build/first_interfaces/ament_lint_cmake) by extensions ['ignore', 'ignore_ament_install']
[0.984s] Level 1:colcon.colcon_core.package_identification:_identify(src/build/first_interfaces/ament_lint_cmake) by extension 'ignore'
[0.984s] Level 1:colcon.colcon_core.package_identification:_identify(src/build/first_interfaces/ament_lint_cmake) by extension 'ignore_ament_install'
[0.985s] Level 1:colcon.colcon_core.package_identification:_identify(src/build/first_interfaces/ament_lint_cmake) by extensions ['colcon_pkg']
[0.985s] Level 1:colcon.colcon_core.package_identification:_identify(src/build/first_interfaces/ament_lint_cmake) by extension 'colcon_pkg'
[0.985s] Level 1:colcon.colcon_core.package_identification:_identify(src/build/first_interfaces/ament_lint_cmake) by extensions ['colcon_meta']
[0.985s] Level 1:colcon.colcon_core.package_identification:_identify(src/build/first_interfaces/ament_lint_cmake) by extension 'colcon_meta'
[0.985s] Level 1:colcon.colcon_core.package_identification:_identify(src/build/first_interfaces/ament_lint_cmake) by extensions ['ros']
[0.985s] Level 1:colcon.colcon_core.package_identification:_identify(src/build/first_interfaces/ament_lint_cmake) by extension 'ros'
[0.985s] Level 1:colcon.colcon_core.package_identification:_identify(src/build/first_interfaces/ament_lint_cmake) by extensions ['cmake', 'python']
[0.985s] Level 1:colcon.colcon_core.package_identification:_identify(src/build/first_interfaces/ament_lint_cmake) by extension 'cmake'
[0.985s] Level 1:colcon.colcon_core.package_identification:_identify(src/build/first_interfaces/ament_lint_cmake) by extension 'python'
[0.985s] Level 1:colcon.colcon_core.package_identification:_identify(src/build/first_interfaces/ament_lint_cmake) by extensions ['python_setup_py']
[0.986s] Level 1:colcon.colcon_core.package_identification:_identify(src/build/first_interfaces/ament_lint_cmake) by extension 'python_setup_py'
[0.986s] Level 1:colcon.colcon_core.package_identification:_identify(src/build/first_interfaces/ament_xmllint) by extensions ['ignore', 'ignore_ament_install']
[0.986s] Level 1:colcon.colcon_core.package_identification:_identify(src/build/first_interfaces/ament_xmllint) by extension 'ignore'
[0.986s] Level 1:colcon.colcon_core.package_identification:_identify(src/build/first_interfaces/ament_xmllint) by extension 'ignore_ament_install'
[0.986s] Level 1:colcon.colcon_core.package_identification:_identify(src/build/first_interfaces/ament_xmllint) by extensions ['colcon_pkg']
[0.986s] Level 1:colcon.colcon_core.package_identification:_identify(src/build/first_interfaces/ament_xmllint) by extension 'colcon_pkg'
[0.986s] Level 1:colcon.colcon_core.package_identification:_identify(src/build/first_interfaces/ament_xmllint) by extensions ['colcon_meta']
[0.987s] Level 1:colcon.colcon_core.package_identification:_identify(src/build/first_interfaces/ament_xmllint) by extension 'colcon_meta'
[0.987s] Level 1:colcon.colcon_core.package_identification:_identify(src/build/first_interfaces/ament_xmllint) by extensions ['ros']
[0.987s] Level 1:colcon.colcon_core.package_identification:_identify(src/build/first_interfaces/ament_xmllint) by extension 'ros'
[0.987s] Level 1:colcon.colcon_core.package_identification:_identify(src/build/first_interfaces/ament_xmllint) by extensions ['cmake', 'python']
[0.988s] Level 1:colcon.colcon_core.package_identification:_identify(src/build/first_interfaces/ament_xmllint) by extension 'cmake'
[0.989s] Level 1:colcon.colcon_core.package_identification:_identify(src/build/first_interfaces/ament_xmllint) by extension 'python'
[0.989s] Level 1:colcon.colcon_core.package_identification:_identify(src/build/first_interfaces/ament_xmllint) by extensions ['python_setup_py']
[0.989s] Level 1:colcon.colcon_core.package_identification:_identify(src/build/first_interfaces/ament_xmllint) by extension 'python_setup_py'
[0.990s] Level 1:colcon.colcon_core.package_identification:_identify(src/first_interfaces) by extensions ['ignore', 'ignore_ament_install']
[0.991s] Level 1:colcon.colcon_core.package_identification:_identify(src/first_interfaces) by extension 'ignore'
[0.991s] Level 1:colcon.colcon_core.package_identification:_identify(src/first_interfaces) by extension 'ignore_ament_install'
[0.991s] Level 1:colcon.colcon_core.package_identification:_identify(src/first_interfaces) by extensions ['colcon_pkg']
[0.991s] Level 1:colcon.colcon_core.package_identification:_identify(src/first_interfaces) by extension 'colcon_pkg'
[0.991s] Level 1:colcon.colcon_core.package_identification:_identify(src/first_interfaces) by extensions ['colcon_meta']
[0.991s] Level 1:colcon.colcon_core.package_identification:_identify(src/first_interfaces) by extension 'colcon_meta'
[0.991s] Level 1:colcon.colcon_core.package_identification:_identify(src/first_interfaces) by extensions ['ros']
[0.992s] Level 1:colcon.colcon_core.package_identification:_identify(src/first_interfaces) by extension 'ros'
[0.992s] Level 1:colcon.colcon_core.package_identification:_identify(src/first_interfaces) by extensions ['cmake', 'python']
[0.992s] Level 1:colcon.colcon_core.package_identification:_identify(src/first_interfaces) by extension 'cmake'
[0.992s] Level 1:colcon.colcon_core.package_identification:_identify(src/first_interfaces) by extension 'python'
[0.992s] Level 1:colcon.colcon_core.package_identification:_identify(src/first_interfaces) by extensions ['python_setup_py']
[0.993s] Level 1:colcon.colcon_core.package_identification:_identify(src/first_interfaces) by extension 'python_setup_py'
[0.993s] Level 1:colcon.colcon_core.package_identification:_identify(src/first_interfaces/include) by extensions ['ignore', 'ignore_ament_install']
[0.993s] Level 1:colcon.colcon_core.package_identification:_identify(src/first_interfaces/include) by extension 'ignore'
[0.993s] Level 1:colcon.colcon_core.package_identification:_identify(src/first_interfaces/include) by extension 'ignore_ament_install'
[0.993s] Level 1:colcon.colcon_core.package_identification:_identify(src/first_interfaces/include) by extensions ['colcon_pkg']
[0.993s] Level 1:colcon.colcon_core.package_identification:_identify(src/first_interfaces/include) by extension 'colcon_pkg'
[0.994s] Level 1:colcon.colcon_core.package_identification:_identify(src/first_interfaces/include) by extensions ['colcon_meta']
[0.994s] Level 1:colcon.colcon_core.package_identification:_identify(src/first_interfaces/include) by extension 'colcon_meta'
[0.994s] Level 1:colcon.colcon_core.package_identification:_identify(src/first_interfaces/include) by extensions ['ros']
[0.994s] Level 1:colcon.colcon_core.package_identification:_identify(src/first_interfaces/include) by extension 'ros'
[0.994s] Level 1:colcon.colcon_core.package_identification:_identify(src/first_interfaces/include) by extensions ['cmake', 'python']
[0.994s] Level 1:colcon.colcon_core.package_identification:_identify(src/first_interfaces/include) by extension 'cmake'
[0.994s] Level 1:colcon.colcon_core.package_identification:_identify(src/first_interfaces/include) by extension 'python'
[0.994s] Level 1:colcon.colcon_core.package_identification:_identify(src/first_interfaces/include) by extensions ['python_setup_py']
[0.995s] Level 1:colcon.colcon_core.package_identification:_identify(src/first_interfaces/include) by extension 'python_setup_py'
[0.995s] Level 1:colcon.colcon_core.package_identification:_identify(src/first_interfaces/include/first_interfaces) by extensions ['ignore', 'ignore_ament_install']
[0.995s] Level 1:colcon.colcon_core.package_identification:_identify(src/first_interfaces/include/first_interfaces) by extension 'ignore'
[0.995s] Level 1:colcon.colcon_core.package_identification:_identify(src/first_interfaces/include/first_interfaces) by extension 'ignore_ament_install'
[0.995s] Level 1:colcon.colcon_core.package_identification:_identify(src/first_interfaces/include/first_interfaces) by extensions ['colcon_pkg']
[0.996s] Level 1:colcon.colcon_core.package_identification:_identify(src/first_interfaces/include/first_interfaces) by extension 'colcon_pkg'
[0.996s] Level 1:colcon.colcon_core.package_identification:_identify(src/first_interfaces/include/first_interfaces) by extensions ['colcon_meta']
[0.996s] Level 1:colcon.colcon_core.package_identification:_identify(src/first_interfaces/include/first_interfaces) by extension 'colcon_meta'
[0.996s] Level 1:colcon.colcon_core.package_identification:_identify(src/first_interfaces/include/first_interfaces) by extensions ['ros']
[0.996s] Level 1:colcon.colcon_core.package_identification:_identify(src/first_interfaces/include/first_interfaces) by extension 'ros'
[0.997s] Level 1:colcon.colcon_core.package_identification:_identify(src/first_interfaces/include/first_interfaces) by extensions ['cmake', 'python']
[0.997s] Level 1:colcon.colcon_core.package_identification:_identify(src/first_interfaces/include/first_interfaces) by extension 'cmake'
[0.997s] Level 1:colcon.colcon_core.package_identification:_identify(src/first_interfaces/include/first_interfaces) by extension 'python'
[0.997s] Level 1:colcon.colcon_core.package_identification:_identify(src/first_interfaces/include/first_interfaces) by extensions ['python_setup_py']
[0.997s] Level 1:colcon.colcon_core.package_identification:_identify(src/first_interfaces/include/first_interfaces) by extension 'python_setup_py'
[0.998s] Level 1:colcon.colcon_core.package_identification:_identify(src/first_interfaces/src) by extensions ['ignore', 'ignore_ament_install']
[0.998s] Level 1:colcon.colcon_core.package_identification:_identify(src/first_interfaces/src) by extension 'ignore'
[0.998s] Level 1:colcon.colcon_core.package_identification:_identify(src/first_interfaces/src) by extension 'ignore_ament_install'
[0.999s] Level 1:colcon.colcon_core.package_identification:_identify(src/first_interfaces/src) by extensions ['colcon_pkg']
[0.999s] Level 1:colcon.colcon_core.package_identification:_identify(src/first_interfaces/src) by extension 'colcon_pkg'
[0.999s] Level 1:colcon.colcon_core.package_identification:_identify(src/first_interfaces/src) by extensions ['colcon_meta']
[0.999s] Level 1:colcon.colcon_core.package_identification:_identify(src/first_interfaces/src) by extension 'colcon_meta'
[0.999s] Level 1:colcon.colcon_core.package_identification:_identify(src/first_interfaces/src) by extensions ['ros']
[1.000s] Level 1:colcon.colcon_core.package_identification:_identify(src/first_interfaces/src) by extension 'ros'
[1.000s] Level 1:colcon.colcon_core.package_identification:_identify(src/first_interfaces/src) by extensions ['cmake', 'python']
[1.000s] Level 1:colcon.colcon_core.package_identification:_identify(src/first_interfaces/src) by extension 'cmake'
[1.000s] Level 1:colcon.colcon_core.package_identification:_identify(src/first_interfaces/src) by extension 'python'
[1.000s] Level 1:colcon.colcon_core.package_identification:_identify(src/first_interfaces/src) by extensions ['python_setup_py']
[1.000s] Level 1:colcon.colcon_core.package_identification:_identify(src/first_interfaces/src) by extension 'python_setup_py'
[1.001s] Level 1:colcon.colcon_core.package_identification:_identify(src/first_package) by extensions ['ignore', 'ignore_ament_install']
[1.001s] Level 1:colcon.colcon_core.package_identification:_identify(src/first_package) by extension 'ignore'
[1.001s] Level 1:colcon.colcon_core.package_identification:_identify(src/first_package) by extension 'ignore_ament_install'
[1.001s] Level 1:colcon.colcon_core.package_identification:_identify(src/first_package) by extensions ['colcon_pkg']
[1.001s] Level 1:colcon.colcon_core.package_identification:_identify(src/first_package) by extension 'colcon_pkg'
[1.002s] Level 1:colcon.colcon_core.package_identification:_identify(src/first_package) by extensions ['colcon_meta']
[1.002s] Level 1:colcon.colcon_core.package_identification:_identify(src/first_package) by extension 'colcon_meta'
[1.002s] Level 1:colcon.colcon_core.package_identification:_identify(src/first_package) by extensions ['ros']
[1.002s] Level 1:colcon.colcon_core.package_identification:_identify(src/first_package) by extension 'ros'
[1.008s] DEBUG:colcon.colcon_core.package_identification:Package 'src/first_package' with type 'ros.ament_python' and name 'first_package'
[1.008s] Level 1:colcon.colcon_core.package_identification:_identify(src/install) by extensions ['ignore', 'ignore_ament_install']
[1.008s] Level 1:colcon.colcon_core.package_identification:_identify(src/install) by extension 'ignore'
[1.009s] Level 1:colcon.colcon_core.package_identification:_identify(src/install) by extension 'ignore_ament_install'
[1.009s] Level 1:colcon.colcon_core.package_identification:_identify(src/install) by extensions ['colcon_pkg']
[1.009s] Level 1:colcon.colcon_core.package_identification:_identify(src/install) by extension 'colcon_pkg'
[1.009s] Level 1:colcon.colcon_core.package_identification:_identify(src/install) by extensions ['colcon_meta']
[1.009s] Level 1:colcon.colcon_core.package_identification:_identify(src/install) by extension 'colcon_meta'
[1.009s] Level 1:colcon.colcon_core.package_identification:_identify(src/install) by extensions ['ros']
[1.009s] Level 1:colcon.colcon_core.package_identification:_identify(src/install) by extension 'ros'
[1.009s] Level 1:colcon.colcon_core.package_identification:_identify(src/install) by extensions ['cmake', 'python']
[1.010s] Level 1:colcon.colcon_core.package_identification:_identify(src/install) by extension 'cmake'
[1.010s] Level 1:colcon.colcon_core.package_identification:_identify(src/install) by extension 'python'
[1.010s] Level 1:colcon.colcon_core.package_identification:_identify(src/install) by extensions ['python_setup_py']
[1.010s] Level 1:colcon.colcon_core.package_identification:_identify(src/install) by extension 'python_setup_py'
[1.010s] Level 1:colcon.colcon_core.package_identification:_identify(src/install/first_interfaces) by extensions ['ignore', 'ignore_ament_install']
[1.010s] Level 1:colcon.colcon_core.package_identification:_identify(src/install/first_interfaces) by extension 'ignore'
[1.010s] Level 1:colcon.colcon_core.package_identification:_identify(src/install/first_interfaces) by extension 'ignore_ament_install'
[1.011s] Level 1:colcon.colcon_core.package_identification:_identify(src/install/first_interfaces) by extensions ['colcon_pkg']
[1.011s] Level 1:colcon.colcon_core.package_identification:_identify(src/install/first_interfaces) by extension 'colcon_pkg'
[1.011s] Level 1:colcon.colcon_core.package_identification:_identify(src/install/first_interfaces) by extensions ['colcon_meta']
[1.011s] Level 1:colcon.colcon_core.package_identification:_identify(src/install/first_interfaces) by extension 'colcon_meta'
[1.011s] Level 1:colcon.colcon_core.package_identification:_identify(src/install/first_interfaces) by extensions ['ros']
[1.011s] Level 1:colcon.colcon_core.package_identification:_identify(src/install/first_interfaces) by extension 'ros'
[1.011s] Level 1:colcon.colcon_core.package_identification:_identify(src/install/first_interfaces) by extensions ['cmake', 'python']
[1.011s] Level 1:colcon.colcon_core.package_identification:_identify(src/install/first_interfaces) by extension 'cmake'
[1.011s] Level 1:colcon.colcon_core.package_identification:_identify(src/install/first_interfaces) by extension 'python'
[1.011s] Level 1:colcon.colcon_core.package_identification:_identify(src/install/first_interfaces) by extensions ['python_setup_py']
[1.011s] Level 1:colcon.colcon_core.package_identification:_identify(src/install/first_interfaces) by extension 'python_setup_py'
[1.012s] Level 1:colcon.colcon_core.package_identification:_identify(src/install/first_interfaces/include) by extensions ['ignore', 'ignore_ament_install']
[1.012s] Level 1:colcon.colcon_core.package_identification:_identify(src/install/first_interfaces/include) by extension 'ignore'
[1.012s] Level 1:colcon.colcon_core.package_identification:_identify(src/install/first_interfaces/include) by extension 'ignore_ament_install'
[1.012s] Level 1:colcon.colcon_core.package_identification:_identify(src/install/first_interfaces/include) by extensions ['colcon_pkg']
[1.012s] Level 1:colcon.colcon_core.package_identification:_identify(src/install/first_interfaces/include) by extension 'colcon_pkg'
[1.012s] Level 1:colcon.colcon_core.package_identification:_identify(src/install/first_interfaces/include) by extensions ['colcon_meta']
[1.012s] Level 1:colcon.colcon_core.package_identification:_identify(src/install/first_interfaces/include) by extension 'colcon_meta'
[1.012s] Level 1:colcon.colcon_core.package_identification:_identify(src/install/first_interfaces/include) by extensions ['ros']
[1.012s] Level 1:colcon.colcon_core.package_identification:_identify(src/install/first_interfaces/include) by extension 'ros'
[1.013s] Level 1:colcon.colcon_core.package_identification:_identify(src/install/first_interfaces/include) by extensions ['cmake', 'python']
[1.013s] Level 1:colcon.colcon_core.package_identification:_identify(src/install/first_interfaces/include) by extension 'cmake'
[1.013s] Level 1:colcon.colcon_core.package_identification:_identify(src/install/first_interfaces/include) by extension 'python'
[1.013s] Level 1:colcon.colcon_core.package_identification:_identify(src/install/first_interfaces/include) by extensions ['python_setup_py']
[1.014s] Level 1:colcon.colcon_core.package_identification:_identify(src/install/first_interfaces/include) by extension 'python_setup_py'
[1.014s] Level 1:colcon.colcon_core.package_identification:_identify(src/install/first_interfaces/include/first_interfaces) by extensions ['ignore', 'ignore_ament_install']
[1.014s] Level 1:colcon.colcon_core.package_identification:_identify(src/install/first_interfaces/include/first_interfaces) by extension 'ignore'
[1.014s] Level 1:colcon.colcon_core.package_identification:_identify(src/install/first_interfaces/include/first_interfaces) by extension 'ignore_ament_install'
[1.014s] Level 1:colcon.colcon_core.package_identification:_identify(src/install/first_interfaces/include/first_interfaces) by extensions ['colcon_pkg']
[1.015s] Level 1:colcon.colcon_core.package_identification:_identify(src/install/first_interfaces/include/first_interfaces) by extension 'colcon_pkg'
[1.015s] Level 1:colcon.colcon_core.package_identification:_identify(src/install/first_interfaces/include/first_interfaces) by extensions ['colcon_meta']
[1.015s] Level 1:colcon.colcon_core.package_identification:_identify(src/install/first_interfaces/include/first_interfaces) by extension 'colcon_meta'
[1.015s] Level 1:colcon.colcon_core.package_identification:_identify(src/install/first_interfaces/include/first_interfaces) by extensions ['ros']
[1.015s] Level 1:colcon.colcon_core.package_identification:_identify(src/install/first_interfaces/include/first_interfaces) by extension 'ros'
[1.016s] Level 1:colcon.colcon_core.package_identification:_identify(src/install/first_interfaces/include/first_interfaces) by extensions ['cmake', 'python']
[1.016s] Level 1:colcon.colcon_core.package_identification:_identify(src/install/first_interfaces/include/first_interfaces) by extension 'cmake'
[1.016s] Level 1:colcon.colcon_core.package_identification:_identify(src/install/first_interfaces/include/first_interfaces) by extension 'python'
[1.016s] Level 1:colcon.colcon_core.package_identification:_identify(src/install/first_interfaces/include/first_interfaces) by extensions ['python_setup_py']
[1.016s] Level 1:colcon.colcon_core.package_identification:_identify(src/install/first_interfaces/include/first_interfaces) by extension 'python_setup_py'
[1.016s] Level 1:colcon.colcon_core.package_identification:_identify(src/install/first_interfaces/include/first_interfaces/msg) by extensions ['ignore', 'ignore_ament_install']
[1.017s] Level 1:colcon.colcon_core.package_identification:_identify(src/install/first_interfaces/include/first_interfaces/msg) by extension 'ignore'
[1.017s] Level 1:colcon.colcon_core.package_identification:_identify(src/install/first_interfaces/include/first_interfaces/msg) by extension 'ignore_ament_install'
[1.017s] Level 1:colcon.colcon_core.package_identification:_identify(src/install/first_interfaces/include/first_interfaces/msg) by extensions ['colcon_pkg']
[1.017s] Level 1:colcon.colcon_core.package_identification:_identify(src/install/first_interfaces/include/first_interfaces/msg) by extension 'colcon_pkg'
[1.017s] Level 1:colcon.colcon_core.package_identification:_identify(src/install/first_interfaces/include/first_interfaces/msg) by extensions ['colcon_meta']
[1.017s] Level 1:colcon.colcon_core.package_identification:_identify(src/install/first_interfaces/include/first_interfaces/msg) by extension 'colcon_meta'
[1.017s] Level 1:colcon.colcon_core.package_identification:_identify(src/install/first_interfaces/include/first_interfaces/msg) by extensions ['ros']
[1.018s] Level 1:colcon.colcon_core.package_identification:_identify(src/install/first_interfaces/include/first_interfaces/msg) by extension 'ros'
[1.018s] Level 1:colcon.colcon_core.package_identification:_identify(src/install/first_interfaces/include/first_interfaces/msg) by extensions ['cmake', 'python']
[1.018s] Level 1:colcon.colcon_core.package_identification:_identify(src/install/first_interfaces/include/first_interfaces/msg) by extension 'cmake'
[1.018s] Level 1:colcon.colcon_core.package_identification:_identify(src/install/first_interfaces/include/first_interfaces/msg) by extension 'python'
[1.018s] Level 1:colcon.colcon_core.package_identification:_identify(src/install/first_interfaces/include/first_interfaces/msg) by extensions ['python_setup_py']
[1.018s] Level 1:colcon.colcon_core.package_identification:_identify(src/install/first_interfaces/include/first_interfaces/msg) by extension 'python_setup_py'
[1.018s] Level 1:colcon.colcon_core.package_identification:_identify(src/install/first_interfaces/include/first_interfaces/msg/detail) by extensions ['ignore', 'ignore_ament_install']
[1.019s] Level 1:colcon.colcon_core.package_identification:_identify(src/install/first_interfaces/include/first_interfaces/msg/detail) by extension 'ignore'
[1.019s] Level 1:colcon.colcon_core.package_identification:_identify(src/install/first_interfaces/include/first_interfaces/msg/detail) by extension 'ignore_ament_install'
[1.019s] Level 1:colcon.colcon_core.package_identification:_identify(src/install/first_interfaces/include/first_interfaces/msg/detail) by extensions ['colcon_pkg']
[1.019s] Level 1:colcon.colcon_core.package_identification:_identify(src/install/first_interfaces/include/first_interfaces/msg/detail) by extension 'colcon_pkg'
[1.019s] Level 1:colcon.colcon_core.package_identification:_identify(src/install/first_interfaces/include/first_interfaces/msg/detail) by extensions ['colcon_meta']
[1.019s] Level 1:colcon.colcon_core.package_identification:_identify(src/install/first_interfaces/include/first_interfaces/msg/detail) by extension 'colcon_meta'
[1.019s] Level 1:colcon.colcon_core.package_identification:_identify(src/install/first_interfaces/include/first_interfaces/msg/detail) by extensions ['ros']
[1.019s] Level 1:colcon.colcon_core.package_identification:_identify(src/install/first_interfaces/include/first_interfaces/msg/detail) by extension 'ros'
[1.020s] Level 1:colcon.colcon_core.package_identification:_identify(src/install/first_interfaces/include/first_interfaces/msg/detail) by extensions ['cmake', 'python']
[1.020s] Level 1:colcon.colcon_core.package_identification:_identify(src/install/first_interfaces/include/first_interfaces/msg/detail) by extension 'cmake'
[1.020s] Level 1:colcon.colcon_core.package_identification:_identify(src/install/first_interfaces/include/first_interfaces/msg/detail) by extension 'python'
[1.020s] Level 1:colcon.colcon_core.package_identification:_identify(src/install/first_interfaces/include/first_interfaces/msg/detail) by extensions ['python_setup_py']
[1.020s] Level 1:colcon.colcon_core.package_identification:_identify(src/install/first_interfaces/include/first_interfaces/msg/detail) by extension 'python_setup_py'
[1.021s] Level 1:colcon.colcon_core.package_identification:_identify(src/install/first_interfaces/include/first_interfaces/msg/detail/dds_fastrtps) by extensions ['ignore', 'ignore_ament_install']
[1.021s] Level 1:colcon.colcon_core.package_identification:_identify(src/install/first_interfaces/include/first_interfaces/msg/detail/dds_fastrtps) by extension 'ignore'
[1.021s] Level 1:colcon.colcon_core.package_identification:_identify(src/install/first_interfaces/include/first_interfaces/msg/detail/dds_fastrtps) by extension 'ignore_ament_install'
[1.021s] Level 1:colcon.colcon_core.package_identification:_identify(src/install/first_interfaces/include/first_interfaces/msg/detail/dds_fastrtps) by extensions ['colcon_pkg']
[1.022s] Level 1:colcon.colcon_core.package_identification:_identify(src/install/first_interfaces/include/first_interfaces/msg/detail/dds_fastrtps) by extension 'colcon_pkg'
[1.022s] Level 1:colcon.colcon_core.package_identification:_identify(src/install/first_interfaces/include/first_interfaces/msg/detail/dds_fastrtps) by extensions ['colcon_meta']
[1.022s] Level 1:colcon.colcon_core.package_identification:_identify(src/install/first_interfaces/include/first_interfaces/msg/detail/dds_fastrtps) by extension 'colcon_meta'
[1.022s] Level 1:colcon.colcon_core.package_identification:_identify(src/install/first_interfaces/include/first_interfaces/msg/detail/dds_fastrtps) by extensions ['ros']
[1.022s] Level 1:colcon.colcon_core.package_identification:_identify(src/install/first_interfaces/include/first_interfaces/msg/detail/dds_fastrtps) by extension 'ros'
[1.023s] Level 1:colcon.colcon_core.package_identification:_identify(src/install/first_interfaces/include/first_interfaces/msg/detail/dds_fastrtps) by extensions ['cmake', 'python']
[1.023s] Level 1:colcon.colcon_core.package_identification:_identify(src/install/first_interfaces/include/first_interfaces/msg/detail/dds_fastrtps) by extension 'cmake'
[1.023s] Level 1:colcon.colcon_core.package_identification:_identify(src/install/first_interfaces/include/first_interfaces/msg/detail/dds_fastrtps) by extension 'python'
[1.023s] Level 1:colcon.colcon_core.package_identification:_identify(src/install/first_interfaces/include/first_interfaces/msg/detail/dds_fastrtps) by extensions ['python_setup_py']
[1.024s] Level 1:colcon.colcon_core.package_identification:_identify(src/install/first_interfaces/include/first_interfaces/msg/detail/dds_fastrtps) by extension 'python_setup_py'
[1.024s] Level 1:colcon.colcon_core.package_identification:_identify(src/stm_station) by extensions ['ignore', 'ignore_ament_install']
[1.024s] Level 1:colcon.colcon_core.package_identification:_identify(src/stm_station) by extension 'ignore'
[1.024s] Level 1:colcon.colcon_core.package_identification:_identify(src/stm_station) by extension 'ignore_ament_install'
[1.024s] Level 1:colcon.colcon_core.package_identification:_identify(src/stm_station) by extensions ['colcon_pkg']
[1.025s] Level 1:colcon.colcon_core.package_identification:_identify(src/stm_station) by extension 'colcon_pkg'
[1.025s] Level 1:colcon.colcon_core.package_identification:_identify(src/stm_station) by extensions ['colcon_meta']
[1.025s] Level 1:colcon.colcon_core.package_identification:_identify(src/stm_station) by extension 'colcon_meta'
[1.025s] Level 1:colcon.colcon_core.package_identification:_identify(src/stm_station) by extensions ['ros']
[1.025s] Level 1:colcon.colcon_core.package_identification:_identify(src/stm_station) by extension 'ros'
[1.028s] DEBUG:colcon.colcon_core.package_identification:Package 'src/stm_station' with type 'ros.ament_python' and name 'stm_station'
[1.028s] Level 1:colcon.colcon_core.package_discovery:discover_packages(recursive) using defaults
[1.028s] Level 1:colcon.colcon_core.package_discovery:discover_packages(ignore) discover
[1.028s] Level 1:colcon.colcon_core.package_discovery:discover_packages(ignore) using defaults
[1.029s] Level 1:colcon.colcon_core.package_discovery:discover_packages(path) discover
[1.029s] Level 1:colcon.colcon_core.package_discovery:discover_packages(path) using defaults
[1.097s] Level 1:colcon.colcon_core.package_discovery:discover_packages(prefix_path) check parameters
[1.098s] Level 1:colcon.colcon_core.package_discovery:discover_packages(prefix_path) discover
[1.110s] DEBUG:colcon.colcon_installed_package_information.package_discovery:Found 2 installed packages in /home/athens/ros2_athens_ws/install
[1.111s] DEBUG:colcon.colcon_installed_package_information.package_discovery:Found 6 installed packages in /home/athens/ros2_ws/install
[1.114s] DEBUG:colcon.colcon_installed_package_information.package_discovery:Found 256 installed packages in /opt/ros/foxy
[1.119s] Level 1:colcon.colcon_core.package_discovery:discover_packages(prefix_path) using defaults
[1.541s] Level 5:colcon.colcon_core.verb:set package 'first_package' build argument 'cmake_args' from command line to 'None'
[1.542s] Level 5:colcon.colcon_core.verb:set package 'first_package' build argument 'cmake_target' from command line to 'None'
[1.542s] Level 5:colcon.colcon_core.verb:set package 'first_package' build argument 'cmake_target_skip_unavailable' from command line to 'False'
[1.542s] Level 5:colcon.colcon_core.verb:set package 'first_package' build argument 'cmake_clean_cache' from command line to 'False'
[1.542s] Level 5:colcon.colcon_core.verb:set package 'first_package' build argument 'cmake_clean_first' from command line to 'False'
[1.542s] Level 5:colcon.colcon_core.verb:set package 'first_package' build argument 'cmake_force_configure' from command line to 'False'
[1.542s] Level 5:colcon.colcon_core.verb:set package 'first_package' build argument 'ament_cmake_args' from command line to 'None'
[1.542s] Level 5:colcon.colcon_core.verb:set package 'first_package' build argument 'catkin_cmake_args' from command line to 'None'
[1.542s] Level 5:colcon.colcon_core.verb:set package 'first_package' build argument 'catkin_skip_building_tests' from command line to 'False'
[1.542s] DEBUG:colcon.colcon_core.verb:Building package 'first_package' with the following arguments: {'ament_cmake_args': None, 'build_base': '/home/athens/ros2_athens_ws/build/first_package', 'catkin_cmake_args': None, 'catkin_skip_building_tests': False, 'cmake_args': None, 'cmake_clean_cache': False, 'cmake_clean_first': False, 'cmake_force_configure': False, 'cmake_target': None, 'cmake_target_skip_unavailable': False, 'install_base': '/home/athens/ros2_athens_ws/install/first_package', 'merge_install': False, 'path': '/home/athens/ros2_athens_ws/src/first_package', 'symlink_install': False, 'test_result_base': None}
[1.559s] Level 5:colcon.colcon_core.verb:set package 'stm_station' build argument 'cmake_args' from command line to 'None'
[1.559s] Level 5:colcon.colcon_core.verb:set package 'stm_station' build argument 'cmake_target' from command line to 'None'
[1.559s] Level 5:colcon.colcon_core.verb:set package 'stm_station' build argument 'cmake_target_skip_unavailable' from command line to 'False'
[1.559s] Level 5:colcon.colcon_core.verb:set package 'stm_station' build argument 'cmake_clean_cache' from command line to 'False'
[1.559s] Level 5:colcon.colcon_core.verb:set package 'stm_station' build argument 'cmake_clean_first' from command line to 'False'
[1.559s] Level 5:colcon.colcon_core.verb:set package 'stm_station' build argument 'cmake_force_configure' from command line to 'False'
[1.559s] Level 5:colcon.colcon_core.verb:set package 'stm_station' build argument 'ament_cmake_args' from command line to 'None'
[1.559s] Level 5:colcon.colcon_core.verb:set package 'stm_station' build argument 'catkin_cmake_args' from command line to 'None'
[1.559s] Level 5:colcon.colcon_core.verb:set package 'stm_station' build argument 'catkin_skip_building_tests' from command line to 'False'
[1.560s] DEBUG:colcon.colcon_core.verb:Building package 'stm_station' with the following arguments: {'ament_cmake_args': None, 'build_base': '/home/athens/ros2_athens_ws/build/stm_station', 'catkin_cmake_args': None, 'catkin_skip_building_tests': False, 'cmake_args': None, 'cmake_clean_cache': False, 'cmake_clean_first': False, 'cmake_force_configure': False, 'cmake_target': None, 'cmake_target_skip_unavailable': False, 'install_base': '/home/athens/ros2_athens_ws/install/stm_station', 'merge_install': False, 'path': '/home/athens/ros2_athens_ws/src/stm_station', 'symlink_install': False, 'test_result_base': None}
[1.560s] INFO:colcon.colcon_core.executor:Executing jobs using 'parallel' executor
[1.564s] DEBUG:colcon.colcon_parallel_executor.executor.parallel:run_until_complete
[1.564s] INFO:colcon.colcon_ros.task.ament_python.build:Building ROS package in '/home/athens/ros2_athens_ws/src/first_package' with build type 'ament_python'
[1.564s] Level 1:colcon.colcon_core.shell:create_environment_hook('first_package', 'ament_prefix_path')
[1.619s] INFO:colcon.colcon_core.plugin_system:Skipping extension 'colcon_core.shell.bat': Not used on non-Windows systems
[1.619s] INFO:colcon.colcon_core.shell:Creating environment hook '/home/athens/ros2_athens_ws/install/first_package/share/first_package/hook/ament_prefix_path.ps1'
[1.634s] INFO:colcon.colcon_core.shell:Creating environment descriptor '/home/athens/ros2_athens_ws/install/first_package/share/first_package/hook/ament_prefix_path.dsv'
[1.662s] INFO:colcon.colcon_core.shell:Creating environment hook '/home/athens/ros2_athens_ws/install/first_package/share/first_package/hook/ament_prefix_path.sh'
[1.688s] INFO:colcon.colcon_core.shell:Skip shell extension 'powershell' for command environment: Not usable outside of PowerShell
[1.689s] DEBUG:colcon.colcon_core.shell:Skip shell extension 'dsv' for command environment
[2.331s] INFO:colcon.colcon_core.task.python.build:Building Python package in '/home/athens/ros2_athens_ws/src/first_package'
[2.333s] INFO:colcon.colcon_core.shell:Skip shell extension 'powershell' for command environment: Not usable outside of PowerShell
[2.333s] DEBUG:colcon.colcon_core.shell:Skip shell extension 'dsv' for command environment
[3.361s] DEBUG:colcon.colcon_core.event_handler.log_command:Invoking command in '/home/athens/ros2_athens_ws/src/first_package': PYTHONPATH=/home/athens/ros2_athens_ws/build/first_package/prefix_override:/usr/lib/python3/dist-packages/colcon_core/task/python/colcon_distutils_commands:/home/athens/ros2_athens_ws/install/first_package/lib/python3.8/site-packages:${PYTHONPATH} /usr/bin/python3 -W ignore:setup.py install is deprecated setup.py egg_info --egg-base ../../build/first_package build --build-base /home/athens/ros2_athens_ws/build/first_package/build install --record /home/athens/ros2_athens_ws/build/first_package/install.log --install-scripts $base/lib/first_package --single-version-externally-managed install_data
[4.000s] DEBUG:colcon.colcon_core.event_handler.log_command:Invoked command in '/home/athens/ros2_athens_ws/src/first_package' returned '0': PYTHONPATH=/home/athens/ros2_athens_ws/build/first_package/prefix_override:/usr/lib/python3/dist-packages/colcon_core/task/python/colcon_distutils_commands:/home/athens/ros2_athens_ws/install/first_package/lib/python3.8/site-packages:${PYTHONPATH} /usr/bin/python3 -W ignore:setup.py install is deprecated setup.py egg_info --egg-base ../../build/first_package build --build-base /home/athens/ros2_athens_ws/build/first_package/build install --record /home/athens/ros2_athens_ws/build/first_package/install.log --install-scripts $base/lib/first_package --single-version-externally-managed install_data
[4.028s] Level 1:colcon.colcon_core.environment:checking '/home/athens/ros2_athens_ws/install/first_package' for CMake module files
[4.029s] Level 1:colcon.colcon_core.environment:checking '/home/athens/ros2_athens_ws/install/first_package' for CMake config files
[4.030s] Level 1:colcon.colcon_core.environment:checking '/home/athens/ros2_athens_ws/install/first_package/lib'
[4.030s] Level 1:colcon.colcon_core.environment:checking '/home/athens/ros2_athens_ws/install/first_package/bin'
[4.030s] Level 1:colcon.colcon_core.environment:checking '/home/athens/ros2_athens_ws/install/first_package/lib/pkgconfig/first_package.pc'
[4.031s] Level 1:colcon.colcon_core.environment:checking '/home/athens/ros2_athens_ws/install/first_package/lib/python3.8/site-packages'
[4.031s] Level 1:colcon.colcon_core.shell:create_environment_hook('first_package', 'pythonpath')
[4.032s] INFO:colcon.colcon_core.shell:Creating environment hook '/home/athens/ros2_athens_ws/install/first_package/share/first_package/hook/pythonpath.ps1'
[4.035s] INFO:colcon.colcon_core.shell:Creating environment descriptor '/home/athens/ros2_athens_ws/install/first_package/share/first_package/hook/pythonpath.dsv'
[4.036s] INFO:colcon.colcon_core.shell:Creating environment hook '/home/athens/ros2_athens_ws/install/first_package/share/first_package/hook/pythonpath.sh'
[4.038s] Level 1:colcon.colcon_core.environment:checking '/home/athens/ros2_athens_ws/install/first_package/bin'
[4.038s] Level 1:colcon.colcon_core.environment:create_environment_scripts_only(first_package)
[4.038s] INFO:colcon.colcon_core.shell:Creating package script '/home/athens/ros2_athens_ws/install/first_package/share/first_package/package.ps1'
[4.048s] INFO:colcon.colcon_core.shell:Creating package descriptor '/home/athens/ros2_athens_ws/install/first_package/share/first_package/package.dsv'
[4.052s] INFO:colcon.colcon_core.shell:Creating package script '/home/athens/ros2_athens_ws/install/first_package/share/first_package/package.sh'
[4.059s] INFO:colcon.colcon_core.shell:Creating package script '/home/athens/ros2_athens_ws/install/first_package/share/first_package/package.bash'
[4.062s] INFO:colcon.colcon_core.shell:Creating package script '/home/athens/ros2_athens_ws/install/first_package/share/first_package/package.zsh'
[4.066s] Level 1:colcon.colcon_core.environment:create_file_with_runtime_dependencies(/home/athens/ros2_athens_ws/install/first_package/share/colcon-core/packages/first_package)
[4.069s] INFO:colcon.colcon_ros.task.ament_python.build:Building ROS package in '/home/athens/ros2_athens_ws/src/stm_station' with build type 'ament_python'
[4.070s] Level 1:colcon.colcon_core.shell:create_environment_hook('stm_station', 'ament_prefix_path')
[4.071s] INFO:colcon.colcon_core.shell:Creating environment hook '/home/athens/ros2_athens_ws/install/stm_station/share/stm_station/hook/ament_prefix_path.ps1'
[4.073s] INFO:colcon.colcon_core.shell:Creating environment descriptor '/home/athens/ros2_athens_ws/install/stm_station/share/stm_station/hook/ament_prefix_path.dsv'
[4.074s] INFO:colcon.colcon_core.shell:Creating environment hook '/home/athens/ros2_athens_ws/install/stm_station/share/stm_station/hook/ament_prefix_path.sh'
[4.075s] INFO:colcon.colcon_core.shell:Skip shell extension 'powershell' for command environment: Not usable outside of PowerShell
[4.075s] DEBUG:colcon.colcon_core.shell:Skip shell extension 'dsv' for command environment
[4.531s] INFO:colcon.colcon_core.task.python.build:Building Python package in '/home/athens/ros2_athens_ws/src/stm_station'
[4.532s] INFO:colcon.colcon_core.shell:Skip shell extension 'powershell' for command environment: Not usable outside of PowerShell
[4.532s] DEBUG:colcon.colcon_core.shell:Skip shell extension 'dsv' for command environment
[5.273s] DEBUG:colcon.colcon_core.event_handler.log_command:Invoking command in '/home/athens/ros2_athens_ws/src/stm_station': PYTHONPATH=/home/athens/ros2_athens_ws/build/stm_station/prefix_override:/usr/lib/python3/dist-packages/colcon_core/task/python/colcon_distutils_commands:/home/athens/ros2_athens_ws/install/stm_station/lib/python3.8/site-packages:${PYTHONPATH} /usr/bin/python3 -W ignore:setup.py install is deprecated setup.py egg_info --egg-base ../../build/stm_station build --build-base /home/athens/ros2_athens_ws/build/stm_station/build install --record /home/athens/ros2_athens_ws/build/stm_station/install.log --install-scripts $base/lib/stm_station --single-version-externally-managed install_data
[5.908s] Level 1:colcon.colcon_core.environment:checking '/home/athens/ros2_athens_ws/install/stm_station' for CMake module files
[5.909s] DEBUG:colcon.colcon_core.event_handler.log_command:Invoked command in '/home/athens/ros2_athens_ws/src/stm_station' returned '0': PYTHONPATH=/home/athens/ros2_athens_ws/build/stm_station/prefix_override:/usr/lib/python3/dist-packages/colcon_core/task/python/colcon_distutils_commands:/home/athens/ros2_athens_ws/install/stm_station/lib/python3.8/site-packages:${PYTHONPATH} /usr/bin/python3 -W ignore:setup.py install is deprecated setup.py egg_info --egg-base ../../build/stm_station build --build-base /home/athens/ros2_athens_ws/build/stm_station/build install --record /home/athens/ros2_athens_ws/build/stm_station/install.log --install-scripts $base/lib/stm_station --single-version-externally-managed install_data
[5.910s] Level 1:colcon.colcon_core.environment:checking '/home/athens/ros2_athens_ws/install/stm_station' for CMake config files
[5.911s] Level 1:colcon.colcon_core.environment:checking '/home/athens/ros2_athens_ws/install/stm_station/lib'
[5.911s] Level 1:colcon.colcon_core.environment:checking '/home/athens/ros2_athens_ws/install/stm_station/bin'
[5.911s] Level 1:colcon.colcon_core.environment:checking '/home/athens/ros2_athens_ws/install/stm_station/lib/pkgconfig/stm_station.pc'
[5.912s] Level 1:colcon.colcon_core.environment:checking '/home/athens/ros2_athens_ws/install/stm_station/lib/python3.8/site-packages'
[5.912s] Level 1:colcon.colcon_core.shell:create_environment_hook('stm_station', 'pythonpath')
[5.913s] INFO:colcon.colcon_core.shell:Creating environment hook '/home/athens/ros2_athens_ws/install/stm_station/share/stm_station/hook/pythonpath.ps1'
[5.919s] INFO:colcon.colcon_core.shell:Creating environment descriptor '/home/athens/ros2_athens_ws/install/stm_station/share/stm_station/hook/pythonpath.dsv'
[5.920s] INFO:colcon.colcon_core.shell:Creating environment hook '/home/athens/ros2_athens_ws/install/stm_station/share/stm_station/hook/pythonpath.sh'
[5.923s] Level 1:colcon.colcon_core.environment:checking '/home/athens/ros2_athens_ws/install/stm_station/bin'
[5.923s] Level 1:colcon.colcon_core.environment:create_environment_scripts_only(stm_station)
[5.923s] INFO:colcon.colcon_core.shell:Creating package script '/home/athens/ros2_athens_ws/install/stm_station/share/stm_station/package.ps1'
[5.925s] INFO:colcon.colcon_core.shell:Creating package descriptor '/home/athens/ros2_athens_ws/install/stm_station/share/stm_station/package.dsv'
[5.926s] INFO:colcon.colcon_core.shell:Creating package script '/home/athens/ros2_athens_ws/install/stm_station/share/stm_station/package.sh'
[5.928s] INFO:colcon.colcon_core.shell:Creating package script '/home/athens/ros2_athens_ws/install/stm_station/share/stm_station/package.bash'
[5.946s] INFO:colcon.colcon_core.shell:Creating package script '/home/athens/ros2_athens_ws/install/stm_station/share/stm_station/package.zsh'
[5.951s] Level 1:colcon.colcon_core.environment:create_file_with_runtime_dependencies(/home/athens/ros2_athens_ws/install/stm_station/share/colcon-core/packages/stm_station)
[5.957s] DEBUG:colcon.colcon_parallel_executor.executor.parallel:closing loop
[5.958s] DEBUG:colcon.colcon_parallel_executor.executor.parallel:loop closed
[5.958s] DEBUG:colcon.colcon_parallel_executor.executor.parallel:run_until_complete finished with '0'
[5.958s] DEBUG:colcon.colcon_core.event_reactor:joining thread
[6.022s] INFO:colcon.colcon_core.plugin_system:Skipping extension 'colcon_notification.desktop_notification.terminal_notifier': Not used on non-Darwin systems
[6.023s] INFO:colcon.colcon_core.plugin_system:Skipping extension 'colcon_notification.desktop_notification.win32': Not used on non-Windows systems
[6.023s] INFO:colcon.colcon_notification.desktop_notification:Sending desktop notification using 'notify2'
[6.060s] DEBUG:colcon.colcon_core.event_reactor:joined thread
[6.061s] INFO:colcon.colcon_core.shell:Creating prefix script '/home/athens/ros2_athens_ws/install/local_setup.ps1'
[6.075s] INFO:colcon.colcon_core.shell:Creating prefix util module '/home/athens/ros2_athens_ws/install/_local_setup_util_ps1.py'
[6.083s] INFO:colcon.colcon_core.shell:Creating prefix chain script '/home/athens/ros2_athens_ws/install/setup.ps1'
[6.104s] INFO:colcon.colcon_core.shell:Creating prefix script '/home/athens/ros2_athens_ws/install/local_setup.sh'
[6.111s] INFO:colcon.colcon_core.shell:Creating prefix util module '/home/athens/ros2_athens_ws/install/_local_setup_util_sh.py'
[6.115s] INFO:colcon.colcon_core.shell:Creating prefix chain script '/home/athens/ros2_athens_ws/install/setup.sh'
[6.129s] INFO:colcon.colcon_core.shell:Creating prefix script '/home/athens/ros2_athens_ws/install/local_setup.bash'
[6.140s] INFO:colcon.colcon_core.shell:Creating prefix chain script '/home/athens/ros2_athens_ws/install/setup.bash'
[6.151s] INFO:colcon.colcon_core.shell:Creating prefix script '/home/athens/ros2_athens_ws/install/local_setup.zsh'
[6.158s] INFO:colcon.colcon_core.shell:Creating prefix chain script '/home/athens/ros2_athens_ws/install/setup.zsh'
