[0.759s] DEBUG:colcon:Command line arguments: ['/usr/bin/colcon', 'build']
[0.760s] DEBUG:colcon:Parsed command line arguments: Namespace(allow_overriding=[], ament_cmake_args=None, base_paths=['.'], build_base='build', catkin_cmake_args=None, catkin_skip_building_tests=False, cmake_args=None, cmake_clean_cache=False, cmake_clean_first=False, cmake_force_configure=False, cmake_target=None, cmake_target_skip_unavailable=False, continue_on_error=False, event_handlers=None, executor='parallel', ignore_user_meta=False, install_base='install', log_base=None, log_level=None, main=<bound method BuildVerb.main of <colcon_core.verb.build.BuildVerb object at 0x7f4a2799f850>>, merge_install=False, metas=['./colcon.meta'], mixin=None, mixin_files=None, mixin_verb=('build',), packages_above=None, packages_above_and_dependencies=None, packages_above_depth=None, packages_end=None, packages_ignore=None, packages_ignore_regex=None, packages_select=None, packages_select_build_failed=False, packages_select_by_dep=None, packages_select_regex=None, packages_select_test_failures=False, packages_skip=None, packages_skip_build_finished=False, packages_skip_by_dep=None, packages_skip_regex=None, packages_skip_test_passed=False, packages_skip_up_to=None, packages_start=None, packages_up_to=None, packages_up_to_regex=None, parallel_workers=4, paths=None, symlink_install=False, test_result_base=None, verb_extension=<colcon_core.verb.build.BuildVerb object at 0x7f4a2799f850>, verb_name='build', verb_parser=<colcon_mixin.mixin.mixin_argument.MixinArgumentDecorator object at 0x7f4a2791ac10>)
[1.042s] Level 1:colcon.colcon_core.package_discovery:discover_packages(colcon_meta) check parameters
[1.042s] Level 1:colcon.colcon_core.package_discovery:discover_packages(recursive) check parameters
[1.043s] Level 1:colcon.colcon_core.package_discovery:discover_packages(ignore) check parameters
[1.043s] Level 1:colcon.colcon_core.package_discovery:discover_packages(path) check parameters
[1.043s] Level 1:colcon.colcon_core.package_discovery:discover_packages(colcon_meta) discover
[1.043s] Level 1:colcon.colcon_core.package_discovery:discover_packages(recursive) discover
[1.043s] INFO:colcon.colcon_core.package_discovery:Crawling recursively for packages in '/home/athens/ros2_athens_ws'
[1.043s] Level 1:colcon.colcon_core.package_identification:_identify(.) by extensions ['ignore', 'ignore_ament_install']
[1.043s] Level 1:colcon.colcon_core.package_identification:_identify(.) by extension 'ignore'
[1.043s] Level 1:colcon.colcon_core.package_identification:_identify(.) by extension 'ignore_ament_install'
[1.044s] Level 1:colcon.colcon_core.package_identification:_identify(.) by extensions ['colcon_pkg']
[1.044s] Level 1:colcon.colcon_core.package_identification:_identify(.) by extension 'colcon_pkg'
[1.044s] Level 1:colcon.colcon_core.package_identification:_identify(.) by extensions ['colcon_meta']
[1.044s] Level 1:colcon.colcon_core.package_identification:_identify(.) by extension 'colcon_meta'
[1.044s] Level 1:colcon.colcon_core.package_identification:_identify(.) by extensions ['ros']
[1.044s] Level 1:colcon.colcon_core.package_identification:_identify(.) by extension 'ros'
[1.067s] Level 1:colcon.colcon_core.package_identification:_identify(.) by extensions ['cmake', 'python']
[1.067s] Level 1:colcon.colcon_core.package_identification:_identify(.) by extension 'cmake'
[1.068s] Level 1:colcon.colcon_core.package_identification:_identify(.) by extension 'python'
[1.068s] Level 1:colcon.colcon_core.package_identification:_identify(.) by extensions ['python_setup_py']
[1.068s] Level 1:colcon.colcon_core.package_identification:_identify(.) by extension 'python_setup_py'
[1.068s] Level 1:colcon.colcon_core.package_identification:_identify(build) by extensions ['ignore', 'ignore_ament_install']
[1.068s] Level 1:colcon.colcon_core.package_identification:_identify(build) by extension 'ignore'
[1.068s] Level 1:colcon.colcon_core.package_identification:_identify(build) ignored
[1.068s] Level 1:colcon.colcon_core.package_identification:_identify(install) by extensions ['ignore', 'ignore_ament_install']
[1.069s] Level 1:colcon.colcon_core.package_identification:_identify(install) by extension 'ignore'
[1.069s] Level 1:colcon.colcon_core.package_identification:_identify(install) ignored
[1.069s] Level 1:colcon.colcon_core.package_identification:_identify(lob) by extensions ['ignore', 'ignore_ament_install']
[1.069s] Level 1:colcon.colcon_core.package_identification:_identify(lob) by extension 'ignore'
[1.069s] Level 1:colcon.colcon_core.package_identification:_identify(lob) ignored
[1.069s] Level 1:colcon.colcon_core.package_identification:_identify(log) by extensions ['ignore', 'ignore_ament_install']
[1.070s] Level 1:colcon.colcon_core.package_identification:_identify(log) by extension 'ignore'
[1.070s] Level 1:colcon.colcon_core.package_identification:_identify(log) ignored
[1.070s] Level 1:colcon.colcon_core.package_identification:_identify(src) by extensions ['ignore', 'ignore_ament_install']
[1.070s] Level 1:colcon.colcon_core.package_identification:_identify(src) by extension 'ignore'
[1.070s] Level 1:colcon.colcon_core.package_identification:_identify(src) by extension 'ignore_ament_install'
[1.071s] Level 1:colcon.colcon_core.package_identification:_identify(src) by extensions ['colcon_pkg']
[1.071s] Level 1:colcon.colcon_core.package_identification:_identify(src) by extension 'colcon_pkg'
[1.071s] Level 1:colcon.colcon_core.package_identification:_identify(src) by extensions ['colcon_meta']
[1.071s] Level 1:colcon.colcon_core.package_identification:_identify(src) by extension 'colcon_meta'
[1.071s] Level 1:colcon.colcon_core.package_identification:_identify(src) by extensions ['ros']
[1.071s] Level 1:colcon.colcon_core.package_identification:_identify(src) by extension 'ros'
[1.071s] Level 1:colcon.colcon_core.package_identification:_identify(src) by extensions ['cmake', 'python']
[1.071s] Level 1:colcon.colcon_core.package_identification:_identify(src) by extension 'cmake'
[1.071s] Level 1:colcon.colcon_core.package_identification:_identify(src) by extension 'python'
[1.071s] Level 1:colcon.colcon_core.package_identification:_identify(src) by extensions ['python_setup_py']
[1.071s] Level 1:colcon.colcon_core.package_identification:_identify(src) by extension 'python_setup_py'
[1.071s] Level 1:colcon.colcon_core.package_identification:_identify(src/build) by extensions ['ignore', 'ignore_ament_install']
[1.072s] Level 1:colcon.colcon_core.package_identification:_identify(src/build) by extension 'ignore'
[1.072s] Level 1:colcon.colcon_core.package_identification:_identify(src/build) by extension 'ignore_ament_install'
[1.072s] Level 1:colcon.colcon_core.package_identification:_identify(src/build) by extensions ['colcon_pkg']
[1.072s] Level 1:colcon.colcon_core.package_identification:_identify(src/build) by extension 'colcon_pkg'
[1.072s] Level 1:colcon.colcon_core.package_identification:_identify(src/build) by extensions ['colcon_meta']
[1.072s] Level 1:colcon.colcon_core.package_identification:_identify(src/build) by extension 'colcon_meta'
[1.072s] Level 1:colcon.colcon_core.package_identification:_identify(src/build) by extensions ['ros']
[1.072s] Level 1:colcon.colcon_core.package_identification:_identify(src/build) by extension 'ros'
[1.072s] Level 1:colcon.colcon_core.package_identification:_identify(src/build) by extensions ['cmake', 'python']
[1.072s] Level 1:colcon.colcon_core.package_identification:_identify(src/build) by extension 'cmake'
[1.073s] Level 1:colcon.colcon_core.package_identification:_identify(src/build) by extension 'python'
[1.073s] Level 1:colcon.colcon_core.package_identification:_identify(src/build) by extensions ['python_setup_py']
[1.073s] Level 1:colcon.colcon_core.package_identification:_identify(src/build) by extension 'python_setup_py'
[1.073s] Level 1:colcon.colcon_core.package_identification:_identify(src/build/first_interfaces) by extensions ['ignore', 'ignore_ament_install']
[1.073s] Level 1:colcon.colcon_core.package_identification:_identify(src/build/first_interfaces) by extension 'ignore'
[1.073s] Level 1:colcon.colcon_core.package_identification:_identify(src/build/first_interfaces) by extension 'ignore_ament_install'
[1.073s] Level 1:colcon.colcon_core.package_identification:_identify(src/build/first_interfaces) by extensions ['colcon_pkg']
[1.073s] Level 1:colcon.colcon_core.package_identification:_identify(src/build/first_interfaces) by extension 'colcon_pkg'
[1.073s] Level 1:colcon.colcon_core.package_identification:_identify(src/build/first_interfaces) by extensions ['colcon_meta']
[1.073s] Level 1:colcon.colcon_core.package_identification:_identify(src/build/first_interfaces) by extension 'colcon_meta'
[1.073s] Level 1:colcon.colcon_core.package_identification:_identify(src/build/first_interfaces) by extensions ['ros']
[1.074s] Level 1:colcon.colcon_core.package_identification:_identify(src/build/first_interfaces) by extension 'ros'
[1.074s] Level 1:colcon.colcon_core.package_identification:_identify(src/build/first_interfaces) by extensions ['cmake', 'python']
[1.074s] Level 1:colcon.colcon_core.package_identification:_identify(src/build/first_interfaces) by extension 'cmake'
[1.074s] Level 1:colcon.colcon_core.package_identification:_identify(src/build/first_interfaces) by extension 'python'
[1.074s] Level 1:colcon.colcon_core.package_identification:_identify(src/build/first_interfaces) by extensions ['python_setup_py']
[1.074s] Level 1:colcon.colcon_core.package_identification:_identify(src/build/first_interfaces) by extension 'python_setup_py'
[1.074s] Level 1:colcon.colcon_core.package_identification:_identify(src/build/first_interfaces/CMakeFiles) by extensions ['ignore', 'ignore_ament_install']
[1.074s] Level 1:colcon.colcon_core.package_identification:_identify(src/build/first_interfaces/CMakeFiles) by extension 'ignore'
[1.074s] Level 1:colcon.colcon_core.package_identification:_identify(src/build/first_interfaces/CMakeFiles) by extension 'ignore_ament_install'
[1.074s] Level 1:colcon.colcon_core.package_identification:_identify(src/build/first_interfaces/CMakeFiles) by extensions ['colcon_pkg']
[1.074s] Level 1:colcon.colcon_core.package_identification:_identify(src/build/first_interfaces/CMakeFiles) by extension 'colcon_pkg'
[1.074s] Level 1:colcon.colcon_core.package_identification:_identify(src/build/first_interfaces/CMakeFiles) by extensions ['colcon_meta']
[1.074s] Level 1:colcon.colcon_core.package_identification:_identify(src/build/first_interfaces/CMakeFiles) by extension 'colcon_meta'
[1.075s] Level 1:colcon.colcon_core.package_identification:_identify(src/build/first_interfaces/CMakeFiles) by extensions ['ros']
[1.075s] Level 1:colcon.colcon_core.package_identification:_identify(src/build/first_interfaces/CMakeFiles) by extension 'ros'
[1.075s] Level 1:colcon.colcon_core.package_identification:_identify(src/build/first_interfaces/CMakeFiles) by extensions ['cmake', 'python']
[1.075s] Level 1:colcon.colcon_core.package_identification:_identify(src/build/first_interfaces/CMakeFiles) by extension 'cmake'
[1.075s] Level 1:colcon.colcon_core.package_identification:_identify(src/build/first_interfaces/CMakeFiles) by extension 'python'
[1.075s] Level 1:colcon.colcon_core.package_identification:_identify(src/build/first_interfaces/CMakeFiles) by extensions ['python_setup_py']
[1.075s] Level 1:colcon.colcon_core.package_identification:_identify(src/build/first_interfaces/CMakeFiles) by extension 'python_setup_py'
[1.075s] Level 1:colcon.colcon_core.package_identification:_identify(src/build/first_interfaces/CMakeFiles/3.16.3) by extensions ['ignore', 'ignore_ament_install']
[1.075s] Level 1:colcon.colcon_core.package_identification:_identify(src/build/first_interfaces/CMakeFiles/3.16.3) by extension 'ignore'
[1.076s] Level 1:colcon.colcon_core.package_identification:_identify(src/build/first_interfaces/CMakeFiles/3.16.3) by extension 'ignore_ament_install'
[1.076s] Level 1:colcon.colcon_core.package_identification:_identify(src/build/first_interfaces/CMakeFiles/3.16.3) by extensions ['colcon_pkg']
[1.076s] Level 1:colcon.colcon_core.package_identification:_identify(src/build/first_interfaces/CMakeFiles/3.16.3) by extension 'colcon_pkg'
[1.076s] Level 1:colcon.colcon_core.package_identification:_identify(src/build/first_interfaces/CMakeFiles/3.16.3) by extensions ['colcon_meta']
[1.076s] Level 1:colcon.colcon_core.package_identification:_identify(src/build/first_interfaces/CMakeFiles/3.16.3) by extension 'colcon_meta'
[1.076s] Level 1:colcon.colcon_core.package_identification:_identify(src/build/first_interfaces/CMakeFiles/3.16.3) by extensions ['ros']
[1.076s] Level 1:colcon.colcon_core.package_identification:_identify(src/build/first_interfaces/CMakeFiles/3.16.3) by extension 'ros'
[1.076s] Level 1:colcon.colcon_core.package_identification:_identify(src/build/first_interfaces/CMakeFiles/3.16.3) by extensions ['cmake', 'python']
[1.076s] Level 1:colcon.colcon_core.package_identification:_identify(src/build/first_interfaces/CMakeFiles/3.16.3) by extension 'cmake'
[1.076s] Level 1:colcon.colcon_core.package_identification:_identify(src/build/first_interfaces/CMakeFiles/3.16.3) by extension 'python'
[1.076s] Level 1:colcon.colcon_core.package_identification:_identify(src/build/first_interfaces/CMakeFiles/3.16.3) by extensions ['python_setup_py']
[1.076s] Level 1:colcon.colcon_core.package_identification:_identify(src/build/first_interfaces/CMakeFiles/3.16.3) by extension 'python_setup_py'
[1.077s] Level 1:colcon.colcon_core.package_identification:_identify(src/build/first_interfaces/CMakeFiles/3.16.3/CompilerIdC) by extensions ['ignore', 'ignore_ament_install']
[1.077s] Level 1:colcon.colcon_core.package_identification:_identify(src/build/first_interfaces/CMakeFiles/3.16.3/CompilerIdC) by extension 'ignore'
[1.077s] Level 1:colcon.colcon_core.package_identification:_identify(src/build/first_interfaces/CMakeFiles/3.16.3/CompilerIdC) by extension 'ignore_ament_install'
[1.077s] Level 1:colcon.colcon_core.package_identification:_identify(src/build/first_interfaces/CMakeFiles/3.16.3/CompilerIdC) by extensions ['colcon_pkg']
[1.077s] Level 1:colcon.colcon_core.package_identification:_identify(src/build/first_interfaces/CMakeFiles/3.16.3/CompilerIdC) by extension 'colcon_pkg'
[1.077s] Level 1:colcon.colcon_core.package_identification:_identify(src/build/first_interfaces/CMakeFiles/3.16.3/CompilerIdC) by extensions ['colcon_meta']
[1.077s] Level 1:colcon.colcon_core.package_identification:_identify(src/build/first_interfaces/CMakeFiles/3.16.3/CompilerIdC) by extension 'colcon_meta'
[1.077s] Level 1:colcon.colcon_core.package_identification:_identify(src/build/first_interfaces/CMakeFiles/3.16.3/CompilerIdC) by extensions ['ros']
[1.077s] Level 1:colcon.colcon_core.package_identification:_identify(src/build/first_interfaces/CMakeFiles/3.16.3/CompilerIdC) by extension 'ros'
[1.077s] Level 1:colcon.colcon_core.package_identification:_identify(src/build/first_interfaces/CMakeFiles/3.16.3/CompilerIdC) by extensions ['cmake', 'python']
[1.077s] Level 1:colcon.colcon_core.package_identification:_identify(src/build/first_interfaces/CMakeFiles/3.16.3/CompilerIdC) by extension 'cmake'
[1.077s] Level 1:colcon.colcon_core.package_identification:_identify(src/build/first_interfaces/CMakeFiles/3.16.3/CompilerIdC) by extension 'python'
[1.077s] Level 1:colcon.colcon_core.package_identification:_identify(src/build/first_interfaces/CMakeFiles/3.16.3/CompilerIdC) by extensions ['python_setup_py']
[1.077s] Level 1:colcon.colcon_core.package_identification:_identify(src/build/first_interfaces/CMakeFiles/3.16.3/CompilerIdC) by extension 'python_setup_py'
[1.077s] Level 1:colcon.colcon_core.package_identification:_identify(src/build/first_interfaces/CMakeFiles/3.16.3/CompilerIdC/tmp) by extensions ['ignore', 'ignore_ament_install']
[1.077s] Level 1:colcon.colcon_core.package_identification:_identify(src/build/first_interfaces/CMakeFiles/3.16.3/CompilerIdC/tmp) by extension 'ignore'
[1.077s] Level 1:colcon.colcon_core.package_identification:_identify(src/build/first_interfaces/CMakeFiles/3.16.3/CompilerIdC/tmp) by extension 'ignore_ament_install'
[1.078s] Level 1:colcon.colcon_core.package_identification:_identify(src/build/first_interfaces/CMakeFiles/3.16.3/CompilerIdC/tmp) by extensions ['colcon_pkg']
[1.078s] Level 1:colcon.colcon_core.package_identification:_identify(src/build/first_interfaces/CMakeFiles/3.16.3/CompilerIdC/tmp) by extension 'colcon_pkg'
[1.078s] Level 1:colcon.colcon_core.package_identification:_identify(src/build/first_interfaces/CMakeFiles/3.16.3/CompilerIdC/tmp) by extensions ['colcon_meta']
[1.078s] Level 1:colcon.colcon_core.package_identification:_identify(src/build/first_interfaces/CMakeFiles/3.16.3/CompilerIdC/tmp) by extension 'colcon_meta'
[1.078s] Level 1:colcon.colcon_core.package_identification:_identify(src/build/first_interfaces/CMakeFiles/3.16.3/CompilerIdC/tmp) by extensions ['ros']
[1.078s] Level 1:colcon.colcon_core.package_identification:_identify(src/build/first_interfaces/CMakeFiles/3.16.3/CompilerIdC/tmp) by extension 'ros'
[1.078s] Level 1:colcon.colcon_core.package_identification:_identify(src/build/first_interfaces/CMakeFiles/3.16.3/CompilerIdC/tmp) by extensions ['cmake', 'python']
[1.078s] Level 1:colcon.colcon_core.package_identification:_identify(src/build/first_interfaces/CMakeFiles/3.16.3/CompilerIdC/tmp) by extension 'cmake'
[1.078s] Level 1:colcon.colcon_core.package_identification:_identify(src/build/first_interfaces/CMakeFiles/3.16.3/CompilerIdC/tmp) by extension 'python'
[1.078s] Level 1:colcon.colcon_core.package_identification:_identify(src/build/first_interfaces/CMakeFiles/3.16.3/CompilerIdC/tmp) by extensions ['python_setup_py']
[1.078s] Level 1:colcon.colcon_core.package_identification:_identify(src/build/first_interfaces/CMakeFiles/3.16.3/CompilerIdC/tmp) by extension 'python_setup_py'
[1.078s] Level 1:colcon.colcon_core.package_identification:_identify(src/build/first_interfaces/CMakeFiles/3.16.3/CompilerIdCXX) by extensions ['ignore', 'ignore_ament_install']
[1.079s] Level 1:colcon.colcon_core.package_identification:_identify(src/build/first_interfaces/CMakeFiles/3.16.3/CompilerIdCXX) by extension 'ignore'
[1.079s] Level 1:colcon.colcon_core.package_identification:_identify(src/build/first_interfaces/CMakeFiles/3.16.3/CompilerIdCXX) by extension 'ignore_ament_install'
[1.079s] Level 1:colcon.colcon_core.package_identification:_identify(src/build/first_interfaces/CMakeFiles/3.16.3/CompilerIdCXX) by extensions ['colcon_pkg']
[1.079s] Level 1:colcon.colcon_core.package_identification:_identify(src/build/first_interfaces/CMakeFiles/3.16.3/CompilerIdCXX) by extension 'colcon_pkg'
[1.079s] Level 1:colcon.colcon_core.package_identification:_identify(src/build/first_interfaces/CMakeFiles/3.16.3/CompilerIdCXX) by extensions ['colcon_meta']
[1.079s] Level 1:colcon.colcon_core.package_identification:_identify(src/build/first_interfaces/CMakeFiles/3.16.3/CompilerIdCXX) by extension 'colcon_meta'
[1.079s] Level 1:colcon.colcon_core.package_identification:_identify(src/build/first_interfaces/CMakeFiles/3.16.3/CompilerIdCXX) by extensions ['ros']
[1.079s] Level 1:colcon.colcon_core.package_identification:_identify(src/build/first_interfaces/CMakeFiles/3.16.3/CompilerIdCXX) by extension 'ros'
[1.079s] Level 1:colcon.colcon_core.package_identification:_identify(src/build/first_interfaces/CMakeFiles/3.16.3/CompilerIdCXX) by extensions ['cmake', 'python']
[1.079s] Level 1:colcon.colcon_core.package_identification:_identify(src/build/first_interfaces/CMakeFiles/3.16.3/CompilerIdCXX) by extension 'cmake'
[1.079s] Level 1:colcon.colcon_core.package_identification:_identify(src/build/first_interfaces/CMakeFiles/3.16.3/CompilerIdCXX) by extension 'python'
[1.079s] Level 1:colcon.colcon_core.package_identification:_identify(src/build/first_interfaces/CMakeFiles/3.16.3/CompilerIdCXX) by extensions ['python_setup_py']
[1.079s] Level 1:colcon.colcon_core.package_identification:_identify(src/build/first_interfaces/CMakeFiles/3.16.3/CompilerIdCXX) by extension 'python_setup_py'
[1.079s] Level 1:colcon.colcon_core.package_identification:_identify(src/build/first_interfaces/CMakeFiles/3.16.3/CompilerIdCXX/tmp) by extensions ['ignore', 'ignore_ament_install']
[1.079s] Level 1:colcon.colcon_core.package_identification:_identify(src/build/first_interfaces/CMakeFiles/3.16.3/CompilerIdCXX/tmp) by extension 'ignore'
[1.079s] Level 1:colcon.colcon_core.package_identification:_identify(src/build/first_interfaces/CMakeFiles/3.16.3/CompilerIdCXX/tmp) by extension 'ignore_ament_install'
[1.079s] Level 1:colcon.colcon_core.package_identification:_identify(src/build/first_interfaces/CMakeFiles/3.16.3/CompilerIdCXX/tmp) by extensions ['colcon_pkg']
[1.080s] Level 1:colcon.colcon_core.package_identification:_identify(src/build/first_interfaces/CMakeFiles/3.16.3/CompilerIdCXX/tmp) by extension 'colcon_pkg'
[1.080s] Level 1:colcon.colcon_core.package_identification:_identify(src/build/first_interfaces/CMakeFiles/3.16.3/CompilerIdCXX/tmp) by extensions ['colcon_meta']
[1.080s] Level 1:colcon.colcon_core.package_identification:_identify(src/build/first_interfaces/CMakeFiles/3.16.3/CompilerIdCXX/tmp) by extension 'colcon_meta'
[1.080s] Level 1:colcon.colcon_core.package_identification:_identify(src/build/first_interfaces/CMakeFiles/3.16.3/CompilerIdCXX/tmp) by extensions ['ros']
[1.080s] Level 1:colcon.colcon_core.package_identification:_identify(src/build/first_interfaces/CMakeFiles/3.16.3/CompilerIdCXX/tmp) by extension 'ros'
[1.080s] Level 1:colcon.colcon_core.package_identification:_identify(src/build/first_interfaces/CMakeFiles/3.16.3/CompilerIdCXX/tmp) by extensions ['cmake', 'python']
[1.080s] Level 1:colcon.colcon_core.package_identification:_identify(src/build/first_interfaces/CMakeFiles/3.16.3/CompilerIdCXX/tmp) by extension 'cmake'
[1.080s] Level 1:colcon.colcon_core.package_identification:_identify(src/build/first_interfaces/CMakeFiles/3.16.3/CompilerIdCXX/tmp) by extension 'python'
[1.080s] Level 1:colcon.colcon_core.package_identification:_identify(src/build/first_interfaces/CMakeFiles/3.16.3/CompilerIdCXX/tmp) by extensions ['python_setup_py']
[1.080s] Level 1:colcon.colcon_core.package_identification:_identify(src/build/first_interfaces/CMakeFiles/3.16.3/CompilerIdCXX/tmp) by extension 'python_setup_py'
[1.080s] Level 1:colcon.colcon_core.package_identification:_identify(src/build/first_interfaces/CMakeFiles/CMakeTmp) by extensions ['ignore', 'ignore_ament_install']
[1.080s] Level 1:colcon.colcon_core.package_identification:_identify(src/build/first_interfaces/CMakeFiles/CMakeTmp) by extension 'ignore'
[1.080s] Level 1:colcon.colcon_core.package_identification:_identify(src/build/first_interfaces/CMakeFiles/CMakeTmp) by extension 'ignore_ament_install'
[1.081s] Level 1:colcon.colcon_core.package_identification:_identify(src/build/first_interfaces/CMakeFiles/CMakeTmp) by extensions ['colcon_pkg']
[1.081s] Level 1:colcon.colcon_core.package_identification:_identify(src/build/first_interfaces/CMakeFiles/CMakeTmp) by extension 'colcon_pkg'
[1.081s] Level 1:colcon.colcon_core.package_identification:_identify(src/build/first_interfaces/CMakeFiles/CMakeTmp) by extensions ['colcon_meta']
[1.081s] Level 1:colcon.colcon_core.package_identification:_identify(src/build/first_interfaces/CMakeFiles/CMakeTmp) by extension 'colcon_meta'
[1.081s] Level 1:colcon.colcon_core.package_identification:_identify(src/build/first_interfaces/CMakeFiles/CMakeTmp) by extensions ['ros']
[1.081s] Level 1:colcon.colcon_core.package_identification:_identify(src/build/first_interfaces/CMakeFiles/CMakeTmp) by extension 'ros'
[1.081s] Level 1:colcon.colcon_core.package_identification:_identify(src/build/first_interfaces/CMakeFiles/CMakeTmp) by extensions ['cmake', 'python']
[1.081s] Level 1:colcon.colcon_core.package_identification:_identify(src/build/first_interfaces/CMakeFiles/CMakeTmp) by extension 'cmake'
[1.081s] Level 1:colcon.colcon_core.package_identification:_identify(src/build/first_interfaces/CMakeFiles/CMakeTmp) by extension 'python'
[1.081s] Level 1:colcon.colcon_core.package_identification:_identify(src/build/first_interfaces/CMakeFiles/CMakeTmp) by extensions ['python_setup_py']
[1.081s] Level 1:colcon.colcon_core.package_identification:_identify(src/build/first_interfaces/CMakeFiles/CMakeTmp) by extension 'python_setup_py'
[1.081s] Level 1:colcon.colcon_core.package_identification:_identify(src/build/first_interfaces/ament_copyright) by extensions ['ignore', 'ignore_ament_install']
[1.081s] Level 1:colcon.colcon_core.package_identification:_identify(src/build/first_interfaces/ament_copyright) by extension 'ignore'
[1.081s] Level 1:colcon.colcon_core.package_identification:_identify(src/build/first_interfaces/ament_copyright) by extension 'ignore_ament_install'
[1.081s] Level 1:colcon.colcon_core.package_identification:_identify(src/build/first_interfaces/ament_copyright) by extensions ['colcon_pkg']
[1.081s] Level 1:colcon.colcon_core.package_identification:_identify(src/build/first_interfaces/ament_copyright) by extension 'colcon_pkg'
[1.081s] Level 1:colcon.colcon_core.package_identification:_identify(src/build/first_interfaces/ament_copyright) by extensions ['colcon_meta']
[1.081s] Level 1:colcon.colcon_core.package_identification:_identify(src/build/first_interfaces/ament_copyright) by extension 'colcon_meta'
[1.081s] Level 1:colcon.colcon_core.package_identification:_identify(src/build/first_interfaces/ament_copyright) by extensions ['ros']
[1.081s] Level 1:colcon.colcon_core.package_identification:_identify(src/build/first_interfaces/ament_copyright) by extension 'ros'
[1.082s] Level 1:colcon.colcon_core.package_identification:_identify(src/build/first_interfaces/ament_copyright) by extensions ['cmake', 'python']
[1.082s] Level 1:colcon.colcon_core.package_identification:_identify(src/build/first_interfaces/ament_copyright) by extension 'cmake'
[1.082s] Level 1:colcon.colcon_core.package_identification:_identify(src/build/first_interfaces/ament_copyright) by extension 'python'
[1.082s] Level 1:colcon.colcon_core.package_identification:_identify(src/build/first_interfaces/ament_copyright) by extensions ['python_setup_py']
[1.082s] Level 1:colcon.colcon_core.package_identification:_identify(src/build/first_interfaces/ament_copyright) by extension 'python_setup_py'
[1.082s] Level 1:colcon.colcon_core.package_identification:_identify(src/build/first_interfaces/ament_lint_cmake) by extensions ['ignore', 'ignore_ament_install']
[1.082s] Level 1:colcon.colcon_core.package_identification:_identify(src/build/first_interfaces/ament_lint_cmake) by extension 'ignore'
[1.082s] Level 1:colcon.colcon_core.package_identification:_identify(src/build/first_interfaces/ament_lint_cmake) by extension 'ignore_ament_install'
[1.082s] Level 1:colcon.colcon_core.package_identification:_identify(src/build/first_interfaces/ament_lint_cmake) by extensions ['colcon_pkg']
[1.082s] Level 1:colcon.colcon_core.package_identification:_identify(src/build/first_interfaces/ament_lint_cmake) by extension 'colcon_pkg'
[1.082s] Level 1:colcon.colcon_core.package_identification:_identify(src/build/first_interfaces/ament_lint_cmake) by extensions ['colcon_meta']
[1.082s] Level 1:colcon.colcon_core.package_identification:_identify(src/build/first_interfaces/ament_lint_cmake) by extension 'colcon_meta'
[1.082s] Level 1:colcon.colcon_core.package_identification:_identify(src/build/first_interfaces/ament_lint_cmake) by extensions ['ros']
[1.083s] Level 1:colcon.colcon_core.package_identification:_identify(src/build/first_interfaces/ament_lint_cmake) by extension 'ros'
[1.083s] Level 1:colcon.colcon_core.package_identification:_identify(src/build/first_interfaces/ament_lint_cmake) by extensions ['cmake', 'python']
[1.083s] Level 1:colcon.colcon_core.package_identification:_identify(src/build/first_interfaces/ament_lint_cmake) by extension 'cmake'
[1.083s] Level 1:colcon.colcon_core.package_identification:_identify(src/build/first_interfaces/ament_lint_cmake) by extension 'python'
[1.083s] Level 1:colcon.colcon_core.package_identification:_identify(src/build/first_interfaces/ament_lint_cmake) by extensions ['python_setup_py']
[1.083s] Level 1:colcon.colcon_core.package_identification:_identify(src/build/first_interfaces/ament_lint_cmake) by extension 'python_setup_py'
[1.083s] Level 1:colcon.colcon_core.package_identification:_identify(src/build/first_interfaces/ament_xmllint) by extensions ['ignore', 'ignore_ament_install']
[1.083s] Level 1:colcon.colcon_core.package_identification:_identify(src/build/first_interfaces/ament_xmllint) by extension 'ignore'
[1.083s] Level 1:colcon.colcon_core.package_identification:_identify(src/build/first_interfaces/ament_xmllint) by extension 'ignore_ament_install'
[1.083s] Level 1:colcon.colcon_core.package_identification:_identify(src/build/first_interfaces/ament_xmllint) by extensions ['colcon_pkg']
[1.083s] Level 1:colcon.colcon_core.package_identification:_identify(src/build/first_interfaces/ament_xmllint) by extension 'colcon_pkg'
[1.084s] Level 1:colcon.colcon_core.package_identification:_identify(src/build/first_interfaces/ament_xmllint) by extensions ['colcon_meta']
[1.084s] Level 1:colcon.colcon_core.package_identification:_identify(src/build/first_interfaces/ament_xmllint) by extension 'colcon_meta'
[1.084s] Level 1:colcon.colcon_core.package_identification:_identify(src/build/first_interfaces/ament_xmllint) by extensions ['ros']
[1.084s] Level 1:colcon.colcon_core.package_identification:_identify(src/build/first_interfaces/ament_xmllint) by extension 'ros'
[1.084s] Level 1:colcon.colcon_core.package_identification:_identify(src/build/first_interfaces/ament_xmllint) by extensions ['cmake', 'python']
[1.084s] Level 1:colcon.colcon_core.package_identification:_identify(src/build/first_interfaces/ament_xmllint) by extension 'cmake'
[1.084s] Level 1:colcon.colcon_core.package_identification:_identify(src/build/first_interfaces/ament_xmllint) by extension 'python'
[1.084s] Level 1:colcon.colcon_core.package_identification:_identify(src/build/first_interfaces/ament_xmllint) by extensions ['python_setup_py']
[1.084s] Level 1:colcon.colcon_core.package_identification:_identify(src/build/first_interfaces/ament_xmllint) by extension 'python_setup_py'
[1.084s] Level 1:colcon.colcon_core.package_identification:_identify(src/first_interfaces) by extensions ['ignore', 'ignore_ament_install']
[1.084s] Level 1:colcon.colcon_core.package_identification:_identify(src/first_interfaces) by extension 'ignore'
[1.084s] Level 1:colcon.colcon_core.package_identification:_identify(src/first_interfaces) by extension 'ignore_ament_install'
[1.084s] Level 1:colcon.colcon_core.package_identification:_identify(src/first_interfaces) by extensions ['colcon_pkg']
[1.085s] Level 1:colcon.colcon_core.package_identification:_identify(src/first_interfaces) by extension 'colcon_pkg'
[1.085s] Level 1:colcon.colcon_core.package_identification:_identify(src/first_interfaces) by extensions ['colcon_meta']
[1.085s] Level 1:colcon.colcon_core.package_identification:_identify(src/first_interfaces) by extension 'colcon_meta'
[1.085s] Level 1:colcon.colcon_core.package_identification:_identify(src/first_interfaces) by extensions ['ros']
[1.085s] Level 1:colcon.colcon_core.package_identification:_identify(src/first_interfaces) by extension 'ros'
[1.085s] Level 1:colcon.colcon_core.package_identification:_identify(src/first_interfaces) by extensions ['cmake', 'python']
[1.085s] Level 1:colcon.colcon_core.package_identification:_identify(src/first_interfaces) by extension 'cmake'
[1.085s] Level 1:colcon.colcon_core.package_identification:_identify(src/first_interfaces) by extension 'python'
[1.085s] Level 1:colcon.colcon_core.package_identification:_identify(src/first_interfaces) by extensions ['python_setup_py']
[1.085s] Level 1:colcon.colcon_core.package_identification:_identify(src/first_interfaces) by extension 'python_setup_py'
[1.085s] Level 1:colcon.colcon_core.package_identification:_identify(src/first_interfaces/include) by extensions ['ignore', 'ignore_ament_install']
[1.085s] Level 1:colcon.colcon_core.package_identification:_identify(src/first_interfaces/include) by extension 'ignore'
[1.085s] Level 1:colcon.colcon_core.package_identification:_identify(src/first_interfaces/include) by extension 'ignore_ament_install'
[1.085s] Level 1:colcon.colcon_core.package_identification:_identify(src/first_interfaces/include) by extensions ['colcon_pkg']
[1.085s] Level 1:colcon.colcon_core.package_identification:_identify(src/first_interfaces/include) by extension 'colcon_pkg'
[1.085s] Level 1:colcon.colcon_core.package_identification:_identify(src/first_interfaces/include) by extensions ['colcon_meta']
[1.085s] Level 1:colcon.colcon_core.package_identification:_identify(src/first_interfaces/include) by extension 'colcon_meta'
[1.085s] Level 1:colcon.colcon_core.package_identification:_identify(src/first_interfaces/include) by extensions ['ros']
[1.085s] Level 1:colcon.colcon_core.package_identification:_identify(src/first_interfaces/include) by extension 'ros'
[1.086s] Level 1:colcon.colcon_core.package_identification:_identify(src/first_interfaces/include) by extensions ['cmake', 'python']
[1.086s] Level 1:colcon.colcon_core.package_identification:_identify(src/first_interfaces/include) by extension 'cmake'
[1.086s] Level 1:colcon.colcon_core.package_identification:_identify(src/first_interfaces/include) by extension 'python'
[1.086s] Level 1:colcon.colcon_core.package_identification:_identify(src/first_interfaces/include) by extensions ['python_setup_py']
[1.086s] Level 1:colcon.colcon_core.package_identification:_identify(src/first_interfaces/include) by extension 'python_setup_py'
[1.086s] Level 1:colcon.colcon_core.package_identification:_identify(src/first_interfaces/include/first_interfaces) by extensions ['ignore', 'ignore_ament_install']
[1.086s] Level 1:colcon.colcon_core.package_identification:_identify(src/first_interfaces/include/first_interfaces) by extension 'ignore'
[1.086s] Level 1:colcon.colcon_core.package_identification:_identify(src/first_interfaces/include/first_interfaces) by extension 'ignore_ament_install'
[1.086s] Level 1:colcon.colcon_core.package_identification:_identify(src/first_interfaces/include/first_interfaces) by extensions ['colcon_pkg']
[1.086s] Level 1:colcon.colcon_core.package_identification:_identify(src/first_interfaces/include/first_interfaces) by extension 'colcon_pkg'
[1.086s] Level 1:colcon.colcon_core.package_identification:_identify(src/first_interfaces/include/first_interfaces) by extensions ['colcon_meta']
[1.086s] Level 1:colcon.colcon_core.package_identification:_identify(src/first_interfaces/include/first_interfaces) by extension 'colcon_meta'
[1.086s] Level 1:colcon.colcon_core.package_identification:_identify(src/first_interfaces/include/first_interfaces) by extensions ['ros']
[1.087s] Level 1:colcon.colcon_core.package_identification:_identify(src/first_interfaces/include/first_interfaces) by extension 'ros'
[1.087s] Level 1:colcon.colcon_core.package_identification:_identify(src/first_interfaces/include/first_interfaces) by extensions ['cmake', 'python']
[1.087s] Level 1:colcon.colcon_core.package_identification:_identify(src/first_interfaces/include/first_interfaces) by extension 'cmake'
[1.087s] Level 1:colcon.colcon_core.package_identification:_identify(src/first_interfaces/include/first_interfaces) by extension 'python'
[1.087s] Level 1:colcon.colcon_core.package_identification:_identify(src/first_interfaces/include/first_interfaces) by extensions ['python_setup_py']
[1.087s] Level 1:colcon.colcon_core.package_identification:_identify(src/first_interfaces/include/first_interfaces) by extension 'python_setup_py'
[1.087s] Level 1:colcon.colcon_core.package_identification:_identify(src/first_interfaces/src) by extensions ['ignore', 'ignore_ament_install']
[1.087s] Level 1:colcon.colcon_core.package_identification:_identify(src/first_interfaces/src) by extension 'ignore'
[1.087s] Level 1:colcon.colcon_core.package_identification:_identify(src/first_interfaces/src) by extension 'ignore_ament_install'
[1.088s] Level 1:colcon.colcon_core.package_identification:_identify(src/first_interfaces/src) by extensions ['colcon_pkg']
[1.088s] Level 1:colcon.colcon_core.package_identification:_identify(src/first_interfaces/src) by extension 'colcon_pkg'
[1.088s] Level 1:colcon.colcon_core.package_identification:_identify(src/first_interfaces/src) by extensions ['colcon_meta']
[1.088s] Level 1:colcon.colcon_core.package_identification:_identify(src/first_interfaces/src) by extension 'colcon_meta'
[1.088s] Level 1:colcon.colcon_core.package_identification:_identify(src/first_interfaces/src) by extensions ['ros']
[1.088s] Level 1:colcon.colcon_core.package_identification:_identify(src/first_interfaces/src) by extension 'ros'
[1.088s] Level 1:colcon.colcon_core.package_identification:_identify(src/first_interfaces/src) by extensions ['cmake', 'python']
[1.088s] Level 1:colcon.colcon_core.package_identification:_identify(src/first_interfaces/src) by extension 'cmake'
[1.088s] Level 1:colcon.colcon_core.package_identification:_identify(src/first_interfaces/src) by extension 'python'
[1.088s] Level 1:colcon.colcon_core.package_identification:_identify(src/first_interfaces/src) by extensions ['python_setup_py']
[1.088s] Level 1:colcon.colcon_core.package_identification:_identify(src/first_interfaces/src) by extension 'python_setup_py'
[1.088s] Level 1:colcon.colcon_core.package_identification:_identify(src/first_package) by extensions ['ignore', 'ignore_ament_install']
[1.089s] Level 1:colcon.colcon_core.package_identification:_identify(src/first_package) by extension 'ignore'
[1.089s] Level 1:colcon.colcon_core.package_identification:_identify(src/first_package) by extension 'ignore_ament_install'
[1.089s] Level 1:colcon.colcon_core.package_identification:_identify(src/first_package) by extensions ['colcon_pkg']
[1.089s] Level 1:colcon.colcon_core.package_identification:_identify(src/first_package) by extension 'colcon_pkg'
[1.089s] Level 1:colcon.colcon_core.package_identification:_identify(src/first_package) by extensions ['colcon_meta']
[1.089s] Level 1:colcon.colcon_core.package_identification:_identify(src/first_package) by extension 'colcon_meta'
[1.089s] Level 1:colcon.colcon_core.package_identification:_identify(src/first_package) by extensions ['ros']
[1.089s] Level 1:colcon.colcon_core.package_identification:_identify(src/first_package) by extension 'ros'
[1.096s] DEBUG:colcon.colcon_core.package_identification:Package 'src/first_package' with type 'ros.ament_python' and name 'first_package'
[1.096s] Level 1:colcon.colcon_core.package_identification:_identify(src/install) by extensions ['ignore', 'ignore_ament_install']
[1.096s] Level 1:colcon.colcon_core.package_identification:_identify(src/install) by extension 'ignore'
[1.096s] Level 1:colcon.colcon_core.package_identification:_identify(src/install) by extension 'ignore_ament_install'
[1.096s] Level 1:colcon.colcon_core.package_identification:_identify(src/install) by extensions ['colcon_pkg']
[1.096s] Level 1:colcon.colcon_core.package_identification:_identify(src/install) by extension 'colcon_pkg'
[1.096s] Level 1:colcon.colcon_core.package_identification:_identify(src/install) by extensions ['colcon_meta']
[1.096s] Level 1:colcon.colcon_core.package_identification:_identify(src/install) by extension 'colcon_meta'
[1.097s] Level 1:colcon.colcon_core.package_identification:_identify(src/install) by extensions ['ros']
[1.097s] Level 1:colcon.colcon_core.package_identification:_identify(src/install) by extension 'ros'
[1.097s] Level 1:colcon.colcon_core.package_identification:_identify(src/install) by extensions ['cmake', 'python']
[1.097s] Level 1:colcon.colcon_core.package_identification:_identify(src/install) by extension 'cmake'
[1.097s] Level 1:colcon.colcon_core.package_identification:_identify(src/install) by extension 'python'
[1.097s] Level 1:colcon.colcon_core.package_identification:_identify(src/install) by extensions ['python_setup_py']
[1.097s] Level 1:colcon.colcon_core.package_identification:_identify(src/install) by extension 'python_setup_py'
[1.097s] Level 1:colcon.colcon_core.package_identification:_identify(src/install/first_interfaces) by extensions ['ignore', 'ignore_ament_install']
[1.097s] Level 1:colcon.colcon_core.package_identification:_identify(src/install/first_interfaces) by extension 'ignore'
[1.097s] Level 1:colcon.colcon_core.package_identification:_identify(src/install/first_interfaces) by extension 'ignore_ament_install'
[1.097s] Level 1:colcon.colcon_core.package_identification:_identify(src/install/first_interfaces) by extensions ['colcon_pkg']
[1.097s] Level 1:colcon.colcon_core.package_identification:_identify(src/install/first_interfaces) by extension 'colcon_pkg'
[1.098s] Level 1:colcon.colcon_core.package_identification:_identify(src/install/first_interfaces) by extensions ['colcon_meta']
[1.098s] Level 1:colcon.colcon_core.package_identification:_identify(src/install/first_interfaces) by extension 'colcon_meta'
[1.098s] Level 1:colcon.colcon_core.package_identification:_identify(src/install/first_interfaces) by extensions ['ros']
[1.098s] Level 1:colcon.colcon_core.package_identification:_identify(src/install/first_interfaces) by extension 'ros'
[1.098s] Level 1:colcon.colcon_core.package_identification:_identify(src/install/first_interfaces) by extensions ['cmake', 'python']
[1.098s] Level 1:colcon.colcon_core.package_identification:_identify(src/install/first_interfaces) by extension 'cmake'
[1.098s] Level 1:colcon.colcon_core.package_identification:_identify(src/install/first_interfaces) by extension 'python'
[1.098s] Level 1:colcon.colcon_core.package_identification:_identify(src/install/first_interfaces) by extensions ['python_setup_py']
[1.098s] Level 1:colcon.colcon_core.package_identification:_identify(src/install/first_interfaces) by extension 'python_setup_py'
[1.098s] Level 1:colcon.colcon_core.package_identification:_identify(src/install/first_interfaces/include) by extensions ['ignore', 'ignore_ament_install']
[1.098s] Level 1:colcon.colcon_core.package_identification:_identify(src/install/first_interfaces/include) by extension 'ignore'
[1.098s] Level 1:colcon.colcon_core.package_identification:_identify(src/install/first_interfaces/include) by extension 'ignore_ament_install'
[1.098s] Level 1:colcon.colcon_core.package_identification:_identify(src/install/first_interfaces/include) by extensions ['colcon_pkg']
[1.098s] Level 1:colcon.colcon_core.package_identification:_identify(src/install/first_interfaces/include) by extension 'colcon_pkg'
[1.098s] Level 1:colcon.colcon_core.package_identification:_identify(src/install/first_interfaces/include) by extensions ['colcon_meta']
[1.098s] Level 1:colcon.colcon_core.package_identification:_identify(src/install/first_interfaces/include) by extension 'colcon_meta'
[1.098s] Level 1:colcon.colcon_core.package_identification:_identify(src/install/first_interfaces/include) by extensions ['ros']
[1.098s] Level 1:colcon.colcon_core.package_identification:_identify(src/install/first_interfaces/include) by extension 'ros'
[1.099s] Level 1:colcon.colcon_core.package_identification:_identify(src/install/first_interfaces/include) by extensions ['cmake', 'python']
[1.099s] Level 1:colcon.colcon_core.package_identification:_identify(src/install/first_interfaces/include) by extension 'cmake'
[1.099s] Level 1:colcon.colcon_core.package_identification:_identify(src/install/first_interfaces/include) by extension 'python'
[1.099s] Level 1:colcon.colcon_core.package_identification:_identify(src/install/first_interfaces/include) by extensions ['python_setup_py']
[1.099s] Level 1:colcon.colcon_core.package_identification:_identify(src/install/first_interfaces/include) by extension 'python_setup_py'
[1.099s] Level 1:colcon.colcon_core.package_identification:_identify(src/install/first_interfaces/include/first_interfaces) by extensions ['ignore', 'ignore_ament_install']
[1.099s] Level 1:colcon.colcon_core.package_identification:_identify(src/install/first_interfaces/include/first_interfaces) by extension 'ignore'
[1.099s] Level 1:colcon.colcon_core.package_identification:_identify(src/install/first_interfaces/include/first_interfaces) by extension 'ignore_ament_install'
[1.099s] Level 1:colcon.colcon_core.package_identification:_identify(src/install/first_interfaces/include/first_interfaces) by extensions ['colcon_pkg']
[1.099s] Level 1:colcon.colcon_core.package_identification:_identify(src/install/first_interfaces/include/first_interfaces) by extension 'colcon_pkg'
[1.099s] Level 1:colcon.colcon_core.package_identification:_identify(src/install/first_interfaces/include/first_interfaces) by extensions ['colcon_meta']
[1.099s] Level 1:colcon.colcon_core.package_identification:_identify(src/install/first_interfaces/include/first_interfaces) by extension 'colcon_meta'
[1.099s] Level 1:colcon.colcon_core.package_identification:_identify(src/install/first_interfaces/include/first_interfaces) by extensions ['ros']
[1.099s] Level 1:colcon.colcon_core.package_identification:_identify(src/install/first_interfaces/include/first_interfaces) by extension 'ros'
[1.099s] Level 1:colcon.colcon_core.package_identification:_identify(src/install/first_interfaces/include/first_interfaces) by extensions ['cmake', 'python']
[1.099s] Level 1:colcon.colcon_core.package_identification:_identify(src/install/first_interfaces/include/first_interfaces) by extension 'cmake'
[1.100s] Level 1:colcon.colcon_core.package_identification:_identify(src/install/first_interfaces/include/first_interfaces) by extension 'python'
[1.100s] Level 1:colcon.colcon_core.package_identification:_identify(src/install/first_interfaces/include/first_interfaces) by extensions ['python_setup_py']
[1.100s] Level 1:colcon.colcon_core.package_identification:_identify(src/install/first_interfaces/include/first_interfaces) by extension 'python_setup_py'
[1.100s] Level 1:colcon.colcon_core.package_identification:_identify(src/install/first_interfaces/include/first_interfaces/msg) by extensions ['ignore', 'ignore_ament_install']
[1.100s] Level 1:colcon.colcon_core.package_identification:_identify(src/install/first_interfaces/include/first_interfaces/msg) by extension 'ignore'
[1.100s] Level 1:colcon.colcon_core.package_identification:_identify(src/install/first_interfaces/include/first_interfaces/msg) by extension 'ignore_ament_install'
[1.100s] Level 1:colcon.colcon_core.package_identification:_identify(src/install/first_interfaces/include/first_interfaces/msg) by extensions ['colcon_pkg']
[1.100s] Level 1:colcon.colcon_core.package_identification:_identify(src/install/first_interfaces/include/first_interfaces/msg) by extension 'colcon_pkg'
[1.100s] Level 1:colcon.colcon_core.package_identification:_identify(src/install/first_interfaces/include/first_interfaces/msg) by extensions ['colcon_meta']
[1.100s] Level 1:colcon.colcon_core.package_identification:_identify(src/install/first_interfaces/include/first_interfaces/msg) by extension 'colcon_meta'
[1.100s] Level 1:colcon.colcon_core.package_identification:_identify(src/install/first_interfaces/include/first_interfaces/msg) by extensions ['ros']
[1.100s] Level 1:colcon.colcon_core.package_identification:_identify(src/install/first_interfaces/include/first_interfaces/msg) by extension 'ros'
[1.101s] Level 1:colcon.colcon_core.package_identification:_identify(src/install/first_interfaces/include/first_interfaces/msg) by extensions ['cmake', 'python']
[1.101s] Level 1:colcon.colcon_core.package_identification:_identify(src/install/first_interfaces/include/first_interfaces/msg) by extension 'cmake'
[1.101s] Level 1:colcon.colcon_core.package_identification:_identify(src/install/first_interfaces/include/first_interfaces/msg) by extension 'python'
[1.101s] Level 1:colcon.colcon_core.package_identification:_identify(src/install/first_interfaces/include/first_interfaces/msg) by extensions ['python_setup_py']
[1.101s] Level 1:colcon.colcon_core.package_identification:_identify(src/install/first_interfaces/include/first_interfaces/msg) by extension 'python_setup_py'
[1.101s] Level 1:colcon.colcon_core.package_identification:_identify(src/install/first_interfaces/include/first_interfaces/msg/detail) by extensions ['ignore', 'ignore_ament_install']
[1.101s] Level 1:colcon.colcon_core.package_identification:_identify(src/install/first_interfaces/include/first_interfaces/msg/detail) by extension 'ignore'
[1.101s] Level 1:colcon.colcon_core.package_identification:_identify(src/install/first_interfaces/include/first_interfaces/msg/detail) by extension 'ignore_ament_install'
[1.101s] Level 1:colcon.colcon_core.package_identification:_identify(src/install/first_interfaces/include/first_interfaces/msg/detail) by extensions ['colcon_pkg']
[1.101s] Level 1:colcon.colcon_core.package_identification:_identify(src/install/first_interfaces/include/first_interfaces/msg/detail) by extension 'colcon_pkg'
[1.101s] Level 1:colcon.colcon_core.package_identification:_identify(src/install/first_interfaces/include/first_interfaces/msg/detail) by extensions ['colcon_meta']
[1.101s] Level 1:colcon.colcon_core.package_identification:_identify(src/install/first_interfaces/include/first_interfaces/msg/detail) by extension 'colcon_meta'
[1.101s] Level 1:colcon.colcon_core.package_identification:_identify(src/install/first_interfaces/include/first_interfaces/msg/detail) by extensions ['ros']
[1.101s] Level 1:colcon.colcon_core.package_identification:_identify(src/install/first_interfaces/include/first_interfaces/msg/detail) by extension 'ros'
[1.101s] Level 1:colcon.colcon_core.package_identification:_identify(src/install/first_interfaces/include/first_interfaces/msg/detail) by extensions ['cmake', 'python']
[1.101s] Level 1:colcon.colcon_core.package_identification:_identify(src/install/first_interfaces/include/first_interfaces/msg/detail) by extension 'cmake'
[1.102s] Level 1:colcon.colcon_core.package_identification:_identify(src/install/first_interfaces/include/first_interfaces/msg/detail) by extension 'python'
[1.102s] Level 1:colcon.colcon_core.package_identification:_identify(src/install/first_interfaces/include/first_interfaces/msg/detail) by extensions ['python_setup_py']
[1.102s] Level 1:colcon.colcon_core.package_identification:_identify(src/install/first_interfaces/include/first_interfaces/msg/detail) by extension 'python_setup_py'
[1.102s] Level 1:colcon.colcon_core.package_identification:_identify(src/install/first_interfaces/include/first_interfaces/msg/detail/dds_fastrtps) by extensions ['ignore', 'ignore_ament_install']
[1.102s] Level 1:colcon.colcon_core.package_identification:_identify(src/install/first_interfaces/include/first_interfaces/msg/detail/dds_fastrtps) by extension 'ignore'
[1.102s] Level 1:colcon.colcon_core.package_identification:_identify(src/install/first_interfaces/include/first_interfaces/msg/detail/dds_fastrtps) by extension 'ignore_ament_install'
[1.102s] Level 1:colcon.colcon_core.package_identification:_identify(src/install/first_interfaces/include/first_interfaces/msg/detail/dds_fastrtps) by extensions ['colcon_pkg']
[1.102s] Level 1:colcon.colcon_core.package_identification:_identify(src/install/first_interfaces/include/first_interfaces/msg/detail/dds_fastrtps) by extension 'colcon_pkg'
[1.102s] Level 1:colcon.colcon_core.package_identification:_identify(src/install/first_interfaces/include/first_interfaces/msg/detail/dds_fastrtps) by extensions ['colcon_meta']
[1.102s] Level 1:colcon.colcon_core.package_identification:_identify(src/install/first_interfaces/include/first_interfaces/msg/detail/dds_fastrtps) by extension 'colcon_meta'
[1.102s] Level 1:colcon.colcon_core.package_identification:_identify(src/install/first_interfaces/include/first_interfaces/msg/detail/dds_fastrtps) by extensions ['ros']
[1.103s] Level 1:colcon.colcon_core.package_identification:_identify(src/install/first_interfaces/include/first_interfaces/msg/detail/dds_fastrtps) by extension 'ros'
[1.103s] Level 1:colcon.colcon_core.package_identification:_identify(src/install/first_interfaces/include/first_interfaces/msg/detail/dds_fastrtps) by extensions ['cmake', 'python']
[1.103s] Level 1:colcon.colcon_core.package_identification:_identify(src/install/first_interfaces/include/first_interfaces/msg/detail/dds_fastrtps) by extension 'cmake'
[1.103s] Level 1:colcon.colcon_core.package_identification:_identify(src/install/first_interfaces/include/first_interfaces/msg/detail/dds_fastrtps) by extension 'python'
[1.103s] Level 1:colcon.colcon_core.package_identification:_identify(src/install/first_interfaces/include/first_interfaces/msg/detail/dds_fastrtps) by extensions ['python_setup_py']
[1.103s] Level 1:colcon.colcon_core.package_identification:_identify(src/install/first_interfaces/include/first_interfaces/msg/detail/dds_fastrtps) by extension 'python_setup_py'
[1.103s] Level 1:colcon.colcon_core.package_identification:_identify(src/stm_station) by extensions ['ignore', 'ignore_ament_install']
[1.103s] Level 1:colcon.colcon_core.package_identification:_identify(src/stm_station) by extension 'ignore'
[1.103s] Level 1:colcon.colcon_core.package_identification:_identify(src/stm_station) by extension 'ignore_ament_install'
[1.104s] Level 1:colcon.colcon_core.package_identification:_identify(src/stm_station) by extensions ['colcon_pkg']
[1.104s] Level 1:colcon.colcon_core.package_identification:_identify(src/stm_station) by extension 'colcon_pkg'
[1.104s] Level 1:colcon.colcon_core.package_identification:_identify(src/stm_station) by extensions ['colcon_meta']
[1.104s] Level 1:colcon.colcon_core.package_identification:_identify(src/stm_station) by extension 'colcon_meta'
[1.104s] Level 1:colcon.colcon_core.package_identification:_identify(src/stm_station) by extensions ['ros']
[1.104s] Level 1:colcon.colcon_core.package_identification:_identify(src/stm_station) by extension 'ros'
[1.106s] DEBUG:colcon.colcon_core.package_identification:Package 'src/stm_station' with type 'ros.ament_python' and name 'stm_station'
[1.106s] Level 1:colcon.colcon_core.package_discovery:discover_packages(recursive) using defaults
[1.106s] Level 1:colcon.colcon_core.package_discovery:discover_packages(ignore) discover
[1.106s] Level 1:colcon.colcon_core.package_discovery:discover_packages(ignore) using defaults
[1.106s] Level 1:colcon.colcon_core.package_discovery:discover_packages(path) discover
[1.106s] Level 1:colcon.colcon_core.package_discovery:discover_packages(path) using defaults
[1.159s] Level 1:colcon.colcon_core.package_discovery:discover_packages(prefix_path) check parameters
[1.159s] Level 1:colcon.colcon_core.package_discovery:discover_packages(prefix_path) discover
[1.171s] DEBUG:colcon.colcon_installed_package_information.package_discovery:Found 2 installed packages in /home/athens/ros2_athens_ws/install
[1.172s] DEBUG:colcon.colcon_installed_package_information.package_discovery:Found 6 installed packages in /home/athens/ros2_ws/install
[1.173s] DEBUG:colcon.colcon_installed_package_information.package_discovery:Found 256 installed packages in /opt/ros/foxy
[1.176s] Level 1:colcon.colcon_core.package_discovery:discover_packages(prefix_path) using defaults
[1.372s] Level 5:colcon.colcon_core.verb:set package 'first_package' build argument 'cmake_args' from command line to 'None'
[1.372s] Level 5:colcon.colcon_core.verb:set package 'first_package' build argument 'cmake_target' from command line to 'None'
[1.372s] Level 5:colcon.colcon_core.verb:set package 'first_package' build argument 'cmake_target_skip_unavailable' from command line to 'False'
[1.372s] Level 5:colcon.colcon_core.verb:set package 'first_package' build argument 'cmake_clean_cache' from command line to 'False'
[1.373s] Level 5:colcon.colcon_core.verb:set package 'first_package' build argument 'cmake_clean_first' from command line to 'False'
[1.373s] Level 5:colcon.colcon_core.verb:set package 'first_package' build argument 'cmake_force_configure' from command line to 'False'
[1.373s] Level 5:colcon.colcon_core.verb:set package 'first_package' build argument 'ament_cmake_args' from command line to 'None'
[1.373s] Level 5:colcon.colcon_core.verb:set package 'first_package' build argument 'catkin_cmake_args' from command line to 'None'
[1.373s] Level 5:colcon.colcon_core.verb:set package 'first_package' build argument 'catkin_skip_building_tests' from command line to 'False'
[1.373s] DEBUG:colcon.colcon_core.verb:Building package 'first_package' with the following arguments: {'ament_cmake_args': None, 'build_base': '/home/athens/ros2_athens_ws/build/first_package', 'catkin_cmake_args': None, 'catkin_skip_building_tests': False, 'cmake_args': None, 'cmake_clean_cache': False, 'cmake_clean_first': False, 'cmake_force_configure': False, 'cmake_target': None, 'cmake_target_skip_unavailable': False, 'install_base': '/home/athens/ros2_athens_ws/install/first_package', 'merge_install': False, 'path': '/home/athens/ros2_athens_ws/src/first_package', 'symlink_install': False, 'test_result_base': None}
[1.373s] Level 5:colcon.colcon_core.verb:set package 'stm_station' build argument 'cmake_args' from command line to 'None'
[1.374s] Level 5:colcon.colcon_core.verb:set package 'stm_station' build argument 'cmake_target' from command line to 'None'
[1.374s] Level 5:colcon.colcon_core.verb:set package 'stm_station' build argument 'cmake_target_skip_unavailable' from command line to 'False'
[1.375s] Level 5:colcon.colcon_core.verb:set package 'stm_station' build argument 'cmake_clean_cache' from command line to 'False'
[1.375s] Level 5:colcon.colcon_core.verb:set package 'stm_station' build argument 'cmake_clean_first' from command line to 'False'
[1.375s] Level 5:colcon.colcon_core.verb:set package 'stm_station' build argument 'cmake_force_configure' from command line to 'False'
[1.375s] Level 5:colcon.colcon_core.verb:set package 'stm_station' build argument 'ament_cmake_args' from command line to 'None'
[1.375s] Level 5:colcon.colcon_core.verb:set package 'stm_station' build argument 'catkin_cmake_args' from command line to 'None'
[1.375s] Level 5:colcon.colcon_core.verb:set package 'stm_station' build argument 'catkin_skip_building_tests' from command line to 'False'
[1.375s] DEBUG:colcon.colcon_core.verb:Building package 'stm_station' with the following arguments: {'ament_cmake_args': None, 'build_base': '/home/athens/ros2_athens_ws/build/stm_station', 'catkin_cmake_args': None, 'catkin_skip_building_tests': False, 'cmake_args': None, 'cmake_clean_cache': False, 'cmake_clean_first': False, 'cmake_force_configure': False, 'cmake_target': None, 'cmake_target_skip_unavailable': False, 'install_base': '/home/athens/ros2_athens_ws/install/stm_station', 'merge_install': False, 'path': '/home/athens/ros2_athens_ws/src/stm_station', 'symlink_install': False, 'test_result_base': None}
[1.375s] INFO:colcon.colcon_core.executor:Executing jobs using 'parallel' executor
[1.377s] DEBUG:colcon.colcon_parallel_executor.executor.parallel:run_until_complete
[1.378s] INFO:colcon.colcon_ros.task.ament_python.build:Building ROS package in '/home/athens/ros2_athens_ws/src/first_package' with build type 'ament_python'
[1.378s] Level 1:colcon.colcon_core.shell:create_environment_hook('first_package', 'ament_prefix_path')
[1.395s] INFO:colcon.colcon_core.plugin_system:Skipping extension 'colcon_core.shell.bat': Not used on non-Windows systems
[1.395s] INFO:colcon.colcon_core.shell:Creating environment hook '/home/athens/ros2_athens_ws/install/first_package/share/first_package/hook/ament_prefix_path.ps1'
[1.397s] INFO:colcon.colcon_core.shell:Creating environment descriptor '/home/athens/ros2_athens_ws/install/first_package/share/first_package/hook/ament_prefix_path.dsv'
[1.399s] INFO:colcon.colcon_core.shell:Creating environment hook '/home/athens/ros2_athens_ws/install/first_package/share/first_package/hook/ament_prefix_path.sh'
[1.402s] INFO:colcon.colcon_core.shell:Skip shell extension 'powershell' for command environment: Not usable outside of PowerShell
[1.402s] DEBUG:colcon.colcon_core.shell:Skip shell extension 'dsv' for command environment
[1.411s] INFO:colcon.colcon_ros.task.ament_python.build:Building ROS package in '/home/athens/ros2_athens_ws/src/stm_station' with build type 'ament_python'
[1.412s] Level 1:colcon.colcon_core.shell:create_environment_hook('stm_station', 'ament_prefix_path')
[1.412s] INFO:colcon.colcon_core.shell:Creating environment hook '/home/athens/ros2_athens_ws/install/stm_station/share/stm_station/hook/ament_prefix_path.ps1'
[1.421s] INFO:colcon.colcon_core.shell:Creating environment descriptor '/home/athens/ros2_athens_ws/install/stm_station/share/stm_station/hook/ament_prefix_path.dsv'
[1.422s] INFO:colcon.colcon_core.shell:Creating environment hook '/home/athens/ros2_athens_ws/install/stm_station/share/stm_station/hook/ament_prefix_path.sh'
[1.424s] INFO:colcon.colcon_core.shell:Skip shell extension 'powershell' for command environment: Not usable outside of PowerShell
[1.424s] DEBUG:colcon.colcon_core.shell:Skip shell extension 'dsv' for command environment
[1.686s] INFO:colcon.colcon_core.task.python.build:Building Python package in '/home/athens/ros2_athens_ws/src/first_package'
[1.687s] INFO:colcon.colcon_core.shell:Skip shell extension 'powershell' for command environment: Not usable outside of PowerShell
[1.687s] DEBUG:colcon.colcon_core.shell:Skip shell extension 'dsv' for command environment
[1.964s] INFO:colcon.colcon_core.task.python.build:Building Python package in '/home/athens/ros2_athens_ws/src/stm_station'
[1.964s] INFO:colcon.colcon_core.shell:Skip shell extension 'powershell' for command environment: Not usable outside of PowerShell
[1.965s] DEBUG:colcon.colcon_core.shell:Skip shell extension 'dsv' for command environment
[2.759s] DEBUG:colcon.colcon_core.event_handler.log_command:Invoking command in '/home/athens/ros2_athens_ws/src/first_package': PYTHONPATH=/home/athens/ros2_athens_ws/build/first_package/prefix_override:/usr/lib/python3/dist-packages/colcon_core/task/python/colcon_distutils_commands:/home/athens/ros2_athens_ws/install/first_package/lib/python3.8/site-packages:${PYTHONPATH} /usr/bin/python3 -W ignore:setup.py install is deprecated setup.py egg_info --egg-base ../../build/first_package build --build-base /home/athens/ros2_athens_ws/build/first_package/build install --record /home/athens/ros2_athens_ws/build/first_package/install.log --install-scripts $base/lib/first_package --single-version-externally-managed install_data
[2.804s] DEBUG:colcon.colcon_core.event_handler.log_command:Invoking command in '/home/athens/ros2_athens_ws/src/stm_station': PYTHONPATH=/home/athens/ros2_athens_ws/build/stm_station/prefix_override:/usr/lib/python3/dist-packages/colcon_core/task/python/colcon_distutils_commands:/home/athens/ros2_athens_ws/install/stm_station/lib/python3.8/site-packages:${PYTHONPATH} /usr/bin/python3 -W ignore:setup.py install is deprecated setup.py egg_info --egg-base ../../build/stm_station build --build-base /home/athens/ros2_athens_ws/build/stm_station/build install --record /home/athens/ros2_athens_ws/build/stm_station/install.log --install-scripts $base/lib/stm_station --single-version-externally-managed install_data
[3.118s] DEBUG:colcon.colcon_core.event_handler.log_command:Invoked command in '/home/athens/ros2_athens_ws/src/first_package' returned '0': PYTHONPATH=/home/athens/ros2_athens_ws/build/first_package/prefix_override:/usr/lib/python3/dist-packages/colcon_core/task/python/colcon_distutils_commands:/home/athens/ros2_athens_ws/install/first_package/lib/python3.8/site-packages:${PYTHONPATH} /usr/bin/python3 -W ignore:setup.py install is deprecated setup.py egg_info --egg-base ../../build/first_package build --build-base /home/athens/ros2_athens_ws/build/first_package/build install --record /home/athens/ros2_athens_ws/build/first_package/install.log --install-scripts $base/lib/first_package --single-version-externally-managed install_data
[3.133s] Level 1:colcon.colcon_core.environment:checking '/home/athens/ros2_athens_ws/install/first_package' for CMake module files
[3.134s] Level 1:colcon.colcon_core.environment:checking '/home/athens/ros2_athens_ws/install/first_package' for CMake config files
[3.136s] Level 1:colcon.colcon_core.environment:checking '/home/athens/ros2_athens_ws/install/first_package/lib'
[3.137s] Level 1:colcon.colcon_core.environment:checking '/home/athens/ros2_athens_ws/install/first_package/bin'
[3.137s] Level 1:colcon.colcon_core.environment:checking '/home/athens/ros2_athens_ws/install/first_package/lib/pkgconfig/first_package.pc'
[3.137s] Level 1:colcon.colcon_core.environment:checking '/home/athens/ros2_athens_ws/install/first_package/lib/python3.8/site-packages'
[3.138s] Level 1:colcon.colcon_core.shell:create_environment_hook('first_package', 'pythonpath')
[3.138s] INFO:colcon.colcon_core.shell:Creating environment hook '/home/athens/ros2_athens_ws/install/first_package/share/first_package/hook/pythonpath.ps1'
[3.140s] INFO:colcon.colcon_core.shell:Creating environment descriptor '/home/athens/ros2_athens_ws/install/first_package/share/first_package/hook/pythonpath.dsv'
[3.142s] INFO:colcon.colcon_core.shell:Creating environment hook '/home/athens/ros2_athens_ws/install/first_package/share/first_package/hook/pythonpath.sh'
[3.144s] Level 1:colcon.colcon_core.environment:checking '/home/athens/ros2_athens_ws/install/first_package/bin'
[3.144s] Level 1:colcon.colcon_core.environment:create_environment_scripts_only(first_package)
[3.144s] INFO:colcon.colcon_core.shell:Creating package script '/home/athens/ros2_athens_ws/install/first_package/share/first_package/package.ps1'
[3.148s] INFO:colcon.colcon_core.shell:Creating package descriptor '/home/athens/ros2_athens_ws/install/first_package/share/first_package/package.dsv'
[3.149s] INFO:colcon.colcon_core.shell:Creating package script '/home/athens/ros2_athens_ws/install/first_package/share/first_package/package.sh'
[3.152s] INFO:colcon.colcon_core.shell:Creating package script '/home/athens/ros2_athens_ws/install/first_package/share/first_package/package.bash'
[3.155s] INFO:colcon.colcon_core.shell:Creating package script '/home/athens/ros2_athens_ws/install/first_package/share/first_package/package.zsh'
[3.158s] Level 1:colcon.colcon_core.environment:create_file_with_runtime_dependencies(/home/athens/ros2_athens_ws/install/first_package/share/colcon-core/packages/first_package)
[3.162s] Level 1:colcon.colcon_core.environment:checking '/home/athens/ros2_athens_ws/install/stm_station' for CMake module files
[3.163s] DEBUG:colcon.colcon_core.event_handler.log_command:Invoked command in '/home/athens/ros2_athens_ws/src/stm_station' returned '0': PYTHONPATH=/home/athens/ros2_athens_ws/build/stm_station/prefix_override:/usr/lib/python3/dist-packages/colcon_core/task/python/colcon_distutils_commands:/home/athens/ros2_athens_ws/install/stm_station/lib/python3.8/site-packages:${PYTHONPATH} /usr/bin/python3 -W ignore:setup.py install is deprecated setup.py egg_info --egg-base ../../build/stm_station build --build-base /home/athens/ros2_athens_ws/build/stm_station/build install --record /home/athens/ros2_athens_ws/build/stm_station/install.log --install-scripts $base/lib/stm_station --single-version-externally-managed install_data
[3.164s] Level 1:colcon.colcon_core.environment:checking '/home/athens/ros2_athens_ws/install/stm_station' for CMake config files
[3.165s] Level 1:colcon.colcon_core.environment:checking '/home/athens/ros2_athens_ws/install/stm_station/lib'
[3.165s] Level 1:colcon.colcon_core.environment:checking '/home/athens/ros2_athens_ws/install/stm_station/bin'
[3.165s] Level 1:colcon.colcon_core.environment:checking '/home/athens/ros2_athens_ws/install/stm_station/lib/pkgconfig/stm_station.pc'
[3.165s] Level 1:colcon.colcon_core.environment:checking '/home/athens/ros2_athens_ws/install/stm_station/lib/python3.8/site-packages'
[3.165s] Level 1:colcon.colcon_core.shell:create_environment_hook('stm_station', 'pythonpath')
[3.166s] INFO:colcon.colcon_core.shell:Creating environment hook '/home/athens/ros2_athens_ws/install/stm_station/share/stm_station/hook/pythonpath.ps1'
[3.167s] INFO:colcon.colcon_core.shell:Creating environment descriptor '/home/athens/ros2_athens_ws/install/stm_station/share/stm_station/hook/pythonpath.dsv'
[3.168s] INFO:colcon.colcon_core.shell:Creating environment hook '/home/athens/ros2_athens_ws/install/stm_station/share/stm_station/hook/pythonpath.sh'
[3.169s] Level 1:colcon.colcon_core.environment:checking '/home/athens/ros2_athens_ws/install/stm_station/bin'
[3.170s] Level 1:colcon.colcon_core.environment:create_environment_scripts_only(stm_station)
[3.170s] INFO:colcon.colcon_core.shell:Creating package script '/home/athens/ros2_athens_ws/install/stm_station/share/stm_station/package.ps1'
[3.171s] INFO:colcon.colcon_core.shell:Creating package descriptor '/home/athens/ros2_athens_ws/install/stm_station/share/stm_station/package.dsv'
[3.173s] INFO:colcon.colcon_core.shell:Creating package script '/home/athens/ros2_athens_ws/install/stm_station/share/stm_station/package.sh'
[3.175s] INFO:colcon.colcon_core.shell:Creating package script '/home/athens/ros2_athens_ws/install/stm_station/share/stm_station/package.bash'
[3.178s] INFO:colcon.colcon_core.shell:Creating package script '/home/athens/ros2_athens_ws/install/stm_station/share/stm_station/package.zsh'
[3.181s] Level 1:colcon.colcon_core.environment:create_file_with_runtime_dependencies(/home/athens/ros2_athens_ws/install/stm_station/share/colcon-core/packages/stm_station)
[3.184s] DEBUG:colcon.colcon_parallel_executor.executor.parallel:closing loop
[3.189s] DEBUG:colcon.colcon_parallel_executor.executor.parallel:loop closed
[3.190s] DEBUG:colcon.colcon_parallel_executor.executor.parallel:run_until_complete finished with '0'
[3.191s] DEBUG:colcon.colcon_core.event_reactor:joining thread
[3.241s] INFO:colcon.colcon_core.plugin_system:Skipping extension 'colcon_notification.desktop_notification.terminal_notifier': Not used on non-Darwin systems
[3.241s] INFO:colcon.colcon_core.plugin_system:Skipping extension 'colcon_notification.desktop_notification.win32': Not used on non-Windows systems
[3.241s] INFO:colcon.colcon_notification.desktop_notification:Sending desktop notification using 'notify2'
[3.280s] DEBUG:colcon.colcon_core.event_reactor:joined thread
[3.281s] INFO:colcon.colcon_core.shell:Creating prefix script '/home/athens/ros2_athens_ws/install/local_setup.ps1'
[3.283s] INFO:colcon.colcon_core.shell:Creating prefix util module '/home/athens/ros2_athens_ws/install/_local_setup_util_ps1.py'
[3.286s] INFO:colcon.colcon_core.shell:Creating prefix chain script '/home/athens/ros2_athens_ws/install/setup.ps1'
[3.289s] INFO:colcon.colcon_core.shell:Creating prefix script '/home/athens/ros2_athens_ws/install/local_setup.sh'
[3.291s] INFO:colcon.colcon_core.shell:Creating prefix util module '/home/athens/ros2_athens_ws/install/_local_setup_util_sh.py'
[3.292s] INFO:colcon.colcon_core.shell:Creating prefix chain script '/home/athens/ros2_athens_ws/install/setup.sh'
[3.296s] INFO:colcon.colcon_core.shell:Creating prefix script '/home/athens/ros2_athens_ws/install/local_setup.bash'
[3.298s] INFO:colcon.colcon_core.shell:Creating prefix chain script '/home/athens/ros2_athens_ws/install/setup.bash'
[3.301s] INFO:colcon.colcon_core.shell:Creating prefix script '/home/athens/ros2_athens_ws/install/local_setup.zsh'
[3.306s] INFO:colcon.colcon_core.shell:Creating prefix chain script '/home/athens/ros2_athens_ws/install/setup.zsh'
