[1.217s] Invoking command in '/home/athens/ros2_athens_ws/src/first_package': PYTHONPATH=/home/athens/ros2_athens_ws/build/first_package/prefix_override:/usr/lib/python3/dist-packages/colcon_core/task/python/colcon_distutils_commands:/home/athens/ros2_athens_ws/install/first_package/lib/python3.8/site-packages:${PYTHONPATH} /usr/bin/python3 -W ignore:setup.py install is deprecated setup.py egg_info --egg-base ../../build/first_package build --build-base /home/athens/ros2_athens_ws/build/first_package/build install --record /home/athens/ros2_athens_ws/build/first_package/install.log --install-scripts $base/lib/first_package --single-version-externally-managed install_data
[1.467s] running egg_info
[1.470s] writing ../../build/first_package/first_package.egg-info/PKG-INFO
[1.482s] writing dependency_links to ../../build/first_package/first_package.egg-info/dependency_links.txt
[1.483s] writing entry points to ../../build/first_package/first_package.egg-info/entry_points.txt
[1.484s] writing requirements to ../../build/first_package/first_package.egg-info/requires.txt
[1.485s] writing top-level names to ../../build/first_package/first_package.egg-info/top_level.txt
[1.552s] reading manifest file '../../build/first_package/first_package.egg-info/SOURCES.txt'
[1.555s] writing manifest file '../../build/first_package/first_package.egg-info/SOURCES.txt'
[1.558s] running build
[1.558s] running build_py
[1.559s] copying first_package/simple_pubsub.py -> /home/athens/ros2_athens_ws/build/first_package/build/lib/first_package
[1.565s] running install
[1.568s] running install_lib
[1.571s] copying /home/athens/ros2_athens_ws/build/first_package/build/lib/first_package/simple_pubsub.py -> /home/athens/ros2_athens_ws/install/first_package/lib/python3.8/site-packages/first_package
[1.573s] byte-compiling /home/athens/ros2_athens_ws/install/first_package/lib/python3.8/site-packages/first_package/simple_pubsub.py to simple_pubsub.cpython-38.pyc
[1.577s] running install_data
[1.577s] running install_egg_info
[1.579s] removing '/home/athens/ros2_athens_ws/install/first_package/lib/python3.8/site-packages/first_package-0.0.0-py3.8.egg-info' (and everything under it)
[1.605s] Copying ../../build/first_package/first_package.egg-info to /home/athens/ros2_athens_ws/install/first_package/lib/python3.8/site-packages/first_package-0.0.0-py3.8.egg-info
[1.612s] running install_scripts
[1.637s] Installing simple_publisher_node script to /home/athens/ros2_athens_ws/install/first_package/lib/first_package
[1.639s] Installing simple_pubsub_node script to /home/athens/ros2_athens_ws/install/first_package/lib/first_package
[1.641s] Installing simple_subscriber_node script to /home/athens/ros2_athens_ws/install/first_package/lib/first_package
[1.643s] Installing test_simple_pubsub_node script to /home/athens/ros2_athens_ws/install/first_package/lib/first_package
[1.644s] writing list of installed files to '/home/athens/ros2_athens_ws/build/first_package/install.log'
[1.670s] Invoked command in '/home/athens/ros2_athens_ws/src/first_package' returned '0': PYTHONPATH=/home/athens/ros2_athens_ws/build/first_package/prefix_override:/usr/lib/python3/dist-packages/colcon_core/task/python/colcon_distutils_commands:/home/athens/ros2_athens_ws/install/first_package/lib/python3.8/site-packages:${PYTHONPATH} /usr/bin/python3 -W ignore:setup.py install is deprecated setup.py egg_info --egg-base ../../build/first_package build --build-base /home/athens/ros2_athens_ws/build/first_package/build install --record /home/athens/ros2_athens_ws/build/first_package/install.log --install-scripts $base/lib/first_package --single-version-externally-managed install_data
