[0.091s] Invoking command in '/home/athens/ros2_athens_ws/build/first_interfaces': CMAKE_PREFIX_PATH=${CMAKE_PREFIX_PATH}:/home/athens/ros2_athens_ws/install/stm_station:/home/athens/ros2_athens_ws/install/first_package:/opt/ros/foxy /usr/bin/cmake --build /home/athens/ros2_athens_ws/build/first_interfaces -- -j4 -l4
[0.267s] [  3%] Built target first_interfaces__cpp
[0.277s] [ 12%] Built target first_interfaces__rosidl_generator_c
[0.369s] [ 25%] Built target first_interfaces__rosidl_typesupport_cpp
[0.370s] [ 32%] Built target first_interfaces__rosidl_typesupport_fastrtps_cpp
[0.380s] [ 41%] Built target first_interfaces__rosidl_typesupport_introspection_cpp
[0.390s] [ 51%] Built target first_interfaces__rosidl_typesupport_introspection_c
[0.438s] [ 61%] Built target first_interfaces__rosidl_typesupport_c
[0.440s] [ 70%] Built target first_interfaces__rosidl_typesupport_fastrtps_c
[0.478s] [ 70%] Built target first_interfaces
[0.510s] [ 74%] Built target first_interfaces__py
[0.549s] [ 80%] Built target first_interfaces__python
[0.595s] [ 87%] Built target first_interfaces__rosidl_typesupport_fastrtps_c__pyext
[0.595s] [100%] Built target first_interfaces__rosidl_typesupport_introspection_c__pyext
[0.597s] [100%] Built target first_interfaces__rosidl_typesupport_c__pyext
[0.626s] Invoked command in '/home/athens/ros2_athens_ws/build/first_interfaces' returned '0': CMAKE_PREFIX_PATH=${CMAKE_PREFIX_PATH}:/home/athens/ros2_athens_ws/install/stm_station:/home/athens/ros2_athens_ws/install/first_package:/opt/ros/foxy /usr/bin/cmake --build /home/athens/ros2_athens_ws/build/first_interfaces -- -j4 -l4
[0.763s] Invoking command in '/home/athens/ros2_athens_ws/build/first_interfaces': CMAKE_PREFIX_PATH=${CMAKE_PREFIX_PATH}:/home/athens/ros2_athens_ws/install/stm_station:/home/athens/ros2_athens_ws/install/first_package:/opt/ros/foxy /usr/bin/cmake --install /home/athens/ros2_athens_ws/build/first_interfaces
[0.776s] -- Install configuration: ""
[0.776s] -- Up-to-date: /home/athens/ros2_athens_ws/install/first_interfaces/share/ament_index/resource_index/rosidl_interfaces/first_interfaces
[0.776s] -- Up-to-date: /home/athens/ros2_athens_ws/install/first_interfaces/include/first_interfaces
[0.776s] -- Up-to-date: /home/athens/ros2_athens_ws/install/first_interfaces/include/first_interfaces/msg
[0.776s] -- Up-to-date: /home/athens/ros2_athens_ws/install/first_interfaces/include/first_interfaces/msg/example_message.h
[0.777s] -- Up-to-date: /home/athens/ros2_athens_ws/install/first_interfaces/include/first_interfaces/msg/detail
[0.777s] -- Up-to-date: /home/athens/ros2_athens_ws/install/first_interfaces/include/first_interfaces/msg/detail/example_message__struct.h
[0.777s] -- Up-to-date: /home/athens/ros2_athens_ws/install/first_interfaces/include/first_interfaces/msg/detail/example_message__type_support.h
[0.780s] -- Up-to-date: /home/athens/ros2_athens_ws/install/first_interfaces/include/first_interfaces/msg/detail/example_message__functions.h
[0.781s] -- Up-to-date: /home/athens/ros2_athens_ws/install/first_interfaces/include/first_interfaces/msg/detail/example_message__functions.c
[0.781s] -- Up-to-date: /home/athens/ros2_athens_ws/install/first_interfaces/include/first_interfaces/msg/rosidl_generator_c__visibility_control.h
[0.781s] -- Up-to-date: /home/athens/ros2_athens_ws/install/first_interfaces/share/first_interfaces/environment/library_path.sh
[0.782s] -- Up-to-date: /home/athens/ros2_athens_ws/install/first_interfaces/share/first_interfaces/environment/library_path.dsv
[0.782s] -- Up-to-date: /home/athens/ros2_athens_ws/install/first_interfaces/lib/libfirst_interfaces__rosidl_generator_c.so
[0.782s] -- Up-to-date: /home/athens/ros2_athens_ws/install/first_interfaces/include/first_interfaces
[0.782s] -- Up-to-date: /home/athens/ros2_athens_ws/install/first_interfaces/include/first_interfaces/msg
[0.784s] -- Up-to-date: /home/athens/ros2_athens_ws/install/first_interfaces/include/first_interfaces/msg/detail
[0.784s] -- Up-to-date: /home/athens/ros2_athens_ws/install/first_interfaces/include/first_interfaces/msg/detail/example_message__rosidl_typesupport_fastrtps_c.h
[0.786s] -- Up-to-date: /home/athens/ros2_athens_ws/install/first_interfaces/include/first_interfaces/msg/rosidl_typesupport_fastrtps_c__visibility_control.h
[0.786s] -- Up-to-date: /home/athens/ros2_athens_ws/install/first_interfaces/lib/libfirst_interfaces__rosidl_typesupport_fastrtps_c.so
[0.786s] -- Up-to-date: /home/athens/ros2_athens_ws/install/first_interfaces/include/first_interfaces
[0.786s] -- Up-to-date: /home/athens/ros2_athens_ws/install/first_interfaces/include/first_interfaces/msg
[0.786s] -- Up-to-date: /home/athens/ros2_athens_ws/install/first_interfaces/include/first_interfaces/msg/detail
[0.786s] -- Up-to-date: /home/athens/ros2_athens_ws/install/first_interfaces/include/first_interfaces/msg/detail/dds_fastrtps
[0.786s] -- Up-to-date: /home/athens/ros2_athens_ws/install/first_interfaces/include/first_interfaces/msg/detail/example_message__rosidl_typesupport_fastrtps_cpp.hpp
[0.787s] -- Up-to-date: /home/athens/ros2_athens_ws/install/first_interfaces/include/first_interfaces/msg/rosidl_typesupport_fastrtps_cpp__visibility_control.h
[0.787s] -- Up-to-date: /home/athens/ros2_athens_ws/install/first_interfaces/lib/libfirst_interfaces__rosidl_typesupport_fastrtps_cpp.so
[0.787s] -- Up-to-date: /home/athens/ros2_athens_ws/install/first_interfaces/include/first_interfaces
[0.787s] -- Up-to-date: /home/athens/ros2_athens_ws/install/first_interfaces/include/first_interfaces/msg
[0.787s] -- Up-to-date: /home/athens/ros2_athens_ws/install/first_interfaces/include/first_interfaces/msg/detail
[0.790s] -- Up-to-date: /home/athens/ros2_athens_ws/install/first_interfaces/include/first_interfaces/msg/detail/example_message__type_support.c
[0.790s] -- Up-to-date: /home/athens/ros2_athens_ws/install/first_interfaces/include/first_interfaces/msg/detail/example_message__rosidl_typesupport_introspection_c.h
[0.790s] -- Up-to-date: /home/athens/ros2_athens_ws/install/first_interfaces/include/first_interfaces/msg/rosidl_typesupport_introspection_c__visibility_control.h
[0.791s] -- Up-to-date: /home/athens/ros2_athens_ws/install/first_interfaces/lib/libfirst_interfaces__rosidl_typesupport_introspection_c.so
[0.791s] -- Up-to-date: /home/athens/ros2_athens_ws/install/first_interfaces/lib/libfirst_interfaces__rosidl_typesupport_c.so
[0.791s] -- Up-to-date: /home/athens/ros2_athens_ws/install/first_interfaces/include/first_interfaces
[0.791s] -- Up-to-date: /home/athens/ros2_athens_ws/install/first_interfaces/include/first_interfaces/msg
[0.791s] -- Up-to-date: /home/athens/ros2_athens_ws/install/first_interfaces/include/first_interfaces/msg/detail
[0.791s] -- Up-to-date: /home/athens/ros2_athens_ws/install/first_interfaces/include/first_interfaces/msg/detail/example_message__type_support.hpp
[0.792s] -- Up-to-date: /home/athens/ros2_athens_ws/install/first_interfaces/include/first_interfaces/msg/detail/example_message__traits.hpp
[0.793s] -- Up-to-date: /home/athens/ros2_athens_ws/install/first_interfaces/include/first_interfaces/msg/detail/example_message__struct.hpp
[0.793s] -- Up-to-date: /home/athens/ros2_athens_ws/install/first_interfaces/include/first_interfaces/msg/detail/example_message__builder.hpp
[0.793s] -- Up-to-date: /home/athens/ros2_athens_ws/install/first_interfaces/include/first_interfaces/msg/rosidl_generator_cpp__visibility_control.hpp
[0.793s] -- Up-to-date: /home/athens/ros2_athens_ws/install/first_interfaces/include/first_interfaces/msg/example_message.hpp
[0.793s] -- Up-to-date: /home/athens/ros2_athens_ws/install/first_interfaces/include/first_interfaces
[0.794s] -- Up-to-date: /home/athens/ros2_athens_ws/install/first_interfaces/include/first_interfaces/msg
[0.794s] -- Up-to-date: /home/athens/ros2_athens_ws/install/first_interfaces/include/first_interfaces/msg/detail
[0.794s] -- Up-to-date: /home/athens/ros2_athens_ws/install/first_interfaces/include/first_interfaces/msg/detail/example_message__rosidl_typesupport_introspection_cpp.hpp
[0.794s] -- Up-to-date: /home/athens/ros2_athens_ws/install/first_interfaces/include/first_interfaces/msg/detail/example_message__type_support.cpp
[0.794s] -- Up-to-date: /home/athens/ros2_athens_ws/install/first_interfaces/lib/libfirst_interfaces__rosidl_typesupport_introspection_cpp.so
[0.794s] -- Up-to-date: /home/athens/ros2_athens_ws/install/first_interfaces/lib/libfirst_interfaces__rosidl_typesupport_cpp.so
[0.794s] -- Up-to-date: /home/athens/ros2_athens_ws/install/first_interfaces/share/first_interfaces/environment/pythonpath.sh
[0.794s] -- Up-to-date: /home/athens/ros2_athens_ws/install/first_interfaces/share/first_interfaces/environment/pythonpath.dsv
[0.794s] -- Up-to-date: /home/athens/ros2_athens_ws/install/first_interfaces/lib/python3.8/site-packages/first_interfaces/__init__.py
[0.830s] -- Up-to-date: /home/athens/ros2_athens_ws/install/first_interfaces/lib/python3.8/site-packages/first_interfaces/msg
[0.830s] -- Up-to-date: /home/athens/ros2_athens_ws/install/first_interfaces/lib/python3.8/site-packages/first_interfaces/msg/_example_message_s.c
[0.830s] -- Up-to-date: /home/athens/ros2_athens_ws/install/first_interfaces/lib/python3.8/site-packages/first_interfaces/msg/_example_message.py
[0.831s] -- Up-to-date: /home/athens/ros2_athens_ws/install/first_interfaces/lib/python3.8/site-packages/first_interfaces/msg/__init__.py
[0.831s] -- Up-to-date: /home/athens/ros2_athens_ws/install/first_interfaces/lib/python3.8/site-packages/first_interfaces/first_interfaces_s__rosidl_typesupport_fastrtps_c.cpython-38-x86_64-linux-gnu.so
[0.831s] -- Up-to-date: /home/athens/ros2_athens_ws/install/first_interfaces/lib/python3.8/site-packages/first_interfaces/first_interfaces_s__rosidl_typesupport_introspection_c.cpython-38-x86_64-linux-gnu.so
[0.831s] -- Up-to-date: /home/athens/ros2_athens_ws/install/first_interfaces/lib/python3.8/site-packages/first_interfaces/first_interfaces_s__rosidl_typesupport_c.cpython-38-x86_64-linux-gnu.so
[0.832s] -- Up-to-date: /home/athens/ros2_athens_ws/install/first_interfaces/lib/libfirst_interfaces__python.so
[0.832s] -- Up-to-date: /home/athens/ros2_athens_ws/install/first_interfaces/share/first_interfaces/msg/ExampleMessage.idl
[0.833s] -- Up-to-date: /home/athens/ros2_athens_ws/install/first_interfaces/share/first_interfaces/msg/ExampleMessage.msg
[0.833s] -- Up-to-date: /home/athens/ros2_athens_ws/install/first_interfaces/share/ament_index/resource_index/package_run_dependencies/first_interfaces
[0.834s] -- Up-to-date: /home/athens/ros2_athens_ws/install/first_interfaces/share/ament_index/resource_index/parent_prefix_path/first_interfaces
[0.834s] -- Up-to-date: /home/athens/ros2_athens_ws/install/first_interfaces/share/first_interfaces/environment/ament_prefix_path.sh
[0.836s] -- Up-to-date: /home/athens/ros2_athens_ws/install/first_interfaces/share/first_interfaces/environment/ament_prefix_path.dsv
[0.836s] -- Up-to-date: /home/athens/ros2_athens_ws/install/first_interfaces/share/first_interfaces/environment/path.sh
[0.837s] -- Up-to-date: /home/athens/ros2_athens_ws/install/first_interfaces/share/first_interfaces/environment/path.dsv
[0.837s] -- Up-to-date: /home/athens/ros2_athens_ws/install/first_interfaces/share/first_interfaces/local_setup.bash
[0.837s] -- Up-to-date: /home/athens/ros2_athens_ws/install/first_interfaces/share/first_interfaces/local_setup.sh
[0.837s] -- Up-to-date: /home/athens/ros2_athens_ws/install/first_interfaces/share/first_interfaces/local_setup.zsh
[0.837s] -- Up-to-date: /home/athens/ros2_athens_ws/install/first_interfaces/share/first_interfaces/local_setup.dsv
[0.837s] -- Installing: /home/athens/ros2_athens_ws/install/first_interfaces/share/first_interfaces/package.dsv
[0.838s] -- Up-to-date: /home/athens/ros2_athens_ws/install/first_interfaces/share/ament_index/resource_index/packages/first_interfaces
[0.838s] -- Up-to-date: /home/athens/ros2_athens_ws/install/first_interfaces/share/first_interfaces/cmake/first_interfaces__rosidl_generator_cExport.cmake
[0.838s] -- Up-to-date: /home/athens/ros2_athens_ws/install/first_interfaces/share/first_interfaces/cmake/first_interfaces__rosidl_generator_cExport-noconfig.cmake
[0.838s] -- Up-to-date: /home/athens/ros2_athens_ws/install/first_interfaces/share/first_interfaces/cmake/first_interfaces__rosidl_typesupport_introspection_cExport.cmake
[0.838s] -- Up-to-date: /home/athens/ros2_athens_ws/install/first_interfaces/share/first_interfaces/cmake/first_interfaces__rosidl_typesupport_introspection_cExport-noconfig.cmake
[0.838s] -- Up-to-date: /home/athens/ros2_athens_ws/install/first_interfaces/share/first_interfaces/cmake/first_interfaces__rosidl_typesupport_cExport.cmake
[0.838s] -- Up-to-date: /home/athens/ros2_athens_ws/install/first_interfaces/share/first_interfaces/cmake/first_interfaces__rosidl_typesupport_cExport-noconfig.cmake
[0.838s] -- Up-to-date: /home/athens/ros2_athens_ws/install/first_interfaces/share/first_interfaces/cmake/first_interfaces__rosidl_generator_cppExport.cmake
[0.838s] -- Up-to-date: /home/athens/ros2_athens_ws/install/first_interfaces/share/first_interfaces/cmake/first_interfaces__rosidl_typesupport_introspection_cppExport.cmake
[0.838s] -- Up-to-date: /home/athens/ros2_athens_ws/install/first_interfaces/share/first_interfaces/cmake/first_interfaces__rosidl_typesupport_introspection_cppExport-noconfig.cmake
[0.839s] -- Up-to-date: /home/athens/ros2_athens_ws/install/first_interfaces/share/first_interfaces/cmake/first_interfaces__rosidl_typesupport_cppExport.cmake
[0.839s] -- Up-to-date: /home/athens/ros2_athens_ws/install/first_interfaces/share/first_interfaces/cmake/first_interfaces__rosidl_typesupport_cppExport-noconfig.cmake
[0.839s] -- Up-to-date: /home/athens/ros2_athens_ws/install/first_interfaces/share/first_interfaces/cmake/rosidl_cmake-extras.cmake
[0.839s] -- Up-to-date: /home/athens/ros2_athens_ws/install/first_interfaces/share/first_interfaces/cmake/ament_cmake_export_dependencies-extras.cmake
[0.839s] -- Up-to-date: /home/athens/ros2_athens_ws/install/first_interfaces/share/first_interfaces/cmake/ament_cmake_export_libraries-extras.cmake
[0.839s] -- Up-to-date: /home/athens/ros2_athens_ws/install/first_interfaces/share/first_interfaces/cmake/ament_cmake_export_targets-extras.cmake
[0.839s] -- Up-to-date: /home/athens/ros2_athens_ws/install/first_interfaces/share/first_interfaces/cmake/ament_cmake_export_include_directories-extras.cmake
[0.839s] -- Up-to-date: /home/athens/ros2_athens_ws/install/first_interfaces/share/first_interfaces/cmake/rosidl_cmake_export_typesupport_libraries-extras.cmake
[0.839s] -- Up-to-date: /home/athens/ros2_athens_ws/install/first_interfaces/share/first_interfaces/cmake/rosidl_cmake_export_typesupport_targets-extras.cmake
[0.839s] -- Up-to-date: /home/athens/ros2_athens_ws/install/first_interfaces/share/first_interfaces/cmake/first_interfacesConfig.cmake
[0.839s] -- Up-to-date: /home/athens/ros2_athens_ws/install/first_interfaces/share/first_interfaces/cmake/first_interfacesConfig-version.cmake
[0.839s] -- Up-to-date: /home/athens/ros2_athens_ws/install/first_interfaces/share/first_interfaces/package.xml
[0.844s] Invoked command in '/home/athens/ros2_athens_ws/build/first_interfaces' returned '0': CMAKE_PREFIX_PATH=${CMAKE_PREFIX_PATH}:/home/athens/ros2_athens_ws/install/stm_station:/home/athens/ros2_athens_ws/install/first_package:/opt/ros/foxy /usr/bin/cmake --install /home/athens/ros2_athens_ws/build/first_interfaces
