[0.828s] Invoking command in '/home/athens/ros2_athens_ws/src/stm_station': PYTHONPATH=/home/athens/ros2_athens_ws/build/stm_station/prefix_override:/usr/lib/python3/dist-packages/colcon_core/task/python/colcon_distutils_commands:/home/athens/ros2_athens_ws/install/stm_station/lib/python3.8/site-packages:/home/athens/ros2_athens_ws/install/stm_interfaces/lib/python3.8/site-packages:/home/athens/ros2_athens_ws/install/stm_station/lib/python3.8/site-packages:/home/athens/ros2_athens_ws/install/first_package/lib/python3.8/site-packages:/home/athens/ros2_athens_ws/install/first_interfaces/lib/python3.8/site-packages:/opt/ros/foxy/lib/python3.8/site-packages /usr/bin/python3 -W ignore:setup.py install is deprecated setup.py egg_info --egg-base ../../build/stm_station build --build-base /home/athens/ros2_athens_ws/build/stm_station/build install --record /home/athens/ros2_athens_ws/build/stm_station/install.log --install-scripts $base/lib/stm_station --single-version-externally-managed install_data
[1.132s] running egg_info
[1.132s] writing ../../build/stm_station/stm_station.egg-info/PKG-INFO
[1.134s] writing dependency_links to ../../build/stm_station/stm_station.egg-info/dependency_links.txt
[1.134s] writing entry points to ../../build/stm_station/stm_station.egg-info/entry_points.txt
[1.134s] writing requirements to ../../build/stm_station/stm_station.egg-info/requires.txt
[1.135s] writing top-level names to ../../build/stm_station/stm_station.egg-info/top_level.txt
[1.185s] reading manifest file '../../build/stm_station/stm_station.egg-info/SOURCES.txt'
[1.185s] writing manifest file '../../build/stm_station/stm_station.egg-info/SOURCES.txt'
[1.186s] running build
[1.186s] running build_py
[1.186s] copying stm_station/5_stm_serial_node_pub_sub.py -> /home/athens/ros2_athens_ws/build/stm_station/build/lib/stm_station
[1.186s] running install
[1.188s] running install_lib
[1.189s] copying /home/athens/ros2_athens_ws/build/stm_station/build/lib/stm_station/5_stm_serial_node_pub_sub.py -> /home/athens/ros2_athens_ws/install/stm_station/lib/python3.8/site-packages/stm_station
[1.190s] byte-compiling /home/athens/ros2_athens_ws/install/stm_station/lib/python3.8/site-packages/stm_station/5_stm_serial_node_pub_sub.py to 5_stm_serial_node_pub_sub.cpython-38.pyc
[1.192s] running install_data
[1.192s] running install_egg_info
[1.194s] removing '/home/athens/ros2_athens_ws/install/stm_station/lib/python3.8/site-packages/stm_station-0.0.0-py3.8.egg-info' (and everything under it)
[1.194s] Copying ../../build/stm_station/stm_station.egg-info to /home/athens/ros2_athens_ws/install/stm_station/lib/python3.8/site-packages/stm_station-0.0.0-py3.8.egg-info
[1.197s] running install_scripts
[1.218s] Installing 4_stm_serial_node_pub script to /home/athens/ros2_athens_ws/install/stm_station/lib/stm_station
[1.219s] Installing 5_stm_serial_node_pub_sub script to /home/athens/ros2_athens_ws/install/stm_station/lib/stm_station
[1.219s] writing list of installed files to '/home/athens/ros2_athens_ws/build/stm_station/install.log'
[1.251s] Invoked command in '/home/athens/ros2_athens_ws/src/stm_station' returned '0': PYTHONPATH=/home/athens/ros2_athens_ws/build/stm_station/prefix_override:/usr/lib/python3/dist-packages/colcon_core/task/python/colcon_distutils_commands:/home/athens/ros2_athens_ws/install/stm_station/lib/python3.8/site-packages:/home/athens/ros2_athens_ws/install/stm_interfaces/lib/python3.8/site-packages:/home/athens/ros2_athens_ws/install/stm_station/lib/python3.8/site-packages:/home/athens/ros2_athens_ws/install/first_package/lib/python3.8/site-packages:/home/athens/ros2_athens_ws/install/first_interfaces/lib/python3.8/site-packages:/opt/ros/foxy/lib/python3.8/site-packages /usr/bin/python3 -W ignore:setup.py install is deprecated setup.py egg_info --egg-base ../../build/stm_station build --build-base /home/athens/ros2_athens_ws/build/stm_station/build install --record /home/athens/ros2_athens_ws/build/stm_station/install.log --install-scripts $base/lib/stm_station --single-version-externally-managed install_data
