[0.062s] Invoking command in '/home/athens/ros2_athens_ws/build/stm_interfaces': CMAKE_PREFIX_PATH=${CMAKE_PREFIX_PATH}:/home/athens/ros2_athens_ws/install/stm_station:/home/athens/ros2_athens_ws/install/first_package:/home/athens/ros2_ws/install/stm_visualization_node:/home/athens/ros2_ws/install/stm_setup:/home/athens/ros2_ws/install/stm_serial_node:/home/athens/ros2_ws/install/stm_control_node:/opt/ros/foxy /usr/bin/cmake /home/athens/ros2_athens_ws/src/stm_interfaces -DCMAKE_INSTALL_PREFIX=/home/athens/ros2_athens_ws/install/stm_interfaces
[0.222s] -- The C compiler identification is GNU 9.4.0
[0.306s] -- The CXX compiler identification is GNU 9.4.0
[0.315s] -- Check for working C compiler: /usr/bin/cc
[0.440s] -- Check for working C compiler: /usr/bin/cc -- works
[0.455s] -- Detecting C compiler ABI info
[0.572s] -- Detecting C compiler ABI info - done
[0.589s] -- Detecting C compile features
[0.590s] -- Detecting C compile features - done
[0.596s] -- Check for working CXX compiler: /usr/bin/c++
[0.717s] -- Check for working CXX compiler: /usr/bin/c++ -- works
[0.718s] -- Detecting CXX compiler ABI info
[0.845s] -- Detecting CXX compiler ABI info - done
[0.865s] -- Detecting CXX compile features
[0.866s] -- Detecting CXX compile features - done
[0.870s] -- Found ament_cmake: 0.9.12 (/opt/ros/foxy/share/ament_cmake/cmake)
[0.905s] -- Found PythonInterp: /usr/bin/python3 (found suitable version "3.8.10", minimum required is "3") 
[0.905s] -- Using PYTHON_EXECUTABLE: /usr/bin/python3
[1.168s] -- Found std_msgs: 2.0.5 (/opt/ros/foxy/share/std_msgs/cmake)
[1.199s] -- Using all available rosidl_typesupport_c: rosidl_typesupport_fastrtps_c;rosidl_typesupport_introspection_c
[1.208s] -- Found rosidl_adapter: 1.3.1 (/opt/ros/foxy/share/rosidl_adapter/cmake)
[1.377s] -- Found OpenSSL: /usr/lib/x86_64-linux-gnu/libcrypto.so (found version "1.1.1f")  
[1.420s] -- Found FastRTPS: /opt/ros/foxy/include  
[1.513s] -- Using all available rosidl_typesupport_cpp: rosidl_typesupport_fastrtps_cpp;rosidl_typesupport_introspection_cpp
[1.573s] -- Found rosidl_default_generators: 1.0.1 (/opt/ros/foxy/share/rosidl_default_generators/cmake)
[1.616s] -- Found PythonInterp: /usr/bin/python3 (found version "3.8.10") 
[1.822s] -- Found ament_cmake_ros: 0.9.2 (/opt/ros/foxy/share/ament_cmake_ros/cmake)
[2.076s] -- Using all available rosidl_typesupport_c: rosidl_typesupport_fastrtps_c;rosidl_typesupport_introspection_c
[2.164s] -- Using all available rosidl_typesupport_cpp: rosidl_typesupport_fastrtps_cpp;rosidl_typesupport_introspection_cpp
[2.210s] -- Found PythonInterp: /usr/bin/python3 (found suitable version "3.8.10", minimum required is "3.5") 
[2.210s] -- Found python_cmake_module: 0.8.1 (/opt/ros/foxy/share/python_cmake_module/cmake)
[2.244s] -- Found PythonLibs: /usr/lib/x86_64-linux-gnu/libpython3.8.so (found suitable version "3.8.10", minimum required is "3.5") 
[2.245s] -- Using PYTHON_EXECUTABLE: /usr/bin/python3
[2.245s] -- Using PYTHON_INCLUDE_DIRS: /usr/include/python3.8
[2.245s] -- Using PYTHON_LIBRARIES: /usr/lib/x86_64-linux-gnu/libpython3.8.so
[2.284s] -- Found PythonExtra: .so  
[2.382s] -- Found ament_lint_auto: 0.9.8 (/opt/ros/foxy/share/ament_lint_auto/cmake)
[2.416s] -- Added test 'lint_cmake' to check CMake code style
[2.417s] -- Added test 'xmllint' to check XML markup files
[2.425s] -- Configuring done
[2.489s] -- Generating done
[2.489s] -- Build files have been written to: /home/athens/ros2_athens_ws/build/stm_interfaces
[2.504s] Invoked command in '/home/athens/ros2_athens_ws/build/stm_interfaces' returned '0': CMAKE_PREFIX_PATH=${CMAKE_PREFIX_PATH}:/home/athens/ros2_athens_ws/install/stm_station:/home/athens/ros2_athens_ws/install/first_package:/home/athens/ros2_ws/install/stm_visualization_node:/home/athens/ros2_ws/install/stm_setup:/home/athens/ros2_ws/install/stm_serial_node:/home/athens/ros2_ws/install/stm_control_node:/opt/ros/foxy /usr/bin/cmake /home/athens/ros2_athens_ws/src/stm_interfaces -DCMAKE_INSTALL_PREFIX=/home/athens/ros2_athens_ws/install/stm_interfaces
[2.510s] Invoking command in '/home/athens/ros2_athens_ws/build/stm_interfaces': CMAKE_PREFIX_PATH=${CMAKE_PREFIX_PATH}:/home/athens/ros2_athens_ws/install/stm_station:/home/athens/ros2_athens_ws/install/first_package:/home/athens/ros2_ws/install/stm_visualization_node:/home/athens/ros2_ws/install/stm_setup:/home/athens/ros2_ws/install/stm_serial_node:/home/athens/ros2_ws/install/stm_control_node:/opt/ros/foxy /usr/bin/cmake --build /home/athens/ros2_athens_ws/build/stm_interfaces -- -j4 -l4
[2.588s] [35m[1mScanning dependencies of target stm_interfaces__cpp[0m
[2.593s] [  2%] [34m[1mGenerating C code for ROS interfaces[0m
[2.614s] [  5%] [34m[1mGenerating C++ code for ROS interfaces[0m
[3.238s] [35m[1mScanning dependencies of target stm_interfaces__rosidl_generator_c[0m
[3.260s] [  7%] [32mBuilding C object CMakeFiles/stm_interfaces__rosidl_generator_c.dir/rosidl_generator_c/stm_interfaces/msg/detail/stm_control__functions.c.o[0m
[3.347s] [ 10%] [32mBuilding C object CMakeFiles/stm_interfaces__rosidl_generator_c.dir/rosidl_generator_c/stm_interfaces/msg/detail/stm_state__functions.c.o[0m
[3.456s] [ 12%] [32m[1mLinking C shared library libstm_interfaces__rosidl_generator_c.so[0m
[3.480s] [ 12%] Built target stm_interfaces__cpp
[3.517s] [ 15%] [34m[1mGenerating C++ type support dispatch for ROS interfaces[0m
[3.562s] [ 15%] Built target stm_interfaces__rosidl_generator_c
[3.567s] [ 17%] [34m[1mGenerating C++ type support for eProsima Fast-RTPS[0m
[3.631s] [ 20%] [34m[1mGenerating C introspection for ROS interfaces[0m
[3.639s] [ 23%] [34m[1mGenerating C++ introspection for ROS interfaces[0m
[3.987s] [35m[1mScanning dependencies of target stm_interfaces__rosidl_typesupport_cpp[0m
[4.026s] [ 25%] [32mBuilding CXX object CMakeFiles/stm_interfaces__rosidl_typesupport_cpp.dir/rosidl_typesupport_cpp/stm_interfaces/msg/stm_control__type_support.cpp.o[0m
[4.449s] [35m[1mScanning dependencies of target stm_interfaces__rosidl_typesupport_introspection_c[0m
[4.454s] [ 28%] [32mBuilding CXX object CMakeFiles/stm_interfaces__rosidl_typesupport_cpp.dir/rosidl_typesupport_cpp/stm_interfaces/msg/stm_state__type_support.cpp.o[0m
[4.522s] [35m[1mScanning dependencies of target stm_interfaces__rosidl_typesupport_fastrtps_cpp[0m
[4.567s] [ 30%] [32mBuilding C object CMakeFiles/stm_interfaces__rosidl_typesupport_introspection_c.dir/rosidl_typesupport_introspection_c/stm_interfaces/msg/detail/stm_control__type_support.c.o[0m
[4.592s] [ 33%] [32mBuilding CXX object CMakeFiles/stm_interfaces__rosidl_typesupport_fastrtps_cpp.dir/rosidl_typesupport_fastrtps_cpp/stm_interfaces/msg/detail/dds_fastrtps/stm_control__type_support.cpp.o[0m
[4.598s] [35m[1mScanning dependencies of target stm_interfaces__rosidl_typesupport_introspection_cpp[0m
[4.630s] [ 35%] [32mBuilding CXX object CMakeFiles/stm_interfaces__rosidl_typesupport_introspection_cpp.dir/rosidl_typesupport_introspection_cpp/stm_interfaces/msg/detail/stm_control__type_support.cpp.o[0m
[4.641s] [ 38%] [32mBuilding C object CMakeFiles/stm_interfaces__rosidl_typesupport_introspection_c.dir/rosidl_typesupport_introspection_c/stm_interfaces/msg/detail/stm_state__type_support.c.o[0m
[4.869s] [ 41%] [32m[1mLinking C shared library libstm_interfaces__rosidl_typesupport_introspection_c.so[0m
[4.886s] [ 43%] [32m[1mLinking CXX shared library libstm_interfaces__rosidl_typesupport_cpp.so[0m
[5.052s] [ 43%] Built target stm_interfaces__rosidl_typesupport_introspection_c
[5.067s] [ 46%] [32mBuilding CXX object CMakeFiles/stm_interfaces__rosidl_typesupport_introspection_cpp.dir/rosidl_typesupport_introspection_cpp/stm_interfaces/msg/detail/stm_state__type_support.cpp.o[0m
[5.080s] [ 48%] [34m[1mGenerating C type support dispatch for ROS interfaces[0m
[5.082s] [ 48%] Built target stm_interfaces__rosidl_typesupport_cpp
[5.101s] [ 51%] [32mBuilding CXX object CMakeFiles/stm_interfaces__rosidl_typesupport_fastrtps_cpp.dir/rosidl_typesupport_fastrtps_cpp/stm_interfaces/msg/detail/dds_fastrtps/stm_state__type_support.cpp.o[0m
[5.458s] [35m[1mScanning dependencies of target stm_interfaces__rosidl_typesupport_c[0m
[5.503s] [ 53%] [32m[1mLinking CXX shared library libstm_interfaces__rosidl_typesupport_introspection_cpp.so[0m
[5.508s] [ 56%] [32mBuilding CXX object CMakeFiles/stm_interfaces__rosidl_typesupport_c.dir/rosidl_typesupport_c/stm_interfaces/msg/stm_control__type_support.cpp.o[0m
[5.526s] [ 58%] [32mBuilding CXX object CMakeFiles/stm_interfaces__rosidl_typesupport_c.dir/rosidl_typesupport_c/stm_interfaces/msg/stm_state__type_support.cpp.o[0m
[5.572s] [ 61%] [32m[1mLinking CXX shared library libstm_interfaces__rosidl_typesupport_c.so[0m
[5.630s] [ 61%] Built target stm_interfaces__rosidl_typesupport_introspection_cpp
[5.648s] [ 61%] Built target stm_interfaces__rosidl_typesupport_c
[5.670s] [ 64%] [32m[1mLinking CXX shared library libstm_interfaces__rosidl_typesupport_fastrtps_cpp.so[0m
[5.797s] [ 64%] Built target stm_interfaces__rosidl_typesupport_fastrtps_cpp
[5.818s] [ 66%] [34m[1mGenerating C type support for eProsima Fast-RTPS[0m
[6.266s] [35m[1mScanning dependencies of target stm_interfaces__rosidl_typesupport_fastrtps_c[0m
[6.304s] [ 69%] [32mBuilding CXX object CMakeFiles/stm_interfaces__rosidl_typesupport_fastrtps_c.dir/rosidl_typesupport_fastrtps_c/stm_interfaces/msg/detail/stm_control__type_support_c.cpp.o[0m
[6.322s] [ 71%] [32mBuilding CXX object CMakeFiles/stm_interfaces__rosidl_typesupport_fastrtps_c.dir/rosidl_typesupport_fastrtps_c/stm_interfaces/msg/detail/stm_state__type_support_c.cpp.o[0m
[6.746s] [ 74%] [32m[1mLinking CXX shared library libstm_interfaces__rosidl_typesupport_fastrtps_c.so[0m
[6.950s] [ 74%] Built target stm_interfaces__rosidl_typesupport_fastrtps_c
[6.982s] [35m[1mScanning dependencies of target stm_interfaces[0m
[7.031s] [ 74%] Built target stm_interfaces
[7.055s] [35m[1mScanning dependencies of target stm_interfaces__py[0m
[7.075s] [ 76%] [34m[1mGenerating Python code for ROS interfaces[0m
[8.099s] [ 76%] Built target stm_interfaces__py
[8.115s] [35m[1mScanning dependencies of target stm_interfaces__python[0m
[8.149s] [ 79%] [32mBuilding C object CMakeFiles/stm_interfaces__python.dir/rosidl_generator_py/stm_interfaces/msg/_stm_control_s.c.o[0m
[8.155s] [ 82%] [32mBuilding C object CMakeFiles/stm_interfaces__python.dir/rosidl_generator_py/stm_interfaces/msg/_stm_state_s.c.o[0m
[8.274s] [ 84%] [32m[1mLinking C shared library rosidl_generator_py/stm_interfaces/libstm_interfaces__python.so[0m
[8.346s] [ 84%] Built target stm_interfaces__python
[8.367s] [35m[1mScanning dependencies of target stm_interfaces__rosidl_typesupport_introspection_c__pyext[0m
[8.367s] [35m[1mScanning dependencies of target stm_interfaces__rosidl_typesupport_fastrtps_c__pyext[0m
[8.368s] [35m[1mScanning dependencies of target stm_interfaces__rosidl_typesupport_c__pyext[0m
[8.409s] [ 87%] [32mBuilding C object CMakeFiles/stm_interfaces__rosidl_typesupport_c__pyext.dir/rosidl_generator_py/stm_interfaces/_stm_interfaces_s.ep.rosidl_typesupport_c.c.o[0m
[8.417s] [ 89%] [32mBuilding C object CMakeFiles/stm_interfaces__rosidl_typesupport_introspection_c__pyext.dir/rosidl_generator_py/stm_interfaces/_stm_interfaces_s.ep.rosidl_typesupport_introspection_c.c.o[0m
[8.531s] [ 92%] [32mBuilding C object CMakeFiles/stm_interfaces__rosidl_typesupport_fastrtps_c__pyext.dir/rosidl_generator_py/stm_interfaces/_stm_interfaces_s.ep.rosidl_typesupport_fastrtps_c.c.o[0m
[8.531s] [ 94%] [32m[1mLinking C shared library rosidl_generator_py/stm_interfaces/stm_interfaces_s__rosidl_typesupport_introspection_c.cpython-38-x86_64-linux-gnu.so[0m
[8.563s] [ 97%] [32m[1mLinking C shared library rosidl_generator_py/stm_interfaces/stm_interfaces_s__rosidl_typesupport_c.cpython-38-x86_64-linux-gnu.so[0m
[8.601s] [ 97%] Built target stm_interfaces__rosidl_typesupport_introspection_c__pyext
[8.631s] [ 97%] Built target stm_interfaces__rosidl_typesupport_c__pyext
[8.644s] [100%] [32m[1mLinking CXX shared library rosidl_generator_py/stm_interfaces/stm_interfaces_s__rosidl_typesupport_fastrtps_c.cpython-38-x86_64-linux-gnu.so[0m
[8.730s] [100%] Built target stm_interfaces__rosidl_typesupport_fastrtps_c__pyext
[8.757s] Invoked command in '/home/athens/ros2_athens_ws/build/stm_interfaces' returned '0': CMAKE_PREFIX_PATH=${CMAKE_PREFIX_PATH}:/home/athens/ros2_athens_ws/install/stm_station:/home/athens/ros2_athens_ws/install/first_package:/home/athens/ros2_ws/install/stm_visualization_node:/home/athens/ros2_ws/install/stm_setup:/home/athens/ros2_ws/install/stm_serial_node:/home/athens/ros2_ws/install/stm_control_node:/opt/ros/foxy /usr/bin/cmake --build /home/athens/ros2_athens_ws/build/stm_interfaces -- -j4 -l4
[8.937s] Invoking command in '/home/athens/ros2_athens_ws/build/stm_interfaces': CMAKE_PREFIX_PATH=${CMAKE_PREFIX_PATH}:/home/athens/ros2_athens_ws/install/stm_station:/home/athens/ros2_athens_ws/install/first_package:/home/athens/ros2_ws/install/stm_visualization_node:/home/athens/ros2_ws/install/stm_setup:/home/athens/ros2_ws/install/stm_serial_node:/home/athens/ros2_ws/install/stm_control_node:/opt/ros/foxy /usr/bin/cmake --install /home/athens/ros2_athens_ws/build/stm_interfaces
[8.956s] -- Install configuration: ""
[8.956s] -- Installing: /home/athens/ros2_athens_ws/install/stm_interfaces/share/ament_index/resource_index/rosidl_interfaces/stm_interfaces
[8.957s] -- Installing: /home/athens/ros2_athens_ws/install/stm_interfaces/include/stm_interfaces
[8.957s] -- Installing: /home/athens/ros2_athens_ws/install/stm_interfaces/include/stm_interfaces/msg
[8.957s] -- Installing: /home/athens/ros2_athens_ws/install/stm_interfaces/include/stm_interfaces/msg/stm_control.h
[8.957s] -- Installing: /home/athens/ros2_athens_ws/install/stm_interfaces/include/stm_interfaces/msg/detail
[8.957s] -- Installing: /home/athens/ros2_athens_ws/install/stm_interfaces/include/stm_interfaces/msg/detail/stm_state__functions.c
[8.957s] -- Installing: /home/athens/ros2_athens_ws/install/stm_interfaces/include/stm_interfaces/msg/detail/stm_control__struct.h
[8.958s] -- Installing: /home/athens/ros2_athens_ws/install/stm_interfaces/include/stm_interfaces/msg/detail/stm_control__type_support.h
[8.958s] -- Installing: /home/athens/ros2_athens_ws/install/stm_interfaces/include/stm_interfaces/msg/detail/stm_state__struct.h
[8.958s] -- Installing: /home/athens/ros2_athens_ws/install/stm_interfaces/include/stm_interfaces/msg/detail/stm_state__type_support.h
[8.958s] -- Installing: /home/athens/ros2_athens_ws/install/stm_interfaces/include/stm_interfaces/msg/detail/stm_state__functions.h
[8.958s] -- Installing: /home/athens/ros2_athens_ws/install/stm_interfaces/include/stm_interfaces/msg/detail/stm_control__functions.h
[8.958s] -- Installing: /home/athens/ros2_athens_ws/install/stm_interfaces/include/stm_interfaces/msg/detail/stm_control__functions.c
[8.958s] -- Installing: /home/athens/ros2_athens_ws/install/stm_interfaces/include/stm_interfaces/msg/stm_state.h
[8.959s] -- Installing: /home/athens/ros2_athens_ws/install/stm_interfaces/include/stm_interfaces/msg/rosidl_generator_c__visibility_control.h
[8.960s] -- Installing: /home/athens/ros2_athens_ws/install/stm_interfaces/share/stm_interfaces/environment/library_path.sh
[8.960s] -- Installing: /home/athens/ros2_athens_ws/install/stm_interfaces/share/stm_interfaces/environment/library_path.dsv
[8.960s] -- Installing: /home/athens/ros2_athens_ws/install/stm_interfaces/lib/libstm_interfaces__rosidl_generator_c.so
[8.960s] -- Set runtime path of "/home/athens/ros2_athens_ws/install/stm_interfaces/lib/libstm_interfaces__rosidl_generator_c.so" to ""
[8.960s] -- Up-to-date: /home/athens/ros2_athens_ws/install/stm_interfaces/include/stm_interfaces
[8.960s] -- Up-to-date: /home/athens/ros2_athens_ws/install/stm_interfaces/include/stm_interfaces/msg
[8.960s] -- Up-to-date: /home/athens/ros2_athens_ws/install/stm_interfaces/include/stm_interfaces/msg/detail
[8.960s] -- Installing: /home/athens/ros2_athens_ws/install/stm_interfaces/include/stm_interfaces/msg/detail/stm_control__rosidl_typesupport_fastrtps_c.h
[8.964s] -- Installing: /home/athens/ros2_athens_ws/install/stm_interfaces/include/stm_interfaces/msg/detail/stm_state__rosidl_typesupport_fastrtps_c.h
[8.964s] -- Installing: /home/athens/ros2_athens_ws/install/stm_interfaces/include/stm_interfaces/msg/rosidl_typesupport_fastrtps_c__visibility_control.h
[8.964s] -- Installing: /home/athens/ros2_athens_ws/install/stm_interfaces/lib/libstm_interfaces__rosidl_typesupport_fastrtps_c.so
[8.964s] -- Set runtime path of "/home/athens/ros2_athens_ws/install/stm_interfaces/lib/libstm_interfaces__rosidl_typesupport_fastrtps_c.so" to ""
[8.964s] -- Up-to-date: /home/athens/ros2_athens_ws/install/stm_interfaces/include/stm_interfaces
[8.964s] -- Up-to-date: /home/athens/ros2_athens_ws/install/stm_interfaces/include/stm_interfaces/msg
[8.965s] -- Up-to-date: /home/athens/ros2_athens_ws/install/stm_interfaces/include/stm_interfaces/msg/detail
[8.965s] -- Installing: /home/athens/ros2_athens_ws/install/stm_interfaces/include/stm_interfaces/msg/detail/stm_state__rosidl_typesupport_fastrtps_cpp.hpp
[8.965s] -- Installing: /home/athens/ros2_athens_ws/install/stm_interfaces/include/stm_interfaces/msg/detail/dds_fastrtps
[8.965s] -- Installing: /home/athens/ros2_athens_ws/install/stm_interfaces/include/stm_interfaces/msg/detail/stm_control__rosidl_typesupport_fastrtps_cpp.hpp
[8.965s] -- Installing: /home/athens/ros2_athens_ws/install/stm_interfaces/include/stm_interfaces/msg/rosidl_typesupport_fastrtps_cpp__visibility_control.h
[8.965s] -- Installing: /home/athens/ros2_athens_ws/install/stm_interfaces/lib/libstm_interfaces__rosidl_typesupport_fastrtps_cpp.so
[8.965s] -- Set runtime path of "/home/athens/ros2_athens_ws/install/stm_interfaces/lib/libstm_interfaces__rosidl_typesupport_fastrtps_cpp.so" to ""
[8.965s] -- Up-to-date: /home/athens/ros2_athens_ws/install/stm_interfaces/include/stm_interfaces
[8.965s] -- Up-to-date: /home/athens/ros2_athens_ws/install/stm_interfaces/include/stm_interfaces/msg
[8.965s] -- Up-to-date: /home/athens/ros2_athens_ws/install/stm_interfaces/include/stm_interfaces/msg/detail
[8.965s] -- Installing: /home/athens/ros2_athens_ws/install/stm_interfaces/include/stm_interfaces/msg/detail/stm_state__type_support.c
[8.966s] -- Installing: /home/athens/ros2_athens_ws/install/stm_interfaces/include/stm_interfaces/msg/detail/stm_control__rosidl_typesupport_introspection_c.h
[8.966s] -- Installing: /home/athens/ros2_athens_ws/install/stm_interfaces/include/stm_interfaces/msg/detail/stm_state__rosidl_typesupport_introspection_c.h
[8.966s] -- Installing: /home/athens/ros2_athens_ws/install/stm_interfaces/include/stm_interfaces/msg/detail/stm_control__type_support.c
[8.966s] -- Installing: /home/athens/ros2_athens_ws/install/stm_interfaces/include/stm_interfaces/msg/rosidl_typesupport_introspection_c__visibility_control.h
[8.966s] -- Installing: /home/athens/ros2_athens_ws/install/stm_interfaces/lib/libstm_interfaces__rosidl_typesupport_introspection_c.so
[8.966s] -- Set runtime path of "/home/athens/ros2_athens_ws/install/stm_interfaces/lib/libstm_interfaces__rosidl_typesupport_introspection_c.so" to ""
[8.966s] -- Installing: /home/athens/ros2_athens_ws/install/stm_interfaces/lib/libstm_interfaces__rosidl_typesupport_c.so
[8.967s] -- Set runtime path of "/home/athens/ros2_athens_ws/install/stm_interfaces/lib/libstm_interfaces__rosidl_typesupport_c.so" to ""
[8.967s] -- Up-to-date: /home/athens/ros2_athens_ws/install/stm_interfaces/include/stm_interfaces
[8.967s] -- Up-to-date: /home/athens/ros2_athens_ws/install/stm_interfaces/include/stm_interfaces/msg
[8.967s] -- Up-to-date: /home/athens/ros2_athens_ws/install/stm_interfaces/include/stm_interfaces/msg/detail
[8.968s] -- Installing: /home/athens/ros2_athens_ws/install/stm_interfaces/include/stm_interfaces/msg/detail/stm_control__traits.hpp
[8.968s] -- Installing: /home/athens/ros2_athens_ws/install/stm_interfaces/include/stm_interfaces/msg/detail/stm_control__type_support.hpp
[8.968s] -- Installing: /home/athens/ros2_athens_ws/install/stm_interfaces/include/stm_interfaces/msg/detail/stm_state__struct.hpp
[8.968s] -- Installing: /home/athens/ros2_athens_ws/install/stm_interfaces/include/stm_interfaces/msg/detail/stm_state__traits.hpp
[8.968s] -- Installing: /home/athens/ros2_athens_ws/install/stm_interfaces/include/stm_interfaces/msg/detail/stm_control__struct.hpp
[8.968s] -- Installing: /home/athens/ros2_athens_ws/install/stm_interfaces/include/stm_interfaces/msg/detail/stm_state__type_support.hpp
[8.968s] -- Installing: /home/athens/ros2_athens_ws/install/stm_interfaces/include/stm_interfaces/msg/detail/stm_control__builder.hpp
[8.969s] -- Installing: /home/athens/ros2_athens_ws/install/stm_interfaces/include/stm_interfaces/msg/detail/stm_state__builder.hpp
[8.969s] -- Installing: /home/athens/ros2_athens_ws/install/stm_interfaces/include/stm_interfaces/msg/rosidl_generator_cpp__visibility_control.hpp
[8.969s] -- Installing: /home/athens/ros2_athens_ws/install/stm_interfaces/include/stm_interfaces/msg/stm_control.hpp
[8.969s] -- Installing: /home/athens/ros2_athens_ws/install/stm_interfaces/include/stm_interfaces/msg/stm_state.hpp
[8.969s] -- Up-to-date: /home/athens/ros2_athens_ws/install/stm_interfaces/include/stm_interfaces
[8.969s] -- Up-to-date: /home/athens/ros2_athens_ws/install/stm_interfaces/include/stm_interfaces/msg
[8.969s] -- Up-to-date: /home/athens/ros2_athens_ws/install/stm_interfaces/include/stm_interfaces/msg/detail
[8.969s] -- Installing: /home/athens/ros2_athens_ws/install/stm_interfaces/include/stm_interfaces/msg/detail/stm_control__type_support.cpp
[8.969s] -- Installing: /home/athens/ros2_athens_ws/install/stm_interfaces/include/stm_interfaces/msg/detail/stm_state__rosidl_typesupport_introspection_cpp.hpp
[8.970s] -- Installing: /home/athens/ros2_athens_ws/install/stm_interfaces/include/stm_interfaces/msg/detail/stm_control__rosidl_typesupport_introspection_cpp.hpp
[8.970s] -- Installing: /home/athens/ros2_athens_ws/install/stm_interfaces/include/stm_interfaces/msg/detail/stm_state__type_support.cpp
[8.970s] -- Installing: /home/athens/ros2_athens_ws/install/stm_interfaces/lib/libstm_interfaces__rosidl_typesupport_introspection_cpp.so
[8.970s] -- Set runtime path of "/home/athens/ros2_athens_ws/install/stm_interfaces/lib/libstm_interfaces__rosidl_typesupport_introspection_cpp.so" to ""
[8.970s] -- Installing: /home/athens/ros2_athens_ws/install/stm_interfaces/lib/libstm_interfaces__rosidl_typesupport_cpp.so
[8.971s] -- Set runtime path of "/home/athens/ros2_athens_ws/install/stm_interfaces/lib/libstm_interfaces__rosidl_typesupport_cpp.so" to ""
[8.972s] -- Installing: /home/athens/ros2_athens_ws/install/stm_interfaces/share/stm_interfaces/environment/pythonpath.sh
[8.972s] -- Installing: /home/athens/ros2_athens_ws/install/stm_interfaces/share/stm_interfaces/environment/pythonpath.dsv
[8.972s] -- Installing: /home/athens/ros2_athens_ws/install/stm_interfaces/lib/python3.8/site-packages/stm_interfaces/__init__.py
[9.027s] Compiling '/home/athens/ros2_athens_ws/install/stm_interfaces/lib/python3.8/site-packages/stm_interfaces/__init__.py'...
[9.032s] -- Installing: /home/athens/ros2_athens_ws/install/stm_interfaces/lib/python3.8/site-packages/stm_interfaces/msg
[9.033s] -- Installing: /home/athens/ros2_athens_ws/install/stm_interfaces/lib/python3.8/site-packages/stm_interfaces/msg/_stm_control_s.c
[9.033s] -- Installing: /home/athens/ros2_athens_ws/install/stm_interfaces/lib/python3.8/site-packages/stm_interfaces/msg/_stm_state_s.c
[9.033s] -- Installing: /home/athens/ros2_athens_ws/install/stm_interfaces/lib/python3.8/site-packages/stm_interfaces/msg/_stm_state.py
[9.033s] -- Installing: /home/athens/ros2_athens_ws/install/stm_interfaces/lib/python3.8/site-packages/stm_interfaces/msg/__init__.py
[9.034s] -- Installing: /home/athens/ros2_athens_ws/install/stm_interfaces/lib/python3.8/site-packages/stm_interfaces/msg/_stm_control.py
[9.034s] -- Installing: /home/athens/ros2_athens_ws/install/stm_interfaces/lib/python3.8/site-packages/stm_interfaces/stm_interfaces_s__rosidl_typesupport_fastrtps_c.cpython-38-x86_64-linux-gnu.so
[9.034s] -- Set runtime path of "/home/athens/ros2_athens_ws/install/stm_interfaces/lib/python3.8/site-packages/stm_interfaces/stm_interfaces_s__rosidl_typesupport_fastrtps_c.cpython-38-x86_64-linux-gnu.so" to ""
[9.034s] -- Installing: /home/athens/ros2_athens_ws/install/stm_interfaces/lib/python3.8/site-packages/stm_interfaces/stm_interfaces_s__rosidl_typesupport_introspection_c.cpython-38-x86_64-linux-gnu.so
[9.035s] -- Set runtime path of "/home/athens/ros2_athens_ws/install/stm_interfaces/lib/python3.8/site-packages/stm_interfaces/stm_interfaces_s__rosidl_typesupport_introspection_c.cpython-38-x86_64-linux-gnu.so" to ""
[9.035s] -- Installing: /home/athens/ros2_athens_ws/install/stm_interfaces/lib/python3.8/site-packages/stm_interfaces/stm_interfaces_s__rosidl_typesupport_c.cpython-38-x86_64-linux-gnu.so
[9.036s] -- Set runtime path of "/home/athens/ros2_athens_ws/install/stm_interfaces/lib/python3.8/site-packages/stm_interfaces/stm_interfaces_s__rosidl_typesupport_c.cpython-38-x86_64-linux-gnu.so" to ""
[9.036s] -- Installing: /home/athens/ros2_athens_ws/install/stm_interfaces/lib/libstm_interfaces__python.so
[9.036s] -- Set runtime path of "/home/athens/ros2_athens_ws/install/stm_interfaces/lib/libstm_interfaces__python.so" to ""
[9.037s] -- Installing: /home/athens/ros2_athens_ws/install/stm_interfaces/share/stm_interfaces/msg/STMControl.idl
[9.037s] -- Installing: /home/athens/ros2_athens_ws/install/stm_interfaces/share/stm_interfaces/msg/STMState.idl
[9.037s] -- Installing: /home/athens/ros2_athens_ws/install/stm_interfaces/share/stm_interfaces/msg/STMControl.msg
[9.037s] -- Installing: /home/athens/ros2_athens_ws/install/stm_interfaces/share/stm_interfaces/msg/STMState.msg
[9.038s] -- Installing: /home/athens/ros2_athens_ws/install/stm_interfaces/share/ament_index/resource_index/package_run_dependencies/stm_interfaces
[9.038s] -- Installing: /home/athens/ros2_athens_ws/install/stm_interfaces/share/ament_index/resource_index/parent_prefix_path/stm_interfaces
[9.038s] -- Installing: /home/athens/ros2_athens_ws/install/stm_interfaces/share/stm_interfaces/environment/ament_prefix_path.sh
[9.038s] -- Installing: /home/athens/ros2_athens_ws/install/stm_interfaces/share/stm_interfaces/environment/ament_prefix_path.dsv
[9.038s] -- Installing: /home/athens/ros2_athens_ws/install/stm_interfaces/share/stm_interfaces/environment/path.sh
[9.038s] -- Installing: /home/athens/ros2_athens_ws/install/stm_interfaces/share/stm_interfaces/environment/path.dsv
[9.039s] -- Installing: /home/athens/ros2_athens_ws/install/stm_interfaces/share/stm_interfaces/local_setup.bash
[9.039s] -- Installing: /home/athens/ros2_athens_ws/install/stm_interfaces/share/stm_interfaces/local_setup.sh
[9.039s] -- Installing: /home/athens/ros2_athens_ws/install/stm_interfaces/share/stm_interfaces/local_setup.zsh
[9.040s] -- Installing: /home/athens/ros2_athens_ws/install/stm_interfaces/share/stm_interfaces/local_setup.dsv
[9.040s] -- Installing: /home/athens/ros2_athens_ws/install/stm_interfaces/share/stm_interfaces/package.dsv
[9.040s] -- Installing: /home/athens/ros2_athens_ws/install/stm_interfaces/share/ament_index/resource_index/packages/stm_interfaces
[9.040s] -- Installing: /home/athens/ros2_athens_ws/install/stm_interfaces/share/stm_interfaces/cmake/stm_interfaces__rosidl_generator_cExport.cmake
[9.040s] -- Installing: /home/athens/ros2_athens_ws/install/stm_interfaces/share/stm_interfaces/cmake/stm_interfaces__rosidl_generator_cExport-noconfig.cmake
[9.040s] -- Installing: /home/athens/ros2_athens_ws/install/stm_interfaces/share/stm_interfaces/cmake/stm_interfaces__rosidl_typesupport_introspection_cExport.cmake
[9.041s] -- Installing: /home/athens/ros2_athens_ws/install/stm_interfaces/share/stm_interfaces/cmake/stm_interfaces__rosidl_typesupport_introspection_cExport-noconfig.cmake
[9.041s] -- Installing: /home/athens/ros2_athens_ws/install/stm_interfaces/share/stm_interfaces/cmake/stm_interfaces__rosidl_typesupport_cExport.cmake
[9.041s] -- Installing: /home/athens/ros2_athens_ws/install/stm_interfaces/share/stm_interfaces/cmake/stm_interfaces__rosidl_typesupport_cExport-noconfig.cmake
[9.041s] -- Installing: /home/athens/ros2_athens_ws/install/stm_interfaces/share/stm_interfaces/cmake/stm_interfaces__rosidl_generator_cppExport.cmake
[9.041s] -- Installing: /home/athens/ros2_athens_ws/install/stm_interfaces/share/stm_interfaces/cmake/stm_interfaces__rosidl_typesupport_introspection_cppExport.cmake
[9.041s] -- Installing: /home/athens/ros2_athens_ws/install/stm_interfaces/share/stm_interfaces/cmake/stm_interfaces__rosidl_typesupport_introspection_cppExport-noconfig.cmake
[9.041s] -- Installing: /home/athens/ros2_athens_ws/install/stm_interfaces/share/stm_interfaces/cmake/stm_interfaces__rosidl_typesupport_cppExport.cmake
[9.042s] -- Installing: /home/athens/ros2_athens_ws/install/stm_interfaces/share/stm_interfaces/cmake/stm_interfaces__rosidl_typesupport_cppExport-noconfig.cmake
[9.042s] -- Installing: /home/athens/ros2_athens_ws/install/stm_interfaces/share/stm_interfaces/cmake/rosidl_cmake-extras.cmake
[9.042s] -- Installing: /home/athens/ros2_athens_ws/install/stm_interfaces/share/stm_interfaces/cmake/ament_cmake_export_dependencies-extras.cmake
[9.042s] -- Installing: /home/athens/ros2_athens_ws/install/stm_interfaces/share/stm_interfaces/cmake/ament_cmake_export_libraries-extras.cmake
[9.042s] -- Installing: /home/athens/ros2_athens_ws/install/stm_interfaces/share/stm_interfaces/cmake/ament_cmake_export_targets-extras.cmake
[9.042s] -- Installing: /home/athens/ros2_athens_ws/install/stm_interfaces/share/stm_interfaces/cmake/ament_cmake_export_include_directories-extras.cmake
[9.042s] -- Installing: /home/athens/ros2_athens_ws/install/stm_interfaces/share/stm_interfaces/cmake/rosidl_cmake_export_typesupport_libraries-extras.cmake
[9.042s] -- Installing: /home/athens/ros2_athens_ws/install/stm_interfaces/share/stm_interfaces/cmake/rosidl_cmake_export_typesupport_targets-extras.cmake
[9.042s] -- Installing: /home/athens/ros2_athens_ws/install/stm_interfaces/share/stm_interfaces/cmake/stm_interfacesConfig.cmake
[9.042s] -- Installing: /home/athens/ros2_athens_ws/install/stm_interfaces/share/stm_interfaces/cmake/stm_interfacesConfig-version.cmake
[9.042s] -- Installing: /home/athens/ros2_athens_ws/install/stm_interfaces/share/stm_interfaces/package.xml
[9.046s] Invoked command in '/home/athens/ros2_athens_ws/build/stm_interfaces' returned '0': CMAKE_PREFIX_PATH=${CMAKE_PREFIX_PATH}:/home/athens/ros2_athens_ws/install/stm_station:/home/athens/ros2_athens_ws/install/first_package:/home/athens/ros2_ws/install/stm_visualization_node:/home/athens/ros2_ws/install/stm_setup:/home/athens/ros2_ws/install/stm_serial_node:/home/athens/ros2_ws/install/stm_control_node:/opt/ros/foxy /usr/bin/cmake --install /home/athens/ros2_athens_ws/build/stm_interfaces
