[1.225s] Invoking command in '/home/athens/ros2_athens_ws/src/first_package': PYTHONPATH=/home/athens/ros2_athens_ws/build/first_package/prefix_override:/usr/lib/python3/dist-packages/colcon_core/task/python/colcon_distutils_commands:/home/athens/ros2_athens_ws/install/first_package/lib/python3.8/site-packages:/home/athens/ros2_athens_ws/install/first_interfaces/lib/python3.8/site-packages:/home/athens/ros2_athens_ws/install/first_package/lib/python3.8/site-packages:/home/athens/ros2_ws/install/turtlesim/lib/python3.8/site-packages:/home/athens/ros2_ws/install/stm_visualization_node/lib/python3.8/site-packages:/home/athens/ros2_ws/install/stm_setup/lib/python3.8/site-packages:/home/athens/ros2_ws/install/stm_serial_node/lib/python3.8/site-packages:/home/athens/ros2_ws/install/stm_interfaces/lib/python3.8/site-packages:/home/athens/ros2_ws/install/stm_control_node/lib/python3.8/site-packages:/opt/ros/foxy/lib/python3.8/site-packages /usr/bin/python3 -W ignore:setup.py install is deprecated setup.py egg_info --egg-base ../../build/first_package build --build-base /home/athens/ros2_athens_ws/build/first_package/build install --record /home/athens/ros2_athens_ws/build/first_package/install.log --install-scripts $base/lib/first_package --single-version-externally-managed install_data
[1.473s] running egg_info
[1.474s] writing ../../build/first_package/first_package.egg-info/PKG-INFO
[1.488s] writing dependency_links to ../../build/first_package/first_package.egg-info/dependency_links.txt
[1.488s] writing entry points to ../../build/first_package/first_package.egg-info/entry_points.txt
[1.488s] writing requirements to ../../build/first_package/first_package.egg-info/requires.txt
[1.488s] writing top-level names to ../../build/first_package/first_package.egg-info/top_level.txt
[1.533s] reading manifest file '../../build/first_package/first_package.egg-info/SOURCES.txt'
[1.535s] writing manifest file '../../build/first_package/first_package.egg-info/SOURCES.txt'
[1.535s] running build
[1.536s] running build_py
[1.538s] running install
[1.540s] running install_lib
[1.545s] running install_data
[1.548s] running install_egg_info
[1.550s] removing '/home/athens/ros2_athens_ws/install/first_package/lib/python3.8/site-packages/first_package-0.0.0-py3.8.egg-info' (and everything under it)
[1.550s] Copying ../../build/first_package/first_package.egg-info to /home/athens/ros2_athens_ws/install/first_package/lib/python3.8/site-packages/first_package-0.0.0-py3.8.egg-info
[1.553s] running install_scripts
[1.589s] Installing simple_publisher_node script to /home/athens/ros2_athens_ws/install/first_package/lib/first_package
[1.590s] Installing simple_pubsub_node script to /home/athens/ros2_athens_ws/install/first_package/lib/first_package
[1.591s] Installing simple_subscriber_node script to /home/athens/ros2_athens_ws/install/first_package/lib/first_package
[1.591s] Installing test_simple_pubsub_node script to /home/athens/ros2_athens_ws/install/first_package/lib/first_package
[1.593s] writing list of installed files to '/home/athens/ros2_athens_ws/build/first_package/install.log'
[1.624s] Invoked command in '/home/athens/ros2_athens_ws/src/first_package' returned '0': PYTHONPATH=/home/athens/ros2_athens_ws/build/first_package/prefix_override:/usr/lib/python3/dist-packages/colcon_core/task/python/colcon_distutils_commands:/home/athens/ros2_athens_ws/install/first_package/lib/python3.8/site-packages:/home/athens/ros2_athens_ws/install/first_interfaces/lib/python3.8/site-packages:/home/athens/ros2_athens_ws/install/first_package/lib/python3.8/site-packages:/home/athens/ros2_ws/install/turtlesim/lib/python3.8/site-packages:/home/athens/ros2_ws/install/stm_visualization_node/lib/python3.8/site-packages:/home/athens/ros2_ws/install/stm_setup/lib/python3.8/site-packages:/home/athens/ros2_ws/install/stm_serial_node/lib/python3.8/site-packages:/home/athens/ros2_ws/install/stm_interfaces/lib/python3.8/site-packages:/home/athens/ros2_ws/install/stm_control_node/lib/python3.8/site-packages:/opt/ros/foxy/lib/python3.8/site-packages /usr/bin/python3 -W ignore:setup.py install is deprecated setup.py egg_info --egg-base ../../build/first_package build --build-base /home/athens/ros2_athens_ws/build/first_package/build install --record /home/athens/ros2_athens_ws/build/first_package/install.log --install-scripts $base/lib/first_package --single-version-externally-managed install_data
