[0.875s] Invoking command in '/home/athens/ros2_athens_ws/src/first_package': CMAKE_PREFIX_PATH=/home/athens/ros2_athens_ws/install/first_interfaces:/home/athens/ros2_athens_ws/install/stm_interfaces:/home/athens/ros2_ws/install/turtlesim:/home/athens/ros2_ws/install/stm_interfaces LD_LIBRARY_PATH=/home/athens/ros2_athens_ws/install/first_interfaces/lib:/home/athens/ros2_athens_ws/install/stm_interfaces/lib:/home/athens/ros2_ws/install/turtlesim/lib:/home/athens/ros2_ws/install/stm_interfaces/lib:/opt/ros/foxy/opt/yaml_cpp_vendor/lib:/opt/ros/foxy/opt/rviz_ogre_vendor/lib:/opt/ros/foxy/lib/x86_64-linux-gnu:/opt/ros/foxy/lib PYTHONPATH=/home/athens/ros2_athens_ws/build/first_package/prefix_override:/usr/lib/python3/dist-packages/colcon_core/task/python/colcon_distutils_commands:/home/athens/ros2_athens_ws/install/first_package/lib/python3.8/site-packages:/home/athens/ros2_athens_ws/install/first_interfaces/lib/python3.8/site-packages:/home/athens/ros2_athens_ws/install/stm_station/lib/python3.8/site-packages:/home/athens/ros2_athens_ws/install/stm_interfaces/lib/python3.8/site-packages:/home/athens/ros2_athens_ws/install/first_package/lib/python3.8/site-packages:/home/athens/ros2_ws/install/turtlesim/lib/python3.8/site-packages:/home/athens/ros2_ws/install/stm_visualization_node/lib/python3.8/site-packages:/home/athens/ros2_ws/install/stm_setup/lib/python3.8/site-packages:/home/athens/ros2_ws/install/stm_serial_node/lib/python3.8/site-packages:/home/athens/ros2_ws/install/stm_interfaces/lib/python3.8/site-packages:/home/athens/ros2_ws/install/stm_control_node/lib/python3.8/site-packages:/opt/ros/foxy/lib/python3.8/site-packages /usr/bin/python3 -W ignore:setup.py install is deprecated setup.py egg_info --egg-base ../../build/first_package build --build-base /home/athens/ros2_athens_ws/build/first_package/build install --record /home/athens/ros2_athens_ws/build/first_package/install.log --install-scripts $base/lib/first_package --single-version-externally-managed install_data
[1.144s] running egg_info
[1.147s] creating ../../build/first_package/first_package.egg-info
[1.149s] writing ../../build/first_package/first_package.egg-info/PKG-INFO
[1.149s] writing dependency_links to ../../build/first_package/first_package.egg-info/dependency_links.txt
[1.149s] writing entry points to ../../build/first_package/first_package.egg-info/entry_points.txt
[1.149s] writing requirements to ../../build/first_package/first_package.egg-info/requires.txt
[1.149s] writing top-level names to ../../build/first_package/first_package.egg-info/top_level.txt
[1.151s] writing manifest file '../../build/first_package/first_package.egg-info/SOURCES.txt'
[1.195s] reading manifest file '../../build/first_package/first_package.egg-info/SOURCES.txt'
[1.196s] writing manifest file '../../build/first_package/first_package.egg-info/SOURCES.txt'
[1.197s] running build
[1.197s] running build_py
[1.198s] creating /home/athens/ros2_athens_ws/build/first_package/build
[1.199s] creating /home/athens/ros2_athens_ws/build/first_package/build/lib
[1.199s] creating /home/athens/ros2_athens_ws/build/first_package/build/lib/first_package
[1.199s] copying first_package/simple_publisher.py -> /home/athens/ros2_athens_ws/build/first_package/build/lib/first_package
[1.199s] copying first_package/simple_pubsub.py -> /home/athens/ros2_athens_ws/build/first_package/build/lib/first_package
[1.200s] copying first_package/simple_subscriber.py -> /home/athens/ros2_athens_ws/build/first_package/build/lib/first_package
[1.200s] copying first_package/__init__.py -> /home/athens/ros2_athens_ws/build/first_package/build/lib/first_package
[1.200s] copying first_package/test_simple_pubsub.py -> /home/athens/ros2_athens_ws/build/first_package/build/lib/first_package
[1.200s] running install
[1.201s] running install_lib
[1.203s] creating /home/athens/ros2_athens_ws/install/first_package/lib/python3.8/site-packages/first_package
[1.203s] copying /home/athens/ros2_athens_ws/build/first_package/build/lib/first_package/simple_publisher.py -> /home/athens/ros2_athens_ws/install/first_package/lib/python3.8/site-packages/first_package
[1.203s] copying /home/athens/ros2_athens_ws/build/first_package/build/lib/first_package/simple_pubsub.py -> /home/athens/ros2_athens_ws/install/first_package/lib/python3.8/site-packages/first_package
[1.203s] copying /home/athens/ros2_athens_ws/build/first_package/build/lib/first_package/simple_subscriber.py -> /home/athens/ros2_athens_ws/install/first_package/lib/python3.8/site-packages/first_package
[1.204s] copying /home/athens/ros2_athens_ws/build/first_package/build/lib/first_package/__init__.py -> /home/athens/ros2_athens_ws/install/first_package/lib/python3.8/site-packages/first_package
[1.204s] copying /home/athens/ros2_athens_ws/build/first_package/build/lib/first_package/test_simple_pubsub.py -> /home/athens/ros2_athens_ws/install/first_package/lib/python3.8/site-packages/first_package
[1.205s] byte-compiling /home/athens/ros2_athens_ws/install/first_package/lib/python3.8/site-packages/first_package/simple_publisher.py to simple_publisher.cpython-38.pyc
[1.208s] byte-compiling /home/athens/ros2_athens_ws/install/first_package/lib/python3.8/site-packages/first_package/simple_pubsub.py to simple_pubsub.cpython-38.pyc
[1.209s] byte-compiling /home/athens/ros2_athens_ws/install/first_package/lib/python3.8/site-packages/first_package/simple_subscriber.py to simple_subscriber.cpython-38.pyc
[1.210s] byte-compiling /home/athens/ros2_athens_ws/install/first_package/lib/python3.8/site-packages/first_package/__init__.py to __init__.cpython-38.pyc
[1.210s] byte-compiling /home/athens/ros2_athens_ws/install/first_package/lib/python3.8/site-packages/first_package/test_simple_pubsub.py to test_simple_pubsub.cpython-38.pyc
[1.211s] running install_data
[1.212s] creating /home/athens/ros2_athens_ws/install/first_package/share/ament_index
[1.212s] creating /home/athens/ros2_athens_ws/install/first_package/share/ament_index/resource_index
[1.212s] creating /home/athens/ros2_athens_ws/install/first_package/share/ament_index/resource_index/packages
[1.212s] copying resource/first_package -> /home/athens/ros2_athens_ws/install/first_package/share/ament_index/resource_index/packages
[1.213s] copying package.xml -> /home/athens/ros2_athens_ws/install/first_package/share/first_package
[1.213s] running install_egg_info
[1.216s] Copying ../../build/first_package/first_package.egg-info to /home/athens/ros2_athens_ws/install/first_package/lib/python3.8/site-packages/first_package-0.0.0-py3.8.egg-info
[1.217s] running install_scripts
[1.246s] Installing simple_publisher_node script to /home/athens/ros2_athens_ws/install/first_package/lib/first_package
[1.247s] Installing simple_pubsub_node script to /home/athens/ros2_athens_ws/install/first_package/lib/first_package
[1.247s] Installing simple_subscriber_node script to /home/athens/ros2_athens_ws/install/first_package/lib/first_package
[1.247s] Installing test_simple_pubsub_node script to /home/athens/ros2_athens_ws/install/first_package/lib/first_package
[1.247s] writing list of installed files to '/home/athens/ros2_athens_ws/build/first_package/install.log'
[1.286s] Invoked command in '/home/athens/ros2_athens_ws/src/first_package' returned '0': CMAKE_PREFIX_PATH=/home/athens/ros2_athens_ws/install/first_interfaces:/home/athens/ros2_athens_ws/install/stm_interfaces:/home/athens/ros2_ws/install/turtlesim:/home/athens/ros2_ws/install/stm_interfaces LD_LIBRARY_PATH=/home/athens/ros2_athens_ws/install/first_interfaces/lib:/home/athens/ros2_athens_ws/install/stm_interfaces/lib:/home/athens/ros2_ws/install/turtlesim/lib:/home/athens/ros2_ws/install/stm_interfaces/lib:/opt/ros/foxy/opt/yaml_cpp_vendor/lib:/opt/ros/foxy/opt/rviz_ogre_vendor/lib:/opt/ros/foxy/lib/x86_64-linux-gnu:/opt/ros/foxy/lib PYTHONPATH=/home/athens/ros2_athens_ws/build/first_package/prefix_override:/usr/lib/python3/dist-packages/colcon_core/task/python/colcon_distutils_commands:/home/athens/ros2_athens_ws/install/first_package/lib/python3.8/site-packages:/home/athens/ros2_athens_ws/install/first_interfaces/lib/python3.8/site-packages:/home/athens/ros2_athens_ws/install/stm_station/lib/python3.8/site-packages:/home/athens/ros2_athens_ws/install/stm_interfaces/lib/python3.8/site-packages:/home/athens/ros2_athens_ws/install/first_package/lib/python3.8/site-packages:/home/athens/ros2_ws/install/turtlesim/lib/python3.8/site-packages:/home/athens/ros2_ws/install/stm_visualization_node/lib/python3.8/site-packages:/home/athens/ros2_ws/install/stm_setup/lib/python3.8/site-packages:/home/athens/ros2_ws/install/stm_serial_node/lib/python3.8/site-packages:/home/athens/ros2_ws/install/stm_interfaces/lib/python3.8/site-packages:/home/athens/ros2_ws/install/stm_control_node/lib/python3.8/site-packages:/opt/ros/foxy/lib/python3.8/site-packages /usr/bin/python3 -W ignore:setup.py install is deprecated setup.py egg_info --egg-base ../../build/first_package build --build-base /home/athens/ros2_athens_ws/build/first_package/build install --record /home/athens/ros2_athens_ws/build/first_package/install.log --install-scripts $base/lib/first_package --single-version-externally-managed install_data
