[1.192s] Invoking command in '/home/athens/ros2_athens_ws/src/stm_station': PYTHONPATH=/home/athens/ros2_athens_ws/build/stm_station/prefix_override:/usr/lib/python3/dist-packages/colcon_core/task/python/colcon_distutils_commands:/home/athens/ros2_athens_ws/install/stm_station/lib/python3.8/site-packages:${PYTHONPATH} /usr/bin/python3 -W ignore:setup.py install is deprecated setup.py egg_info --egg-base ../../build/stm_station build --build-base /home/athens/ros2_athens_ws/build/stm_station/build install --record /home/athens/ros2_athens_ws/build/stm_station/install.log --install-scripts $base/lib/stm_station --single-version-externally-managed install_data
[1.474s] running egg_info
[1.475s] creating ../../build/stm_station/stm_station.egg-info
[1.476s] writing ../../build/stm_station/stm_station.egg-info/PKG-INFO
[1.477s] writing dependency_links to ../../build/stm_station/stm_station.egg-info/dependency_links.txt
[1.477s] writing entry points to ../../build/stm_station/stm_station.egg-info/entry_points.txt
[1.478s] writing requirements to ../../build/stm_station/stm_station.egg-info/requires.txt
[1.478s] writing top-level names to ../../build/stm_station/stm_station.egg-info/top_level.txt
[1.480s] writing manifest file '../../build/stm_station/stm_station.egg-info/SOURCES.txt'
[1.526s] reading manifest file '../../build/stm_station/stm_station.egg-info/SOURCES.txt'
[1.529s] writing manifest file '../../build/stm_station/stm_station.egg-info/SOURCES.txt'
[1.530s] running build
[1.530s] running build_py
[1.531s] creating /home/athens/ros2_athens_ws/build/stm_station/build
[1.531s] creating /home/athens/ros2_athens_ws/build/stm_station/build/lib
[1.531s] creating /home/athens/ros2_athens_ws/build/stm_station/build/lib/stm_station
[1.531s] copying stm_station/4_stm_serial_node_pub.py -> /home/athens/ros2_athens_ws/build/stm_station/build/lib/stm_station
[1.533s] copying stm_station/__init__.py -> /home/athens/ros2_athens_ws/build/stm_station/build/lib/stm_station
[1.533s] running install
[1.534s] running install_lib
[1.536s] creating /home/athens/ros2_athens_ws/install/stm_station/lib/python3.8/site-packages/stm_station
[1.536s] copying /home/athens/ros2_athens_ws/build/stm_station/build/lib/stm_station/4_stm_serial_node_pub.py -> /home/athens/ros2_athens_ws/install/stm_station/lib/python3.8/site-packages/stm_station
[1.537s] copying /home/athens/ros2_athens_ws/build/stm_station/build/lib/stm_station/__init__.py -> /home/athens/ros2_athens_ws/install/stm_station/lib/python3.8/site-packages/stm_station
[1.538s] byte-compiling /home/athens/ros2_athens_ws/install/stm_station/lib/python3.8/site-packages/stm_station/4_stm_serial_node_pub.py to 4_stm_serial_node_pub.cpython-38.pyc
[1.540s] byte-compiling /home/athens/ros2_athens_ws/install/stm_station/lib/python3.8/site-packages/stm_station/__init__.py to __init__.cpython-38.pyc
[1.541s] running install_data
[1.541s] creating /home/athens/ros2_athens_ws/install/stm_station/share/ament_index
[1.541s] creating /home/athens/ros2_athens_ws/install/stm_station/share/ament_index/resource_index
[1.541s] creating /home/athens/ros2_athens_ws/install/stm_station/share/ament_index/resource_index/packages
[1.544s] copying resource/stm_station -> /home/athens/ros2_athens_ws/install/stm_station/share/ament_index/resource_index/packages
[1.544s] copying package.xml -> /home/athens/ros2_athens_ws/install/stm_station/share/stm_station
[1.544s] running install_egg_info
[1.546s] Copying ../../build/stm_station/stm_station.egg-info to /home/athens/ros2_athens_ws/install/stm_station/lib/python3.8/site-packages/stm_station-0.0.0-py3.8.egg-info
[1.552s] running install_scripts
[1.599s] Installing 4_stm_serial_node_pub script to /home/athens/ros2_athens_ws/install/stm_station/lib/stm_station
[1.600s] writing list of installed files to '/home/athens/ros2_athens_ws/build/stm_station/install.log'
[1.639s] Invoked command in '/home/athens/ros2_athens_ws/src/stm_station' returned '0': PYTHONPATH=/home/athens/ros2_athens_ws/build/stm_station/prefix_override:/usr/lib/python3/dist-packages/colcon_core/task/python/colcon_distutils_commands:/home/athens/ros2_athens_ws/install/stm_station/lib/python3.8/site-packages:${PYTHONPATH} /usr/bin/python3 -W ignore:setup.py install is deprecated setup.py egg_info --egg-base ../../build/stm_station build --build-base /home/athens/ros2_athens_ws/build/stm_station/build install --record /home/athens/ros2_athens_ws/build/stm_station/install.log --install-scripts $base/lib/stm_station --single-version-externally-managed install_data
