[1.408s] Invoking command in '/home/athens/ros2_athens_ws/src/first_package': AMENT_PREFIX_PATH=/home/athens/ros2_athens_ws/install/first_interfaces:${AMENT_PREFIX_PATH} CMAKE_PREFIX_PATH=/home/athens/ros2_athens_ws/install/first_interfaces:${CMAKE_PREFIX_PATH} LD_LIBRARY_PATH=/home/athens/ros2_athens_ws/install/first_interfaces/lib:${LD_LIBRARY_PATH} PYTHONPATH=/home/athens/ros2_athens_ws/build/first_package/prefix_override:/usr/lib/python3/dist-packages/colcon_core/task/python/colcon_distutils_commands:/home/athens/ros2_athens_ws/install/first_package/lib/python3.8/site-packages:/home/athens/ros2_athens_ws/install/first_interfaces/lib/python3.8/site-packages:${PYTHONPATH} /usr/bin/python3 -W ignore:setup.py install is deprecated setup.py egg_info --egg-base ../../build/first_package build --build-base /home/athens/ros2_athens_ws/build/first_package/build install --record /home/athens/ros2_athens_ws/build/first_package/install.log --install-scripts $base/lib/first_package --single-version-externally-managed install_data
[1.681s] running egg_info
[1.684s] writing ../../build/first_package/first_package.egg-info/PKG-INFO
[1.693s] writing dependency_links to ../../build/first_package/first_package.egg-info/dependency_links.txt
[1.696s] writing entry points to ../../build/first_package/first_package.egg-info/entry_points.txt
[1.697s] writing requirements to ../../build/first_package/first_package.egg-info/requires.txt
[1.698s] writing top-level names to ../../build/first_package/first_package.egg-info/top_level.txt
[1.760s] reading manifest file '../../build/first_package/first_package.egg-info/SOURCES.txt'
[1.763s] writing manifest file '../../build/first_package/first_package.egg-info/SOURCES.txt'
[1.765s] running build
[1.765s] running build_py
[1.772s] running install
[1.774s] running install_lib
[1.778s] running install_data
[1.780s] copying package.xml -> /home/athens/ros2_athens_ws/install/first_package/share/first_package
[1.781s] running install_egg_info
[1.783s] removing '/home/athens/ros2_athens_ws/install/first_package/lib/python3.8/site-packages/first_package-0.0.0-py3.8.egg-info' (and everything under it)
[1.807s] Copying ../../build/first_package/first_package.egg-info to /home/athens/ros2_athens_ws/install/first_package/lib/python3.8/site-packages/first_package-0.0.0-py3.8.egg-info
[1.808s] running install_scripts
[1.829s] Installing simple_publisher_node script to /home/athens/ros2_athens_ws/install/first_package/lib/first_package
[1.839s] Installing simple_pubsub_node script to /home/athens/ros2_athens_ws/install/first_package/lib/first_package
[1.842s] Installing simple_subscriber_node script to /home/athens/ros2_athens_ws/install/first_package/lib/first_package
[1.843s] Installing test_simple_pubsub_node script to /home/athens/ros2_athens_ws/install/first_package/lib/first_package
[1.845s] writing list of installed files to '/home/athens/ros2_athens_ws/build/first_package/install.log'
[1.872s] Invoked command in '/home/athens/ros2_athens_ws/src/first_package' returned '0': AMENT_PREFIX_PATH=/home/athens/ros2_athens_ws/install/first_interfaces:${AMENT_PREFIX_PATH} CMAKE_PREFIX_PATH=/home/athens/ros2_athens_ws/install/first_interfaces:${CMAKE_PREFIX_PATH} LD_LIBRARY_PATH=/home/athens/ros2_athens_ws/install/first_interfaces/lib:${LD_LIBRARY_PATH} PYTHONPATH=/home/athens/ros2_athens_ws/build/first_package/prefix_override:/usr/lib/python3/dist-packages/colcon_core/task/python/colcon_distutils_commands:/home/athens/ros2_athens_ws/install/first_package/lib/python3.8/site-packages:/home/athens/ros2_athens_ws/install/first_interfaces/lib/python3.8/site-packages:${PYTHONPATH} /usr/bin/python3 -W ignore:setup.py install is deprecated setup.py egg_info --egg-base ../../build/first_package build --build-base /home/athens/ros2_athens_ws/build/first_package/build install --record /home/athens/ros2_athens_ws/build/first_package/install.log --install-scripts $base/lib/first_package --single-version-externally-managed install_data
