[0.088s] Invoking command in '/home/athens/ros2_athens_ws/build/first_interfaces': CMAKE_PREFIX_PATH=${CMAKE_PREFIX_PATH}:/home/athens/ros2_athens_ws/install/first_package:/home/athens/ros2_ws/install/stm_visualization_node:/home/athens/ros2_ws/install/stm_setup:/home/athens/ros2_ws/install/stm_serial_node:/home/athens/ros2_ws/install/stm_control_node:/opt/ros/foxy /usr/bin/cmake /home/athens/ros2_athens_ws/src/first_interfaces -DCMAKE_INSTALL_PREFIX=/home/athens/ros2_athens_ws/install/first_interfaces
[0.936s] -- The C compiler identification is GNU 9.4.0
[1.255s] -- The CXX compiler identification is GNU 9.4.0
[1.279s] -- Check for working C compiler: /usr/bin/cc
[1.425s] -- Check for working C compiler: /usr/bin/cc -- works
[1.429s] -- Detecting C compiler ABI info
[1.549s] -- Detecting C compiler ABI info - done
[1.569s] -- Detecting C compile features
[1.572s] -- Detecting C compile features - done
[1.581s] -- Check for working CXX compiler: /usr/bin/c++
[1.724s] -- Check for working CXX compiler: /usr/bin/c++ -- works
[1.727s] -- Detecting CXX compiler ABI info
[1.876s] -- Detecting CXX compiler ABI info - done
[1.898s] -- Detecting CXX compile features
[1.899s] -- Detecting CXX compile features - done
[1.949s] -- Found ament_cmake: 0.9.12 (/opt/ros/foxy/share/ament_cmake/cmake)
[2.024s] -- Found PythonInterp: /usr/bin/python3 (found suitable version "3.8.10", minimum required is "3") 
[2.024s] -- Using PYTHON_EXECUTABLE: /usr/bin/python3
[2.406s] CMake Error at CMakeLists.txt:20 (find_package):
[2.407s]   By not providing "Findstd-msgs.cmake" in CMAKE_MODULE_PATH this project has
[2.407s]   asked CMake to find a package configuration file provided by "std-msgs",
[2.408s]   but CMake did not find one.
[2.408s] 
[2.409s]   Could not find a package configuration file provided by "std-msgs" with any
[2.409s]   of the following names:
[2.409s] 
[2.410s]     std-msgsConfig.cmake
[2.410s]     std-msgs-config.cmake
[2.410s] 
[2.411s]   Add the installation prefix of "std-msgs" to CMAKE_PREFIX_PATH or set
[2.411s]   "std-msgs_DIR" to a directory containing one of the above files.  If
[2.412s]   "std-msgs" provides a separate development package or SDK, be sure it has
[2.412s]   been installed.
[2.412s] 
[2.412s] 
[2.414s] -- Configuring incomplete, errors occurred!
[2.414s] See also "/home/athens/ros2_athens_ws/build/first_interfaces/CMakeFiles/CMakeOutput.log".
[2.425s] Invoked command in '/home/athens/ros2_athens_ws/build/first_interfaces' returned '1': CMAKE_PREFIX_PATH=${CMAKE_PREFIX_PATH}:/home/athens/ros2_athens_ws/install/first_package:/home/athens/ros2_ws/install/stm_visualization_node:/home/athens/ros2_ws/install/stm_setup:/home/athens/ros2_ws/install/stm_serial_node:/home/athens/ros2_ws/install/stm_control_node:/opt/ros/foxy /usr/bin/cmake /home/athens/ros2_athens_ws/src/first_interfaces -DCMAKE_INSTALL_PREFIX=/home/athens/ros2_athens_ws/install/first_interfaces
