[0.268s] DEBUG:colcon:Command line arguments: ['/usr/bin/colcon', 'build']
[0.268s] DEBUG:colcon:Parsed command line arguments: Namespace(allow_overriding=[], ament_cmake_args=None, base_paths=['.'], build_base='build', catkin_cmake_args=None, catkin_skip_building_tests=False, cmake_args=None, cmake_clean_cache=False, cmake_clean_first=False, cmake_force_configure=False, cmake_target=None, cmake_target_skip_unavailable=False, continue_on_error=False, event_handlers=None, executor='parallel', ignore_user_meta=False, install_base='install', log_base=None, log_level=None, main=<bound method BuildVerb.main of <colcon_core.verb.build.BuildVerb object at 0x7f2886e0b400>>, merge_install=False, metas=['./colcon.meta'], mixin=None, mixin_files=None, mixin_verb=('build',), packages_above=None, packages_above_and_dependencies=None, packages_above_depth=None, packages_end=None, packages_ignore=None, packages_ignore_regex=None, packages_select=None, packages_select_build_failed=False, packages_select_by_dep=None, packages_select_regex=None, packages_select_test_failures=False, packages_skip=None, packages_skip_build_finished=False, packages_skip_by_dep=None, packages_skip_regex=None, packages_skip_test_passed=False, packages_skip_up_to=None, packages_start=None, packages_up_to=None, packages_up_to_regex=None, parallel_workers=4, paths=None, symlink_install=False, test_result_base=None, verb_extension=<colcon_core.verb.build.BuildVerb object at 0x7f2886e0b400>, verb_name='build', verb_parser=<colcon_mixin.mixin.mixin_argument.MixinArgumentDecorator object at 0x7f2886ddd940>)
[0.409s] Level 1:colcon.colcon_core.package_discovery:discover_packages(colcon_meta) check parameters
[0.409s] Level 1:colcon.colcon_core.package_discovery:discover_packages(recursive) check parameters
[0.409s] Level 1:colcon.colcon_core.package_discovery:discover_packages(ignore) check parameters
[0.409s] Level 1:colcon.colcon_core.package_discovery:discover_packages(path) check parameters
[0.409s] Level 1:colcon.colcon_core.package_discovery:discover_packages(colcon_meta) discover
[0.409s] Level 1:colcon.colcon_core.package_discovery:discover_packages(recursive) discover
[0.409s] INFO:colcon.colcon_core.package_discovery:Crawling recursively for packages in '/home/athens/ros2_athens_ws'
[0.409s] Level 1:colcon.colcon_core.package_identification:_identify(.) by extensions ['ignore', 'ignore_ament_install']
[0.410s] Level 1:colcon.colcon_core.package_identification:_identify(.) by extension 'ignore'
[0.410s] Level 1:colcon.colcon_core.package_identification:_identify(.) by extension 'ignore_ament_install'
[0.410s] Level 1:colcon.colcon_core.package_identification:_identify(.) by extensions ['colcon_pkg']
[0.410s] Level 1:colcon.colcon_core.package_identification:_identify(.) by extension 'colcon_pkg'
[0.410s] Level 1:colcon.colcon_core.package_identification:_identify(.) by extensions ['colcon_meta']
[0.410s] Level 1:colcon.colcon_core.package_identification:_identify(.) by extension 'colcon_meta'
[0.410s] Level 1:colcon.colcon_core.package_identification:_identify(.) by extensions ['ros']
[0.410s] Level 1:colcon.colcon_core.package_identification:_identify(.) by extension 'ros'
[0.422s] Level 1:colcon.colcon_core.package_identification:_identify(.) by extensions ['cmake', 'python']
[0.422s] Level 1:colcon.colcon_core.package_identification:_identify(.) by extension 'cmake'
[0.422s] Level 1:colcon.colcon_core.package_identification:_identify(.) by extension 'python'
[0.422s] Level 1:colcon.colcon_core.package_identification:_identify(.) by extensions ['python_setup_py']
[0.422s] Level 1:colcon.colcon_core.package_identification:_identify(.) by extension 'python_setup_py'
[0.423s] Level 1:colcon.colcon_core.package_identification:_identify(bags) by extensions ['ignore', 'ignore_ament_install']
[0.423s] Level 1:colcon.colcon_core.package_identification:_identify(bags) by extension 'ignore'
[0.423s] Level 1:colcon.colcon_core.package_identification:_identify(bags) by extension 'ignore_ament_install'
[0.423s] Level 1:colcon.colcon_core.package_identification:_identify(bags) by extensions ['colcon_pkg']
[0.423s] Level 1:colcon.colcon_core.package_identification:_identify(bags) by extension 'colcon_pkg'
[0.423s] Level 1:colcon.colcon_core.package_identification:_identify(bags) by extensions ['colcon_meta']
[0.423s] Level 1:colcon.colcon_core.package_identification:_identify(bags) by extension 'colcon_meta'
[0.423s] Level 1:colcon.colcon_core.package_identification:_identify(bags) by extensions ['ros']
[0.423s] Level 1:colcon.colcon_core.package_identification:_identify(bags) by extension 'ros'
[0.423s] Level 1:colcon.colcon_core.package_identification:_identify(bags) by extensions ['cmake', 'python']
[0.423s] Level 1:colcon.colcon_core.package_identification:_identify(bags) by extension 'cmake'
[0.423s] Level 1:colcon.colcon_core.package_identification:_identify(bags) by extension 'python'
[0.423s] Level 1:colcon.colcon_core.package_identification:_identify(bags) by extensions ['python_setup_py']
[0.423s] Level 1:colcon.colcon_core.package_identification:_identify(bags) by extension 'python_setup_py'
[0.423s] Level 1:colcon.colcon_core.package_identification:_identify(bags/rosbag2_2024_11_21-10_41_01) by extensions ['ignore', 'ignore_ament_install']
[0.423s] Level 1:colcon.colcon_core.package_identification:_identify(bags/rosbag2_2024_11_21-10_41_01) by extension 'ignore'
[0.423s] Level 1:colcon.colcon_core.package_identification:_identify(bags/rosbag2_2024_11_21-10_41_01) by extension 'ignore_ament_install'
[0.423s] Level 1:colcon.colcon_core.package_identification:_identify(bags/rosbag2_2024_11_21-10_41_01) by extensions ['colcon_pkg']
[0.423s] Level 1:colcon.colcon_core.package_identification:_identify(bags/rosbag2_2024_11_21-10_41_01) by extension 'colcon_pkg'
[0.424s] Level 1:colcon.colcon_core.package_identification:_identify(bags/rosbag2_2024_11_21-10_41_01) by extensions ['colcon_meta']
[0.424s] Level 1:colcon.colcon_core.package_identification:_identify(bags/rosbag2_2024_11_21-10_41_01) by extension 'colcon_meta'
[0.424s] Level 1:colcon.colcon_core.package_identification:_identify(bags/rosbag2_2024_11_21-10_41_01) by extensions ['ros']
[0.424s] Level 1:colcon.colcon_core.package_identification:_identify(bags/rosbag2_2024_11_21-10_41_01) by extension 'ros'
[0.424s] Level 1:colcon.colcon_core.package_identification:_identify(bags/rosbag2_2024_11_21-10_41_01) by extensions ['cmake', 'python']
[0.424s] Level 1:colcon.colcon_core.package_identification:_identify(bags/rosbag2_2024_11_21-10_41_01) by extension 'cmake'
[0.424s] Level 1:colcon.colcon_core.package_identification:_identify(bags/rosbag2_2024_11_21-10_41_01) by extension 'python'
[0.424s] Level 1:colcon.colcon_core.package_identification:_identify(bags/rosbag2_2024_11_21-10_41_01) by extensions ['python_setup_py']
[0.424s] Level 1:colcon.colcon_core.package_identification:_identify(bags/rosbag2_2024_11_21-10_41_01) by extension 'python_setup_py'
[0.424s] Level 1:colcon.colcon_core.package_identification:_identify(bags/stm_pub2) by extensions ['ignore', 'ignore_ament_install']
[0.424s] Level 1:colcon.colcon_core.package_identification:_identify(bags/stm_pub2) by extension 'ignore'
[0.424s] Level 1:colcon.colcon_core.package_identification:_identify(bags/stm_pub2) by extension 'ignore_ament_install'
[0.424s] Level 1:colcon.colcon_core.package_identification:_identify(bags/stm_pub2) by extensions ['colcon_pkg']
[0.424s] Level 1:colcon.colcon_core.package_identification:_identify(bags/stm_pub2) by extension 'colcon_pkg'
[0.424s] Level 1:colcon.colcon_core.package_identification:_identify(bags/stm_pub2) by extensions ['colcon_meta']
[0.424s] Level 1:colcon.colcon_core.package_identification:_identify(bags/stm_pub2) by extension 'colcon_meta'
[0.424s] Level 1:colcon.colcon_core.package_identification:_identify(bags/stm_pub2) by extensions ['ros']
[0.424s] Level 1:colcon.colcon_core.package_identification:_identify(bags/stm_pub2) by extension 'ros'
[0.424s] Level 1:colcon.colcon_core.package_identification:_identify(bags/stm_pub2) by extensions ['cmake', 'python']
[0.424s] Level 1:colcon.colcon_core.package_identification:_identify(bags/stm_pub2) by extension 'cmake'
[0.424s] Level 1:colcon.colcon_core.package_identification:_identify(bags/stm_pub2) by extension 'python'
[0.424s] Level 1:colcon.colcon_core.package_identification:_identify(bags/stm_pub2) by extensions ['python_setup_py']
[0.424s] Level 1:colcon.colcon_core.package_identification:_identify(bags/stm_pub2) by extension 'python_setup_py'
[0.424s] Level 1:colcon.colcon_core.package_identification:_identify(bags/turlesim_demo) by extensions ['ignore', 'ignore_ament_install']
[0.424s] Level 1:colcon.colcon_core.package_identification:_identify(bags/turlesim_demo) by extension 'ignore'
[0.425s] Level 1:colcon.colcon_core.package_identification:_identify(bags/turlesim_demo) by extension 'ignore_ament_install'
[0.425s] Level 1:colcon.colcon_core.package_identification:_identify(bags/turlesim_demo) by extensions ['colcon_pkg']
[0.425s] Level 1:colcon.colcon_core.package_identification:_identify(bags/turlesim_demo) by extension 'colcon_pkg'
[0.425s] Level 1:colcon.colcon_core.package_identification:_identify(bags/turlesim_demo) by extensions ['colcon_meta']
[0.425s] Level 1:colcon.colcon_core.package_identification:_identify(bags/turlesim_demo) by extension 'colcon_meta'
[0.425s] Level 1:colcon.colcon_core.package_identification:_identify(bags/turlesim_demo) by extensions ['ros']
[0.425s] Level 1:colcon.colcon_core.package_identification:_identify(bags/turlesim_demo) by extension 'ros'
[0.425s] Level 1:colcon.colcon_core.package_identification:_identify(bags/turlesim_demo) by extensions ['cmake', 'python']
[0.425s] Level 1:colcon.colcon_core.package_identification:_identify(bags/turlesim_demo) by extension 'cmake'
[0.425s] Level 1:colcon.colcon_core.package_identification:_identify(bags/turlesim_demo) by extension 'python'
[0.425s] Level 1:colcon.colcon_core.package_identification:_identify(bags/turlesim_demo) by extensions ['python_setup_py']
[0.425s] Level 1:colcon.colcon_core.package_identification:_identify(bags/turlesim_demo) by extension 'python_setup_py'
[0.425s] Level 1:colcon.colcon_core.package_identification:_identify(build) by extensions ['ignore', 'ignore_ament_install']
[0.425s] Level 1:colcon.colcon_core.package_identification:_identify(build) by extension 'ignore'
[0.425s] Level 1:colcon.colcon_core.package_identification:_identify(build) ignored
[0.425s] Level 1:colcon.colcon_core.package_identification:_identify(delivrable) by extensions ['ignore', 'ignore_ament_install']
[0.425s] Level 1:colcon.colcon_core.package_identification:_identify(delivrable) by extension 'ignore'
[0.426s] Level 1:colcon.colcon_core.package_identification:_identify(delivrable) by extension 'ignore_ament_install'
[0.426s] Level 1:colcon.colcon_core.package_identification:_identify(delivrable) by extensions ['colcon_pkg']
[0.426s] Level 1:colcon.colcon_core.package_identification:_identify(delivrable) by extension 'colcon_pkg'
[0.426s] Level 1:colcon.colcon_core.package_identification:_identify(delivrable) by extensions ['colcon_meta']
[0.426s] Level 1:colcon.colcon_core.package_identification:_identify(delivrable) by extension 'colcon_meta'
[0.426s] Level 1:colcon.colcon_core.package_identification:_identify(delivrable) by extensions ['ros']
[0.426s] Level 1:colcon.colcon_core.package_identification:_identify(delivrable) by extension 'ros'
[0.426s] Level 1:colcon.colcon_core.package_identification:_identify(delivrable) by extensions ['cmake', 'python']
[0.426s] Level 1:colcon.colcon_core.package_identification:_identify(delivrable) by extension 'cmake'
[0.426s] Level 1:colcon.colcon_core.package_identification:_identify(delivrable) by extension 'python'
[0.426s] Level 1:colcon.colcon_core.package_identification:_identify(delivrable) by extensions ['python_setup_py']
[0.426s] Level 1:colcon.colcon_core.package_identification:_identify(delivrable) by extension 'python_setup_py'
[0.426s] Level 1:colcon.colcon_core.package_identification:_identify(delivrable/bags) by extensions ['ignore', 'ignore_ament_install']
[0.426s] Level 1:colcon.colcon_core.package_identification:_identify(delivrable/bags) by extension 'ignore'
[0.426s] Level 1:colcon.colcon_core.package_identification:_identify(delivrable/bags) by extension 'ignore_ament_install'
[0.426s] Level 1:colcon.colcon_core.package_identification:_identify(delivrable/bags) by extensions ['colcon_pkg']
[0.426s] Level 1:colcon.colcon_core.package_identification:_identify(delivrable/bags) by extension 'colcon_pkg'
[0.426s] Level 1:colcon.colcon_core.package_identification:_identify(delivrable/bags) by extensions ['colcon_meta']
[0.426s] Level 1:colcon.colcon_core.package_identification:_identify(delivrable/bags) by extension 'colcon_meta'
[0.426s] Level 1:colcon.colcon_core.package_identification:_identify(delivrable/bags) by extensions ['ros']
[0.426s] Level 1:colcon.colcon_core.package_identification:_identify(delivrable/bags) by extension 'ros'
[0.426s] Level 1:colcon.colcon_core.package_identification:_identify(delivrable/bags) by extensions ['cmake', 'python']
[0.426s] Level 1:colcon.colcon_core.package_identification:_identify(delivrable/bags) by extension 'cmake'
[0.426s] Level 1:colcon.colcon_core.package_identification:_identify(delivrable/bags) by extension 'python'
[0.426s] Level 1:colcon.colcon_core.package_identification:_identify(delivrable/bags) by extensions ['python_setup_py']
[0.426s] Level 1:colcon.colcon_core.package_identification:_identify(delivrable/bags) by extension 'python_setup_py'
[0.427s] Level 1:colcon.colcon_core.package_identification:_identify(delivrable/bags/delivrable1.1_bag) by extensions ['ignore', 'ignore_ament_install']
[0.427s] Level 1:colcon.colcon_core.package_identification:_identify(delivrable/bags/delivrable1.1_bag) by extension 'ignore'
[0.427s] Level 1:colcon.colcon_core.package_identification:_identify(delivrable/bags/delivrable1.1_bag) by extension 'ignore_ament_install'
[0.427s] Level 1:colcon.colcon_core.package_identification:_identify(delivrable/bags/delivrable1.1_bag) by extensions ['colcon_pkg']
[0.427s] Level 1:colcon.colcon_core.package_identification:_identify(delivrable/bags/delivrable1.1_bag) by extension 'colcon_pkg'
[0.427s] Level 1:colcon.colcon_core.package_identification:_identify(delivrable/bags/delivrable1.1_bag) by extensions ['colcon_meta']
[0.427s] Level 1:colcon.colcon_core.package_identification:_identify(delivrable/bags/delivrable1.1_bag) by extension 'colcon_meta'
[0.427s] Level 1:colcon.colcon_core.package_identification:_identify(delivrable/bags/delivrable1.1_bag) by extensions ['ros']
[0.427s] Level 1:colcon.colcon_core.package_identification:_identify(delivrable/bags/delivrable1.1_bag) by extension 'ros'
[0.427s] Level 1:colcon.colcon_core.package_identification:_identify(delivrable/bags/delivrable1.1_bag) by extensions ['cmake', 'python']
[0.427s] Level 1:colcon.colcon_core.package_identification:_identify(delivrable/bags/delivrable1.1_bag) by extension 'cmake'
[0.427s] Level 1:colcon.colcon_core.package_identification:_identify(delivrable/bags/delivrable1.1_bag) by extension 'python'
[0.427s] Level 1:colcon.colcon_core.package_identification:_identify(delivrable/bags/delivrable1.1_bag) by extensions ['python_setup_py']
[0.427s] Level 1:colcon.colcon_core.package_identification:_identify(delivrable/bags/delivrable1.1_bag) by extension 'python_setup_py'
[0.427s] Level 1:colcon.colcon_core.package_identification:_identify(delivrable/bags/delivrable1.2_bag) by extensions ['ignore', 'ignore_ament_install']
[0.427s] Level 1:colcon.colcon_core.package_identification:_identify(delivrable/bags/delivrable1.2_bag) by extension 'ignore'
[0.427s] Level 1:colcon.colcon_core.package_identification:_identify(delivrable/bags/delivrable1.2_bag) by extension 'ignore_ament_install'
[0.427s] Level 1:colcon.colcon_core.package_identification:_identify(delivrable/bags/delivrable1.2_bag) by extensions ['colcon_pkg']
[0.427s] Level 1:colcon.colcon_core.package_identification:_identify(delivrable/bags/delivrable1.2_bag) by extension 'colcon_pkg'
[0.427s] Level 1:colcon.colcon_core.package_identification:_identify(delivrable/bags/delivrable1.2_bag) by extensions ['colcon_meta']
[0.427s] Level 1:colcon.colcon_core.package_identification:_identify(delivrable/bags/delivrable1.2_bag) by extension 'colcon_meta'
[0.427s] Level 1:colcon.colcon_core.package_identification:_identify(delivrable/bags/delivrable1.2_bag) by extensions ['ros']
[0.427s] Level 1:colcon.colcon_core.package_identification:_identify(delivrable/bags/delivrable1.2_bag) by extension 'ros'
[0.427s] Level 1:colcon.colcon_core.package_identification:_identify(delivrable/bags/delivrable1.2_bag) by extensions ['cmake', 'python']
[0.428s] Level 1:colcon.colcon_core.package_identification:_identify(delivrable/bags/delivrable1.2_bag) by extension 'cmake'
[0.428s] Level 1:colcon.colcon_core.package_identification:_identify(delivrable/bags/delivrable1.2_bag) by extension 'python'
[0.428s] Level 1:colcon.colcon_core.package_identification:_identify(delivrable/bags/delivrable1.2_bag) by extensions ['python_setup_py']
[0.428s] Level 1:colcon.colcon_core.package_identification:_identify(delivrable/bags/delivrable1.2_bag) by extension 'python_setup_py'
[0.428s] Level 1:colcon.colcon_core.package_identification:_identify(delivrable/bags/devlivrable1.3_bag) by extensions ['ignore', 'ignore_ament_install']
[0.428s] Level 1:colcon.colcon_core.package_identification:_identify(delivrable/bags/devlivrable1.3_bag) by extension 'ignore'
[0.428s] Level 1:colcon.colcon_core.package_identification:_identify(delivrable/bags/devlivrable1.3_bag) by extension 'ignore_ament_install'
[0.428s] Level 1:colcon.colcon_core.package_identification:_identify(delivrable/bags/devlivrable1.3_bag) by extensions ['colcon_pkg']
[0.428s] Level 1:colcon.colcon_core.package_identification:_identify(delivrable/bags/devlivrable1.3_bag) by extension 'colcon_pkg'
[0.428s] Level 1:colcon.colcon_core.package_identification:_identify(delivrable/bags/devlivrable1.3_bag) by extensions ['colcon_meta']
[0.428s] Level 1:colcon.colcon_core.package_identification:_identify(delivrable/bags/devlivrable1.3_bag) by extension 'colcon_meta'
[0.428s] Level 1:colcon.colcon_core.package_identification:_identify(delivrable/bags/devlivrable1.3_bag) by extensions ['ros']
[0.428s] Level 1:colcon.colcon_core.package_identification:_identify(delivrable/bags/devlivrable1.3_bag) by extension 'ros'
[0.428s] Level 1:colcon.colcon_core.package_identification:_identify(delivrable/bags/devlivrable1.3_bag) by extensions ['cmake', 'python']
[0.428s] Level 1:colcon.colcon_core.package_identification:_identify(delivrable/bags/devlivrable1.3_bag) by extension 'cmake'
[0.428s] Level 1:colcon.colcon_core.package_identification:_identify(delivrable/bags/devlivrable1.3_bag) by extension 'python'
[0.428s] Level 1:colcon.colcon_core.package_identification:_identify(delivrable/bags/devlivrable1.3_bag) by extensions ['python_setup_py']
[0.428s] Level 1:colcon.colcon_core.package_identification:_identify(delivrable/bags/devlivrable1.3_bag) by extension 'python_setup_py'
[0.428s] Level 1:colcon.colcon_core.package_identification:_identify(install) by extensions ['ignore', 'ignore_ament_install']
[0.429s] Level 1:colcon.colcon_core.package_identification:_identify(install) by extension 'ignore'
[0.429s] Level 1:colcon.colcon_core.package_identification:_identify(install) ignored
[0.429s] Level 1:colcon.colcon_core.package_identification:_identify(log) by extensions ['ignore', 'ignore_ament_install']
[0.429s] Level 1:colcon.colcon_core.package_identification:_identify(log) by extension 'ignore'
[0.429s] Level 1:colcon.colcon_core.package_identification:_identify(log) ignored
[0.429s] Level 1:colcon.colcon_core.package_identification:_identify(src) by extensions ['ignore', 'ignore_ament_install']
[0.429s] Level 1:colcon.colcon_core.package_identification:_identify(src) by extension 'ignore'
[0.429s] Level 1:colcon.colcon_core.package_identification:_identify(src) by extension 'ignore_ament_install'
[0.429s] Level 1:colcon.colcon_core.package_identification:_identify(src) by extensions ['colcon_pkg']
[0.429s] Level 1:colcon.colcon_core.package_identification:_identify(src) by extension 'colcon_pkg'
[0.429s] Level 1:colcon.colcon_core.package_identification:_identify(src) by extensions ['colcon_meta']
[0.429s] Level 1:colcon.colcon_core.package_identification:_identify(src) by extension 'colcon_meta'
[0.429s] Level 1:colcon.colcon_core.package_identification:_identify(src) by extensions ['ros']
[0.430s] Level 1:colcon.colcon_core.package_identification:_identify(src) by extension 'ros'
[0.430s] Level 1:colcon.colcon_core.package_identification:_identify(src) by extensions ['cmake', 'python']
[0.430s] Level 1:colcon.colcon_core.package_identification:_identify(src) by extension 'cmake'
[0.430s] Level 1:colcon.colcon_core.package_identification:_identify(src) by extension 'python'
[0.430s] Level 1:colcon.colcon_core.package_identification:_identify(src) by extensions ['python_setup_py']
[0.430s] Level 1:colcon.colcon_core.package_identification:_identify(src) by extension 'python_setup_py'
[0.430s] Level 1:colcon.colcon_core.package_identification:_identify(src/first_interfaces) by extensions ['ignore', 'ignore_ament_install']
[0.430s] Level 1:colcon.colcon_core.package_identification:_identify(src/first_interfaces) by extension 'ignore'
[0.430s] Level 1:colcon.colcon_core.package_identification:_identify(src/first_interfaces) by extension 'ignore_ament_install'
[0.430s] Level 1:colcon.colcon_core.package_identification:_identify(src/first_interfaces) by extensions ['colcon_pkg']
[0.430s] Level 1:colcon.colcon_core.package_identification:_identify(src/first_interfaces) by extension 'colcon_pkg'
[0.430s] Level 1:colcon.colcon_core.package_identification:_identify(src/first_interfaces) by extensions ['colcon_meta']
[0.430s] Level 1:colcon.colcon_core.package_identification:_identify(src/first_interfaces) by extension 'colcon_meta'
[0.430s] Level 1:colcon.colcon_core.package_identification:_identify(src/first_interfaces) by extensions ['ros']
[0.430s] Level 1:colcon.colcon_core.package_identification:_identify(src/first_interfaces) by extension 'ros'
[0.433s] DEBUG:colcon.colcon_core.package_identification:Package 'src/first_interfaces' with type 'ros.ament_cmake' and name 'first_interfaces'
[0.433s] Level 1:colcon.colcon_core.package_identification:_identify(src/first_package) by extensions ['ignore', 'ignore_ament_install']
[0.438s] Level 1:colcon.colcon_core.package_identification:_identify(src/first_package) by extension 'ignore'
[0.439s] Level 1:colcon.colcon_core.package_identification:_identify(src/first_package) by extension 'ignore_ament_install'
[0.439s] Level 1:colcon.colcon_core.package_identification:_identify(src/first_package) by extensions ['colcon_pkg']
[0.439s] Level 1:colcon.colcon_core.package_identification:_identify(src/first_package) by extension 'colcon_pkg'
[0.439s] Level 1:colcon.colcon_core.package_identification:_identify(src/first_package) by extensions ['colcon_meta']
[0.439s] Level 1:colcon.colcon_core.package_identification:_identify(src/first_package) by extension 'colcon_meta'
[0.439s] Level 1:colcon.colcon_core.package_identification:_identify(src/first_package) by extensions ['ros']
[0.439s] Level 1:colcon.colcon_core.package_identification:_identify(src/first_package) by extension 'ros'
[0.440s] DEBUG:colcon.colcon_core.package_identification:Package 'src/first_package' with type 'ros.ament_python' and name 'first_package'
[0.440s] Level 1:colcon.colcon_core.package_identification:_identify(src/stm_interfaces) by extensions ['ignore', 'ignore_ament_install']
[0.440s] Level 1:colcon.colcon_core.package_identification:_identify(src/stm_interfaces) by extension 'ignore'
[0.440s] Level 1:colcon.colcon_core.package_identification:_identify(src/stm_interfaces) by extension 'ignore_ament_install'
[0.440s] Level 1:colcon.colcon_core.package_identification:_identify(src/stm_interfaces) by extensions ['colcon_pkg']
[0.440s] Level 1:colcon.colcon_core.package_identification:_identify(src/stm_interfaces) by extension 'colcon_pkg'
[0.440s] Level 1:colcon.colcon_core.package_identification:_identify(src/stm_interfaces) by extensions ['colcon_meta']
[0.440s] Level 1:colcon.colcon_core.package_identification:_identify(src/stm_interfaces) by extension 'colcon_meta'
[0.440s] Level 1:colcon.colcon_core.package_identification:_identify(src/stm_interfaces) by extensions ['ros']
[0.440s] Level 1:colcon.colcon_core.package_identification:_identify(src/stm_interfaces) by extension 'ros'
[0.441s] DEBUG:colcon.colcon_core.package_identification:Package 'src/stm_interfaces' with type 'ros.ament_cmake' and name 'stm_interfaces'
[0.441s] Level 1:colcon.colcon_core.package_identification:_identify(src/stm_station) by extensions ['ignore', 'ignore_ament_install']
[0.441s] Level 1:colcon.colcon_core.package_identification:_identify(src/stm_station) by extension 'ignore'
[0.441s] Level 1:colcon.colcon_core.package_identification:_identify(src/stm_station) by extension 'ignore_ament_install'
[0.441s] Level 1:colcon.colcon_core.package_identification:_identify(src/stm_station) by extensions ['colcon_pkg']
[0.441s] Level 1:colcon.colcon_core.package_identification:_identify(src/stm_station) by extension 'colcon_pkg'
[0.441s] Level 1:colcon.colcon_core.package_identification:_identify(src/stm_station) by extensions ['colcon_meta']
[0.441s] Level 1:colcon.colcon_core.package_identification:_identify(src/stm_station) by extension 'colcon_meta'
[0.441s] Level 1:colcon.colcon_core.package_identification:_identify(src/stm_station) by extensions ['ros']
[0.441s] Level 1:colcon.colcon_core.package_identification:_identify(src/stm_station) by extension 'ros'
[0.442s] DEBUG:colcon.colcon_core.package_identification:Package 'src/stm_station' with type 'ros.ament_python' and name 'stm_station'
[0.442s] Level 1:colcon.colcon_core.package_discovery:discover_packages(recursive) using defaults
[0.442s] Level 1:colcon.colcon_core.package_discovery:discover_packages(ignore) discover
[0.442s] Level 1:colcon.colcon_core.package_discovery:discover_packages(ignore) using defaults
[0.442s] Level 1:colcon.colcon_core.package_discovery:discover_packages(path) discover
[0.442s] Level 1:colcon.colcon_core.package_discovery:discover_packages(path) using defaults
[0.462s] Level 1:colcon.colcon_core.package_discovery:discover_packages(prefix_path) check parameters
[0.463s] Level 1:colcon.colcon_core.package_discovery:discover_packages(prefix_path) discover
[0.464s] DEBUG:colcon.colcon_installed_package_information.package_discovery:Found 4 installed packages in /home/athens/ros2_athens_ws/install
[0.466s] DEBUG:colcon.colcon_installed_package_information.package_discovery:Found 256 installed packages in /opt/ros/foxy
[0.468s] Level 1:colcon.colcon_core.package_discovery:discover_packages(prefix_path) using defaults
[0.557s] Level 5:colcon.colcon_core.verb:set package 'first_interfaces' build argument 'cmake_args' from command line to 'None'
[0.558s] Level 5:colcon.colcon_core.verb:set package 'first_interfaces' build argument 'cmake_target' from command line to 'None'
[0.558s] Level 5:colcon.colcon_core.verb:set package 'first_interfaces' build argument 'cmake_target_skip_unavailable' from command line to 'False'
[0.558s] Level 5:colcon.colcon_core.verb:set package 'first_interfaces' build argument 'cmake_clean_cache' from command line to 'False'
[0.558s] Level 5:colcon.colcon_core.verb:set package 'first_interfaces' build argument 'cmake_clean_first' from command line to 'False'
[0.558s] Level 5:colcon.colcon_core.verb:set package 'first_interfaces' build argument 'cmake_force_configure' from command line to 'False'
[0.558s] Level 5:colcon.colcon_core.verb:set package 'first_interfaces' build argument 'ament_cmake_args' from command line to 'None'
[0.558s] Level 5:colcon.colcon_core.verb:set package 'first_interfaces' build argument 'catkin_cmake_args' from command line to 'None'
[0.558s] Level 5:colcon.colcon_core.verb:set package 'first_interfaces' build argument 'catkin_skip_building_tests' from command line to 'False'
[0.558s] DEBUG:colcon.colcon_core.verb:Building package 'first_interfaces' with the following arguments: {'ament_cmake_args': None, 'build_base': '/home/athens/ros2_athens_ws/build/first_interfaces', 'catkin_cmake_args': None, 'catkin_skip_building_tests': False, 'cmake_args': None, 'cmake_clean_cache': False, 'cmake_clean_first': False, 'cmake_force_configure': False, 'cmake_target': None, 'cmake_target_skip_unavailable': False, 'install_base': '/home/athens/ros2_athens_ws/install/first_interfaces', 'merge_install': False, 'path': '/home/athens/ros2_athens_ws/src/first_interfaces', 'symlink_install': False, 'test_result_base': None}
[0.558s] Level 5:colcon.colcon_core.verb:set package 'stm_interfaces' build argument 'cmake_args' from command line to 'None'
[0.558s] Level 5:colcon.colcon_core.verb:set package 'stm_interfaces' build argument 'cmake_target' from command line to 'None'
[0.559s] Level 5:colcon.colcon_core.verb:set package 'stm_interfaces' build argument 'cmake_target_skip_unavailable' from command line to 'False'
[0.559s] Level 5:colcon.colcon_core.verb:set package 'stm_interfaces' build argument 'cmake_clean_cache' from command line to 'False'
[0.559s] Level 5:colcon.colcon_core.verb:set package 'stm_interfaces' build argument 'cmake_clean_first' from command line to 'False'
[0.559s] Level 5:colcon.colcon_core.verb:set package 'stm_interfaces' build argument 'cmake_force_configure' from command line to 'False'
[0.559s] Level 5:colcon.colcon_core.verb:set package 'stm_interfaces' build argument 'ament_cmake_args' from command line to 'None'
[0.559s] Level 5:colcon.colcon_core.verb:set package 'stm_interfaces' build argument 'catkin_cmake_args' from command line to 'None'
[0.559s] Level 5:colcon.colcon_core.verb:set package 'stm_interfaces' build argument 'catkin_skip_building_tests' from command line to 'False'
[0.559s] DEBUG:colcon.colcon_core.verb:Building package 'stm_interfaces' with the following arguments: {'ament_cmake_args': None, 'build_base': '/home/athens/ros2_athens_ws/build/stm_interfaces', 'catkin_cmake_args': None, 'catkin_skip_building_tests': False, 'cmake_args': None, 'cmake_clean_cache': False, 'cmake_clean_first': False, 'cmake_force_configure': False, 'cmake_target': None, 'cmake_target_skip_unavailable': False, 'install_base': '/home/athens/ros2_athens_ws/install/stm_interfaces', 'merge_install': False, 'path': '/home/athens/ros2_athens_ws/src/stm_interfaces', 'symlink_install': False, 'test_result_base': None}
[0.559s] Level 5:colcon.colcon_core.verb:set package 'first_package' build argument 'cmake_args' from command line to 'None'
[0.559s] Level 5:colcon.colcon_core.verb:set package 'first_package' build argument 'cmake_target' from command line to 'None'
[0.559s] Level 5:colcon.colcon_core.verb:set package 'first_package' build argument 'cmake_target_skip_unavailable' from command line to 'False'
[0.559s] Level 5:colcon.colcon_core.verb:set package 'first_package' build argument 'cmake_clean_cache' from command line to 'False'
[0.559s] Level 5:colcon.colcon_core.verb:set package 'first_package' build argument 'cmake_clean_first' from command line to 'False'
[0.559s] Level 5:colcon.colcon_core.verb:set package 'first_package' build argument 'cmake_force_configure' from command line to 'False'
[0.559s] Level 5:colcon.colcon_core.verb:set package 'first_package' build argument 'ament_cmake_args' from command line to 'None'
[0.559s] Level 5:colcon.colcon_core.verb:set package 'first_package' build argument 'catkin_cmake_args' from command line to 'None'
[0.559s] Level 5:colcon.colcon_core.verb:set package 'first_package' build argument 'catkin_skip_building_tests' from command line to 'False'
[0.559s] DEBUG:colcon.colcon_core.verb:Building package 'first_package' with the following arguments: {'ament_cmake_args': None, 'build_base': '/home/athens/ros2_athens_ws/build/first_package', 'catkin_cmake_args': None, 'catkin_skip_building_tests': False, 'cmake_args': None, 'cmake_clean_cache': False, 'cmake_clean_first': False, 'cmake_force_configure': False, 'cmake_target': None, 'cmake_target_skip_unavailable': False, 'install_base': '/home/athens/ros2_athens_ws/install/first_package', 'merge_install': False, 'path': '/home/athens/ros2_athens_ws/src/first_package', 'symlink_install': False, 'test_result_base': None}
[0.560s] Level 5:colcon.colcon_core.verb:set package 'stm_station' build argument 'cmake_args' from command line to 'None'
[0.560s] Level 5:colcon.colcon_core.verb:set package 'stm_station' build argument 'cmake_target' from command line to 'None'
[0.560s] Level 5:colcon.colcon_core.verb:set package 'stm_station' build argument 'cmake_target_skip_unavailable' from command line to 'False'
[0.560s] Level 5:colcon.colcon_core.verb:set package 'stm_station' build argument 'cmake_clean_cache' from command line to 'False'
[0.560s] Level 5:colcon.colcon_core.verb:set package 'stm_station' build argument 'cmake_clean_first' from command line to 'False'
[0.560s] Level 5:colcon.colcon_core.verb:set package 'stm_station' build argument 'cmake_force_configure' from command line to 'False'
[0.560s] Level 5:colcon.colcon_core.verb:set package 'stm_station' build argument 'ament_cmake_args' from command line to 'None'
[0.560s] Level 5:colcon.colcon_core.verb:set package 'stm_station' build argument 'catkin_cmake_args' from command line to 'None'
[0.560s] Level 5:colcon.colcon_core.verb:set package 'stm_station' build argument 'catkin_skip_building_tests' from command line to 'False'
[0.560s] DEBUG:colcon.colcon_core.verb:Building package 'stm_station' with the following arguments: {'ament_cmake_args': None, 'build_base': '/home/athens/ros2_athens_ws/build/stm_station', 'catkin_cmake_args': None, 'catkin_skip_building_tests': False, 'cmake_args': None, 'cmake_clean_cache': False, 'cmake_clean_first': False, 'cmake_force_configure': False, 'cmake_target': None, 'cmake_target_skip_unavailable': False, 'install_base': '/home/athens/ros2_athens_ws/install/stm_station', 'merge_install': False, 'path': '/home/athens/ros2_athens_ws/src/stm_station', 'symlink_install': False, 'test_result_base': None}
[0.560s] INFO:colcon.colcon_core.executor:Executing jobs using 'parallel' executor
[0.563s] DEBUG:colcon.colcon_parallel_executor.executor.parallel:run_until_complete
[0.563s] INFO:colcon.colcon_ros.task.ament_cmake.build:Building ROS package in '/home/athens/ros2_athens_ws/src/first_interfaces' with build type 'ament_cmake'
[0.563s] INFO:colcon.colcon_cmake.task.cmake.build:Building CMake package in '/home/athens/ros2_athens_ws/src/first_interfaces'
[0.566s] INFO:colcon.colcon_core.plugin_system:Skipping extension 'colcon_core.shell.bat': Not used on non-Windows systems
[0.566s] INFO:colcon.colcon_core.shell:Skip shell extension 'powershell' for command environment: Not usable outside of PowerShell
[0.566s] DEBUG:colcon.colcon_core.shell:Skip shell extension 'dsv' for command environment
[0.573s] INFO:colcon.colcon_ros.task.ament_cmake.build:Building ROS package in '/home/athens/ros2_athens_ws/src/stm_interfaces' with build type 'ament_cmake'
[0.574s] INFO:colcon.colcon_cmake.task.cmake.build:Building CMake package in '/home/athens/ros2_athens_ws/src/stm_interfaces'
[0.575s] INFO:colcon.colcon_core.shell:Skip shell extension 'powershell' for command environment: Not usable outside of PowerShell
[0.575s] DEBUG:colcon.colcon_core.shell:Skip shell extension 'dsv' for command environment
[0.622s] DEBUG:colcon.colcon_core.event_handler.log_command:Invoking command in '/home/athens/ros2_athens_ws/build/first_interfaces': CMAKE_PREFIX_PATH=${CMAKE_PREFIX_PATH}:/home/athens/ros2_athens_ws/install/stm_station:/home/athens/ros2_athens_ws/install/first_package:/opt/ros/foxy /usr/bin/cmake --build /home/athens/ros2_athens_ws/build/first_interfaces -- -j4 -l4
[0.637s] DEBUG:colcon.colcon_core.event_handler.log_command:Invoking command in '/home/athens/ros2_athens_ws/build/stm_interfaces': CMAKE_PREFIX_PATH=${CMAKE_PREFIX_PATH}:/home/athens/ros2_athens_ws/install/stm_station:/home/athens/ros2_athens_ws/install/first_package:/opt/ros/foxy /usr/bin/cmake --build /home/athens/ros2_athens_ws/build/stm_interfaces -- -j4 -l4
[1.098s] DEBUG:colcon.colcon_core.event_handler.log_command:Invoked command in '/home/athens/ros2_athens_ws/build/first_interfaces' returned '0': CMAKE_PREFIX_PATH=${CMAKE_PREFIX_PATH}:/home/athens/ros2_athens_ws/install/stm_station:/home/athens/ros2_athens_ws/install/first_package:/opt/ros/foxy /usr/bin/cmake --build /home/athens/ros2_athens_ws/build/first_interfaces -- -j4 -l4
[1.140s] DEBUG:colcon.colcon_core.event_handler.log_command:Invoked command in '/home/athens/ros2_athens_ws/build/stm_interfaces' returned '0': CMAKE_PREFIX_PATH=${CMAKE_PREFIX_PATH}:/home/athens/ros2_athens_ws/install/stm_station:/home/athens/ros2_athens_ws/install/first_package:/opt/ros/foxy /usr/bin/cmake --build /home/athens/ros2_athens_ws/build/stm_interfaces -- -j4 -l4
[1.362s] DEBUG:colcon.colcon_core.event_handler.log_command:Invoking command in '/home/athens/ros2_athens_ws/build/first_interfaces': CMAKE_PREFIX_PATH=${CMAKE_PREFIX_PATH}:/home/athens/ros2_athens_ws/install/stm_station:/home/athens/ros2_athens_ws/install/first_package:/opt/ros/foxy /usr/bin/cmake --install /home/athens/ros2_athens_ws/build/first_interfaces
[1.421s] DEBUG:colcon.colcon_core.event_handler.log_command:Invoking command in '/home/athens/ros2_athens_ws/build/stm_interfaces': CMAKE_PREFIX_PATH=${CMAKE_PREFIX_PATH}:/home/athens/ros2_athens_ws/install/stm_station:/home/athens/ros2_athens_ws/install/first_package:/opt/ros/foxy /usr/bin/cmake --install /home/athens/ros2_athens_ws/build/stm_interfaces
[1.520s] Level 1:colcon.colcon_core.environment:create_environment_scripts_only(first_interfaces)
[1.527s] DEBUG:colcon.colcon_core.event_handler.log_command:Invoked command in '/home/athens/ros2_athens_ws/build/first_interfaces' returned '0': CMAKE_PREFIX_PATH=${CMAKE_PREFIX_PATH}:/home/athens/ros2_athens_ws/install/stm_station:/home/athens/ros2_athens_ws/install/first_package:/opt/ros/foxy /usr/bin/cmake --install /home/athens/ros2_athens_ws/build/first_interfaces
[1.531s] Level 1:colcon.colcon_core.environment:checking '/home/athens/ros2_athens_ws/install/first_interfaces' for CMake module files
[1.532s] Level 1:colcon.colcon_core.environment:checking '/home/athens/ros2_athens_ws/install/first_interfaces' for CMake config files
[1.533s] Level 1:colcon.colcon_core.shell:create_environment_hook('first_interfaces', 'cmake_prefix_path')
[1.533s] INFO:colcon.colcon_core.shell:Creating environment hook '/home/athens/ros2_athens_ws/install/first_interfaces/share/first_interfaces/hook/cmake_prefix_path.ps1'
[1.535s] INFO:colcon.colcon_core.shell:Creating environment descriptor '/home/athens/ros2_athens_ws/install/first_interfaces/share/first_interfaces/hook/cmake_prefix_path.dsv'
[1.536s] INFO:colcon.colcon_core.shell:Creating environment hook '/home/athens/ros2_athens_ws/install/first_interfaces/share/first_interfaces/hook/cmake_prefix_path.sh'
[1.538s] Level 1:colcon.colcon_core.environment:checking '/home/athens/ros2_athens_ws/install/first_interfaces/lib'
[1.539s] Level 1:colcon.colcon_core.shell:create_environment_hook('first_interfaces', 'ld_library_path_lib')
[1.539s] INFO:colcon.colcon_core.shell:Creating environment hook '/home/athens/ros2_athens_ws/install/first_interfaces/share/first_interfaces/hook/ld_library_path_lib.ps1'
[1.540s] INFO:colcon.colcon_core.shell:Creating environment descriptor '/home/athens/ros2_athens_ws/install/first_interfaces/share/first_interfaces/hook/ld_library_path_lib.dsv'
[1.542s] INFO:colcon.colcon_core.shell:Creating environment hook '/home/athens/ros2_athens_ws/install/first_interfaces/share/first_interfaces/hook/ld_library_path_lib.sh'
[1.543s] Level 1:colcon.colcon_core.environment:checking '/home/athens/ros2_athens_ws/install/first_interfaces/bin'
[1.543s] Level 1:colcon.colcon_core.environment:checking '/home/athens/ros2_athens_ws/install/first_interfaces/lib/pkgconfig/first_interfaces.pc'
[1.543s] Level 1:colcon.colcon_core.environment:checking '/home/athens/ros2_athens_ws/install/first_interfaces/lib/python3.8/site-packages'
[1.543s] Level 1:colcon.colcon_core.shell:create_environment_hook('first_interfaces', 'pythonpath')
[1.543s] INFO:colcon.colcon_core.shell:Creating environment hook '/home/athens/ros2_athens_ws/install/first_interfaces/share/first_interfaces/hook/pythonpath.ps1'
[1.544s] INFO:colcon.colcon_core.shell:Creating environment descriptor '/home/athens/ros2_athens_ws/install/first_interfaces/share/first_interfaces/hook/pythonpath.dsv'
[1.545s] INFO:colcon.colcon_core.shell:Creating environment hook '/home/athens/ros2_athens_ws/install/first_interfaces/share/first_interfaces/hook/pythonpath.sh'
[1.546s] Level 1:colcon.colcon_core.environment:checking '/home/athens/ros2_athens_ws/install/first_interfaces/bin'
[1.546s] INFO:colcon.colcon_core.shell:Creating package script '/home/athens/ros2_athens_ws/install/first_interfaces/share/first_interfaces/package.ps1'
[1.548s] INFO:colcon.colcon_core.shell:Creating package descriptor '/home/athens/ros2_athens_ws/install/first_interfaces/share/first_interfaces/package.dsv'
[1.549s] INFO:colcon.colcon_core.shell:Creating package script '/home/athens/ros2_athens_ws/install/first_interfaces/share/first_interfaces/package.sh'
[1.552s] INFO:colcon.colcon_core.shell:Creating package script '/home/athens/ros2_athens_ws/install/first_interfaces/share/first_interfaces/package.bash'
[1.554s] INFO:colcon.colcon_core.shell:Creating package script '/home/athens/ros2_athens_ws/install/first_interfaces/share/first_interfaces/package.zsh'
[1.556s] Level 1:colcon.colcon_core.environment:create_file_with_runtime_dependencies(/home/athens/ros2_athens_ws/install/first_interfaces/share/colcon-core/packages/first_interfaces)
[1.568s] Level 1:colcon.colcon_core.environment:create_environment_scripts_only(stm_interfaces)
[1.569s] DEBUG:colcon.colcon_core.event_handler.log_command:Invoked command in '/home/athens/ros2_athens_ws/build/stm_interfaces' returned '0': CMAKE_PREFIX_PATH=${CMAKE_PREFIX_PATH}:/home/athens/ros2_athens_ws/install/stm_station:/home/athens/ros2_athens_ws/install/first_package:/opt/ros/foxy /usr/bin/cmake --install /home/athens/ros2_athens_ws/build/stm_interfaces
[1.570s] Level 1:colcon.colcon_core.environment:checking '/home/athens/ros2_athens_ws/install/stm_interfaces' for CMake module files
[1.572s] Level 1:colcon.colcon_core.environment:checking '/home/athens/ros2_athens_ws/install/stm_interfaces' for CMake config files
[1.573s] Level 1:colcon.colcon_core.shell:create_environment_hook('stm_interfaces', 'cmake_prefix_path')
[1.574s] INFO:colcon.colcon_core.shell:Creating environment hook '/home/athens/ros2_athens_ws/install/stm_interfaces/share/stm_interfaces/hook/cmake_prefix_path.ps1'
[1.576s] INFO:colcon.colcon_core.shell:Creating environment descriptor '/home/athens/ros2_athens_ws/install/stm_interfaces/share/stm_interfaces/hook/cmake_prefix_path.dsv'
[1.578s] INFO:colcon.colcon_core.shell:Creating environment hook '/home/athens/ros2_athens_ws/install/stm_interfaces/share/stm_interfaces/hook/cmake_prefix_path.sh'
[1.582s] Level 1:colcon.colcon_core.environment:checking '/home/athens/ros2_athens_ws/install/stm_interfaces/lib'
[1.582s] Level 1:colcon.colcon_core.shell:create_environment_hook('stm_interfaces', 'ld_library_path_lib')
[1.583s] INFO:colcon.colcon_core.shell:Creating environment hook '/home/athens/ros2_athens_ws/install/stm_interfaces/share/stm_interfaces/hook/ld_library_path_lib.ps1'
[1.583s] INFO:colcon.colcon_core.shell:Creating environment descriptor '/home/athens/ros2_athens_ws/install/stm_interfaces/share/stm_interfaces/hook/ld_library_path_lib.dsv'
[1.585s] INFO:colcon.colcon_core.shell:Creating environment hook '/home/athens/ros2_athens_ws/install/stm_interfaces/share/stm_interfaces/hook/ld_library_path_lib.sh'
[1.586s] Level 1:colcon.colcon_core.environment:checking '/home/athens/ros2_athens_ws/install/stm_interfaces/bin'
[1.586s] Level 1:colcon.colcon_core.environment:checking '/home/athens/ros2_athens_ws/install/stm_interfaces/lib/pkgconfig/stm_interfaces.pc'
[1.587s] Level 1:colcon.colcon_core.environment:checking '/home/athens/ros2_athens_ws/install/stm_interfaces/lib/python3.8/site-packages'
[1.588s] Level 1:colcon.colcon_core.shell:create_environment_hook('stm_interfaces', 'pythonpath')
[1.589s] INFO:colcon.colcon_core.shell:Creating environment hook '/home/athens/ros2_athens_ws/install/stm_interfaces/share/stm_interfaces/hook/pythonpath.ps1'
[1.591s] INFO:colcon.colcon_core.shell:Creating environment descriptor '/home/athens/ros2_athens_ws/install/stm_interfaces/share/stm_interfaces/hook/pythonpath.dsv'
[1.592s] INFO:colcon.colcon_core.shell:Creating environment hook '/home/athens/ros2_athens_ws/install/stm_interfaces/share/stm_interfaces/hook/pythonpath.sh'
[1.594s] Level 1:colcon.colcon_core.environment:checking '/home/athens/ros2_athens_ws/install/stm_interfaces/bin'
[1.596s] INFO:colcon.colcon_core.shell:Creating package script '/home/athens/ros2_athens_ws/install/stm_interfaces/share/stm_interfaces/package.ps1'
[1.598s] INFO:colcon.colcon_core.shell:Creating package descriptor '/home/athens/ros2_athens_ws/install/stm_interfaces/share/stm_interfaces/package.dsv'
[1.601s] INFO:colcon.colcon_core.shell:Creating package script '/home/athens/ros2_athens_ws/install/stm_interfaces/share/stm_interfaces/package.sh'
[1.602s] INFO:colcon.colcon_core.shell:Creating package script '/home/athens/ros2_athens_ws/install/stm_interfaces/share/stm_interfaces/package.bash'
[1.604s] INFO:colcon.colcon_core.shell:Creating package script '/home/athens/ros2_athens_ws/install/stm_interfaces/share/stm_interfaces/package.zsh'
[1.610s] Level 1:colcon.colcon_core.environment:create_file_with_runtime_dependencies(/home/athens/ros2_athens_ws/install/stm_interfaces/share/colcon-core/packages/stm_interfaces)
[1.790s] Level 1:colcon.colcon_core.environment:create_environment_scripts_only(first_interfaces)
[1.791s] Level 1:colcon.colcon_core.environment:checking '/home/athens/ros2_athens_ws/install/first_interfaces' for CMake module files
[1.792s] Level 1:colcon.colcon_core.environment:checking '/home/athens/ros2_athens_ws/install/first_interfaces' for CMake config files
[1.793s] Level 1:colcon.colcon_core.shell:create_environment_hook('first_interfaces', 'cmake_prefix_path')
[1.793s] INFO:colcon.colcon_core.shell:Creating environment hook '/home/athens/ros2_athens_ws/install/first_interfaces/share/first_interfaces/hook/cmake_prefix_path.ps1'
[1.795s] INFO:colcon.colcon_core.shell:Creating environment descriptor '/home/athens/ros2_athens_ws/install/first_interfaces/share/first_interfaces/hook/cmake_prefix_path.dsv'
[1.797s] INFO:colcon.colcon_core.shell:Creating environment hook '/home/athens/ros2_athens_ws/install/first_interfaces/share/first_interfaces/hook/cmake_prefix_path.sh'
[1.800s] Level 1:colcon.colcon_core.environment:checking '/home/athens/ros2_athens_ws/install/first_interfaces/lib'
[1.800s] Level 1:colcon.colcon_core.shell:create_environment_hook('first_interfaces', 'ld_library_path_lib')
[1.800s] INFO:colcon.colcon_core.shell:Creating environment hook '/home/athens/ros2_athens_ws/install/first_interfaces/share/first_interfaces/hook/ld_library_path_lib.ps1'
[1.802s] INFO:colcon.colcon_core.shell:Creating environment descriptor '/home/athens/ros2_athens_ws/install/first_interfaces/share/first_interfaces/hook/ld_library_path_lib.dsv'
[1.803s] INFO:colcon.colcon_core.shell:Creating environment hook '/home/athens/ros2_athens_ws/install/first_interfaces/share/first_interfaces/hook/ld_library_path_lib.sh'
[1.805s] Level 1:colcon.colcon_core.environment:checking '/home/athens/ros2_athens_ws/install/first_interfaces/bin'
[1.806s] Level 1:colcon.colcon_core.environment:checking '/home/athens/ros2_athens_ws/install/first_interfaces/lib/pkgconfig/first_interfaces.pc'
[1.807s] Level 1:colcon.colcon_core.environment:checking '/home/athens/ros2_athens_ws/install/first_interfaces/lib/python3.8/site-packages'
[1.807s] Level 1:colcon.colcon_core.shell:create_environment_hook('first_interfaces', 'pythonpath')
[1.808s] INFO:colcon.colcon_core.shell:Creating environment hook '/home/athens/ros2_athens_ws/install/first_interfaces/share/first_interfaces/hook/pythonpath.ps1'
[1.810s] INFO:colcon.colcon_core.shell:Creating environment descriptor '/home/athens/ros2_athens_ws/install/first_interfaces/share/first_interfaces/hook/pythonpath.dsv'
[1.811s] INFO:colcon.colcon_core.shell:Creating environment hook '/home/athens/ros2_athens_ws/install/first_interfaces/share/first_interfaces/hook/pythonpath.sh'
[1.816s] Level 1:colcon.colcon_core.environment:checking '/home/athens/ros2_athens_ws/install/first_interfaces/bin'
[1.819s] INFO:colcon.colcon_core.shell:Creating package script '/home/athens/ros2_athens_ws/install/first_interfaces/share/first_interfaces/package.ps1'
[1.825s] INFO:colcon.colcon_core.shell:Creating package descriptor '/home/athens/ros2_athens_ws/install/first_interfaces/share/first_interfaces/package.dsv'
[1.827s] INFO:colcon.colcon_core.shell:Creating package script '/home/athens/ros2_athens_ws/install/first_interfaces/share/first_interfaces/package.sh'
[1.828s] INFO:colcon.colcon_core.shell:Creating package script '/home/athens/ros2_athens_ws/install/first_interfaces/share/first_interfaces/package.bash'
[1.829s] INFO:colcon.colcon_core.shell:Creating package script '/home/athens/ros2_athens_ws/install/first_interfaces/share/first_interfaces/package.zsh'
[1.830s] Level 1:colcon.colcon_core.environment:create_file_with_runtime_dependencies(/home/athens/ros2_athens_ws/install/first_interfaces/share/colcon-core/packages/first_interfaces)
[1.832s] INFO:colcon.colcon_ros.task.ament_python.build:Building ROS package in '/home/athens/ros2_athens_ws/src/first_package' with build type 'ament_python'
[1.832s] Level 1:colcon.colcon_core.shell:create_environment_hook('first_package', 'ament_prefix_path')
[1.832s] INFO:colcon.colcon_core.shell:Creating environment hook '/home/athens/ros2_athens_ws/install/first_package/share/first_package/hook/ament_prefix_path.ps1'
[1.838s] INFO:colcon.colcon_core.shell:Creating environment descriptor '/home/athens/ros2_athens_ws/install/first_package/share/first_package/hook/ament_prefix_path.dsv'
[1.840s] INFO:colcon.colcon_core.shell:Creating environment hook '/home/athens/ros2_athens_ws/install/first_package/share/first_package/hook/ament_prefix_path.sh'
[1.845s] INFO:colcon.colcon_core.shell:Skip shell extension 'powershell' for command environment: Not usable outside of PowerShell
[1.846s] DEBUG:colcon.colcon_core.shell:Skip shell extension 'dsv' for command environment
[2.147s] INFO:colcon.colcon_core.task.python.build:Building Python package in '/home/athens/ros2_athens_ws/src/first_package'
[2.148s] INFO:colcon.colcon_core.shell:Skip shell extension 'powershell' for command environment: Not usable outside of PowerShell
[2.148s] DEBUG:colcon.colcon_core.shell:Skip shell extension 'dsv' for command environment
[2.156s] Level 1:colcon.colcon_core.environment:create_environment_scripts_only(stm_interfaces)
[2.156s] Level 1:colcon.colcon_core.environment:checking '/home/athens/ros2_athens_ws/install/stm_interfaces' for CMake module files
[2.156s] Level 1:colcon.colcon_core.environment:checking '/home/athens/ros2_athens_ws/install/stm_interfaces' for CMake config files
[2.160s] Level 1:colcon.colcon_core.shell:create_environment_hook('stm_interfaces', 'cmake_prefix_path')
[2.160s] INFO:colcon.colcon_core.shell:Creating environment hook '/home/athens/ros2_athens_ws/install/stm_interfaces/share/stm_interfaces/hook/cmake_prefix_path.ps1'
[2.160s] INFO:colcon.colcon_core.shell:Creating environment descriptor '/home/athens/ros2_athens_ws/install/stm_interfaces/share/stm_interfaces/hook/cmake_prefix_path.dsv'
[2.161s] INFO:colcon.colcon_core.shell:Creating environment hook '/home/athens/ros2_athens_ws/install/stm_interfaces/share/stm_interfaces/hook/cmake_prefix_path.sh'
[2.165s] Level 1:colcon.colcon_core.environment:checking '/home/athens/ros2_athens_ws/install/stm_interfaces/lib'
[2.165s] Level 1:colcon.colcon_core.shell:create_environment_hook('stm_interfaces', 'ld_library_path_lib')
[2.165s] INFO:colcon.colcon_core.shell:Creating environment hook '/home/athens/ros2_athens_ws/install/stm_interfaces/share/stm_interfaces/hook/ld_library_path_lib.ps1'
[2.168s] INFO:colcon.colcon_core.shell:Creating environment descriptor '/home/athens/ros2_athens_ws/install/stm_interfaces/share/stm_interfaces/hook/ld_library_path_lib.dsv'
[2.168s] INFO:colcon.colcon_core.shell:Creating environment hook '/home/athens/ros2_athens_ws/install/stm_interfaces/share/stm_interfaces/hook/ld_library_path_lib.sh'
[2.169s] Level 1:colcon.colcon_core.environment:checking '/home/athens/ros2_athens_ws/install/stm_interfaces/bin'
[2.169s] Level 1:colcon.colcon_core.environment:checking '/home/athens/ros2_athens_ws/install/stm_interfaces/lib/pkgconfig/stm_interfaces.pc'
[2.172s] Level 1:colcon.colcon_core.environment:checking '/home/athens/ros2_athens_ws/install/stm_interfaces/lib/python3.8/site-packages'
[2.172s] Level 1:colcon.colcon_core.shell:create_environment_hook('stm_interfaces', 'pythonpath')
[2.172s] INFO:colcon.colcon_core.shell:Creating environment hook '/home/athens/ros2_athens_ws/install/stm_interfaces/share/stm_interfaces/hook/pythonpath.ps1'
[2.172s] INFO:colcon.colcon_core.shell:Creating environment descriptor '/home/athens/ros2_athens_ws/install/stm_interfaces/share/stm_interfaces/hook/pythonpath.dsv'
[2.172s] INFO:colcon.colcon_core.shell:Creating environment hook '/home/athens/ros2_athens_ws/install/stm_interfaces/share/stm_interfaces/hook/pythonpath.sh'
[2.172s] Level 1:colcon.colcon_core.environment:checking '/home/athens/ros2_athens_ws/install/stm_interfaces/bin'
[2.178s] INFO:colcon.colcon_core.shell:Creating package script '/home/athens/ros2_athens_ws/install/stm_interfaces/share/stm_interfaces/package.ps1'
[2.179s] INFO:colcon.colcon_core.shell:Creating package descriptor '/home/athens/ros2_athens_ws/install/stm_interfaces/share/stm_interfaces/package.dsv'
[2.180s] INFO:colcon.colcon_core.shell:Creating package script '/home/athens/ros2_athens_ws/install/stm_interfaces/share/stm_interfaces/package.sh'
[2.181s] INFO:colcon.colcon_core.shell:Creating package script '/home/athens/ros2_athens_ws/install/stm_interfaces/share/stm_interfaces/package.bash'
[2.182s] INFO:colcon.colcon_core.shell:Creating package script '/home/athens/ros2_athens_ws/install/stm_interfaces/share/stm_interfaces/package.zsh'
[2.183s] Level 1:colcon.colcon_core.environment:create_file_with_runtime_dependencies(/home/athens/ros2_athens_ws/install/stm_interfaces/share/colcon-core/packages/stm_interfaces)
[2.185s] INFO:colcon.colcon_ros.task.ament_python.build:Building ROS package in '/home/athens/ros2_athens_ws/src/stm_station' with build type 'ament_python'
[2.188s] Level 1:colcon.colcon_core.shell:create_environment_hook('stm_station', 'ament_prefix_path')
[2.188s] INFO:colcon.colcon_core.shell:Creating environment hook '/home/athens/ros2_athens_ws/install/stm_station/share/stm_station/hook/ament_prefix_path.ps1'
[2.189s] INFO:colcon.colcon_core.shell:Creating environment descriptor '/home/athens/ros2_athens_ws/install/stm_station/share/stm_station/hook/ament_prefix_path.dsv'
[2.191s] INFO:colcon.colcon_core.shell:Creating environment hook '/home/athens/ros2_athens_ws/install/stm_station/share/stm_station/hook/ament_prefix_path.sh'
[2.193s] INFO:colcon.colcon_core.shell:Skip shell extension 'powershell' for command environment: Not usable outside of PowerShell
[2.193s] DEBUG:colcon.colcon_core.shell:Skip shell extension 'dsv' for command environment
[2.527s] INFO:colcon.colcon_core.task.python.build:Building Python package in '/home/athens/ros2_athens_ws/src/stm_station'
[2.528s] INFO:colcon.colcon_core.shell:Skip shell extension 'powershell' for command environment: Not usable outside of PowerShell
[2.528s] DEBUG:colcon.colcon_core.shell:Skip shell extension 'dsv' for command environment
[2.786s] DEBUG:colcon.colcon_core.event_handler.log_command:Invoking command in '/home/athens/ros2_athens_ws/src/first_package': CMAKE_PREFIX_PATH=/home/athens/ros2_athens_ws/install/first_interfaces:/home/athens/ros2_athens_ws/install/stm_interfaces LD_LIBRARY_PATH=/home/athens/ros2_athens_ws/install/first_interfaces/lib:/home/athens/ros2_athens_ws/install/stm_interfaces/lib:/opt/ros/foxy/opt/yaml_cpp_vendor/lib:/opt/ros/foxy/opt/rviz_ogre_vendor/lib:/opt/ros/foxy/lib/x86_64-linux-gnu:/opt/ros/foxy/lib PYTHONPATH=/home/athens/ros2_athens_ws/build/first_package/prefix_override:/usr/lib/python3/dist-packages/colcon_core/task/python/colcon_distutils_commands:/home/athens/ros2_athens_ws/install/first_package/lib/python3.8/site-packages:/home/athens/ros2_athens_ws/install/first_interfaces/lib/python3.8/site-packages:/home/athens/ros2_athens_ws/install/stm_station/lib/python3.8/site-packages:/home/athens/ros2_athens_ws/install/stm_interfaces/lib/python3.8/site-packages:/home/athens/ros2_athens_ws/install/first_package/lib/python3.8/site-packages:/opt/ros/foxy/lib/python3.8/site-packages /usr/bin/python3 -W ignore:setup.py install is deprecated setup.py egg_info --egg-base ../../build/first_package build --build-base /home/athens/ros2_athens_ws/build/first_package/build install --record /home/athens/ros2_athens_ws/build/first_package/install.log --install-scripts $base/lib/first_package --single-version-externally-managed install_data
[3.087s] DEBUG:colcon.colcon_core.event_handler.log_command:Invoking command in '/home/athens/ros2_athens_ws/src/stm_station': PYTHONPATH=/home/athens/ros2_athens_ws/build/stm_station/prefix_override:/usr/lib/python3/dist-packages/colcon_core/task/python/colcon_distutils_commands:/home/athens/ros2_athens_ws/install/stm_station/lib/python3.8/site-packages:/home/athens/ros2_athens_ws/install/stm_interfaces/lib/python3.8/site-packages:/home/athens/ros2_athens_ws/install/stm_station/lib/python3.8/site-packages:/home/athens/ros2_athens_ws/install/first_package/lib/python3.8/site-packages:/home/athens/ros2_athens_ws/install/first_interfaces/lib/python3.8/site-packages:/opt/ros/foxy/lib/python3.8/site-packages /usr/bin/python3 -W ignore:setup.py install is deprecated setup.py egg_info --egg-base ../../build/stm_station build --build-base /home/athens/ros2_athens_ws/build/stm_station/build install --record /home/athens/ros2_athens_ws/build/stm_station/install.log --install-scripts $base/lib/stm_station --single-version-externally-managed install_data
[3.173s] Level 1:colcon.colcon_core.environment:checking '/home/athens/ros2_athens_ws/install/first_package' for CMake module files
[3.172s] DEBUG:colcon.colcon_core.event_handler.log_command:Invoked command in '/home/athens/ros2_athens_ws/src/first_package' returned '0': CMAKE_PREFIX_PATH=/home/athens/ros2_athens_ws/install/first_interfaces:/home/athens/ros2_athens_ws/install/stm_interfaces LD_LIBRARY_PATH=/home/athens/ros2_athens_ws/install/first_interfaces/lib:/home/athens/ros2_athens_ws/install/stm_interfaces/lib:/opt/ros/foxy/opt/yaml_cpp_vendor/lib:/opt/ros/foxy/opt/rviz_ogre_vendor/lib:/opt/ros/foxy/lib/x86_64-linux-gnu:/opt/ros/foxy/lib PYTHONPATH=/home/athens/ros2_athens_ws/build/first_package/prefix_override:/usr/lib/python3/dist-packages/colcon_core/task/python/colcon_distutils_commands:/home/athens/ros2_athens_ws/install/first_package/lib/python3.8/site-packages:/home/athens/ros2_athens_ws/install/first_interfaces/lib/python3.8/site-packages:/home/athens/ros2_athens_ws/install/stm_station/lib/python3.8/site-packages:/home/athens/ros2_athens_ws/install/stm_interfaces/lib/python3.8/site-packages:/home/athens/ros2_athens_ws/install/first_package/lib/python3.8/site-packages:/opt/ros/foxy/lib/python3.8/site-packages /usr/bin/python3 -W ignore:setup.py install is deprecated setup.py egg_info --egg-base ../../build/first_package build --build-base /home/athens/ros2_athens_ws/build/first_package/build install --record /home/athens/ros2_athens_ws/build/first_package/install.log --install-scripts $base/lib/first_package --single-version-externally-managed install_data
[3.175s] Level 1:colcon.colcon_core.environment:checking '/home/athens/ros2_athens_ws/install/first_package' for CMake config files
[3.176s] Level 1:colcon.colcon_core.environment:checking '/home/athens/ros2_athens_ws/install/first_package/lib'
[3.176s] Level 1:colcon.colcon_core.environment:checking '/home/athens/ros2_athens_ws/install/first_package/bin'
[3.176s] Level 1:colcon.colcon_core.environment:checking '/home/athens/ros2_athens_ws/install/first_package/lib/pkgconfig/first_package.pc'
[3.176s] Level 1:colcon.colcon_core.environment:checking '/home/athens/ros2_athens_ws/install/first_package/lib/python3.8/site-packages'
[3.176s] Level 1:colcon.colcon_core.shell:create_environment_hook('first_package', 'pythonpath')
[3.177s] INFO:colcon.colcon_core.shell:Creating environment hook '/home/athens/ros2_athens_ws/install/first_package/share/first_package/hook/pythonpath.ps1'
[3.178s] INFO:colcon.colcon_core.shell:Creating environment descriptor '/home/athens/ros2_athens_ws/install/first_package/share/first_package/hook/pythonpath.dsv'
[3.179s] INFO:colcon.colcon_core.shell:Creating environment hook '/home/athens/ros2_athens_ws/install/first_package/share/first_package/hook/pythonpath.sh'
[3.186s] Level 1:colcon.colcon_core.environment:checking '/home/athens/ros2_athens_ws/install/first_package/bin'
[3.186s] Level 1:colcon.colcon_core.environment:create_environment_scripts_only(first_package)
[3.186s] INFO:colcon.colcon_core.shell:Creating package script '/home/athens/ros2_athens_ws/install/first_package/share/first_package/package.ps1'
[3.188s] INFO:colcon.colcon_core.shell:Creating package descriptor '/home/athens/ros2_athens_ws/install/first_package/share/first_package/package.dsv'
[3.189s] INFO:colcon.colcon_core.shell:Creating package script '/home/athens/ros2_athens_ws/install/first_package/share/first_package/package.sh'
[3.189s] INFO:colcon.colcon_core.shell:Creating package script '/home/athens/ros2_athens_ws/install/first_package/share/first_package/package.bash'
[3.190s] INFO:colcon.colcon_core.shell:Creating package script '/home/athens/ros2_athens_ws/install/first_package/share/first_package/package.zsh'
[3.191s] Level 1:colcon.colcon_core.environment:create_file_with_runtime_dependencies(/home/athens/ros2_athens_ws/install/first_package/share/colcon-core/packages/first_package)
[3.520s] Level 1:colcon.colcon_core.environment:checking '/home/athens/ros2_athens_ws/install/stm_station' for CMake module files
[3.520s] DEBUG:colcon.colcon_core.event_handler.log_command:Invoked command in '/home/athens/ros2_athens_ws/src/stm_station' returned '0': PYTHONPATH=/home/athens/ros2_athens_ws/build/stm_station/prefix_override:/usr/lib/python3/dist-packages/colcon_core/task/python/colcon_distutils_commands:/home/athens/ros2_athens_ws/install/stm_station/lib/python3.8/site-packages:/home/athens/ros2_athens_ws/install/stm_interfaces/lib/python3.8/site-packages:/home/athens/ros2_athens_ws/install/stm_station/lib/python3.8/site-packages:/home/athens/ros2_athens_ws/install/first_package/lib/python3.8/site-packages:/home/athens/ros2_athens_ws/install/first_interfaces/lib/python3.8/site-packages:/opt/ros/foxy/lib/python3.8/site-packages /usr/bin/python3 -W ignore:setup.py install is deprecated setup.py egg_info --egg-base ../../build/stm_station build --build-base /home/athens/ros2_athens_ws/build/stm_station/build install --record /home/athens/ros2_athens_ws/build/stm_station/install.log --install-scripts $base/lib/stm_station --single-version-externally-managed install_data
[3.522s] Level 1:colcon.colcon_core.environment:checking '/home/athens/ros2_athens_ws/install/stm_station' for CMake config files
[3.524s] Level 1:colcon.colcon_core.environment:checking '/home/athens/ros2_athens_ws/install/stm_station/lib'
[3.524s] Level 1:colcon.colcon_core.environment:checking '/home/athens/ros2_athens_ws/install/stm_station/bin'
[3.524s] Level 1:colcon.colcon_core.environment:checking '/home/athens/ros2_athens_ws/install/stm_station/lib/pkgconfig/stm_station.pc'
[3.524s] Level 1:colcon.colcon_core.environment:checking '/home/athens/ros2_athens_ws/install/stm_station/lib/python3.8/site-packages'
[3.526s] Level 1:colcon.colcon_core.shell:create_environment_hook('stm_station', 'pythonpath')
[3.526s] INFO:colcon.colcon_core.shell:Creating environment hook '/home/athens/ros2_athens_ws/install/stm_station/share/stm_station/hook/pythonpath.ps1'
[3.527s] INFO:colcon.colcon_core.shell:Creating environment descriptor '/home/athens/ros2_athens_ws/install/stm_station/share/stm_station/hook/pythonpath.dsv'
[3.528s] INFO:colcon.colcon_core.shell:Creating environment hook '/home/athens/ros2_athens_ws/install/stm_station/share/stm_station/hook/pythonpath.sh'
[3.530s] Level 1:colcon.colcon_core.environment:checking '/home/athens/ros2_athens_ws/install/stm_station/bin'
[3.530s] Level 1:colcon.colcon_core.environment:create_environment_scripts_only(stm_station)
[3.530s] INFO:colcon.colcon_core.shell:Creating package script '/home/athens/ros2_athens_ws/install/stm_station/share/stm_station/package.ps1'
[3.532s] INFO:colcon.colcon_core.shell:Creating package descriptor '/home/athens/ros2_athens_ws/install/stm_station/share/stm_station/package.dsv'
[3.535s] INFO:colcon.colcon_core.shell:Creating package script '/home/athens/ros2_athens_ws/install/stm_station/share/stm_station/package.sh'
[3.537s] INFO:colcon.colcon_core.shell:Creating package script '/home/athens/ros2_athens_ws/install/stm_station/share/stm_station/package.bash'
[3.539s] INFO:colcon.colcon_core.shell:Creating package script '/home/athens/ros2_athens_ws/install/stm_station/share/stm_station/package.zsh'
[3.539s] Level 1:colcon.colcon_core.environment:create_file_with_runtime_dependencies(/home/athens/ros2_athens_ws/install/stm_station/share/colcon-core/packages/stm_station)
[3.540s] DEBUG:colcon.colcon_parallel_executor.executor.parallel:closing loop
[3.545s] DEBUG:colcon.colcon_parallel_executor.executor.parallel:loop closed
[3.545s] DEBUG:colcon.colcon_parallel_executor.executor.parallel:run_until_complete finished with '0'
[3.545s] DEBUG:colcon.colcon_core.event_reactor:joining thread
[3.552s] INFO:colcon.colcon_core.plugin_system:Skipping extension 'colcon_notification.desktop_notification.terminal_notifier': Not used on non-Darwin systems
[3.552s] INFO:colcon.colcon_core.plugin_system:Skipping extension 'colcon_notification.desktop_notification.win32': Not used on non-Windows systems
[3.555s] INFO:colcon.colcon_notification.desktop_notification:Sending desktop notification using 'notify2'
[3.618s] DEBUG:colcon.colcon_core.event_reactor:joined thread
[3.619s] INFO:colcon.colcon_core.shell:Creating prefix script '/home/athens/ros2_athens_ws/install/local_setup.ps1'
[3.622s] INFO:colcon.colcon_core.shell:Creating prefix util module '/home/athens/ros2_athens_ws/install/_local_setup_util_ps1.py'
[3.626s] INFO:colcon.colcon_core.shell:Creating prefix chain script '/home/athens/ros2_athens_ws/install/setup.ps1'
[3.628s] INFO:colcon.colcon_core.shell:Creating prefix script '/home/athens/ros2_athens_ws/install/local_setup.sh'
[3.629s] INFO:colcon.colcon_core.shell:Creating prefix util module '/home/athens/ros2_athens_ws/install/_local_setup_util_sh.py'
[3.632s] INFO:colcon.colcon_core.shell:Creating prefix chain script '/home/athens/ros2_athens_ws/install/setup.sh'
[3.635s] INFO:colcon.colcon_core.shell:Creating prefix script '/home/athens/ros2_athens_ws/install/local_setup.bash'
[3.641s] INFO:colcon.colcon_core.shell:Creating prefix chain script '/home/athens/ros2_athens_ws/install/setup.bash'
[3.643s] INFO:colcon.colcon_core.shell:Creating prefix script '/home/athens/ros2_athens_ws/install/local_setup.zsh'
[3.644s] INFO:colcon.colcon_core.shell:Creating prefix chain script '/home/athens/ros2_athens_ws/install/setup.zsh'
