[0.200s] DEBUG:colcon:Command line arguments: ['/usr/bin/colcon', 'build']
[0.200s] DEBUG:colcon:Parsed command line arguments: Namespace(allow_overriding=[], ament_cmake_args=None, base_paths=['.'], build_base='build', catkin_cmake_args=None, catkin_skip_building_tests=False, cmake_args=None, cmake_clean_cache=False, cmake_clean_first=False, cmake_force_configure=False, cmake_target=None, cmake_target_skip_unavailable=False, continue_on_error=False, event_handlers=None, executor='parallel', ignore_user_meta=False, install_base='install', log_base=None, log_level=None, main=<bound method BuildVerb.main of <colcon_core.verb.build.BuildVerb object at 0x7f29e2b33850>>, merge_install=False, metas=['./colcon.meta'], mixin=None, mixin_files=None, mixin_verb=('build',), packages_above=None, packages_above_and_dependencies=None, packages_above_depth=None, packages_end=None, packages_ignore=None, packages_ignore_regex=None, packages_select=None, packages_select_build_failed=False, packages_select_by_dep=None, packages_select_regex=None, packages_select_test_failures=False, packages_skip=None, packages_skip_build_finished=False, packages_skip_by_dep=None, packages_skip_regex=None, packages_skip_test_passed=False, packages_skip_up_to=None, packages_start=None, packages_up_to=None, packages_up_to_regex=None, parallel_workers=4, paths=None, symlink_install=False, test_result_base=None, verb_extension=<colcon_core.verb.build.BuildVerb object at 0x7f29e2b33850>, verb_name='build', verb_parser=<colcon_mixin.mixin.mixin_argument.MixinArgumentDecorator object at 0x7f29e2aaec10>)
[0.342s] Level 1:colcon.colcon_core.package_discovery:discover_packages(colcon_meta) check parameters
[0.342s] Level 1:colcon.colcon_core.package_discovery:discover_packages(recursive) check parameters
[0.342s] Level 1:colcon.colcon_core.package_discovery:discover_packages(ignore) check parameters
[0.342s] Level 1:colcon.colcon_core.package_discovery:discover_packages(path) check parameters
[0.342s] Level 1:colcon.colcon_core.package_discovery:discover_packages(colcon_meta) discover
[0.342s] Level 1:colcon.colcon_core.package_discovery:discover_packages(recursive) discover
[0.342s] INFO:colcon.colcon_core.package_discovery:Crawling recursively for packages in '/home/athens/ros2_athens_ws'
[0.343s] Level 1:colcon.colcon_core.package_identification:_identify(.) by extensions ['ignore', 'ignore_ament_install']
[0.343s] Level 1:colcon.colcon_core.package_identification:_identify(.) by extension 'ignore'
[0.343s] Level 1:colcon.colcon_core.package_identification:_identify(.) by extension 'ignore_ament_install'
[0.343s] Level 1:colcon.colcon_core.package_identification:_identify(.) by extensions ['colcon_pkg']
[0.343s] Level 1:colcon.colcon_core.package_identification:_identify(.) by extension 'colcon_pkg'
[0.343s] Level 1:colcon.colcon_core.package_identification:_identify(.) by extensions ['colcon_meta']
[0.343s] Level 1:colcon.colcon_core.package_identification:_identify(.) by extension 'colcon_meta'
[0.343s] Level 1:colcon.colcon_core.package_identification:_identify(.) by extensions ['ros']
[0.343s] Level 1:colcon.colcon_core.package_identification:_identify(.) by extension 'ros'
[0.354s] Level 1:colcon.colcon_core.package_identification:_identify(.) by extensions ['cmake', 'python']
[0.354s] Level 1:colcon.colcon_core.package_identification:_identify(.) by extension 'cmake'
[0.354s] Level 1:colcon.colcon_core.package_identification:_identify(.) by extension 'python'
[0.354s] Level 1:colcon.colcon_core.package_identification:_identify(.) by extensions ['python_setup_py']
[0.354s] Level 1:colcon.colcon_core.package_identification:_identify(.) by extension 'python_setup_py'
[0.354s] Level 1:colcon.colcon_core.package_identification:_identify(build) by extensions ['ignore', 'ignore_ament_install']
[0.354s] Level 1:colcon.colcon_core.package_identification:_identify(build) by extension 'ignore'
[0.354s] Level 1:colcon.colcon_core.package_identification:_identify(build) ignored
[0.355s] Level 1:colcon.colcon_core.package_identification:_identify(install) by extensions ['ignore', 'ignore_ament_install']
[0.355s] Level 1:colcon.colcon_core.package_identification:_identify(install) by extension 'ignore'
[0.355s] Level 1:colcon.colcon_core.package_identification:_identify(install) ignored
[0.355s] Level 1:colcon.colcon_core.package_identification:_identify(lob) by extensions ['ignore', 'ignore_ament_install']
[0.355s] Level 1:colcon.colcon_core.package_identification:_identify(lob) by extension 'ignore'
[0.355s] Level 1:colcon.colcon_core.package_identification:_identify(lob) ignored
[0.355s] Level 1:colcon.colcon_core.package_identification:_identify(log) by extensions ['ignore', 'ignore_ament_install']
[0.355s] Level 1:colcon.colcon_core.package_identification:_identify(log) by extension 'ignore'
[0.355s] Level 1:colcon.colcon_core.package_identification:_identify(log) ignored
[0.355s] Level 1:colcon.colcon_core.package_identification:_identify(src) by extensions ['ignore', 'ignore_ament_install']
[0.355s] Level 1:colcon.colcon_core.package_identification:_identify(src) by extension 'ignore'
[0.355s] Level 1:colcon.colcon_core.package_identification:_identify(src) by extension 'ignore_ament_install'
[0.355s] Level 1:colcon.colcon_core.package_identification:_identify(src) by extensions ['colcon_pkg']
[0.355s] Level 1:colcon.colcon_core.package_identification:_identify(src) by extension 'colcon_pkg'
[0.355s] Level 1:colcon.colcon_core.package_identification:_identify(src) by extensions ['colcon_meta']
[0.355s] Level 1:colcon.colcon_core.package_identification:_identify(src) by extension 'colcon_meta'
[0.356s] Level 1:colcon.colcon_core.package_identification:_identify(src) by extensions ['ros']
[0.356s] Level 1:colcon.colcon_core.package_identification:_identify(src) by extension 'ros'
[0.356s] Level 1:colcon.colcon_core.package_identification:_identify(src) by extensions ['cmake', 'python']
[0.356s] Level 1:colcon.colcon_core.package_identification:_identify(src) by extension 'cmake'
[0.356s] Level 1:colcon.colcon_core.package_identification:_identify(src) by extension 'python'
[0.356s] Level 1:colcon.colcon_core.package_identification:_identify(src) by extensions ['python_setup_py']
[0.356s] Level 1:colcon.colcon_core.package_identification:_identify(src) by extension 'python_setup_py'
[0.356s] Level 1:colcon.colcon_core.package_identification:_identify(src/build) by extensions ['ignore', 'ignore_ament_install']
[0.356s] Level 1:colcon.colcon_core.package_identification:_identify(src/build) by extension 'ignore'
[0.356s] Level 1:colcon.colcon_core.package_identification:_identify(src/build) by extension 'ignore_ament_install'
[0.356s] Level 1:colcon.colcon_core.package_identification:_identify(src/build) by extensions ['colcon_pkg']
[0.356s] Level 1:colcon.colcon_core.package_identification:_identify(src/build) by extension 'colcon_pkg'
[0.356s] Level 1:colcon.colcon_core.package_identification:_identify(src/build) by extensions ['colcon_meta']
[0.356s] Level 1:colcon.colcon_core.package_identification:_identify(src/build) by extension 'colcon_meta'
[0.356s] Level 1:colcon.colcon_core.package_identification:_identify(src/build) by extensions ['ros']
[0.356s] Level 1:colcon.colcon_core.package_identification:_identify(src/build) by extension 'ros'
[0.356s] Level 1:colcon.colcon_core.package_identification:_identify(src/build) by extensions ['cmake', 'python']
[0.356s] Level 1:colcon.colcon_core.package_identification:_identify(src/build) by extension 'cmake'
[0.356s] Level 1:colcon.colcon_core.package_identification:_identify(src/build) by extension 'python'
[0.356s] Level 1:colcon.colcon_core.package_identification:_identify(src/build) by extensions ['python_setup_py']
[0.356s] Level 1:colcon.colcon_core.package_identification:_identify(src/build) by extension 'python_setup_py'
[0.356s] Level 1:colcon.colcon_core.package_identification:_identify(src/build/first_interfaces) by extensions ['ignore', 'ignore_ament_install']
[0.356s] Level 1:colcon.colcon_core.package_identification:_identify(src/build/first_interfaces) by extension 'ignore'
[0.356s] Level 1:colcon.colcon_core.package_identification:_identify(src/build/first_interfaces) by extension 'ignore_ament_install'
[0.357s] Level 1:colcon.colcon_core.package_identification:_identify(src/build/first_interfaces) by extensions ['colcon_pkg']
[0.357s] Level 1:colcon.colcon_core.package_identification:_identify(src/build/first_interfaces) by extension 'colcon_pkg'
[0.357s] Level 1:colcon.colcon_core.package_identification:_identify(src/build/first_interfaces) by extensions ['colcon_meta']
[0.357s] Level 1:colcon.colcon_core.package_identification:_identify(src/build/first_interfaces) by extension 'colcon_meta'
[0.357s] Level 1:colcon.colcon_core.package_identification:_identify(src/build/first_interfaces) by extensions ['ros']
[0.357s] Level 1:colcon.colcon_core.package_identification:_identify(src/build/first_interfaces) by extension 'ros'
[0.357s] Level 1:colcon.colcon_core.package_identification:_identify(src/build/first_interfaces) by extensions ['cmake', 'python']
[0.357s] Level 1:colcon.colcon_core.package_identification:_identify(src/build/first_interfaces) by extension 'cmake'
[0.357s] Level 1:colcon.colcon_core.package_identification:_identify(src/build/first_interfaces) by extension 'python'
[0.357s] Level 1:colcon.colcon_core.package_identification:_identify(src/build/first_interfaces) by extensions ['python_setup_py']
[0.357s] Level 1:colcon.colcon_core.package_identification:_identify(src/build/first_interfaces) by extension 'python_setup_py'
[0.357s] Level 1:colcon.colcon_core.package_identification:_identify(src/build/first_interfaces/CMakeFiles) by extensions ['ignore', 'ignore_ament_install']
[0.357s] Level 1:colcon.colcon_core.package_identification:_identify(src/build/first_interfaces/CMakeFiles) by extension 'ignore'
[0.357s] Level 1:colcon.colcon_core.package_identification:_identify(src/build/first_interfaces/CMakeFiles) by extension 'ignore_ament_install'
[0.357s] Level 1:colcon.colcon_core.package_identification:_identify(src/build/first_interfaces/CMakeFiles) by extensions ['colcon_pkg']
[0.357s] Level 1:colcon.colcon_core.package_identification:_identify(src/build/first_interfaces/CMakeFiles) by extension 'colcon_pkg'
[0.357s] Level 1:colcon.colcon_core.package_identification:_identify(src/build/first_interfaces/CMakeFiles) by extensions ['colcon_meta']
[0.357s] Level 1:colcon.colcon_core.package_identification:_identify(src/build/first_interfaces/CMakeFiles) by extension 'colcon_meta'
[0.357s] Level 1:colcon.colcon_core.package_identification:_identify(src/build/first_interfaces/CMakeFiles) by extensions ['ros']
[0.357s] Level 1:colcon.colcon_core.package_identification:_identify(src/build/first_interfaces/CMakeFiles) by extension 'ros'
[0.357s] Level 1:colcon.colcon_core.package_identification:_identify(src/build/first_interfaces/CMakeFiles) by extensions ['cmake', 'python']
[0.357s] Level 1:colcon.colcon_core.package_identification:_identify(src/build/first_interfaces/CMakeFiles) by extension 'cmake'
[0.357s] Level 1:colcon.colcon_core.package_identification:_identify(src/build/first_interfaces/CMakeFiles) by extension 'python'
[0.357s] Level 1:colcon.colcon_core.package_identification:_identify(src/build/first_interfaces/CMakeFiles) by extensions ['python_setup_py']
[0.358s] Level 1:colcon.colcon_core.package_identification:_identify(src/build/first_interfaces/CMakeFiles) by extension 'python_setup_py'
[0.358s] Level 1:colcon.colcon_core.package_identification:_identify(src/build/first_interfaces/CMakeFiles/3.16.3) by extensions ['ignore', 'ignore_ament_install']
[0.358s] Level 1:colcon.colcon_core.package_identification:_identify(src/build/first_interfaces/CMakeFiles/3.16.3) by extension 'ignore'
[0.358s] Level 1:colcon.colcon_core.package_identification:_identify(src/build/first_interfaces/CMakeFiles/3.16.3) by extension 'ignore_ament_install'
[0.358s] Level 1:colcon.colcon_core.package_identification:_identify(src/build/first_interfaces/CMakeFiles/3.16.3) by extensions ['colcon_pkg']
[0.358s] Level 1:colcon.colcon_core.package_identification:_identify(src/build/first_interfaces/CMakeFiles/3.16.3) by extension 'colcon_pkg'
[0.358s] Level 1:colcon.colcon_core.package_identification:_identify(src/build/first_interfaces/CMakeFiles/3.16.3) by extensions ['colcon_meta']
[0.358s] Level 1:colcon.colcon_core.package_identification:_identify(src/build/first_interfaces/CMakeFiles/3.16.3) by extension 'colcon_meta'
[0.358s] Level 1:colcon.colcon_core.package_identification:_identify(src/build/first_interfaces/CMakeFiles/3.16.3) by extensions ['ros']
[0.358s] Level 1:colcon.colcon_core.package_identification:_identify(src/build/first_interfaces/CMakeFiles/3.16.3) by extension 'ros'
[0.358s] Level 1:colcon.colcon_core.package_identification:_identify(src/build/first_interfaces/CMakeFiles/3.16.3) by extensions ['cmake', 'python']
[0.358s] Level 1:colcon.colcon_core.package_identification:_identify(src/build/first_interfaces/CMakeFiles/3.16.3) by extension 'cmake'
[0.358s] Level 1:colcon.colcon_core.package_identification:_identify(src/build/first_interfaces/CMakeFiles/3.16.3) by extension 'python'
[0.358s] Level 1:colcon.colcon_core.package_identification:_identify(src/build/first_interfaces/CMakeFiles/3.16.3) by extensions ['python_setup_py']
[0.358s] Level 1:colcon.colcon_core.package_identification:_identify(src/build/first_interfaces/CMakeFiles/3.16.3) by extension 'python_setup_py'
[0.358s] Level 1:colcon.colcon_core.package_identification:_identify(src/build/first_interfaces/CMakeFiles/3.16.3/CompilerIdC) by extensions ['ignore', 'ignore_ament_install']
[0.358s] Level 1:colcon.colcon_core.package_identification:_identify(src/build/first_interfaces/CMakeFiles/3.16.3/CompilerIdC) by extension 'ignore'
[0.358s] Level 1:colcon.colcon_core.package_identification:_identify(src/build/first_interfaces/CMakeFiles/3.16.3/CompilerIdC) by extension 'ignore_ament_install'
[0.358s] Level 1:colcon.colcon_core.package_identification:_identify(src/build/first_interfaces/CMakeFiles/3.16.3/CompilerIdC) by extensions ['colcon_pkg']
[0.358s] Level 1:colcon.colcon_core.package_identification:_identify(src/build/first_interfaces/CMakeFiles/3.16.3/CompilerIdC) by extension 'colcon_pkg'
[0.359s] Level 1:colcon.colcon_core.package_identification:_identify(src/build/first_interfaces/CMakeFiles/3.16.3/CompilerIdC) by extensions ['colcon_meta']
[0.359s] Level 1:colcon.colcon_core.package_identification:_identify(src/build/first_interfaces/CMakeFiles/3.16.3/CompilerIdC) by extension 'colcon_meta'
[0.359s] Level 1:colcon.colcon_core.package_identification:_identify(src/build/first_interfaces/CMakeFiles/3.16.3/CompilerIdC) by extensions ['ros']
[0.359s] Level 1:colcon.colcon_core.package_identification:_identify(src/build/first_interfaces/CMakeFiles/3.16.3/CompilerIdC) by extension 'ros'
[0.359s] Level 1:colcon.colcon_core.package_identification:_identify(src/build/first_interfaces/CMakeFiles/3.16.3/CompilerIdC) by extensions ['cmake', 'python']
[0.359s] Level 1:colcon.colcon_core.package_identification:_identify(src/build/first_interfaces/CMakeFiles/3.16.3/CompilerIdC) by extension 'cmake'
[0.359s] Level 1:colcon.colcon_core.package_identification:_identify(src/build/first_interfaces/CMakeFiles/3.16.3/CompilerIdC) by extension 'python'
[0.359s] Level 1:colcon.colcon_core.package_identification:_identify(src/build/first_interfaces/CMakeFiles/3.16.3/CompilerIdC) by extensions ['python_setup_py']
[0.359s] Level 1:colcon.colcon_core.package_identification:_identify(src/build/first_interfaces/CMakeFiles/3.16.3/CompilerIdC) by extension 'python_setup_py'
[0.359s] Level 1:colcon.colcon_core.package_identification:_identify(src/build/first_interfaces/CMakeFiles/3.16.3/CompilerIdC/tmp) by extensions ['ignore', 'ignore_ament_install']
[0.359s] Level 1:colcon.colcon_core.package_identification:_identify(src/build/first_interfaces/CMakeFiles/3.16.3/CompilerIdC/tmp) by extension 'ignore'
[0.359s] Level 1:colcon.colcon_core.package_identification:_identify(src/build/first_interfaces/CMakeFiles/3.16.3/CompilerIdC/tmp) by extension 'ignore_ament_install'
[0.359s] Level 1:colcon.colcon_core.package_identification:_identify(src/build/first_interfaces/CMakeFiles/3.16.3/CompilerIdC/tmp) by extensions ['colcon_pkg']
[0.359s] Level 1:colcon.colcon_core.package_identification:_identify(src/build/first_interfaces/CMakeFiles/3.16.3/CompilerIdC/tmp) by extension 'colcon_pkg'
[0.359s] Level 1:colcon.colcon_core.package_identification:_identify(src/build/first_interfaces/CMakeFiles/3.16.3/CompilerIdC/tmp) by extensions ['colcon_meta']
[0.359s] Level 1:colcon.colcon_core.package_identification:_identify(src/build/first_interfaces/CMakeFiles/3.16.3/CompilerIdC/tmp) by extension 'colcon_meta'
[0.359s] Level 1:colcon.colcon_core.package_identification:_identify(src/build/first_interfaces/CMakeFiles/3.16.3/CompilerIdC/tmp) by extensions ['ros']
[0.359s] Level 1:colcon.colcon_core.package_identification:_identify(src/build/first_interfaces/CMakeFiles/3.16.3/CompilerIdC/tmp) by extension 'ros'
[0.359s] Level 1:colcon.colcon_core.package_identification:_identify(src/build/first_interfaces/CMakeFiles/3.16.3/CompilerIdC/tmp) by extensions ['cmake', 'python']
[0.359s] Level 1:colcon.colcon_core.package_identification:_identify(src/build/first_interfaces/CMakeFiles/3.16.3/CompilerIdC/tmp) by extension 'cmake'
[0.359s] Level 1:colcon.colcon_core.package_identification:_identify(src/build/first_interfaces/CMakeFiles/3.16.3/CompilerIdC/tmp) by extension 'python'
[0.359s] Level 1:colcon.colcon_core.package_identification:_identify(src/build/first_interfaces/CMakeFiles/3.16.3/CompilerIdC/tmp) by extensions ['python_setup_py']
[0.359s] Level 1:colcon.colcon_core.package_identification:_identify(src/build/first_interfaces/CMakeFiles/3.16.3/CompilerIdC/tmp) by extension 'python_setup_py'
[0.360s] Level 1:colcon.colcon_core.package_identification:_identify(src/build/first_interfaces/CMakeFiles/3.16.3/CompilerIdCXX) by extensions ['ignore', 'ignore_ament_install']
[0.360s] Level 1:colcon.colcon_core.package_identification:_identify(src/build/first_interfaces/CMakeFiles/3.16.3/CompilerIdCXX) by extension 'ignore'
[0.360s] Level 1:colcon.colcon_core.package_identification:_identify(src/build/first_interfaces/CMakeFiles/3.16.3/CompilerIdCXX) by extension 'ignore_ament_install'
[0.360s] Level 1:colcon.colcon_core.package_identification:_identify(src/build/first_interfaces/CMakeFiles/3.16.3/CompilerIdCXX) by extensions ['colcon_pkg']
[0.360s] Level 1:colcon.colcon_core.package_identification:_identify(src/build/first_interfaces/CMakeFiles/3.16.3/CompilerIdCXX) by extension 'colcon_pkg'
[0.360s] Level 1:colcon.colcon_core.package_identification:_identify(src/build/first_interfaces/CMakeFiles/3.16.3/CompilerIdCXX) by extensions ['colcon_meta']
[0.360s] Level 1:colcon.colcon_core.package_identification:_identify(src/build/first_interfaces/CMakeFiles/3.16.3/CompilerIdCXX) by extension 'colcon_meta'
[0.360s] Level 1:colcon.colcon_core.package_identification:_identify(src/build/first_interfaces/CMakeFiles/3.16.3/CompilerIdCXX) by extensions ['ros']
[0.360s] Level 1:colcon.colcon_core.package_identification:_identify(src/build/first_interfaces/CMakeFiles/3.16.3/CompilerIdCXX) by extension 'ros'
[0.360s] Level 1:colcon.colcon_core.package_identification:_identify(src/build/first_interfaces/CMakeFiles/3.16.3/CompilerIdCXX) by extensions ['cmake', 'python']
[0.360s] Level 1:colcon.colcon_core.package_identification:_identify(src/build/first_interfaces/CMakeFiles/3.16.3/CompilerIdCXX) by extension 'cmake'
[0.360s] Level 1:colcon.colcon_core.package_identification:_identify(src/build/first_interfaces/CMakeFiles/3.16.3/CompilerIdCXX) by extension 'python'
[0.360s] Level 1:colcon.colcon_core.package_identification:_identify(src/build/first_interfaces/CMakeFiles/3.16.3/CompilerIdCXX) by extensions ['python_setup_py']
[0.360s] Level 1:colcon.colcon_core.package_identification:_identify(src/build/first_interfaces/CMakeFiles/3.16.3/CompilerIdCXX) by extension 'python_setup_py'
[0.360s] Level 1:colcon.colcon_core.package_identification:_identify(src/build/first_interfaces/CMakeFiles/3.16.3/CompilerIdCXX/tmp) by extensions ['ignore', 'ignore_ament_install']
[0.361s] Level 1:colcon.colcon_core.package_identification:_identify(src/build/first_interfaces/CMakeFiles/3.16.3/CompilerIdCXX/tmp) by extension 'ignore'
[0.361s] Level 1:colcon.colcon_core.package_identification:_identify(src/build/first_interfaces/CMakeFiles/3.16.3/CompilerIdCXX/tmp) by extension 'ignore_ament_install'
[0.361s] Level 1:colcon.colcon_core.package_identification:_identify(src/build/first_interfaces/CMakeFiles/3.16.3/CompilerIdCXX/tmp) by extensions ['colcon_pkg']
[0.361s] Level 1:colcon.colcon_core.package_identification:_identify(src/build/first_interfaces/CMakeFiles/3.16.3/CompilerIdCXX/tmp) by extension 'colcon_pkg'
[0.361s] Level 1:colcon.colcon_core.package_identification:_identify(src/build/first_interfaces/CMakeFiles/3.16.3/CompilerIdCXX/tmp) by extensions ['colcon_meta']
[0.361s] Level 1:colcon.colcon_core.package_identification:_identify(src/build/first_interfaces/CMakeFiles/3.16.3/CompilerIdCXX/tmp) by extension 'colcon_meta'
[0.361s] Level 1:colcon.colcon_core.package_identification:_identify(src/build/first_interfaces/CMakeFiles/3.16.3/CompilerIdCXX/tmp) by extensions ['ros']
[0.361s] Level 1:colcon.colcon_core.package_identification:_identify(src/build/first_interfaces/CMakeFiles/3.16.3/CompilerIdCXX/tmp) by extension 'ros'
[0.361s] Level 1:colcon.colcon_core.package_identification:_identify(src/build/first_interfaces/CMakeFiles/3.16.3/CompilerIdCXX/tmp) by extensions ['cmake', 'python']
[0.361s] Level 1:colcon.colcon_core.package_identification:_identify(src/build/first_interfaces/CMakeFiles/3.16.3/CompilerIdCXX/tmp) by extension 'cmake'
[0.361s] Level 1:colcon.colcon_core.package_identification:_identify(src/build/first_interfaces/CMakeFiles/3.16.3/CompilerIdCXX/tmp) by extension 'python'
[0.361s] Level 1:colcon.colcon_core.package_identification:_identify(src/build/first_interfaces/CMakeFiles/3.16.3/CompilerIdCXX/tmp) by extensions ['python_setup_py']
[0.361s] Level 1:colcon.colcon_core.package_identification:_identify(src/build/first_interfaces/CMakeFiles/3.16.3/CompilerIdCXX/tmp) by extension 'python_setup_py'
[0.361s] Level 1:colcon.colcon_core.package_identification:_identify(src/build/first_interfaces/CMakeFiles/CMakeTmp) by extensions ['ignore', 'ignore_ament_install']
[0.362s] Level 1:colcon.colcon_core.package_identification:_identify(src/build/first_interfaces/CMakeFiles/CMakeTmp) by extension 'ignore'
[0.362s] Level 1:colcon.colcon_core.package_identification:_identify(src/build/first_interfaces/CMakeFiles/CMakeTmp) by extension 'ignore_ament_install'
[0.362s] Level 1:colcon.colcon_core.package_identification:_identify(src/build/first_interfaces/CMakeFiles/CMakeTmp) by extensions ['colcon_pkg']
[0.362s] Level 1:colcon.colcon_core.package_identification:_identify(src/build/first_interfaces/CMakeFiles/CMakeTmp) by extension 'colcon_pkg'
[0.362s] Level 1:colcon.colcon_core.package_identification:_identify(src/build/first_interfaces/CMakeFiles/CMakeTmp) by extensions ['colcon_meta']
[0.362s] Level 1:colcon.colcon_core.package_identification:_identify(src/build/first_interfaces/CMakeFiles/CMakeTmp) by extension 'colcon_meta'
[0.362s] Level 1:colcon.colcon_core.package_identification:_identify(src/build/first_interfaces/CMakeFiles/CMakeTmp) by extensions ['ros']
[0.362s] Level 1:colcon.colcon_core.package_identification:_identify(src/build/first_interfaces/CMakeFiles/CMakeTmp) by extension 'ros'
[0.362s] Level 1:colcon.colcon_core.package_identification:_identify(src/build/first_interfaces/CMakeFiles/CMakeTmp) by extensions ['cmake', 'python']
[0.362s] Level 1:colcon.colcon_core.package_identification:_identify(src/build/first_interfaces/CMakeFiles/CMakeTmp) by extension 'cmake'
[0.362s] Level 1:colcon.colcon_core.package_identification:_identify(src/build/first_interfaces/CMakeFiles/CMakeTmp) by extension 'python'
[0.362s] Level 1:colcon.colcon_core.package_identification:_identify(src/build/first_interfaces/CMakeFiles/CMakeTmp) by extensions ['python_setup_py']
[0.362s] Level 1:colcon.colcon_core.package_identification:_identify(src/build/first_interfaces/CMakeFiles/CMakeTmp) by extension 'python_setup_py'
[0.362s] Level 1:colcon.colcon_core.package_identification:_identify(src/build/first_interfaces/ament_copyright) by extensions ['ignore', 'ignore_ament_install']
[0.362s] Level 1:colcon.colcon_core.package_identification:_identify(src/build/first_interfaces/ament_copyright) by extension 'ignore'
[0.362s] Level 1:colcon.colcon_core.package_identification:_identify(src/build/first_interfaces/ament_copyright) by extension 'ignore_ament_install'
[0.362s] Level 1:colcon.colcon_core.package_identification:_identify(src/build/first_interfaces/ament_copyright) by extensions ['colcon_pkg']
[0.362s] Level 1:colcon.colcon_core.package_identification:_identify(src/build/first_interfaces/ament_copyright) by extension 'colcon_pkg'
[0.363s] Level 1:colcon.colcon_core.package_identification:_identify(src/build/first_interfaces/ament_copyright) by extensions ['colcon_meta']
[0.363s] Level 1:colcon.colcon_core.package_identification:_identify(src/build/first_interfaces/ament_copyright) by extension 'colcon_meta'
[0.363s] Level 1:colcon.colcon_core.package_identification:_identify(src/build/first_interfaces/ament_copyright) by extensions ['ros']
[0.363s] Level 1:colcon.colcon_core.package_identification:_identify(src/build/first_interfaces/ament_copyright) by extension 'ros'
[0.363s] Level 1:colcon.colcon_core.package_identification:_identify(src/build/first_interfaces/ament_copyright) by extensions ['cmake', 'python']
[0.363s] Level 1:colcon.colcon_core.package_identification:_identify(src/build/first_interfaces/ament_copyright) by extension 'cmake'
[0.363s] Level 1:colcon.colcon_core.package_identification:_identify(src/build/first_interfaces/ament_copyright) by extension 'python'
[0.363s] Level 1:colcon.colcon_core.package_identification:_identify(src/build/first_interfaces/ament_copyright) by extensions ['python_setup_py']
[0.363s] Level 1:colcon.colcon_core.package_identification:_identify(src/build/first_interfaces/ament_copyright) by extension 'python_setup_py'
[0.363s] Level 1:colcon.colcon_core.package_identification:_identify(src/build/first_interfaces/ament_lint_cmake) by extensions ['ignore', 'ignore_ament_install']
[0.363s] Level 1:colcon.colcon_core.package_identification:_identify(src/build/first_interfaces/ament_lint_cmake) by extension 'ignore'
[0.363s] Level 1:colcon.colcon_core.package_identification:_identify(src/build/first_interfaces/ament_lint_cmake) by extension 'ignore_ament_install'
[0.363s] Level 1:colcon.colcon_core.package_identification:_identify(src/build/first_interfaces/ament_lint_cmake) by extensions ['colcon_pkg']
[0.363s] Level 1:colcon.colcon_core.package_identification:_identify(src/build/first_interfaces/ament_lint_cmake) by extension 'colcon_pkg'
[0.363s] Level 1:colcon.colcon_core.package_identification:_identify(src/build/first_interfaces/ament_lint_cmake) by extensions ['colcon_meta']
[0.363s] Level 1:colcon.colcon_core.package_identification:_identify(src/build/first_interfaces/ament_lint_cmake) by extension 'colcon_meta'
[0.363s] Level 1:colcon.colcon_core.package_identification:_identify(src/build/first_interfaces/ament_lint_cmake) by extensions ['ros']
[0.363s] Level 1:colcon.colcon_core.package_identification:_identify(src/build/first_interfaces/ament_lint_cmake) by extension 'ros'
[0.363s] Level 1:colcon.colcon_core.package_identification:_identify(src/build/first_interfaces/ament_lint_cmake) by extensions ['cmake', 'python']
[0.364s] Level 1:colcon.colcon_core.package_identification:_identify(src/build/first_interfaces/ament_lint_cmake) by extension 'cmake'
[0.364s] Level 1:colcon.colcon_core.package_identification:_identify(src/build/first_interfaces/ament_lint_cmake) by extension 'python'
[0.364s] Level 1:colcon.colcon_core.package_identification:_identify(src/build/first_interfaces/ament_lint_cmake) by extensions ['python_setup_py']
[0.364s] Level 1:colcon.colcon_core.package_identification:_identify(src/build/first_interfaces/ament_lint_cmake) by extension 'python_setup_py'
[0.364s] Level 1:colcon.colcon_core.package_identification:_identify(src/build/first_interfaces/ament_xmllint) by extensions ['ignore', 'ignore_ament_install']
[0.364s] Level 1:colcon.colcon_core.package_identification:_identify(src/build/first_interfaces/ament_xmllint) by extension 'ignore'
[0.364s] Level 1:colcon.colcon_core.package_identification:_identify(src/build/first_interfaces/ament_xmllint) by extension 'ignore_ament_install'
[0.364s] Level 1:colcon.colcon_core.package_identification:_identify(src/build/first_interfaces/ament_xmllint) by extensions ['colcon_pkg']
[0.364s] Level 1:colcon.colcon_core.package_identification:_identify(src/build/first_interfaces/ament_xmllint) by extension 'colcon_pkg'
[0.364s] Level 1:colcon.colcon_core.package_identification:_identify(src/build/first_interfaces/ament_xmllint) by extensions ['colcon_meta']
[0.364s] Level 1:colcon.colcon_core.package_identification:_identify(src/build/first_interfaces/ament_xmllint) by extension 'colcon_meta'
[0.364s] Level 1:colcon.colcon_core.package_identification:_identify(src/build/first_interfaces/ament_xmllint) by extensions ['ros']
[0.364s] Level 1:colcon.colcon_core.package_identification:_identify(src/build/first_interfaces/ament_xmllint) by extension 'ros'
[0.364s] Level 1:colcon.colcon_core.package_identification:_identify(src/build/first_interfaces/ament_xmllint) by extensions ['cmake', 'python']
[0.364s] Level 1:colcon.colcon_core.package_identification:_identify(src/build/first_interfaces/ament_xmllint) by extension 'cmake'
[0.364s] Level 1:colcon.colcon_core.package_identification:_identify(src/build/first_interfaces/ament_xmllint) by extension 'python'
[0.364s] Level 1:colcon.colcon_core.package_identification:_identify(src/build/first_interfaces/ament_xmllint) by extensions ['python_setup_py']
[0.364s] Level 1:colcon.colcon_core.package_identification:_identify(src/build/first_interfaces/ament_xmllint) by extension 'python_setup_py'
[0.365s] Level 1:colcon.colcon_core.package_identification:_identify(src/first_interfaces) by extensions ['ignore', 'ignore_ament_install']
[0.365s] Level 1:colcon.colcon_core.package_identification:_identify(src/first_interfaces) by extension 'ignore'
[0.365s] Level 1:colcon.colcon_core.package_identification:_identify(src/first_interfaces) by extension 'ignore_ament_install'
[0.365s] Level 1:colcon.colcon_core.package_identification:_identify(src/first_interfaces) by extensions ['colcon_pkg']
[0.365s] Level 1:colcon.colcon_core.package_identification:_identify(src/first_interfaces) by extension 'colcon_pkg'
[0.365s] Level 1:colcon.colcon_core.package_identification:_identify(src/first_interfaces) by extensions ['colcon_meta']
[0.365s] Level 1:colcon.colcon_core.package_identification:_identify(src/first_interfaces) by extension 'colcon_meta'
[0.365s] Level 1:colcon.colcon_core.package_identification:_identify(src/first_interfaces) by extensions ['ros']
[0.365s] Level 1:colcon.colcon_core.package_identification:_identify(src/first_interfaces) by extension 'ros'
[0.365s] Level 1:colcon.colcon_core.package_identification:_identify(src/first_interfaces) by extensions ['cmake', 'python']
[0.365s] Level 1:colcon.colcon_core.package_identification:_identify(src/first_interfaces) by extension 'cmake'
[0.365s] Level 1:colcon.colcon_core.package_identification:_identify(src/first_interfaces) by extension 'python'
[0.365s] Level 1:colcon.colcon_core.package_identification:_identify(src/first_interfaces) by extensions ['python_setup_py']
[0.365s] Level 1:colcon.colcon_core.package_identification:_identify(src/first_interfaces) by extension 'python_setup_py'
[0.365s] Level 1:colcon.colcon_core.package_identification:_identify(src/first_interfaces/include) by extensions ['ignore', 'ignore_ament_install']
[0.365s] Level 1:colcon.colcon_core.package_identification:_identify(src/first_interfaces/include) by extension 'ignore'
[0.365s] Level 1:colcon.colcon_core.package_identification:_identify(src/first_interfaces/include) by extension 'ignore_ament_install'
[0.365s] Level 1:colcon.colcon_core.package_identification:_identify(src/first_interfaces/include) by extensions ['colcon_pkg']
[0.365s] Level 1:colcon.colcon_core.package_identification:_identify(src/first_interfaces/include) by extension 'colcon_pkg'
[0.365s] Level 1:colcon.colcon_core.package_identification:_identify(src/first_interfaces/include) by extensions ['colcon_meta']
[0.365s] Level 1:colcon.colcon_core.package_identification:_identify(src/first_interfaces/include) by extension 'colcon_meta'
[0.365s] Level 1:colcon.colcon_core.package_identification:_identify(src/first_interfaces/include) by extensions ['ros']
[0.365s] Level 1:colcon.colcon_core.package_identification:_identify(src/first_interfaces/include) by extension 'ros'
[0.365s] Level 1:colcon.colcon_core.package_identification:_identify(src/first_interfaces/include) by extensions ['cmake', 'python']
[0.365s] Level 1:colcon.colcon_core.package_identification:_identify(src/first_interfaces/include) by extension 'cmake'
[0.366s] Level 1:colcon.colcon_core.package_identification:_identify(src/first_interfaces/include) by extension 'python'
[0.366s] Level 1:colcon.colcon_core.package_identification:_identify(src/first_interfaces/include) by extensions ['python_setup_py']
[0.366s] Level 1:colcon.colcon_core.package_identification:_identify(src/first_interfaces/include) by extension 'python_setup_py'
[0.366s] Level 1:colcon.colcon_core.package_identification:_identify(src/first_interfaces/include/first_interfaces) by extensions ['ignore', 'ignore_ament_install']
[0.366s] Level 1:colcon.colcon_core.package_identification:_identify(src/first_interfaces/include/first_interfaces) by extension 'ignore'
[0.366s] Level 1:colcon.colcon_core.package_identification:_identify(src/first_interfaces/include/first_interfaces) by extension 'ignore_ament_install'
[0.366s] Level 1:colcon.colcon_core.package_identification:_identify(src/first_interfaces/include/first_interfaces) by extensions ['colcon_pkg']
[0.366s] Level 1:colcon.colcon_core.package_identification:_identify(src/first_interfaces/include/first_interfaces) by extension 'colcon_pkg'
[0.366s] Level 1:colcon.colcon_core.package_identification:_identify(src/first_interfaces/include/first_interfaces) by extensions ['colcon_meta']
[0.366s] Level 1:colcon.colcon_core.package_identification:_identify(src/first_interfaces/include/first_interfaces) by extension 'colcon_meta'
[0.366s] Level 1:colcon.colcon_core.package_identification:_identify(src/first_interfaces/include/first_interfaces) by extensions ['ros']
[0.366s] Level 1:colcon.colcon_core.package_identification:_identify(src/first_interfaces/include/first_interfaces) by extension 'ros'
[0.366s] Level 1:colcon.colcon_core.package_identification:_identify(src/first_interfaces/include/first_interfaces) by extensions ['cmake', 'python']
[0.366s] Level 1:colcon.colcon_core.package_identification:_identify(src/first_interfaces/include/first_interfaces) by extension 'cmake'
[0.366s] Level 1:colcon.colcon_core.package_identification:_identify(src/first_interfaces/include/first_interfaces) by extension 'python'
[0.366s] Level 1:colcon.colcon_core.package_identification:_identify(src/first_interfaces/include/first_interfaces) by extensions ['python_setup_py']
[0.366s] Level 1:colcon.colcon_core.package_identification:_identify(src/first_interfaces/include/first_interfaces) by extension 'python_setup_py'
[0.366s] Level 1:colcon.colcon_core.package_identification:_identify(src/first_interfaces/src) by extensions ['ignore', 'ignore_ament_install']
[0.366s] Level 1:colcon.colcon_core.package_identification:_identify(src/first_interfaces/src) by extension 'ignore'
[0.366s] Level 1:colcon.colcon_core.package_identification:_identify(src/first_interfaces/src) by extension 'ignore_ament_install'
[0.366s] Level 1:colcon.colcon_core.package_identification:_identify(src/first_interfaces/src) by extensions ['colcon_pkg']
[0.366s] Level 1:colcon.colcon_core.package_identification:_identify(src/first_interfaces/src) by extension 'colcon_pkg'
[0.366s] Level 1:colcon.colcon_core.package_identification:_identify(src/first_interfaces/src) by extensions ['colcon_meta']
[0.367s] Level 1:colcon.colcon_core.package_identification:_identify(src/first_interfaces/src) by extension 'colcon_meta'
[0.367s] Level 1:colcon.colcon_core.package_identification:_identify(src/first_interfaces/src) by extensions ['ros']
[0.367s] Level 1:colcon.colcon_core.package_identification:_identify(src/first_interfaces/src) by extension 'ros'
[0.367s] Level 1:colcon.colcon_core.package_identification:_identify(src/first_interfaces/src) by extensions ['cmake', 'python']
[0.367s] Level 1:colcon.colcon_core.package_identification:_identify(src/first_interfaces/src) by extension 'cmake'
[0.367s] Level 1:colcon.colcon_core.package_identification:_identify(src/first_interfaces/src) by extension 'python'
[0.367s] Level 1:colcon.colcon_core.package_identification:_identify(src/first_interfaces/src) by extensions ['python_setup_py']
[0.367s] Level 1:colcon.colcon_core.package_identification:_identify(src/first_interfaces/src) by extension 'python_setup_py'
[0.367s] Level 1:colcon.colcon_core.package_identification:_identify(src/first_package) by extensions ['ignore', 'ignore_ament_install']
[0.367s] Level 1:colcon.colcon_core.package_identification:_identify(src/first_package) by extension 'ignore'
[0.367s] Level 1:colcon.colcon_core.package_identification:_identify(src/first_package) by extension 'ignore_ament_install'
[0.367s] Level 1:colcon.colcon_core.package_identification:_identify(src/first_package) by extensions ['colcon_pkg']
[0.367s] Level 1:colcon.colcon_core.package_identification:_identify(src/first_package) by extension 'colcon_pkg'
[0.367s] Level 1:colcon.colcon_core.package_identification:_identify(src/first_package) by extensions ['colcon_meta']
[0.367s] Level 1:colcon.colcon_core.package_identification:_identify(src/first_package) by extension 'colcon_meta'
[0.367s] Level 1:colcon.colcon_core.package_identification:_identify(src/first_package) by extensions ['ros']
[0.367s] Level 1:colcon.colcon_core.package_identification:_identify(src/first_package) by extension 'ros'
[0.370s] DEBUG:colcon.colcon_core.package_identification:Package 'src/first_package' with type 'ros.ament_python' and name 'first_package'
[0.370s] Level 1:colcon.colcon_core.package_identification:_identify(src/install) by extensions ['ignore', 'ignore_ament_install']
[0.370s] Level 1:colcon.colcon_core.package_identification:_identify(src/install) by extension 'ignore'
[0.370s] Level 1:colcon.colcon_core.package_identification:_identify(src/install) by extension 'ignore_ament_install'
[0.370s] Level 1:colcon.colcon_core.package_identification:_identify(src/install) by extensions ['colcon_pkg']
[0.371s] Level 1:colcon.colcon_core.package_identification:_identify(src/install) by extension 'colcon_pkg'
[0.371s] Level 1:colcon.colcon_core.package_identification:_identify(src/install) by extensions ['colcon_meta']
[0.371s] Level 1:colcon.colcon_core.package_identification:_identify(src/install) by extension 'colcon_meta'
[0.371s] Level 1:colcon.colcon_core.package_identification:_identify(src/install) by extensions ['ros']
[0.371s] Level 1:colcon.colcon_core.package_identification:_identify(src/install) by extension 'ros'
[0.371s] Level 1:colcon.colcon_core.package_identification:_identify(src/install) by extensions ['cmake', 'python']
[0.371s] Level 1:colcon.colcon_core.package_identification:_identify(src/install) by extension 'cmake'
[0.371s] Level 1:colcon.colcon_core.package_identification:_identify(src/install) by extension 'python'
[0.371s] Level 1:colcon.colcon_core.package_identification:_identify(src/install) by extensions ['python_setup_py']
[0.371s] Level 1:colcon.colcon_core.package_identification:_identify(src/install) by extension 'python_setup_py'
[0.371s] Level 1:colcon.colcon_core.package_identification:_identify(src/install/first_interfaces) by extensions ['ignore', 'ignore_ament_install']
[0.371s] Level 1:colcon.colcon_core.package_identification:_identify(src/install/first_interfaces) by extension 'ignore'
[0.371s] Level 1:colcon.colcon_core.package_identification:_identify(src/install/first_interfaces) by extension 'ignore_ament_install'
[0.371s] Level 1:colcon.colcon_core.package_identification:_identify(src/install/first_interfaces) by extensions ['colcon_pkg']
[0.371s] Level 1:colcon.colcon_core.package_identification:_identify(src/install/first_interfaces) by extension 'colcon_pkg'
[0.371s] Level 1:colcon.colcon_core.package_identification:_identify(src/install/first_interfaces) by extensions ['colcon_meta']
[0.371s] Level 1:colcon.colcon_core.package_identification:_identify(src/install/first_interfaces) by extension 'colcon_meta'
[0.371s] Level 1:colcon.colcon_core.package_identification:_identify(src/install/first_interfaces) by extensions ['ros']
[0.371s] Level 1:colcon.colcon_core.package_identification:_identify(src/install/first_interfaces) by extension 'ros'
[0.371s] Level 1:colcon.colcon_core.package_identification:_identify(src/install/first_interfaces) by extensions ['cmake', 'python']
[0.371s] Level 1:colcon.colcon_core.package_identification:_identify(src/install/first_interfaces) by extension 'cmake'
[0.371s] Level 1:colcon.colcon_core.package_identification:_identify(src/install/first_interfaces) by extension 'python'
[0.371s] Level 1:colcon.colcon_core.package_identification:_identify(src/install/first_interfaces) by extensions ['python_setup_py']
[0.371s] Level 1:colcon.colcon_core.package_identification:_identify(src/install/first_interfaces) by extension 'python_setup_py'
[0.372s] Level 1:colcon.colcon_core.package_identification:_identify(src/install/first_interfaces/include) by extensions ['ignore', 'ignore_ament_install']
[0.372s] Level 1:colcon.colcon_core.package_identification:_identify(src/install/first_interfaces/include) by extension 'ignore'
[0.372s] Level 1:colcon.colcon_core.package_identification:_identify(src/install/first_interfaces/include) by extension 'ignore_ament_install'
[0.372s] Level 1:colcon.colcon_core.package_identification:_identify(src/install/first_interfaces/include) by extensions ['colcon_pkg']
[0.372s] Level 1:colcon.colcon_core.package_identification:_identify(src/install/first_interfaces/include) by extension 'colcon_pkg'
[0.372s] Level 1:colcon.colcon_core.package_identification:_identify(src/install/first_interfaces/include) by extensions ['colcon_meta']
[0.372s] Level 1:colcon.colcon_core.package_identification:_identify(src/install/first_interfaces/include) by extension 'colcon_meta'
[0.372s] Level 1:colcon.colcon_core.package_identification:_identify(src/install/first_interfaces/include) by extensions ['ros']
[0.372s] Level 1:colcon.colcon_core.package_identification:_identify(src/install/first_interfaces/include) by extension 'ros'
[0.372s] Level 1:colcon.colcon_core.package_identification:_identify(src/install/first_interfaces/include) by extensions ['cmake', 'python']
[0.372s] Level 1:colcon.colcon_core.package_identification:_identify(src/install/first_interfaces/include) by extension 'cmake'
[0.372s] Level 1:colcon.colcon_core.package_identification:_identify(src/install/first_interfaces/include) by extension 'python'
[0.372s] Level 1:colcon.colcon_core.package_identification:_identify(src/install/first_interfaces/include) by extensions ['python_setup_py']
[0.372s] Level 1:colcon.colcon_core.package_identification:_identify(src/install/first_interfaces/include) by extension 'python_setup_py'
[0.372s] Level 1:colcon.colcon_core.package_identification:_identify(src/install/first_interfaces/include/first_interfaces) by extensions ['ignore', 'ignore_ament_install']
[0.372s] Level 1:colcon.colcon_core.package_identification:_identify(src/install/first_interfaces/include/first_interfaces) by extension 'ignore'
[0.372s] Level 1:colcon.colcon_core.package_identification:_identify(src/install/first_interfaces/include/first_interfaces) by extension 'ignore_ament_install'
[0.372s] Level 1:colcon.colcon_core.package_identification:_identify(src/install/first_interfaces/include/first_interfaces) by extensions ['colcon_pkg']
[0.372s] Level 1:colcon.colcon_core.package_identification:_identify(src/install/first_interfaces/include/first_interfaces) by extension 'colcon_pkg'
[0.372s] Level 1:colcon.colcon_core.package_identification:_identify(src/install/first_interfaces/include/first_interfaces) by extensions ['colcon_meta']
[0.372s] Level 1:colcon.colcon_core.package_identification:_identify(src/install/first_interfaces/include/first_interfaces) by extension 'colcon_meta'
[0.372s] Level 1:colcon.colcon_core.package_identification:_identify(src/install/first_interfaces/include/first_interfaces) by extensions ['ros']
[0.372s] Level 1:colcon.colcon_core.package_identification:_identify(src/install/first_interfaces/include/first_interfaces) by extension 'ros'
[0.373s] Level 1:colcon.colcon_core.package_identification:_identify(src/install/first_interfaces/include/first_interfaces) by extensions ['cmake', 'python']
[0.373s] Level 1:colcon.colcon_core.package_identification:_identify(src/install/first_interfaces/include/first_interfaces) by extension 'cmake'
[0.373s] Level 1:colcon.colcon_core.package_identification:_identify(src/install/first_interfaces/include/first_interfaces) by extension 'python'
[0.373s] Level 1:colcon.colcon_core.package_identification:_identify(src/install/first_interfaces/include/first_interfaces) by extensions ['python_setup_py']
[0.373s] Level 1:colcon.colcon_core.package_identification:_identify(src/install/first_interfaces/include/first_interfaces) by extension 'python_setup_py'
[0.373s] Level 1:colcon.colcon_core.package_identification:_identify(src/install/first_interfaces/include/first_interfaces/msg) by extensions ['ignore', 'ignore_ament_install']
[0.373s] Level 1:colcon.colcon_core.package_identification:_identify(src/install/first_interfaces/include/first_interfaces/msg) by extension 'ignore'
[0.373s] Level 1:colcon.colcon_core.package_identification:_identify(src/install/first_interfaces/include/first_interfaces/msg) by extension 'ignore_ament_install'
[0.373s] Level 1:colcon.colcon_core.package_identification:_identify(src/install/first_interfaces/include/first_interfaces/msg) by extensions ['colcon_pkg']
[0.373s] Level 1:colcon.colcon_core.package_identification:_identify(src/install/first_interfaces/include/first_interfaces/msg) by extension 'colcon_pkg'
[0.373s] Level 1:colcon.colcon_core.package_identification:_identify(src/install/first_interfaces/include/first_interfaces/msg) by extensions ['colcon_meta']
[0.373s] Level 1:colcon.colcon_core.package_identification:_identify(src/install/first_interfaces/include/first_interfaces/msg) by extension 'colcon_meta'
[0.373s] Level 1:colcon.colcon_core.package_identification:_identify(src/install/first_interfaces/include/first_interfaces/msg) by extensions ['ros']
[0.373s] Level 1:colcon.colcon_core.package_identification:_identify(src/install/first_interfaces/include/first_interfaces/msg) by extension 'ros'
[0.373s] Level 1:colcon.colcon_core.package_identification:_identify(src/install/first_interfaces/include/first_interfaces/msg) by extensions ['cmake', 'python']
[0.373s] Level 1:colcon.colcon_core.package_identification:_identify(src/install/first_interfaces/include/first_interfaces/msg) by extension 'cmake'
[0.373s] Level 1:colcon.colcon_core.package_identification:_identify(src/install/first_interfaces/include/first_interfaces/msg) by extension 'python'
[0.373s] Level 1:colcon.colcon_core.package_identification:_identify(src/install/first_interfaces/include/first_interfaces/msg) by extensions ['python_setup_py']
[0.373s] Level 1:colcon.colcon_core.package_identification:_identify(src/install/first_interfaces/include/first_interfaces/msg) by extension 'python_setup_py'
[0.373s] Level 1:colcon.colcon_core.package_identification:_identify(src/install/first_interfaces/include/first_interfaces/msg/detail) by extensions ['ignore', 'ignore_ament_install']
[0.373s] Level 1:colcon.colcon_core.package_identification:_identify(src/install/first_interfaces/include/first_interfaces/msg/detail) by extension 'ignore'
[0.373s] Level 1:colcon.colcon_core.package_identification:_identify(src/install/first_interfaces/include/first_interfaces/msg/detail) by extension 'ignore_ament_install'
[0.373s] Level 1:colcon.colcon_core.package_identification:_identify(src/install/first_interfaces/include/first_interfaces/msg/detail) by extensions ['colcon_pkg']
[0.373s] Level 1:colcon.colcon_core.package_identification:_identify(src/install/first_interfaces/include/first_interfaces/msg/detail) by extension 'colcon_pkg'
[0.374s] Level 1:colcon.colcon_core.package_identification:_identify(src/install/first_interfaces/include/first_interfaces/msg/detail) by extensions ['colcon_meta']
[0.374s] Level 1:colcon.colcon_core.package_identification:_identify(src/install/first_interfaces/include/first_interfaces/msg/detail) by extension 'colcon_meta'
[0.374s] Level 1:colcon.colcon_core.package_identification:_identify(src/install/first_interfaces/include/first_interfaces/msg/detail) by extensions ['ros']
[0.374s] Level 1:colcon.colcon_core.package_identification:_identify(src/install/first_interfaces/include/first_interfaces/msg/detail) by extension 'ros'
[0.374s] Level 1:colcon.colcon_core.package_identification:_identify(src/install/first_interfaces/include/first_interfaces/msg/detail) by extensions ['cmake', 'python']
[0.374s] Level 1:colcon.colcon_core.package_identification:_identify(src/install/first_interfaces/include/first_interfaces/msg/detail) by extension 'cmake'
[0.374s] Level 1:colcon.colcon_core.package_identification:_identify(src/install/first_interfaces/include/first_interfaces/msg/detail) by extension 'python'
[0.374s] Level 1:colcon.colcon_core.package_identification:_identify(src/install/first_interfaces/include/first_interfaces/msg/detail) by extensions ['python_setup_py']
[0.374s] Level 1:colcon.colcon_core.package_identification:_identify(src/install/first_interfaces/include/first_interfaces/msg/detail) by extension 'python_setup_py'
[0.374s] Level 1:colcon.colcon_core.package_identification:_identify(src/install/first_interfaces/include/first_interfaces/msg/detail/dds_fastrtps) by extensions ['ignore', 'ignore_ament_install']
[0.374s] Level 1:colcon.colcon_core.package_identification:_identify(src/install/first_interfaces/include/first_interfaces/msg/detail/dds_fastrtps) by extension 'ignore'
[0.374s] Level 1:colcon.colcon_core.package_identification:_identify(src/install/first_interfaces/include/first_interfaces/msg/detail/dds_fastrtps) by extension 'ignore_ament_install'
[0.374s] Level 1:colcon.colcon_core.package_identification:_identify(src/install/first_interfaces/include/first_interfaces/msg/detail/dds_fastrtps) by extensions ['colcon_pkg']
[0.374s] Level 1:colcon.colcon_core.package_identification:_identify(src/install/first_interfaces/include/first_interfaces/msg/detail/dds_fastrtps) by extension 'colcon_pkg'
[0.374s] Level 1:colcon.colcon_core.package_identification:_identify(src/install/first_interfaces/include/first_interfaces/msg/detail/dds_fastrtps) by extensions ['colcon_meta']
[0.374s] Level 1:colcon.colcon_core.package_identification:_identify(src/install/first_interfaces/include/first_interfaces/msg/detail/dds_fastrtps) by extension 'colcon_meta'
[0.374s] Level 1:colcon.colcon_core.package_identification:_identify(src/install/first_interfaces/include/first_interfaces/msg/detail/dds_fastrtps) by extensions ['ros']
[0.374s] Level 1:colcon.colcon_core.package_identification:_identify(src/install/first_interfaces/include/first_interfaces/msg/detail/dds_fastrtps) by extension 'ros'
[0.374s] Level 1:colcon.colcon_core.package_identification:_identify(src/install/first_interfaces/include/first_interfaces/msg/detail/dds_fastrtps) by extensions ['cmake', 'python']
[0.374s] Level 1:colcon.colcon_core.package_identification:_identify(src/install/first_interfaces/include/first_interfaces/msg/detail/dds_fastrtps) by extension 'cmake'
[0.375s] Level 1:colcon.colcon_core.package_identification:_identify(src/install/first_interfaces/include/first_interfaces/msg/detail/dds_fastrtps) by extension 'python'
[0.375s] Level 1:colcon.colcon_core.package_identification:_identify(src/install/first_interfaces/include/first_interfaces/msg/detail/dds_fastrtps) by extensions ['python_setup_py']
[0.375s] Level 1:colcon.colcon_core.package_identification:_identify(src/install/first_interfaces/include/first_interfaces/msg/detail/dds_fastrtps) by extension 'python_setup_py'
[0.375s] Level 1:colcon.colcon_core.package_identification:_identify(src/stm_station) by extensions ['ignore', 'ignore_ament_install']
[0.375s] Level 1:colcon.colcon_core.package_identification:_identify(src/stm_station) by extension 'ignore'
[0.375s] Level 1:colcon.colcon_core.package_identification:_identify(src/stm_station) by extension 'ignore_ament_install'
[0.375s] Level 1:colcon.colcon_core.package_identification:_identify(src/stm_station) by extensions ['colcon_pkg']
[0.375s] Level 1:colcon.colcon_core.package_identification:_identify(src/stm_station) by extension 'colcon_pkg'
[0.375s] Level 1:colcon.colcon_core.package_identification:_identify(src/stm_station) by extensions ['colcon_meta']
[0.375s] Level 1:colcon.colcon_core.package_identification:_identify(src/stm_station) by extension 'colcon_meta'
[0.375s] Level 1:colcon.colcon_core.package_identification:_identify(src/stm_station) by extensions ['ros']
[0.375s] Level 1:colcon.colcon_core.package_identification:_identify(src/stm_station) by extension 'ros'
[0.376s] DEBUG:colcon.colcon_core.package_identification:Package 'src/stm_station' with type 'ros.ament_python' and name 'stm_station'
[0.376s] Level 1:colcon.colcon_core.package_discovery:discover_packages(recursive) using defaults
[0.376s] Level 1:colcon.colcon_core.package_discovery:discover_packages(ignore) discover
[0.376s] Level 1:colcon.colcon_core.package_discovery:discover_packages(ignore) using defaults
[0.376s] Level 1:colcon.colcon_core.package_discovery:discover_packages(path) discover
[0.376s] Level 1:colcon.colcon_core.package_discovery:discover_packages(path) using defaults
[0.392s] Level 1:colcon.colcon_core.package_discovery:discover_packages(prefix_path) check parameters
[0.392s] Level 1:colcon.colcon_core.package_discovery:discover_packages(prefix_path) discover
[0.394s] DEBUG:colcon.colcon_installed_package_information.package_discovery:Found 2 installed packages in /home/athens/ros2_athens_ws/install
[0.395s] DEBUG:colcon.colcon_installed_package_information.package_discovery:Found 6 installed packages in /home/athens/ros2_ws/install
[0.396s] DEBUG:colcon.colcon_installed_package_information.package_discovery:Found 256 installed packages in /opt/ros/foxy
[0.398s] Level 1:colcon.colcon_core.package_discovery:discover_packages(prefix_path) using defaults
[0.463s] Level 5:colcon.colcon_core.verb:set package 'first_package' build argument 'cmake_args' from command line to 'None'
[0.463s] Level 5:colcon.colcon_core.verb:set package 'first_package' build argument 'cmake_target' from command line to 'None'
[0.463s] Level 5:colcon.colcon_core.verb:set package 'first_package' build argument 'cmake_target_skip_unavailable' from command line to 'False'
[0.463s] Level 5:colcon.colcon_core.verb:set package 'first_package' build argument 'cmake_clean_cache' from command line to 'False'
[0.463s] Level 5:colcon.colcon_core.verb:set package 'first_package' build argument 'cmake_clean_first' from command line to 'False'
[0.463s] Level 5:colcon.colcon_core.verb:set package 'first_package' build argument 'cmake_force_configure' from command line to 'False'
[0.463s] Level 5:colcon.colcon_core.verb:set package 'first_package' build argument 'ament_cmake_args' from command line to 'None'
[0.463s] Level 5:colcon.colcon_core.verb:set package 'first_package' build argument 'catkin_cmake_args' from command line to 'None'
[0.464s] Level 5:colcon.colcon_core.verb:set package 'first_package' build argument 'catkin_skip_building_tests' from command line to 'False'
[0.464s] DEBUG:colcon.colcon_core.verb:Building package 'first_package' with the following arguments: {'ament_cmake_args': None, 'build_base': '/home/athens/ros2_athens_ws/build/first_package', 'catkin_cmake_args': None, 'catkin_skip_building_tests': False, 'cmake_args': None, 'cmake_clean_cache': False, 'cmake_clean_first': False, 'cmake_force_configure': False, 'cmake_target': None, 'cmake_target_skip_unavailable': False, 'install_base': '/home/athens/ros2_athens_ws/install/first_package', 'merge_install': False, 'path': '/home/athens/ros2_athens_ws/src/first_package', 'symlink_install': False, 'test_result_base': None}
[0.464s] Level 5:colcon.colcon_core.verb:set package 'stm_station' build argument 'cmake_args' from command line to 'None'
[0.464s] Level 5:colcon.colcon_core.verb:set package 'stm_station' build argument 'cmake_target' from command line to 'None'
[0.464s] Level 5:colcon.colcon_core.verb:set package 'stm_station' build argument 'cmake_target_skip_unavailable' from command line to 'False'
[0.464s] Level 5:colcon.colcon_core.verb:set package 'stm_station' build argument 'cmake_clean_cache' from command line to 'False'
[0.464s] Level 5:colcon.colcon_core.verb:set package 'stm_station' build argument 'cmake_clean_first' from command line to 'False'
[0.464s] Level 5:colcon.colcon_core.verb:set package 'stm_station' build argument 'cmake_force_configure' from command line to 'False'
[0.464s] Level 5:colcon.colcon_core.verb:set package 'stm_station' build argument 'ament_cmake_args' from command line to 'None'
[0.464s] Level 5:colcon.colcon_core.verb:set package 'stm_station' build argument 'catkin_cmake_args' from command line to 'None'
[0.465s] Level 5:colcon.colcon_core.verb:set package 'stm_station' build argument 'catkin_skip_building_tests' from command line to 'False'
[0.465s] DEBUG:colcon.colcon_core.verb:Building package 'stm_station' with the following arguments: {'ament_cmake_args': None, 'build_base': '/home/athens/ros2_athens_ws/build/stm_station', 'catkin_cmake_args': None, 'catkin_skip_building_tests': False, 'cmake_args': None, 'cmake_clean_cache': False, 'cmake_clean_first': False, 'cmake_force_configure': False, 'cmake_target': None, 'cmake_target_skip_unavailable': False, 'install_base': '/home/athens/ros2_athens_ws/install/stm_station', 'merge_install': False, 'path': '/home/athens/ros2_athens_ws/src/stm_station', 'symlink_install': False, 'test_result_base': None}
[0.465s] INFO:colcon.colcon_core.executor:Executing jobs using 'parallel' executor
[0.466s] DEBUG:colcon.colcon_parallel_executor.executor.parallel:run_until_complete
[0.467s] INFO:colcon.colcon_ros.task.ament_python.build:Building ROS package in '/home/athens/ros2_athens_ws/src/first_package' with build type 'ament_python'
[0.468s] Level 1:colcon.colcon_core.shell:create_environment_hook('first_package', 'ament_prefix_path')
[0.471s] INFO:colcon.colcon_core.plugin_system:Skipping extension 'colcon_core.shell.bat': Not used on non-Windows systems
[0.471s] INFO:colcon.colcon_core.shell:Creating environment hook '/home/athens/ros2_athens_ws/install/first_package/share/first_package/hook/ament_prefix_path.ps1'
[0.472s] INFO:colcon.colcon_core.shell:Creating environment descriptor '/home/athens/ros2_athens_ws/install/first_package/share/first_package/hook/ament_prefix_path.dsv'
[0.473s] INFO:colcon.colcon_core.shell:Creating environment hook '/home/athens/ros2_athens_ws/install/first_package/share/first_package/hook/ament_prefix_path.sh'
[0.474s] INFO:colcon.colcon_core.shell:Skip shell extension 'powershell' for command environment: Not usable outside of PowerShell
[0.474s] DEBUG:colcon.colcon_core.shell:Skip shell extension 'dsv' for command environment
[0.480s] INFO:colcon.colcon_ros.task.ament_python.build:Building ROS package in '/home/athens/ros2_athens_ws/src/stm_station' with build type 'ament_python'
[0.481s] Level 1:colcon.colcon_core.shell:create_environment_hook('stm_station', 'ament_prefix_path')
[0.481s] INFO:colcon.colcon_core.shell:Creating environment hook '/home/athens/ros2_athens_ws/install/stm_station/share/stm_station/hook/ament_prefix_path.ps1'
[0.482s] INFO:colcon.colcon_core.shell:Creating environment descriptor '/home/athens/ros2_athens_ws/install/stm_station/share/stm_station/hook/ament_prefix_path.dsv'
[0.483s] INFO:colcon.colcon_core.shell:Creating environment hook '/home/athens/ros2_athens_ws/install/stm_station/share/stm_station/hook/ament_prefix_path.sh'
[0.487s] INFO:colcon.colcon_core.shell:Skip shell extension 'powershell' for command environment: Not usable outside of PowerShell
[0.487s] DEBUG:colcon.colcon_core.shell:Skip shell extension 'dsv' for command environment
[0.775s] INFO:colcon.colcon_core.task.python.build:Building Python package in '/home/athens/ros2_athens_ws/src/first_package'
[0.776s] INFO:colcon.colcon_core.shell:Skip shell extension 'powershell' for command environment: Not usable outside of PowerShell
[0.776s] DEBUG:colcon.colcon_core.shell:Skip shell extension 'dsv' for command environment
[1.049s] INFO:colcon.colcon_core.task.python.build:Building Python package in '/home/athens/ros2_athens_ws/src/stm_station'
[1.050s] INFO:colcon.colcon_core.shell:Skip shell extension 'powershell' for command environment: Not usable outside of PowerShell
[1.052s] DEBUG:colcon.colcon_core.shell:Skip shell extension 'dsv' for command environment
[1.602s] DEBUG:colcon.colcon_core.event_handler.log_command:Invoking command in '/home/athens/ros2_athens_ws/src/stm_station': PYTHONPATH=/home/athens/ros2_athens_ws/build/stm_station/prefix_override:/usr/lib/python3/dist-packages/colcon_core/task/python/colcon_distutils_commands:/home/athens/ros2_athens_ws/install/stm_station/lib/python3.8/site-packages:${PYTHONPATH} /usr/bin/python3 -W ignore:setup.py install is deprecated setup.py egg_info --egg-base ../../build/stm_station build --build-base /home/athens/ros2_athens_ws/build/stm_station/build install --record /home/athens/ros2_athens_ws/build/stm_station/install.log --install-scripts $base/lib/stm_station --single-version-externally-managed install_data
[1.614s] DEBUG:colcon.colcon_core.event_handler.log_command:Invoking command in '/home/athens/ros2_athens_ws/src/first_package': PYTHONPATH=/home/athens/ros2_athens_ws/build/first_package/prefix_override:/usr/lib/python3/dist-packages/colcon_core/task/python/colcon_distutils_commands:/home/athens/ros2_athens_ws/install/first_package/lib/python3.8/site-packages:${PYTHONPATH} /usr/bin/python3 -W ignore:setup.py install is deprecated setup.py egg_info --egg-base ../../build/first_package build --build-base /home/athens/ros2_athens_ws/build/first_package/build install --record /home/athens/ros2_athens_ws/build/first_package/install.log --install-scripts $base/lib/first_package --single-version-externally-managed install_data
[1.916s] DEBUG:colcon.colcon_core.event_handler.log_command:Invoked command in '/home/athens/ros2_athens_ws/src/stm_station' returned '0': PYTHONPATH=/home/athens/ros2_athens_ws/build/stm_station/prefix_override:/usr/lib/python3/dist-packages/colcon_core/task/python/colcon_distutils_commands:/home/athens/ros2_athens_ws/install/stm_station/lib/python3.8/site-packages:${PYTHONPATH} /usr/bin/python3 -W ignore:setup.py install is deprecated setup.py egg_info --egg-base ../../build/stm_station build --build-base /home/athens/ros2_athens_ws/build/stm_station/build install --record /home/athens/ros2_athens_ws/build/stm_station/install.log --install-scripts $base/lib/stm_station --single-version-externally-managed install_data
[1.921s] Level 1:colcon.colcon_core.environment:checking '/home/athens/ros2_athens_ws/install/stm_station' for CMake module files
[1.921s] Level 1:colcon.colcon_core.environment:checking '/home/athens/ros2_athens_ws/install/stm_station' for CMake config files
[1.924s] Level 1:colcon.colcon_core.environment:checking '/home/athens/ros2_athens_ws/install/stm_station/lib'
[1.925s] Level 1:colcon.colcon_core.environment:checking '/home/athens/ros2_athens_ws/install/stm_station/bin'
[1.925s] Level 1:colcon.colcon_core.environment:checking '/home/athens/ros2_athens_ws/install/stm_station/lib/pkgconfig/stm_station.pc'
[1.925s] Level 1:colcon.colcon_core.environment:checking '/home/athens/ros2_athens_ws/install/stm_station/lib/python3.8/site-packages'
[1.925s] Level 1:colcon.colcon_core.shell:create_environment_hook('stm_station', 'pythonpath')
[1.925s] INFO:colcon.colcon_core.shell:Creating environment hook '/home/athens/ros2_athens_ws/install/stm_station/share/stm_station/hook/pythonpath.ps1'
[1.926s] INFO:colcon.colcon_core.shell:Creating environment descriptor '/home/athens/ros2_athens_ws/install/stm_station/share/stm_station/hook/pythonpath.dsv'
[1.927s] INFO:colcon.colcon_core.shell:Creating environment hook '/home/athens/ros2_athens_ws/install/stm_station/share/stm_station/hook/pythonpath.sh'
[1.933s] Level 1:colcon.colcon_core.environment:checking '/home/athens/ros2_athens_ws/install/stm_station/bin'
[1.934s] Level 1:colcon.colcon_core.environment:create_environment_scripts_only(stm_station)
[1.935s] INFO:colcon.colcon_core.shell:Creating package script '/home/athens/ros2_athens_ws/install/stm_station/share/stm_station/package.ps1'
[1.937s] INFO:colcon.colcon_core.shell:Creating package descriptor '/home/athens/ros2_athens_ws/install/stm_station/share/stm_station/package.dsv'
[1.954s] INFO:colcon.colcon_core.shell:Creating package script '/home/athens/ros2_athens_ws/install/stm_station/share/stm_station/package.sh'
[1.956s] INFO:colcon.colcon_core.shell:Creating package script '/home/athens/ros2_athens_ws/install/stm_station/share/stm_station/package.bash'
[1.957s] INFO:colcon.colcon_core.shell:Creating package script '/home/athens/ros2_athens_ws/install/stm_station/share/stm_station/package.zsh'
[1.960s] Level 1:colcon.colcon_core.environment:create_file_with_runtime_dependencies(/home/athens/ros2_athens_ws/install/stm_station/share/colcon-core/packages/stm_station)
[1.992s] Level 1:colcon.colcon_core.environment:checking '/home/athens/ros2_athens_ws/install/first_package' for CMake module files
[1.994s] DEBUG:colcon.colcon_core.event_handler.log_command:Invoked command in '/home/athens/ros2_athens_ws/src/first_package' returned '0': PYTHONPATH=/home/athens/ros2_athens_ws/build/first_package/prefix_override:/usr/lib/python3/dist-packages/colcon_core/task/python/colcon_distutils_commands:/home/athens/ros2_athens_ws/install/first_package/lib/python3.8/site-packages:${PYTHONPATH} /usr/bin/python3 -W ignore:setup.py install is deprecated setup.py egg_info --egg-base ../../build/first_package build --build-base /home/athens/ros2_athens_ws/build/first_package/build install --record /home/athens/ros2_athens_ws/build/first_package/install.log --install-scripts $base/lib/first_package --single-version-externally-managed install_data
[1.994s] Level 1:colcon.colcon_core.environment:checking '/home/athens/ros2_athens_ws/install/first_package' for CMake config files
[1.995s] Level 1:colcon.colcon_core.environment:checking '/home/athens/ros2_athens_ws/install/first_package/lib'
[1.995s] Level 1:colcon.colcon_core.environment:checking '/home/athens/ros2_athens_ws/install/first_package/bin'
[1.995s] Level 1:colcon.colcon_core.environment:checking '/home/athens/ros2_athens_ws/install/first_package/lib/pkgconfig/first_package.pc'
[1.995s] Level 1:colcon.colcon_core.environment:checking '/home/athens/ros2_athens_ws/install/first_package/lib/python3.8/site-packages'
[1.996s] Level 1:colcon.colcon_core.shell:create_environment_hook('first_package', 'pythonpath')
[1.996s] INFO:colcon.colcon_core.shell:Creating environment hook '/home/athens/ros2_athens_ws/install/first_package/share/first_package/hook/pythonpath.ps1'
[1.997s] INFO:colcon.colcon_core.shell:Creating environment descriptor '/home/athens/ros2_athens_ws/install/first_package/share/first_package/hook/pythonpath.dsv'
[1.998s] INFO:colcon.colcon_core.shell:Creating environment hook '/home/athens/ros2_athens_ws/install/first_package/share/first_package/hook/pythonpath.sh'
[1.998s] Level 1:colcon.colcon_core.environment:checking '/home/athens/ros2_athens_ws/install/first_package/bin'
[1.999s] Level 1:colcon.colcon_core.environment:create_environment_scripts_only(first_package)
[1.999s] INFO:colcon.colcon_core.shell:Creating package script '/home/athens/ros2_athens_ws/install/first_package/share/first_package/package.ps1'
[2.001s] INFO:colcon.colcon_core.shell:Creating package descriptor '/home/athens/ros2_athens_ws/install/first_package/share/first_package/package.dsv'
[2.002s] INFO:colcon.colcon_core.shell:Creating package script '/home/athens/ros2_athens_ws/install/first_package/share/first_package/package.sh'
[2.003s] INFO:colcon.colcon_core.shell:Creating package script '/home/athens/ros2_athens_ws/install/first_package/share/first_package/package.bash'
[2.004s] INFO:colcon.colcon_core.shell:Creating package script '/home/athens/ros2_athens_ws/install/first_package/share/first_package/package.zsh'
[2.005s] Level 1:colcon.colcon_core.environment:create_file_with_runtime_dependencies(/home/athens/ros2_athens_ws/install/first_package/share/colcon-core/packages/first_package)
[2.008s] DEBUG:colcon.colcon_parallel_executor.executor.parallel:closing loop
[2.008s] DEBUG:colcon.colcon_parallel_executor.executor.parallel:loop closed
[2.010s] DEBUG:colcon.colcon_parallel_executor.executor.parallel:run_until_complete finished with '0'
[2.010s] DEBUG:colcon.colcon_core.event_reactor:joining thread
[2.021s] INFO:colcon.colcon_core.plugin_system:Skipping extension 'colcon_notification.desktop_notification.terminal_notifier': Not used on non-Darwin systems
[2.022s] INFO:colcon.colcon_core.plugin_system:Skipping extension 'colcon_notification.desktop_notification.win32': Not used on non-Windows systems
[2.022s] INFO:colcon.colcon_notification.desktop_notification:Sending desktop notification using 'notify2'
[2.059s] DEBUG:colcon.colcon_core.event_reactor:joined thread
[2.060s] INFO:colcon.colcon_core.shell:Creating prefix script '/home/athens/ros2_athens_ws/install/local_setup.ps1'
[2.068s] INFO:colcon.colcon_core.shell:Creating prefix util module '/home/athens/ros2_athens_ws/install/_local_setup_util_ps1.py'
[2.072s] INFO:colcon.colcon_core.shell:Creating prefix chain script '/home/athens/ros2_athens_ws/install/setup.ps1'
[2.074s] INFO:colcon.colcon_core.shell:Creating prefix script '/home/athens/ros2_athens_ws/install/local_setup.sh'
[2.076s] INFO:colcon.colcon_core.shell:Creating prefix util module '/home/athens/ros2_athens_ws/install/_local_setup_util_sh.py'
[2.077s] INFO:colcon.colcon_core.shell:Creating prefix chain script '/home/athens/ros2_athens_ws/install/setup.sh'
[2.079s] INFO:colcon.colcon_core.shell:Creating prefix script '/home/athens/ros2_athens_ws/install/local_setup.bash'
[2.081s] INFO:colcon.colcon_core.shell:Creating prefix chain script '/home/athens/ros2_athens_ws/install/setup.bash'
[2.083s] INFO:colcon.colcon_core.shell:Creating prefix script '/home/athens/ros2_athens_ws/install/local_setup.zsh'
[2.084s] INFO:colcon.colcon_core.shell:Creating prefix chain script '/home/athens/ros2_athens_ws/install/setup.zsh'
