[0.021s] Invoking command in '/home/athens/ros2_athens_ws/src/build/first_interfaces': CMAKE_PREFIX_PATH=${CMAKE_PREFIX_PATH}:/home/athens/ros2_athens_ws/install/first_package:/home/athens/ros2_ws/install/stm_visualization_node:/home/athens/ros2_ws/install/stm_setup:/home/athens/ros2_ws/install/stm_serial_node:/home/athens/ros2_ws/install/stm_control_node:/opt/ros/foxy /usr/bin/cmake /home/athens/ros2_athens_ws/src/first_interfaces -DCMAKE_INSTALL_PREFIX=/home/athens/ros2_athens_ws/src/install/first_interfaces
[0.410s] -- The C compiler identification is GNU 9.4.0
[0.672s] -- The CXX compiler identification is GNU 9.4.0
[0.694s] -- Check for working C compiler: /usr/bin/cc
[0.859s] -- Check for working C compiler: /usr/bin/cc -- works
[0.869s] -- Detecting C compiler ABI info
[0.979s] -- Detecting C compiler ABI info - done
[0.994s] -- Detecting C compile features
[0.994s] -- Detecting C compile features - done
[1.002s] -- Check for working CXX compiler: /usr/bin/c++
[1.126s] -- Check for working CXX compiler: /usr/bin/c++ -- works
[1.128s] -- Detecting CXX compiler ABI info
[1.283s] -- Detecting CXX compiler ABI info - done
[1.293s] -- Detecting CXX compile features
[1.293s] -- Detecting CXX compile features - done
[1.301s] -- Found ament_cmake: 0.9.12 (/opt/ros/foxy/share/ament_cmake/cmake)
[1.373s] -- Found PythonInterp: /usr/bin/python3 (found suitable version "3.8.10", minimum required is "3") 
[1.373s] -- Using PYTHON_EXECUTABLE: /usr/bin/python3
[1.723s] -- Found std_msgs: 2.0.5 (/opt/ros/foxy/share/std_msgs/cmake)
[1.802s] -- Using all available rosidl_typesupport_c: rosidl_typesupport_fastrtps_c;rosidl_typesupport_introspection_c
[1.820s] -- Found rosidl_adapter: 1.3.1 (/opt/ros/foxy/share/rosidl_adapter/cmake)
[2.011s] -- Found OpenSSL: /usr/lib/x86_64-linux-gnu/libcrypto.so (found version "1.1.1f")  
[2.057s] -- Found FastRTPS: /opt/ros/foxy/include  
[2.254s] -- Using all available rosidl_typesupport_cpp: rosidl_typesupport_fastrtps_cpp;rosidl_typesupport_introspection_cpp
[2.397s] -- Found rosidl_default_generators: 1.0.1 (/opt/ros/foxy/share/rosidl_default_generators/cmake)
[2.449s] -- Found PythonInterp: /usr/bin/python3 (found version "3.8.10") 
[2.657s] -- Found ament_cmake_ros: 0.9.2 (/opt/ros/foxy/share/ament_cmake_ros/cmake)
[2.808s] -- Using all available rosidl_typesupport_c: rosidl_typesupport_fastrtps_c;rosidl_typesupport_introspection_c
[2.830s] -- Using all available rosidl_typesupport_cpp: rosidl_typesupport_fastrtps_cpp;rosidl_typesupport_introspection_cpp
[2.865s] -- Found PythonInterp: /usr/bin/python3 (found suitable version "3.8.10", minimum required is "3.5") 
[2.870s] -- Found python_cmake_module: 0.8.1 (/opt/ros/foxy/share/python_cmake_module/cmake)
[2.918s] -- Found PythonLibs: /usr/lib/x86_64-linux-gnu/libpython3.8.so (found suitable version "3.8.10", minimum required is "3.5") 
[2.918s] -- Using PYTHON_EXECUTABLE: /usr/bin/python3
[2.918s] -- Using PYTHON_INCLUDE_DIRS: /usr/include/python3.8
[2.918s] -- Using PYTHON_LIBRARIES: /usr/lib/x86_64-linux-gnu/libpython3.8.so
[2.954s] -- Found PythonExtra: .so  
[3.018s] -- Found ament_lint_auto: 0.9.8 (/opt/ros/foxy/share/ament_lint_auto/cmake)
[3.103s] -- Added test 'copyright' to check source files copyright and LICENSE
[3.108s] -- Added test 'lint_cmake' to check CMake code style
[3.112s] -- Added test 'xmllint' to check XML markup files
[3.121s] -- Configuring done
[3.168s] -- Generating done
[3.170s] -- Build files have been written to: /home/athens/ros2_athens_ws/src/build/first_interfaces
[3.185s] Invoked command in '/home/athens/ros2_athens_ws/src/build/first_interfaces' returned '0': CMAKE_PREFIX_PATH=${CMAKE_PREFIX_PATH}:/home/athens/ros2_athens_ws/install/first_package:/home/athens/ros2_ws/install/stm_visualization_node:/home/athens/ros2_ws/install/stm_setup:/home/athens/ros2_ws/install/stm_serial_node:/home/athens/ros2_ws/install/stm_control_node:/opt/ros/foxy /usr/bin/cmake /home/athens/ros2_athens_ws/src/first_interfaces -DCMAKE_INSTALL_PREFIX=/home/athens/ros2_athens_ws/src/install/first_interfaces
[3.186s] Invoking command in '/home/athens/ros2_athens_ws/src/build/first_interfaces': CMAKE_PREFIX_PATH=${CMAKE_PREFIX_PATH}:/home/athens/ros2_athens_ws/install/first_package:/home/athens/ros2_ws/install/stm_visualization_node:/home/athens/ros2_ws/install/stm_setup:/home/athens/ros2_ws/install/stm_serial_node:/home/athens/ros2_ws/install/stm_control_node:/opt/ros/foxy /usr/bin/cmake --build /home/athens/ros2_athens_ws/src/build/first_interfaces -- -j4 -l4
[3.251s] [35m[1mScanning dependencies of target first_interfaces__cpp[0m
[3.256s] [  3%] [34m[1mGenerating C code for ROS interfaces[0m
[3.273s] [  6%] [34m[1mGenerating C++ code for ROS interfaces[0m
[3.575s] [35m[1mScanning dependencies of target first_interfaces__rosidl_generator_c[0m
[3.592s] [  6%] Built target first_interfaces__cpp
[3.621s] [  9%] [34m[1mGenerating C++ introspection for ROS interfaces[0m
[3.623s] [ 12%] [32mBuilding C object CMakeFiles/first_interfaces__rosidl_generator_c.dir/rosidl_generator_c/first_interfaces/msg/detail/example_message__functions.c.o[0m
[3.627s] [ 16%] [34m[1mGenerating C++ type support dispatch for ROS interfaces[0m
[3.629s] [ 19%] [34m[1mGenerating C++ type support for eProsima Fast-RTPS[0m
[3.744s] [ 22%] [32m[1mLinking C shared library libfirst_interfaces__rosidl_generator_c.so[0m
[3.862s] [ 22%] Built target first_interfaces__rosidl_generator_c
[3.873s] [35m[1mScanning dependencies of target first_interfaces__rosidl_typesupport_cpp[0m
[3.875s] [35m[1mScanning dependencies of target first_interfaces__rosidl_typesupport_introspection_cpp[0m
[3.887s] [ 25%] [34m[1mGenerating C introspection for ROS interfaces[0m
[3.912s] [ 29%] [32mBuilding CXX object CMakeFiles/first_interfaces__rosidl_typesupport_cpp.dir/rosidl_typesupport_cpp/first_interfaces/msg/example_message__type_support.cpp.o[0m
[3.927s] [ 32%] [32mBuilding CXX object CMakeFiles/first_interfaces__rosidl_typesupport_introspection_cpp.dir/rosidl_typesupport_introspection_cpp/first_interfaces/msg/detail/example_message__type_support.cpp.o[0m
[3.961s] [35m[1mScanning dependencies of target first_interfaces__rosidl_typesupport_fastrtps_cpp[0m
[4.021s] [ 35%] [32mBuilding CXX object CMakeFiles/first_interfaces__rosidl_typesupport_fastrtps_cpp.dir/rosidl_typesupport_fastrtps_cpp/first_interfaces/msg/detail/dds_fastrtps/example_message__type_support.cpp.o[0m
[4.235s] [35m[1mScanning dependencies of target first_interfaces__rosidl_typesupport_introspection_c[0m
[4.269s] [ 38%] [32mBuilding C object CMakeFiles/first_interfaces__rosidl_typesupport_introspection_c.dir/rosidl_typesupport_introspection_c/first_interfaces/msg/detail/example_message__type_support.c.o[0m
[4.331s] [ 41%] [32m[1mLinking C shared library libfirst_interfaces__rosidl_typesupport_introspection_c.so[0m
[4.361s] [ 45%] [32m[1mLinking CXX shared library libfirst_interfaces__rosidl_typesupport_introspection_cpp.so[0m
[4.383s] [ 48%] [32m[1mLinking CXX shared library libfirst_interfaces__rosidl_typesupport_cpp.so[0m
[4.385s] [ 48%] Built target first_interfaces__rosidl_typesupport_introspection_c
[4.407s] [ 51%] [34m[1mGenerating C type support dispatch for ROS interfaces[0m
[4.465s] [ 51%] Built target first_interfaces__rosidl_typesupport_cpp
[4.483s] [ 51%] Built target first_interfaces__rosidl_typesupport_introspection_cpp
[4.580s] [ 54%] [32m[1mLinking CXX shared library libfirst_interfaces__rosidl_typesupport_fastrtps_cpp.so[0m
[4.651s] [35m[1mScanning dependencies of target first_interfaces__rosidl_typesupport_c[0m
[4.679s] [ 58%] [32mBuilding CXX object CMakeFiles/first_interfaces__rosidl_typesupport_c.dir/rosidl_typesupport_c/first_interfaces/msg/example_message__type_support.cpp.o[0m
[4.727s] [ 58%] Built target first_interfaces__rosidl_typesupport_fastrtps_cpp
[4.742s] [ 61%] [32m[1mLinking CXX shared library libfirst_interfaces__rosidl_typesupport_c.so[0m
[4.743s] [ 64%] [34m[1mGenerating C type support for eProsima Fast-RTPS[0m
[4.831s] [ 64%] Built target first_interfaces__rosidl_typesupport_c
[5.020s] [35m[1mScanning dependencies of target first_interfaces__rosidl_typesupport_fastrtps_c[0m
[5.052s] [ 67%] [32mBuilding CXX object CMakeFiles/first_interfaces__rosidl_typesupport_fastrtps_c.dir/rosidl_typesupport_fastrtps_c/first_interfaces/msg/detail/example_message__type_support_c.cpp.o[0m
[5.422s] [ 70%] [32m[1mLinking CXX shared library libfirst_interfaces__rosidl_typesupport_fastrtps_c.so[0m
[5.545s] [ 70%] Built target first_interfaces__rosidl_typesupport_fastrtps_c
[5.567s] [35m[1mScanning dependencies of target first_interfaces[0m
[5.583s] [ 70%] Built target first_interfaces
[5.601s] [35m[1mScanning dependencies of target first_interfaces__py[0m
[5.631s] [ 74%] [34m[1mGenerating Python code for ROS interfaces[0m
[6.074s] [ 74%] Built target first_interfaces__py
[6.090s] [35m[1mScanning dependencies of target first_interfaces__python[0m
[6.203s] [ 77%] [32mBuilding C object CMakeFiles/first_interfaces__python.dir/rosidl_generator_py/first_interfaces/msg/_example_message_s.c.o[0m
[6.385s] [ 80%] [32m[1mLinking C shared library rosidl_generator_py/first_interfaces/libfirst_interfaces__python.so[0m
[6.467s] [ 80%] Built target first_interfaces__python
[6.486s] [35m[1mScanning dependencies of target first_interfaces__rosidl_typesupport_c__pyext[0m
[6.488s] [35m[1mScanning dependencies of target first_interfaces__rosidl_typesupport_introspection_c__pyext[0m
[6.490s] [35m[1mScanning dependencies of target first_interfaces__rosidl_typesupport_fastrtps_c__pyext[0m
[6.554s] [ 87%] [32mBuilding C object CMakeFiles/first_interfaces__rosidl_typesupport_introspection_c__pyext.dir/rosidl_generator_py/first_interfaces/_first_interfaces_s.ep.rosidl_typesupport_introspection_c.c.o[0m
[6.555s] [ 87%] [32mBuilding C object CMakeFiles/first_interfaces__rosidl_typesupport_fastrtps_c__pyext.dir/rosidl_generator_py/first_interfaces/_first_interfaces_s.ep.rosidl_typesupport_fastrtps_c.c.o[0m
[6.560s] [ 90%] [32mBuilding C object CMakeFiles/first_interfaces__rosidl_typesupport_c__pyext.dir/rosidl_generator_py/first_interfaces/_first_interfaces_s.ep.rosidl_typesupport_c.c.o[0m
[6.656s] [ 93%] [32m[1mLinking C shared library rosidl_generator_py/first_interfaces/first_interfaces_s__rosidl_typesupport_c.cpython-38-x86_64-linux-gnu.so[0m
[6.656s] [ 96%] [32m[1mLinking C shared library rosidl_generator_py/first_interfaces/first_interfaces_s__rosidl_typesupport_introspection_c.cpython-38-x86_64-linux-gnu.so[0m
[6.665s] [100%] [32m[1mLinking CXX shared library rosidl_generator_py/first_interfaces/first_interfaces_s__rosidl_typesupport_fastrtps_c.cpython-38-x86_64-linux-gnu.so[0m
[6.711s] [100%] Built target first_interfaces__rosidl_typesupport_c__pyext
[6.714s] [100%] Built target first_interfaces__rosidl_typesupport_introspection_c__pyext
[6.753s] [100%] Built target first_interfaces__rosidl_typesupport_fastrtps_c__pyext
[6.768s] Invoked command in '/home/athens/ros2_athens_ws/src/build/first_interfaces' returned '0': CMAKE_PREFIX_PATH=${CMAKE_PREFIX_PATH}:/home/athens/ros2_athens_ws/install/first_package:/home/athens/ros2_ws/install/stm_visualization_node:/home/athens/ros2_ws/install/stm_setup:/home/athens/ros2_ws/install/stm_serial_node:/home/athens/ros2_ws/install/stm_control_node:/opt/ros/foxy /usr/bin/cmake --build /home/athens/ros2_athens_ws/src/build/first_interfaces -- -j4 -l4
[6.967s] Invoking command in '/home/athens/ros2_athens_ws/src/build/first_interfaces': CMAKE_PREFIX_PATH=${CMAKE_PREFIX_PATH}:/home/athens/ros2_athens_ws/install/first_package:/home/athens/ros2_ws/install/stm_visualization_node:/home/athens/ros2_ws/install/stm_setup:/home/athens/ros2_ws/install/stm_serial_node:/home/athens/ros2_ws/install/stm_control_node:/opt/ros/foxy /usr/bin/cmake --install /home/athens/ros2_athens_ws/src/build/first_interfaces
[6.996s] -- Install configuration: ""
[7.009s] -- Installing: /home/athens/ros2_athens_ws/src/install/first_interfaces/share/ament_index/resource_index/rosidl_interfaces/first_interfaces
[7.009s] -- Installing: /home/athens/ros2_athens_ws/src/install/first_interfaces/include/first_interfaces
[7.009s] -- Installing: /home/athens/ros2_athens_ws/src/install/first_interfaces/include/first_interfaces/msg
[7.009s] -- Installing: /home/athens/ros2_athens_ws/src/install/first_interfaces/include/first_interfaces/msg/example_message.h
[7.009s] -- Installing: /home/athens/ros2_athens_ws/src/install/first_interfaces/include/first_interfaces/msg/detail
[7.010s] -- Installing: /home/athens/ros2_athens_ws/src/install/first_interfaces/include/first_interfaces/msg/detail/example_message__struct.h
[7.010s] -- Installing: /home/athens/ros2_athens_ws/src/install/first_interfaces/include/first_interfaces/msg/detail/example_message__type_support.h
[7.010s] -- Installing: /home/athens/ros2_athens_ws/src/install/first_interfaces/include/first_interfaces/msg/detail/example_message__functions.h
[7.010s] -- Installing: /home/athens/ros2_athens_ws/src/install/first_interfaces/include/first_interfaces/msg/detail/example_message__functions.c
[7.010s] -- Installing: /home/athens/ros2_athens_ws/src/install/first_interfaces/include/first_interfaces/msg/rosidl_generator_c__visibility_control.h
[7.010s] -- Installing: /home/athens/ros2_athens_ws/src/install/first_interfaces/share/first_interfaces/environment/library_path.sh
[7.010s] -- Installing: /home/athens/ros2_athens_ws/src/install/first_interfaces/share/first_interfaces/environment/library_path.dsv
[7.010s] -- Installing: /home/athens/ros2_athens_ws/src/install/first_interfaces/lib/libfirst_interfaces__rosidl_generator_c.so
[7.010s] -- Set runtime path of "/home/athens/ros2_athens_ws/src/install/first_interfaces/lib/libfirst_interfaces__rosidl_generator_c.so" to ""
[7.010s] -- Up-to-date: /home/athens/ros2_athens_ws/src/install/first_interfaces/include/first_interfaces
[7.010s] -- Up-to-date: /home/athens/ros2_athens_ws/src/install/first_interfaces/include/first_interfaces/msg
[7.011s] -- Up-to-date: /home/athens/ros2_athens_ws/src/install/first_interfaces/include/first_interfaces/msg/detail
[7.011s] -- Installing: /home/athens/ros2_athens_ws/src/install/first_interfaces/include/first_interfaces/msg/detail/example_message__rosidl_typesupport_fastrtps_c.h
[7.011s] -- Installing: /home/athens/ros2_athens_ws/src/install/first_interfaces/include/first_interfaces/msg/rosidl_typesupport_fastrtps_c__visibility_control.h
[7.011s] -- Installing: /home/athens/ros2_athens_ws/src/install/first_interfaces/lib/libfirst_interfaces__rosidl_typesupport_fastrtps_c.so
[7.011s] -- Set runtime path of "/home/athens/ros2_athens_ws/src/install/first_interfaces/lib/libfirst_interfaces__rosidl_typesupport_fastrtps_c.so" to ""
[7.011s] -- Up-to-date: /home/athens/ros2_athens_ws/src/install/first_interfaces/include/first_interfaces
[7.011s] -- Up-to-date: /home/athens/ros2_athens_ws/src/install/first_interfaces/include/first_interfaces/msg
[7.011s] -- Up-to-date: /home/athens/ros2_athens_ws/src/install/first_interfaces/include/first_interfaces/msg/detail
[7.011s] -- Installing: /home/athens/ros2_athens_ws/src/install/first_interfaces/include/first_interfaces/msg/detail/dds_fastrtps
[7.011s] -- Installing: /home/athens/ros2_athens_ws/src/install/first_interfaces/include/first_interfaces/msg/detail/example_message__rosidl_typesupport_fastrtps_cpp.hpp
[7.011s] -- Installing: /home/athens/ros2_athens_ws/src/install/first_interfaces/include/first_interfaces/msg/rosidl_typesupport_fastrtps_cpp__visibility_control.h
[7.011s] -- Installing: /home/athens/ros2_athens_ws/src/install/first_interfaces/lib/libfirst_interfaces__rosidl_typesupport_fastrtps_cpp.so
[7.011s] -- Set runtime path of "/home/athens/ros2_athens_ws/src/install/first_interfaces/lib/libfirst_interfaces__rosidl_typesupport_fastrtps_cpp.so" to ""
[7.011s] -- Up-to-date: /home/athens/ros2_athens_ws/src/install/first_interfaces/include/first_interfaces
[7.011s] -- Up-to-date: /home/athens/ros2_athens_ws/src/install/first_interfaces/include/first_interfaces/msg
[7.011s] -- Up-to-date: /home/athens/ros2_athens_ws/src/install/first_interfaces/include/first_interfaces/msg/detail
[7.012s] -- Installing: /home/athens/ros2_athens_ws/src/install/first_interfaces/include/first_interfaces/msg/detail/example_message__type_support.c
[7.012s] -- Installing: /home/athens/ros2_athens_ws/src/install/first_interfaces/include/first_interfaces/msg/detail/example_message__rosidl_typesupport_introspection_c.h
[7.012s] -- Installing: /home/athens/ros2_athens_ws/src/install/first_interfaces/include/first_interfaces/msg/rosidl_typesupport_introspection_c__visibility_control.h
[7.012s] -- Installing: /home/athens/ros2_athens_ws/src/install/first_interfaces/lib/libfirst_interfaces__rosidl_typesupport_introspection_c.so
[7.012s] -- Set runtime path of "/home/athens/ros2_athens_ws/src/install/first_interfaces/lib/libfirst_interfaces__rosidl_typesupport_introspection_c.so" to ""
[7.012s] -- Installing: /home/athens/ros2_athens_ws/src/install/first_interfaces/lib/libfirst_interfaces__rosidl_typesupport_c.so
[7.012s] -- Set runtime path of "/home/athens/ros2_athens_ws/src/install/first_interfaces/lib/libfirst_interfaces__rosidl_typesupport_c.so" to ""
[7.012s] -- Up-to-date: /home/athens/ros2_athens_ws/src/install/first_interfaces/include/first_interfaces
[7.012s] -- Up-to-date: /home/athens/ros2_athens_ws/src/install/first_interfaces/include/first_interfaces/msg
[7.012s] -- Up-to-date: /home/athens/ros2_athens_ws/src/install/first_interfaces/include/first_interfaces/msg/detail
[7.012s] -- Installing: /home/athens/ros2_athens_ws/src/install/first_interfaces/include/first_interfaces/msg/detail/example_message__type_support.hpp
[7.012s] -- Installing: /home/athens/ros2_athens_ws/src/install/first_interfaces/include/first_interfaces/msg/detail/example_message__traits.hpp
[7.012s] -- Installing: /home/athens/ros2_athens_ws/src/install/first_interfaces/include/first_interfaces/msg/detail/example_message__struct.hpp
[7.013s] -- Installing: /home/athens/ros2_athens_ws/src/install/first_interfaces/include/first_interfaces/msg/detail/example_message__builder.hpp
[7.013s] -- Installing: /home/athens/ros2_athens_ws/src/install/first_interfaces/include/first_interfaces/msg/rosidl_generator_cpp__visibility_control.hpp
[7.013s] -- Installing: /home/athens/ros2_athens_ws/src/install/first_interfaces/include/first_interfaces/msg/example_message.hpp
[7.013s] -- Up-to-date: /home/athens/ros2_athens_ws/src/install/first_interfaces/include/first_interfaces
[7.013s] -- Up-to-date: /home/athens/ros2_athens_ws/src/install/first_interfaces/include/first_interfaces/msg
[7.013s] -- Up-to-date: /home/athens/ros2_athens_ws/src/install/first_interfaces/include/first_interfaces/msg/detail
[7.013s] -- Installing: /home/athens/ros2_athens_ws/src/install/first_interfaces/include/first_interfaces/msg/detail/example_message__rosidl_typesupport_introspection_cpp.hpp
[7.013s] -- Installing: /home/athens/ros2_athens_ws/src/install/first_interfaces/include/first_interfaces/msg/detail/example_message__type_support.cpp
[7.013s] -- Installing: /home/athens/ros2_athens_ws/src/install/first_interfaces/lib/libfirst_interfaces__rosidl_typesupport_introspection_cpp.so
[7.013s] -- Set runtime path of "/home/athens/ros2_athens_ws/src/install/first_interfaces/lib/libfirst_interfaces__rosidl_typesupport_introspection_cpp.so" to ""
[7.013s] -- Installing: /home/athens/ros2_athens_ws/src/install/first_interfaces/lib/libfirst_interfaces__rosidl_typesupport_cpp.so
[7.014s] -- Set runtime path of "/home/athens/ros2_athens_ws/src/install/first_interfaces/lib/libfirst_interfaces__rosidl_typesupport_cpp.so" to ""
[7.014s] -- Installing: /home/athens/ros2_athens_ws/src/install/first_interfaces/share/first_interfaces/environment/pythonpath.sh
[7.014s] -- Installing: /home/athens/ros2_athens_ws/src/install/first_interfaces/share/first_interfaces/environment/pythonpath.dsv
[7.014s] -- Installing: /home/athens/ros2_athens_ws/src/install/first_interfaces/lib/python3.8/site-packages/first_interfaces/__init__.py
[7.070s] Compiling '/home/athens/ros2_athens_ws/src/install/first_interfaces/lib/python3.8/site-packages/first_interfaces/__init__.py'...
[7.079s] -- Installing: /home/athens/ros2_athens_ws/src/install/first_interfaces/lib/python3.8/site-packages/first_interfaces/msg
[7.079s] -- Installing: /home/athens/ros2_athens_ws/src/install/first_interfaces/lib/python3.8/site-packages/first_interfaces/msg/_example_message_s.c
[7.079s] -- Installing: /home/athens/ros2_athens_ws/src/install/first_interfaces/lib/python3.8/site-packages/first_interfaces/msg/_example_message.py
[7.079s] -- Installing: /home/athens/ros2_athens_ws/src/install/first_interfaces/lib/python3.8/site-packages/first_interfaces/msg/__init__.py
[7.080s] -- Installing: /home/athens/ros2_athens_ws/src/install/first_interfaces/lib/python3.8/site-packages/first_interfaces/first_interfaces_s__rosidl_typesupport_fastrtps_c.cpython-38-x86_64-linux-gnu.so
[7.090s] -- Set runtime path of "/home/athens/ros2_athens_ws/src/install/first_interfaces/lib/python3.8/site-packages/first_interfaces/first_interfaces_s__rosidl_typesupport_fastrtps_c.cpython-38-x86_64-linux-gnu.so" to ""
[7.091s] -- Installing: /home/athens/ros2_athens_ws/src/install/first_interfaces/lib/python3.8/site-packages/first_interfaces/first_interfaces_s__rosidl_typesupport_introspection_c.cpython-38-x86_64-linux-gnu.so
[7.091s] -- Set runtime path of "/home/athens/ros2_athens_ws/src/install/first_interfaces/lib/python3.8/site-packages/first_interfaces/first_interfaces_s__rosidl_typesupport_introspection_c.cpython-38-x86_64-linux-gnu.so" to ""
[7.092s] -- Installing: /home/athens/ros2_athens_ws/src/install/first_interfaces/lib/python3.8/site-packages/first_interfaces/first_interfaces_s__rosidl_typesupport_c.cpython-38-x86_64-linux-gnu.so
[7.095s] -- Set runtime path of "/home/athens/ros2_athens_ws/src/install/first_interfaces/lib/python3.8/site-packages/first_interfaces/first_interfaces_s__rosidl_typesupport_c.cpython-38-x86_64-linux-gnu.so" to ""
[7.095s] -- Installing: /home/athens/ros2_athens_ws/src/install/first_interfaces/lib/libfirst_interfaces__python.so
[7.095s] -- Set runtime path of "/home/athens/ros2_athens_ws/src/install/first_interfaces/lib/libfirst_interfaces__python.so" to ""
[7.096s] -- Installing: /home/athens/ros2_athens_ws/src/install/first_interfaces/share/first_interfaces/msg/ExampleMessage.idl
[7.096s] -- Installing: /home/athens/ros2_athens_ws/src/install/first_interfaces/share/first_interfaces/msg/ExampleMessage.msg
[7.096s] -- Installing: /home/athens/ros2_athens_ws/src/install/first_interfaces/share/ament_index/resource_index/package_run_dependencies/first_interfaces
[7.097s] -- Installing: /home/athens/ros2_athens_ws/src/install/first_interfaces/share/ament_index/resource_index/parent_prefix_path/first_interfaces
[7.097s] -- Installing: /home/athens/ros2_athens_ws/src/install/first_interfaces/share/first_interfaces/environment/ament_prefix_path.sh
[7.097s] -- Installing: /home/athens/ros2_athens_ws/src/install/first_interfaces/share/first_interfaces/environment/ament_prefix_path.dsv
[7.097s] -- Installing: /home/athens/ros2_athens_ws/src/install/first_interfaces/share/first_interfaces/environment/path.sh
[7.097s] -- Installing: /home/athens/ros2_athens_ws/src/install/first_interfaces/share/first_interfaces/environment/path.dsv
[7.097s] -- Installing: /home/athens/ros2_athens_ws/src/install/first_interfaces/share/first_interfaces/local_setup.bash
[7.097s] -- Installing: /home/athens/ros2_athens_ws/src/install/first_interfaces/share/first_interfaces/local_setup.sh
[7.098s] -- Installing: /home/athens/ros2_athens_ws/src/install/first_interfaces/share/first_interfaces/local_setup.zsh
[7.098s] -- Installing: /home/athens/ros2_athens_ws/src/install/first_interfaces/share/first_interfaces/local_setup.dsv
[7.098s] -- Installing: /home/athens/ros2_athens_ws/src/install/first_interfaces/share/first_interfaces/package.dsv
[7.099s] -- Installing: /home/athens/ros2_athens_ws/src/install/first_interfaces/share/ament_index/resource_index/packages/first_interfaces
[7.100s] -- Installing: /home/athens/ros2_athens_ws/src/install/first_interfaces/share/first_interfaces/cmake/first_interfaces__rosidl_generator_cExport.cmake
[7.100s] -- Installing: /home/athens/ros2_athens_ws/src/install/first_interfaces/share/first_interfaces/cmake/first_interfaces__rosidl_generator_cExport-noconfig.cmake
[7.100s] -- Installing: /home/athens/ros2_athens_ws/src/install/first_interfaces/share/first_interfaces/cmake/first_interfaces__rosidl_typesupport_introspection_cExport.cmake
[7.101s] -- Installing: /home/athens/ros2_athens_ws/src/install/first_interfaces/share/first_interfaces/cmake/first_interfaces__rosidl_typesupport_introspection_cExport-noconfig.cmake
[7.101s] -- Installing: /home/athens/ros2_athens_ws/src/install/first_interfaces/share/first_interfaces/cmake/first_interfaces__rosidl_typesupport_cExport.cmake
[7.101s] -- Installing: /home/athens/ros2_athens_ws/src/install/first_interfaces/share/first_interfaces/cmake/first_interfaces__rosidl_typesupport_cExport-noconfig.cmake
[7.102s] -- Installing: /home/athens/ros2_athens_ws/src/install/first_interfaces/share/first_interfaces/cmake/first_interfaces__rosidl_generator_cppExport.cmake
[7.102s] -- Installing: /home/athens/ros2_athens_ws/src/install/first_interfaces/share/first_interfaces/cmake/first_interfaces__rosidl_typesupport_introspection_cppExport.cmake
[7.102s] -- Installing: /home/athens/ros2_athens_ws/src/install/first_interfaces/share/first_interfaces/cmake/first_interfaces__rosidl_typesupport_introspection_cppExport-noconfig.cmake
[7.103s] -- Installing: /home/athens/ros2_athens_ws/src/install/first_interfaces/share/first_interfaces/cmake/first_interfaces__rosidl_typesupport_cppExport.cmake
[7.103s] -- Installing: /home/athens/ros2_athens_ws/src/install/first_interfaces/share/first_interfaces/cmake/first_interfaces__rosidl_typesupport_cppExport-noconfig.cmake
[7.103s] -- Installing: /home/athens/ros2_athens_ws/src/install/first_interfaces/share/first_interfaces/cmake/rosidl_cmake-extras.cmake
[7.104s] -- Installing: /home/athens/ros2_athens_ws/src/install/first_interfaces/share/first_interfaces/cmake/ament_cmake_export_dependencies-extras.cmake
[7.104s] -- Installing: /home/athens/ros2_athens_ws/src/install/first_interfaces/share/first_interfaces/cmake/ament_cmake_export_libraries-extras.cmake
[7.104s] -- Installing: /home/athens/ros2_athens_ws/src/install/first_interfaces/share/first_interfaces/cmake/ament_cmake_export_targets-extras.cmake
[7.104s] -- Installing: /home/athens/ros2_athens_ws/src/install/first_interfaces/share/first_interfaces/cmake/ament_cmake_export_include_directories-extras.cmake
[7.104s] -- Installing: /home/athens/ros2_athens_ws/src/install/first_interfaces/share/first_interfaces/cmake/rosidl_cmake_export_typesupport_libraries-extras.cmake
[7.104s] -- Installing: /home/athens/ros2_athens_ws/src/install/first_interfaces/share/first_interfaces/cmake/rosidl_cmake_export_typesupport_targets-extras.cmake
[7.104s] -- Installing: /home/athens/ros2_athens_ws/src/install/first_interfaces/share/first_interfaces/cmake/first_interfacesConfig.cmake
[7.104s] -- Installing: /home/athens/ros2_athens_ws/src/install/first_interfaces/share/first_interfaces/cmake/first_interfacesConfig-version.cmake
[7.104s] -- Installing: /home/athens/ros2_athens_ws/src/install/first_interfaces/share/first_interfaces/package.xml
[7.109s] Invoked command in '/home/athens/ros2_athens_ws/src/build/first_interfaces' returned '0': CMAKE_PREFIX_PATH=${CMAKE_PREFIX_PATH}:/home/athens/ros2_athens_ws/install/first_package:/home/athens/ros2_ws/install/stm_visualization_node:/home/athens/ros2_ws/install/stm_setup:/home/athens/ros2_ws/install/stm_serial_node:/home/athens/ros2_ws/install/stm_control_node:/opt/ros/foxy /usr/bin/cmake --install /home/athens/ros2_athens_ws/src/build/first_interfaces
