[0.076s] Invoking command in '/home/athens/ros2_athens_ws/build/first_interfaces': CMAKE_PREFIX_PATH=${CMAKE_PREFIX_PATH}:/home/athens/ros2_athens_ws/install/stm_station:/home/athens/ros2_athens_ws/install/first_package:/opt/ros/foxy /usr/bin/cmake --build /home/athens/ros2_athens_ws/build/first_interfaces -- -j4 -l4
[0.204s] [  3%] Built target first_interfaces__cpp
[0.208s] [ 12%] Built target first_interfaces__rosidl_generator_c
[0.280s] [ 22%] Built target first_interfaces__rosidl_typesupport_introspection_cpp
[0.288s] [ 35%] Built target first_interfaces__rosidl_typesupport_cpp
[0.290s] [ 41%] Built target first_interfaces__rosidl_typesupport_fastrtps_cpp
[0.360s] [ 51%] Built target first_interfaces__rosidl_typesupport_c
[0.360s] [ 61%] Built target first_interfaces__rosidl_typesupport_introspection_c
[0.404s] [ 70%] Built target first_interfaces__rosidl_typesupport_fastrtps_c
[0.471s] [ 70%] Built target first_interfaces
[0.506s] [ 74%] Built target first_interfaces__py
[0.552s] [ 80%] Built target first_interfaces__python
[0.632s] [ 87%] Built target first_interfaces__rosidl_typesupport_c__pyext
[0.635s] [ 93%] Built target first_interfaces__rosidl_typesupport_fastrtps_c__pyext
[0.641s] [100%] Built target first_interfaces__rosidl_typesupport_introspection_c__pyext
[0.668s] Invoked command in '/home/athens/ros2_athens_ws/build/first_interfaces' returned '0': CMAKE_PREFIX_PATH=${CMAKE_PREFIX_PATH}:/home/athens/ros2_athens_ws/install/stm_station:/home/athens/ros2_athens_ws/install/first_package:/opt/ros/foxy /usr/bin/cmake --build /home/athens/ros2_athens_ws/build/first_interfaces -- -j4 -l4
[0.993s] Invoking command in '/home/athens/ros2_athens_ws/build/first_interfaces': CMAKE_PREFIX_PATH=${CMAKE_PREFIX_PATH}:/home/athens/ros2_athens_ws/install/stm_station:/home/athens/ros2_athens_ws/install/first_package:/opt/ros/foxy /usr/bin/cmake --install /home/athens/ros2_athens_ws/build/first_interfaces
[1.004s] -- Install configuration: ""
[1.005s] -- Up-to-date: /home/athens/ros2_athens_ws/install/first_interfaces/share/ament_index/resource_index/rosidl_interfaces/first_interfaces
[1.006s] -- Up-to-date: /home/athens/ros2_athens_ws/install/first_interfaces/include/first_interfaces
[1.006s] -- Up-to-date: /home/athens/ros2_athens_ws/install/first_interfaces/include/first_interfaces/msg
[1.006s] -- Up-to-date: /home/athens/ros2_athens_ws/install/first_interfaces/include/first_interfaces/msg/example_message.h
[1.006s] -- Up-to-date: /home/athens/ros2_athens_ws/install/first_interfaces/include/first_interfaces/msg/detail
[1.006s] -- Up-to-date: /home/athens/ros2_athens_ws/install/first_interfaces/include/first_interfaces/msg/detail/example_message__struct.h
[1.006s] -- Up-to-date: /home/athens/ros2_athens_ws/install/first_interfaces/include/first_interfaces/msg/detail/example_message__type_support.h
[1.006s] -- Up-to-date: /home/athens/ros2_athens_ws/install/first_interfaces/include/first_interfaces/msg/detail/example_message__functions.h
[1.007s] -- Up-to-date: /home/athens/ros2_athens_ws/install/first_interfaces/include/first_interfaces/msg/detail/example_message__functions.c
[1.007s] -- Up-to-date: /home/athens/ros2_athens_ws/install/first_interfaces/include/first_interfaces/msg/rosidl_generator_c__visibility_control.h
[1.007s] -- Up-to-date: /home/athens/ros2_athens_ws/install/first_interfaces/share/first_interfaces/environment/library_path.sh
[1.007s] -- Up-to-date: /home/athens/ros2_athens_ws/install/first_interfaces/share/first_interfaces/environment/library_path.dsv
[1.008s] -- Up-to-date: /home/athens/ros2_athens_ws/install/first_interfaces/lib/libfirst_interfaces__rosidl_generator_c.so
[1.008s] -- Up-to-date: /home/athens/ros2_athens_ws/install/first_interfaces/include/first_interfaces
[1.008s] -- Up-to-date: /home/athens/ros2_athens_ws/install/first_interfaces/include/first_interfaces/msg
[1.008s] -- Up-to-date: /home/athens/ros2_athens_ws/install/first_interfaces/include/first_interfaces/msg/detail
[1.009s] -- Up-to-date: /home/athens/ros2_athens_ws/install/first_interfaces/include/first_interfaces/msg/detail/example_message__rosidl_typesupport_fastrtps_c.h
[1.010s] -- Up-to-date: /home/athens/ros2_athens_ws/install/first_interfaces/include/first_interfaces/msg/rosidl_typesupport_fastrtps_c__visibility_control.h
[1.010s] -- Up-to-date: /home/athens/ros2_athens_ws/install/first_interfaces/lib/libfirst_interfaces__rosidl_typesupport_fastrtps_c.so
[1.011s] -- Up-to-date: /home/athens/ros2_athens_ws/install/first_interfaces/include/first_interfaces
[1.011s] -- Up-to-date: /home/athens/ros2_athens_ws/install/first_interfaces/include/first_interfaces/msg
[1.011s] -- Up-to-date: /home/athens/ros2_athens_ws/install/first_interfaces/include/first_interfaces/msg/detail
[1.011s] -- Up-to-date: /home/athens/ros2_athens_ws/install/first_interfaces/include/first_interfaces/msg/detail/dds_fastrtps
[1.012s] -- Up-to-date: /home/athens/ros2_athens_ws/install/first_interfaces/include/first_interfaces/msg/detail/example_message__rosidl_typesupport_fastrtps_cpp.hpp
[1.012s] -- Up-to-date: /home/athens/ros2_athens_ws/install/first_interfaces/include/first_interfaces/msg/rosidl_typesupport_fastrtps_cpp__visibility_control.h
[1.012s] -- Up-to-date: /home/athens/ros2_athens_ws/install/first_interfaces/lib/libfirst_interfaces__rosidl_typesupport_fastrtps_cpp.so
[1.013s] -- Up-to-date: /home/athens/ros2_athens_ws/install/first_interfaces/include/first_interfaces
[1.013s] -- Up-to-date: /home/athens/ros2_athens_ws/install/first_interfaces/include/first_interfaces/msg
[1.013s] -- Up-to-date: /home/athens/ros2_athens_ws/install/first_interfaces/include/first_interfaces/msg/detail
[1.013s] -- Up-to-date: /home/athens/ros2_athens_ws/install/first_interfaces/include/first_interfaces/msg/detail/example_message__type_support.c
[1.013s] -- Up-to-date: /home/athens/ros2_athens_ws/install/first_interfaces/include/first_interfaces/msg/detail/example_message__rosidl_typesupport_introspection_c.h
[1.013s] -- Up-to-date: /home/athens/ros2_athens_ws/install/first_interfaces/include/first_interfaces/msg/rosidl_typesupport_introspection_c__visibility_control.h
[1.014s] -- Up-to-date: /home/athens/ros2_athens_ws/install/first_interfaces/lib/libfirst_interfaces__rosidl_typesupport_introspection_c.so
[1.014s] -- Up-to-date: /home/athens/ros2_athens_ws/install/first_interfaces/lib/libfirst_interfaces__rosidl_typesupport_c.so
[1.015s] -- Up-to-date: /home/athens/ros2_athens_ws/install/first_interfaces/include/first_interfaces
[1.015s] -- Up-to-date: /home/athens/ros2_athens_ws/install/first_interfaces/include/first_interfaces/msg
[1.015s] -- Up-to-date: /home/athens/ros2_athens_ws/install/first_interfaces/include/first_interfaces/msg/detail
[1.015s] -- Up-to-date: /home/athens/ros2_athens_ws/install/first_interfaces/include/first_interfaces/msg/detail/example_message__type_support.hpp
[1.016s] -- Up-to-date: /home/athens/ros2_athens_ws/install/first_interfaces/include/first_interfaces/msg/detail/example_message__traits.hpp
[1.016s] -- Up-to-date: /home/athens/ros2_athens_ws/install/first_interfaces/include/first_interfaces/msg/detail/example_message__struct.hpp
[1.016s] -- Up-to-date: /home/athens/ros2_athens_ws/install/first_interfaces/include/first_interfaces/msg/detail/example_message__builder.hpp
[1.016s] -- Up-to-date: /home/athens/ros2_athens_ws/install/first_interfaces/include/first_interfaces/msg/rosidl_generator_cpp__visibility_control.hpp
[1.016s] -- Up-to-date: /home/athens/ros2_athens_ws/install/first_interfaces/include/first_interfaces/msg/example_message.hpp
[1.017s] -- Up-to-date: /home/athens/ros2_athens_ws/install/first_interfaces/include/first_interfaces
[1.017s] -- Up-to-date: /home/athens/ros2_athens_ws/install/first_interfaces/include/first_interfaces/msg
[1.017s] -- Up-to-date: /home/athens/ros2_athens_ws/install/first_interfaces/include/first_interfaces/msg/detail
[1.017s] -- Up-to-date: /home/athens/ros2_athens_ws/install/first_interfaces/include/first_interfaces/msg/detail/example_message__rosidl_typesupport_introspection_cpp.hpp
[1.018s] -- Up-to-date: /home/athens/ros2_athens_ws/install/first_interfaces/include/first_interfaces/msg/detail/example_message__type_support.cpp
[1.018s] -- Up-to-date: /home/athens/ros2_athens_ws/install/first_interfaces/lib/libfirst_interfaces__rosidl_typesupport_introspection_cpp.so
[1.018s] -- Up-to-date: /home/athens/ros2_athens_ws/install/first_interfaces/lib/libfirst_interfaces__rosidl_typesupport_cpp.so
[1.019s] -- Up-to-date: /home/athens/ros2_athens_ws/install/first_interfaces/share/first_interfaces/environment/pythonpath.sh
[1.019s] -- Up-to-date: /home/athens/ros2_athens_ws/install/first_interfaces/share/first_interfaces/environment/pythonpath.dsv
[1.019s] -- Up-to-date: /home/athens/ros2_athens_ws/install/first_interfaces/lib/python3.8/site-packages/first_interfaces/__init__.py
[1.115s] -- Up-to-date: /home/athens/ros2_athens_ws/install/first_interfaces/lib/python3.8/site-packages/first_interfaces/msg
[1.117s] -- Up-to-date: /home/athens/ros2_athens_ws/install/first_interfaces/lib/python3.8/site-packages/first_interfaces/msg/_example_message_s.c
[1.118s] -- Up-to-date: /home/athens/ros2_athens_ws/install/first_interfaces/lib/python3.8/site-packages/first_interfaces/msg/_example_message.py
[1.130s] -- Up-to-date: /home/athens/ros2_athens_ws/install/first_interfaces/lib/python3.8/site-packages/first_interfaces/msg/__init__.py
[1.130s] -- Up-to-date: /home/athens/ros2_athens_ws/install/first_interfaces/lib/python3.8/site-packages/first_interfaces/first_interfaces_s__rosidl_typesupport_fastrtps_c.cpython-38-x86_64-linux-gnu.so
[1.130s] -- Up-to-date: /home/athens/ros2_athens_ws/install/first_interfaces/lib/python3.8/site-packages/first_interfaces/first_interfaces_s__rosidl_typesupport_introspection_c.cpython-38-x86_64-linux-gnu.so
[1.130s] -- Up-to-date: /home/athens/ros2_athens_ws/install/first_interfaces/lib/python3.8/site-packages/first_interfaces/first_interfaces_s__rosidl_typesupport_c.cpython-38-x86_64-linux-gnu.so
[1.130s] -- Up-to-date: /home/athens/ros2_athens_ws/install/first_interfaces/lib/libfirst_interfaces__python.so
[1.130s] -- Up-to-date: /home/athens/ros2_athens_ws/install/first_interfaces/share/first_interfaces/msg/ExampleMessage.idl
[1.131s] -- Up-to-date: /home/athens/ros2_athens_ws/install/first_interfaces/share/first_interfaces/msg/ExampleMessage.msg
[1.131s] -- Up-to-date: /home/athens/ros2_athens_ws/install/first_interfaces/share/ament_index/resource_index/package_run_dependencies/first_interfaces
[1.132s] -- Up-to-date: /home/athens/ros2_athens_ws/install/first_interfaces/share/ament_index/resource_index/parent_prefix_path/first_interfaces
[1.132s] -- Up-to-date: /home/athens/ros2_athens_ws/install/first_interfaces/share/first_interfaces/environment/ament_prefix_path.sh
[1.132s] -- Up-to-date: /home/athens/ros2_athens_ws/install/first_interfaces/share/first_interfaces/environment/ament_prefix_path.dsv
[1.132s] -- Up-to-date: /home/athens/ros2_athens_ws/install/first_interfaces/share/first_interfaces/environment/path.sh
[1.132s] -- Up-to-date: /home/athens/ros2_athens_ws/install/first_interfaces/share/first_interfaces/environment/path.dsv
[1.133s] -- Up-to-date: /home/athens/ros2_athens_ws/install/first_interfaces/share/first_interfaces/local_setup.bash
[1.133s] -- Up-to-date: /home/athens/ros2_athens_ws/install/first_interfaces/share/first_interfaces/local_setup.sh
[1.133s] -- Up-to-date: /home/athens/ros2_athens_ws/install/first_interfaces/share/first_interfaces/local_setup.zsh
[1.134s] -- Up-to-date: /home/athens/ros2_athens_ws/install/first_interfaces/share/first_interfaces/local_setup.dsv
[1.134s] -- Installing: /home/athens/ros2_athens_ws/install/first_interfaces/share/first_interfaces/package.dsv
[1.134s] -- Up-to-date: /home/athens/ros2_athens_ws/install/first_interfaces/share/ament_index/resource_index/packages/first_interfaces
[1.134s] -- Up-to-date: /home/athens/ros2_athens_ws/install/first_interfaces/share/first_interfaces/cmake/first_interfaces__rosidl_generator_cExport.cmake
[1.134s] -- Up-to-date: /home/athens/ros2_athens_ws/install/first_interfaces/share/first_interfaces/cmake/first_interfaces__rosidl_generator_cExport-noconfig.cmake
[1.134s] -- Up-to-date: /home/athens/ros2_athens_ws/install/first_interfaces/share/first_interfaces/cmake/first_interfaces__rosidl_typesupport_introspection_cExport.cmake
[1.135s] -- Up-to-date: /home/athens/ros2_athens_ws/install/first_interfaces/share/first_interfaces/cmake/first_interfaces__rosidl_typesupport_introspection_cExport-noconfig.cmake
[1.135s] -- Up-to-date: /home/athens/ros2_athens_ws/install/first_interfaces/share/first_interfaces/cmake/first_interfaces__rosidl_typesupport_cExport.cmake
[1.135s] -- Up-to-date: /home/athens/ros2_athens_ws/install/first_interfaces/share/first_interfaces/cmake/first_interfaces__rosidl_typesupport_cExport-noconfig.cmake
[1.135s] -- Up-to-date: /home/athens/ros2_athens_ws/install/first_interfaces/share/first_interfaces/cmake/first_interfaces__rosidl_generator_cppExport.cmake
[1.135s] -- Up-to-date: /home/athens/ros2_athens_ws/install/first_interfaces/share/first_interfaces/cmake/first_interfaces__rosidl_typesupport_introspection_cppExport.cmake
[1.136s] -- Up-to-date: /home/athens/ros2_athens_ws/install/first_interfaces/share/first_interfaces/cmake/first_interfaces__rosidl_typesupport_introspection_cppExport-noconfig.cmake
[1.136s] -- Up-to-date: /home/athens/ros2_athens_ws/install/first_interfaces/share/first_interfaces/cmake/first_interfaces__rosidl_typesupport_cppExport.cmake
[1.136s] -- Up-to-date: /home/athens/ros2_athens_ws/install/first_interfaces/share/first_interfaces/cmake/first_interfaces__rosidl_typesupport_cppExport-noconfig.cmake
[1.136s] -- Up-to-date: /home/athens/ros2_athens_ws/install/first_interfaces/share/first_interfaces/cmake/rosidl_cmake-extras.cmake
[1.136s] -- Up-to-date: /home/athens/ros2_athens_ws/install/first_interfaces/share/first_interfaces/cmake/ament_cmake_export_dependencies-extras.cmake
[1.136s] -- Up-to-date: /home/athens/ros2_athens_ws/install/first_interfaces/share/first_interfaces/cmake/ament_cmake_export_libraries-extras.cmake
[1.137s] -- Up-to-date: /home/athens/ros2_athens_ws/install/first_interfaces/share/first_interfaces/cmake/ament_cmake_export_targets-extras.cmake
[1.137s] -- Up-to-date: /home/athens/ros2_athens_ws/install/first_interfaces/share/first_interfaces/cmake/ament_cmake_export_include_directories-extras.cmake
[1.137s] -- Up-to-date: /home/athens/ros2_athens_ws/install/first_interfaces/share/first_interfaces/cmake/rosidl_cmake_export_typesupport_libraries-extras.cmake
[1.138s] -- Up-to-date: /home/athens/ros2_athens_ws/install/first_interfaces/share/first_interfaces/cmake/rosidl_cmake_export_typesupport_targets-extras.cmake
[1.138s] -- Up-to-date: /home/athens/ros2_athens_ws/install/first_interfaces/share/first_interfaces/cmake/first_interfacesConfig.cmake
[1.138s] -- Up-to-date: /home/athens/ros2_athens_ws/install/first_interfaces/share/first_interfaces/cmake/first_interfacesConfig-version.cmake
[1.138s] -- Up-to-date: /home/athens/ros2_athens_ws/install/first_interfaces/share/first_interfaces/package.xml
[1.138s] Invoked command in '/home/athens/ros2_athens_ws/build/first_interfaces' returned '0': CMAKE_PREFIX_PATH=${CMAKE_PREFIX_PATH}:/home/athens/ros2_athens_ws/install/stm_station:/home/athens/ros2_athens_ws/install/first_package:/opt/ros/foxy /usr/bin/cmake --install /home/athens/ros2_athens_ws/build/first_interfaces
