[0.045s] Invoking command in '/home/athens/ros2_athens_ws/build/stm_interfaces': CMAKE_PREFIX_PATH=${CMAKE_PREFIX_PATH}:/home/athens/ros2_athens_ws/install/stm_station:/home/athens/ros2_athens_ws/install/first_package:/opt/ros/foxy /usr/bin/cmake --build /home/athens/ros2_athens_ws/build/stm_interfaces -- -j4 -l4
[0.175s] [  2%] Built target stm_interfaces__cpp
[0.184s] [ 12%] Built target stm_interfaces__rosidl_generator_c
[0.241s] [ 23%] Built target stm_interfaces__rosidl_typesupport_cpp
[0.262s] [ 33%] Built target stm_interfaces__rosidl_typesupport_introspection_cpp
[0.267s] [ 43%] Built target stm_interfaces__rosidl_typesupport_fastrtps_cpp
[0.275s] [ 53%] Built target stm_interfaces__rosidl_typesupport_c
[0.299s] [ 64%] Built target stm_interfaces__rosidl_typesupport_introspection_c
[0.311s] [ 74%] Built target stm_interfaces__rosidl_typesupport_fastrtps_c
[0.345s] [ 74%] Built target stm_interfaces
[0.415s] [ 76%] Built target stm_interfaces__py
[0.499s] [ 84%] Built target stm_interfaces__python
[0.584s] [ 89%] Built target stm_interfaces__rosidl_typesupport_introspection_c__pyext
[0.585s] [ 94%] Built target stm_interfaces__rosidl_typesupport_fastrtps_c__pyext
[0.603s] [100%] Built target stm_interfaces__rosidl_typesupport_c__pyext
[0.636s] Invoked command in '/home/athens/ros2_athens_ws/build/stm_interfaces' returned '0': CMAKE_PREFIX_PATH=${CMAKE_PREFIX_PATH}:/home/athens/ros2_athens_ws/install/stm_station:/home/athens/ros2_athens_ws/install/first_package:/opt/ros/foxy /usr/bin/cmake --build /home/athens/ros2_athens_ws/build/stm_interfaces -- -j4 -l4
[0.892s] Invoking command in '/home/athens/ros2_athens_ws/build/stm_interfaces': CMAKE_PREFIX_PATH=${CMAKE_PREFIX_PATH}:/home/athens/ros2_athens_ws/install/stm_station:/home/athens/ros2_athens_ws/install/first_package:/opt/ros/foxy /usr/bin/cmake --install /home/athens/ros2_athens_ws/build/stm_interfaces
[0.911s] -- Install configuration: ""
[0.912s] -- Up-to-date: /home/athens/ros2_athens_ws/install/stm_interfaces/share/ament_index/resource_index/rosidl_interfaces/stm_interfaces
[0.912s] -- Up-to-date: /home/athens/ros2_athens_ws/install/stm_interfaces/include/stm_interfaces
[0.912s] -- Up-to-date: /home/athens/ros2_athens_ws/install/stm_interfaces/include/stm_interfaces/msg
[0.912s] -- Up-to-date: /home/athens/ros2_athens_ws/install/stm_interfaces/include/stm_interfaces/msg/stm_control.h
[0.912s] -- Up-to-date: /home/athens/ros2_athens_ws/install/stm_interfaces/include/stm_interfaces/msg/detail
[0.912s] -- Up-to-date: /home/athens/ros2_athens_ws/install/stm_interfaces/include/stm_interfaces/msg/detail/stm_state__functions.c
[0.912s] -- Up-to-date: /home/athens/ros2_athens_ws/install/stm_interfaces/include/stm_interfaces/msg/detail/stm_control__struct.h
[0.912s] -- Up-to-date: /home/athens/ros2_athens_ws/install/stm_interfaces/include/stm_interfaces/msg/detail/stm_control__type_support.h
[0.912s] -- Up-to-date: /home/athens/ros2_athens_ws/install/stm_interfaces/include/stm_interfaces/msg/detail/stm_state__struct.h
[0.912s] -- Up-to-date: /home/athens/ros2_athens_ws/install/stm_interfaces/include/stm_interfaces/msg/detail/stm_state__type_support.h
[0.912s] -- Up-to-date: /home/athens/ros2_athens_ws/install/stm_interfaces/include/stm_interfaces/msg/detail/stm_state__functions.h
[0.912s] -- Up-to-date: /home/athens/ros2_athens_ws/install/stm_interfaces/include/stm_interfaces/msg/detail/stm_control__functions.h
[0.913s] -- Up-to-date: /home/athens/ros2_athens_ws/install/stm_interfaces/include/stm_interfaces/msg/detail/stm_control__functions.c
[0.913s] -- Up-to-date: /home/athens/ros2_athens_ws/install/stm_interfaces/include/stm_interfaces/msg/stm_state.h
[0.913s] -- Up-to-date: /home/athens/ros2_athens_ws/install/stm_interfaces/include/stm_interfaces/msg/rosidl_generator_c__visibility_control.h
[0.913s] -- Up-to-date: /home/athens/ros2_athens_ws/install/stm_interfaces/share/stm_interfaces/environment/library_path.sh
[0.913s] -- Up-to-date: /home/athens/ros2_athens_ws/install/stm_interfaces/share/stm_interfaces/environment/library_path.dsv
[0.913s] -- Up-to-date: /home/athens/ros2_athens_ws/install/stm_interfaces/lib/libstm_interfaces__rosidl_generator_c.so
[0.913s] -- Up-to-date: /home/athens/ros2_athens_ws/install/stm_interfaces/include/stm_interfaces
[0.913s] -- Up-to-date: /home/athens/ros2_athens_ws/install/stm_interfaces/include/stm_interfaces/msg
[0.913s] -- Up-to-date: /home/athens/ros2_athens_ws/install/stm_interfaces/include/stm_interfaces/msg/detail
[0.913s] -- Up-to-date: /home/athens/ros2_athens_ws/install/stm_interfaces/include/stm_interfaces/msg/detail/stm_control__rosidl_typesupport_fastrtps_c.h
[0.913s] -- Up-to-date: /home/athens/ros2_athens_ws/install/stm_interfaces/include/stm_interfaces/msg/detail/stm_state__rosidl_typesupport_fastrtps_c.h
[0.913s] -- Up-to-date: /home/athens/ros2_athens_ws/install/stm_interfaces/include/stm_interfaces/msg/rosidl_typesupport_fastrtps_c__visibility_control.h
[0.914s] -- Up-to-date: /home/athens/ros2_athens_ws/install/stm_interfaces/lib/libstm_interfaces__rosidl_typesupport_fastrtps_c.so
[0.914s] -- Up-to-date: /home/athens/ros2_athens_ws/install/stm_interfaces/include/stm_interfaces
[0.914s] -- Up-to-date: /home/athens/ros2_athens_ws/install/stm_interfaces/include/stm_interfaces/msg
[0.914s] -- Up-to-date: /home/athens/ros2_athens_ws/install/stm_interfaces/include/stm_interfaces/msg/detail
[0.914s] -- Up-to-date: /home/athens/ros2_athens_ws/install/stm_interfaces/include/stm_interfaces/msg/detail/stm_state__rosidl_typesupport_fastrtps_cpp.hpp
[0.914s] -- Up-to-date: /home/athens/ros2_athens_ws/install/stm_interfaces/include/stm_interfaces/msg/detail/dds_fastrtps
[0.914s] -- Up-to-date: /home/athens/ros2_athens_ws/install/stm_interfaces/include/stm_interfaces/msg/detail/stm_control__rosidl_typesupport_fastrtps_cpp.hpp
[0.914s] -- Up-to-date: /home/athens/ros2_athens_ws/install/stm_interfaces/include/stm_interfaces/msg/rosidl_typesupport_fastrtps_cpp__visibility_control.h
[0.914s] -- Up-to-date: /home/athens/ros2_athens_ws/install/stm_interfaces/lib/libstm_interfaces__rosidl_typesupport_fastrtps_cpp.so
[0.914s] -- Up-to-date: /home/athens/ros2_athens_ws/install/stm_interfaces/include/stm_interfaces
[0.914s] -- Up-to-date: /home/athens/ros2_athens_ws/install/stm_interfaces/include/stm_interfaces/msg
[0.915s] -- Up-to-date: /home/athens/ros2_athens_ws/install/stm_interfaces/include/stm_interfaces/msg/detail
[0.915s] -- Up-to-date: /home/athens/ros2_athens_ws/install/stm_interfaces/include/stm_interfaces/msg/detail/stm_state__type_support.c
[0.915s] -- Up-to-date: /home/athens/ros2_athens_ws/install/stm_interfaces/include/stm_interfaces/msg/detail/stm_control__rosidl_typesupport_introspection_c.h
[0.915s] -- Up-to-date: /home/athens/ros2_athens_ws/install/stm_interfaces/include/stm_interfaces/msg/detail/stm_state__rosidl_typesupport_introspection_c.h
[0.915s] -- Up-to-date: /home/athens/ros2_athens_ws/install/stm_interfaces/include/stm_interfaces/msg/detail/stm_control__type_support.c
[0.915s] -- Up-to-date: /home/athens/ros2_athens_ws/install/stm_interfaces/include/stm_interfaces/msg/rosidl_typesupport_introspection_c__visibility_control.h
[0.915s] -- Up-to-date: /home/athens/ros2_athens_ws/install/stm_interfaces/lib/libstm_interfaces__rosidl_typesupport_introspection_c.so
[0.916s] -- Up-to-date: /home/athens/ros2_athens_ws/install/stm_interfaces/lib/libstm_interfaces__rosidl_typesupport_c.so
[0.916s] -- Up-to-date: /home/athens/ros2_athens_ws/install/stm_interfaces/include/stm_interfaces
[0.916s] -- Up-to-date: /home/athens/ros2_athens_ws/install/stm_interfaces/include/stm_interfaces/msg
[0.916s] -- Up-to-date: /home/athens/ros2_athens_ws/install/stm_interfaces/include/stm_interfaces/msg/detail
[0.916s] -- Up-to-date: /home/athens/ros2_athens_ws/install/stm_interfaces/include/stm_interfaces/msg/detail/stm_control__traits.hpp
[0.916s] -- Up-to-date: /home/athens/ros2_athens_ws/install/stm_interfaces/include/stm_interfaces/msg/detail/stm_control__type_support.hpp
[0.916s] -- Up-to-date: /home/athens/ros2_athens_ws/install/stm_interfaces/include/stm_interfaces/msg/detail/stm_state__struct.hpp
[0.916s] -- Up-to-date: /home/athens/ros2_athens_ws/install/stm_interfaces/include/stm_interfaces/msg/detail/stm_state__traits.hpp
[0.916s] -- Up-to-date: /home/athens/ros2_athens_ws/install/stm_interfaces/include/stm_interfaces/msg/detail/stm_control__struct.hpp
[0.916s] -- Up-to-date: /home/athens/ros2_athens_ws/install/stm_interfaces/include/stm_interfaces/msg/detail/stm_state__type_support.hpp
[0.916s] -- Up-to-date: /home/athens/ros2_athens_ws/install/stm_interfaces/include/stm_interfaces/msg/detail/stm_control__builder.hpp
[0.916s] -- Up-to-date: /home/athens/ros2_athens_ws/install/stm_interfaces/include/stm_interfaces/msg/detail/stm_state__builder.hpp
[0.916s] -- Up-to-date: /home/athens/ros2_athens_ws/install/stm_interfaces/include/stm_interfaces/msg/rosidl_generator_cpp__visibility_control.hpp
[0.917s] -- Up-to-date: /home/athens/ros2_athens_ws/install/stm_interfaces/include/stm_interfaces/msg/stm_control.hpp
[0.917s] -- Up-to-date: /home/athens/ros2_athens_ws/install/stm_interfaces/include/stm_interfaces/msg/stm_state.hpp
[0.917s] -- Up-to-date: /home/athens/ros2_athens_ws/install/stm_interfaces/include/stm_interfaces
[0.917s] -- Up-to-date: /home/athens/ros2_athens_ws/install/stm_interfaces/include/stm_interfaces/msg
[0.917s] -- Up-to-date: /home/athens/ros2_athens_ws/install/stm_interfaces/include/stm_interfaces/msg/detail
[0.917s] -- Up-to-date: /home/athens/ros2_athens_ws/install/stm_interfaces/include/stm_interfaces/msg/detail/stm_control__type_support.cpp
[0.917s] -- Up-to-date: /home/athens/ros2_athens_ws/install/stm_interfaces/include/stm_interfaces/msg/detail/stm_state__rosidl_typesupport_introspection_cpp.hpp
[0.917s] -- Up-to-date: /home/athens/ros2_athens_ws/install/stm_interfaces/include/stm_interfaces/msg/detail/stm_control__rosidl_typesupport_introspection_cpp.hpp
[0.917s] -- Up-to-date: /home/athens/ros2_athens_ws/install/stm_interfaces/include/stm_interfaces/msg/detail/stm_state__type_support.cpp
[0.917s] -- Up-to-date: /home/athens/ros2_athens_ws/install/stm_interfaces/lib/libstm_interfaces__rosidl_typesupport_introspection_cpp.so
[0.917s] -- Up-to-date: /home/athens/ros2_athens_ws/install/stm_interfaces/lib/libstm_interfaces__rosidl_typesupport_cpp.so
[0.917s] -- Up-to-date: /home/athens/ros2_athens_ws/install/stm_interfaces/share/stm_interfaces/environment/pythonpath.sh
[0.917s] -- Up-to-date: /home/athens/ros2_athens_ws/install/stm_interfaces/share/stm_interfaces/environment/pythonpath.dsv
[0.917s] -- Up-to-date: /home/athens/ros2_athens_ws/install/stm_interfaces/lib/python3.8/site-packages/stm_interfaces/__init__.py
[0.968s] -- Up-to-date: /home/athens/ros2_athens_ws/install/stm_interfaces/lib/python3.8/site-packages/stm_interfaces/msg
[0.968s] -- Up-to-date: /home/athens/ros2_athens_ws/install/stm_interfaces/lib/python3.8/site-packages/stm_interfaces/msg/_stm_control_s.c
[0.968s] -- Up-to-date: /home/athens/ros2_athens_ws/install/stm_interfaces/lib/python3.8/site-packages/stm_interfaces/msg/_stm_state_s.c
[0.968s] -- Up-to-date: /home/athens/ros2_athens_ws/install/stm_interfaces/lib/python3.8/site-packages/stm_interfaces/msg/_stm_state.py
[0.968s] -- Up-to-date: /home/athens/ros2_athens_ws/install/stm_interfaces/lib/python3.8/site-packages/stm_interfaces/msg/__init__.py
[0.969s] -- Up-to-date: /home/athens/ros2_athens_ws/install/stm_interfaces/lib/python3.8/site-packages/stm_interfaces/msg/_stm_control.py
[0.969s] -- Up-to-date: /home/athens/ros2_athens_ws/install/stm_interfaces/lib/python3.8/site-packages/stm_interfaces/stm_interfaces_s__rosidl_typesupport_fastrtps_c.cpython-38-x86_64-linux-gnu.so
[0.969s] -- Up-to-date: /home/athens/ros2_athens_ws/install/stm_interfaces/lib/python3.8/site-packages/stm_interfaces/stm_interfaces_s__rosidl_typesupport_introspection_c.cpython-38-x86_64-linux-gnu.so
[0.970s] -- Up-to-date: /home/athens/ros2_athens_ws/install/stm_interfaces/lib/python3.8/site-packages/stm_interfaces/stm_interfaces_s__rosidl_typesupport_c.cpython-38-x86_64-linux-gnu.so
[0.971s] -- Up-to-date: /home/athens/ros2_athens_ws/install/stm_interfaces/lib/libstm_interfaces__python.so
[0.971s] -- Up-to-date: /home/athens/ros2_athens_ws/install/stm_interfaces/share/stm_interfaces/msg/STMControl.idl
[0.972s] -- Up-to-date: /home/athens/ros2_athens_ws/install/stm_interfaces/share/stm_interfaces/msg/STMState.idl
[0.972s] -- Up-to-date: /home/athens/ros2_athens_ws/install/stm_interfaces/share/stm_interfaces/msg/STMControl.msg
[0.972s] -- Up-to-date: /home/athens/ros2_athens_ws/install/stm_interfaces/share/stm_interfaces/msg/STMState.msg
[0.972s] -- Up-to-date: /home/athens/ros2_athens_ws/install/stm_interfaces/share/ament_index/resource_index/package_run_dependencies/stm_interfaces
[0.972s] -- Up-to-date: /home/athens/ros2_athens_ws/install/stm_interfaces/share/ament_index/resource_index/parent_prefix_path/stm_interfaces
[0.972s] -- Up-to-date: /home/athens/ros2_athens_ws/install/stm_interfaces/share/stm_interfaces/environment/ament_prefix_path.sh
[0.972s] -- Up-to-date: /home/athens/ros2_athens_ws/install/stm_interfaces/share/stm_interfaces/environment/ament_prefix_path.dsv
[0.972s] -- Up-to-date: /home/athens/ros2_athens_ws/install/stm_interfaces/share/stm_interfaces/environment/path.sh
[0.973s] -- Up-to-date: /home/athens/ros2_athens_ws/install/stm_interfaces/share/stm_interfaces/environment/path.dsv
[0.973s] -- Up-to-date: /home/athens/ros2_athens_ws/install/stm_interfaces/share/stm_interfaces/local_setup.bash
[0.973s] -- Up-to-date: /home/athens/ros2_athens_ws/install/stm_interfaces/share/stm_interfaces/local_setup.sh
[0.973s] -- Up-to-date: /home/athens/ros2_athens_ws/install/stm_interfaces/share/stm_interfaces/local_setup.zsh
[0.973s] -- Up-to-date: /home/athens/ros2_athens_ws/install/stm_interfaces/share/stm_interfaces/local_setup.dsv
[0.973s] -- Installing: /home/athens/ros2_athens_ws/install/stm_interfaces/share/stm_interfaces/package.dsv
[0.973s] -- Up-to-date: /home/athens/ros2_athens_ws/install/stm_interfaces/share/ament_index/resource_index/packages/stm_interfaces
[0.974s] -- Up-to-date: /home/athens/ros2_athens_ws/install/stm_interfaces/share/stm_interfaces/cmake/stm_interfaces__rosidl_generator_cExport.cmake
[0.974s] -- Up-to-date: /home/athens/ros2_athens_ws/install/stm_interfaces/share/stm_interfaces/cmake/stm_interfaces__rosidl_generator_cExport-noconfig.cmake
[0.974s] -- Up-to-date: /home/athens/ros2_athens_ws/install/stm_interfaces/share/stm_interfaces/cmake/stm_interfaces__rosidl_typesupport_introspection_cExport.cmake
[0.974s] -- Up-to-date: /home/athens/ros2_athens_ws/install/stm_interfaces/share/stm_interfaces/cmake/stm_interfaces__rosidl_typesupport_introspection_cExport-noconfig.cmake
[0.978s] -- Up-to-date: /home/athens/ros2_athens_ws/install/stm_interfaces/share/stm_interfaces/cmake/stm_interfaces__rosidl_typesupport_cExport.cmake
[0.978s] -- Up-to-date: /home/athens/ros2_athens_ws/install/stm_interfaces/share/stm_interfaces/cmake/stm_interfaces__rosidl_typesupport_cExport-noconfig.cmake
[0.978s] -- Up-to-date: /home/athens/ros2_athens_ws/install/stm_interfaces/share/stm_interfaces/cmake/stm_interfaces__rosidl_generator_cppExport.cmake
[0.979s] -- Up-to-date: /home/athens/ros2_athens_ws/install/stm_interfaces/share/stm_interfaces/cmake/stm_interfaces__rosidl_typesupport_introspection_cppExport.cmake
[0.979s] -- Up-to-date: /home/athens/ros2_athens_ws/install/stm_interfaces/share/stm_interfaces/cmake/stm_interfaces__rosidl_typesupport_introspection_cppExport-noconfig.cmake
[0.980s] -- Up-to-date: /home/athens/ros2_athens_ws/install/stm_interfaces/share/stm_interfaces/cmake/stm_interfaces__rosidl_typesupport_cppExport.cmake
[0.981s] -- Up-to-date: /home/athens/ros2_athens_ws/install/stm_interfaces/share/stm_interfaces/cmake/stm_interfaces__rosidl_typesupport_cppExport-noconfig.cmake
[0.981s] -- Up-to-date: /home/athens/ros2_athens_ws/install/stm_interfaces/share/stm_interfaces/cmake/rosidl_cmake-extras.cmake
[0.981s] -- Up-to-date: /home/athens/ros2_athens_ws/install/stm_interfaces/share/stm_interfaces/cmake/ament_cmake_export_dependencies-extras.cmake
[0.981s] -- Up-to-date: /home/athens/ros2_athens_ws/install/stm_interfaces/share/stm_interfaces/cmake/ament_cmake_export_libraries-extras.cmake
[0.981s] -- Up-to-date: /home/athens/ros2_athens_ws/install/stm_interfaces/share/stm_interfaces/cmake/ament_cmake_export_targets-extras.cmake
[0.981s] -- Up-to-date: /home/athens/ros2_athens_ws/install/stm_interfaces/share/stm_interfaces/cmake/ament_cmake_export_include_directories-extras.cmake
[0.981s] -- Up-to-date: /home/athens/ros2_athens_ws/install/stm_interfaces/share/stm_interfaces/cmake/rosidl_cmake_export_typesupport_libraries-extras.cmake
[0.981s] -- Up-to-date: /home/athens/ros2_athens_ws/install/stm_interfaces/share/stm_interfaces/cmake/rosidl_cmake_export_typesupport_targets-extras.cmake
[0.981s] -- Up-to-date: /home/athens/ros2_athens_ws/install/stm_interfaces/share/stm_interfaces/cmake/stm_interfacesConfig.cmake
[0.981s] -- Up-to-date: /home/athens/ros2_athens_ws/install/stm_interfaces/share/stm_interfaces/cmake/stm_interfacesConfig-version.cmake
[0.981s] -- Up-to-date: /home/athens/ros2_athens_ws/install/stm_interfaces/share/stm_interfaces/package.xml
[0.986s] Invoked command in '/home/athens/ros2_athens_ws/build/stm_interfaces' returned '0': CMAKE_PREFIX_PATH=${CMAKE_PREFIX_PATH}:/home/athens/ros2_athens_ws/install/stm_station:/home/athens/ros2_athens_ws/install/first_package:/opt/ros/foxy /usr/bin/cmake --install /home/athens/ros2_athens_ws/build/stm_interfaces
