[0.069s] Invoking command in '/home/athens/ros2_athens_ws/build/stm_interfaces': CMAKE_PREFIX_PATH=${CMAKE_PREFIX_PATH}:/home/athens/ros2_athens_ws/install/stm_station:/home/athens/ros2_athens_ws/install/first_package:/opt/ros/foxy /usr/bin/cmake --build /home/athens/ros2_athens_ws/build/stm_interfaces -- -j4 -l4
[0.122s] -- Found ament_cmake: 0.9.12 (/opt/ros/foxy/share/ament_cmake/cmake)
[0.160s] -- Using PYTHON_EXECUTABLE: /usr/bin/python3
[0.535s] -- Found std_msgs: 2.0.5 (/opt/ros/foxy/share/std_msgs/cmake)
[0.576s] -- Using all available rosidl_typesupport_c: rosidl_typesupport_fastrtps_c;rosidl_typesupport_introspection_c
[0.580s] -- Found rosidl_adapter: 1.3.1 (/opt/ros/foxy/share/rosidl_adapter/cmake)
[0.796s] -- Using all available rosidl_typesupport_cpp: rosidl_typesupport_fastrtps_cpp;rosidl_typesupport_introspection_cpp
[0.856s] -- Found rosidl_default_generators: 1.0.1 (/opt/ros/foxy/share/rosidl_default_generators/cmake)
[0.922s] -- Found PythonInterp: /usr/bin/python3 (found version "3.8.10") 
[1.161s] -- Found ament_cmake_ros: 0.9.2 (/opt/ros/foxy/share/ament_cmake_ros/cmake)
[1.516s] -- Using all available rosidl_typesupport_c: rosidl_typesupport_fastrtps_c;rosidl_typesupport_introspection_c
[1.623s] -- Using all available rosidl_typesupport_cpp: rosidl_typesupport_fastrtps_cpp;rosidl_typesupport_introspection_cpp
[1.656s] -- Found PythonInterp: /usr/bin/python3 (found suitable version "3.8.10", minimum required is "3.5") 
[1.662s] -- Found python_cmake_module: 0.8.1 (/opt/ros/foxy/share/python_cmake_module/cmake)
[1.722s] -- Using PYTHON_EXECUTABLE: /usr/bin/python3
[1.722s] -- Using PYTHON_INCLUDE_DIRS: /usr/include/python3.8
[1.723s] -- Using PYTHON_LIBRARIES: /usr/lib/x86_64-linux-gnu/libpython3.8.so
[1.787s] -- Found ament_lint_auto: 0.9.8 (/opt/ros/foxy/share/ament_lint_auto/cmake)
[1.809s] -- Added test 'lint_cmake' to check CMake code style
[1.811s] -- Added test 'xmllint' to check XML markup files
[1.821s] -- Configuring done
[1.939s] -- Generating done
[1.951s] -- Build files have been written to: /home/athens/ros2_athens_ws/build/stm_interfaces
[1.993s] [  2%] [34m[1mGenerating C code for ROS interfaces[0m
[2.000s] [35m[1mScanning dependencies of target stm_interfaces__cpp[0m
[2.027s] [  4%] [34m[1mGenerating C++ code for ROS interfaces[0m
[2.874s] [35m[1mScanning dependencies of target stm_interfaces__rosidl_generator_c[0m
[2.891s] [  6%] [32mBuilding C object CMakeFiles/stm_interfaces__rosidl_generator_c.dir/rosidl_generator_c/stm_interfaces/msg/detail/stm_control__functions.c.o[0m
[2.958s] [  8%] [32mBuilding C object CMakeFiles/stm_interfaces__rosidl_generator_c.dir/rosidl_generator_c/stm_interfaces/msg/detail/stm_state__functions.c.o[0m
[3.003s] [  8%] Built target stm_interfaces__cpp
[3.027s] [ 12%] [34m[1mGenerating C++ type support dispatch for ROS interfaces[0m
[3.028s] [ 14%] [34m[1mGenerating C++ type support for eProsima Fast-RTPS[0m
[3.034s] [ 10%] [32mBuilding C object CMakeFiles/stm_interfaces__rosidl_generator_c.dir/rosidl_generator_c/stm_interfaces/srv/detail/stm_set_control_type__functions.c.o[0m
[3.084s] [ 17%] [34m[1mGenerating C++ introspection for ROS interfaces[0m
[3.277s] [ 19%] [32m[1mLinking C shared library libstm_interfaces__rosidl_generator_c.so[0m
[3.581s] [ 19%] Built target stm_interfaces__rosidl_generator_c
[3.685s] [ 21%] [34m[1mGenerating C introspection for ROS interfaces[0m
[3.689s] [35m[1mScanning dependencies of target stm_interfaces__rosidl_typesupport_cpp[0m
[3.773s] [ 23%] [32mBuilding CXX object CMakeFiles/stm_interfaces__rosidl_typesupport_cpp.dir/rosidl_typesupport_cpp/stm_interfaces/msg/stm_control__type_support.cpp.o[0m
[3.838s] [35m[1mScanning dependencies of target stm_interfaces__rosidl_typesupport_fastrtps_cpp[0m
[3.893s] [ 25%] [32mBuilding CXX object CMakeFiles/stm_interfaces__rosidl_typesupport_fastrtps_cpp.dir/rosidl_typesupport_fastrtps_cpp/stm_interfaces/msg/detail/dds_fastrtps/stm_control__type_support.cpp.o[0m
[3.937s] [35m[1mScanning dependencies of target stm_interfaces__rosidl_typesupport_introspection_cpp[0m
[4.003s] [ 27%] [32mBuilding CXX object CMakeFiles/stm_interfaces__rosidl_typesupport_introspection_cpp.dir/rosidl_typesupport_introspection_cpp/stm_interfaces/msg/detail/stm_control__type_support.cpp.o[0m
[4.479s] [ 29%] [32mBuilding CXX object CMakeFiles/stm_interfaces__rosidl_typesupport_cpp.dir/rosidl_typesupport_cpp/stm_interfaces/msg/stm_state__type_support.cpp.o[0m
[4.501s] [ 31%] [32mBuilding CXX object CMakeFiles/stm_interfaces__rosidl_typesupport_introspection_cpp.dir/rosidl_typesupport_introspection_cpp/stm_interfaces/msg/detail/stm_state__type_support.cpp.o[0m
[4.666s] [ 34%] [32mBuilding CXX object CMakeFiles/stm_interfaces__rosidl_typesupport_fastrtps_cpp.dir/rosidl_typesupport_fastrtps_cpp/stm_interfaces/msg/detail/dds_fastrtps/stm_state__type_support.cpp.o[0m
[4.823s] [ 36%] [32mBuilding CXX object CMakeFiles/stm_interfaces__rosidl_typesupport_introspection_cpp.dir/rosidl_typesupport_introspection_cpp/stm_interfaces/srv/detail/stm_set_control_type__type_support.cpp.o[0m
[4.866s] [35m[1mScanning dependencies of target stm_interfaces__rosidl_typesupport_introspection_c[0m
[4.890s] [ 38%] [32mBuilding CXX object CMakeFiles/stm_interfaces__rosidl_typesupport_cpp.dir/rosidl_typesupport_cpp/stm_interfaces/srv/stm_set_control_type__type_support.cpp.o[0m
[4.923s] [ 40%] [32mBuilding C object CMakeFiles/stm_interfaces__rosidl_typesupport_introspection_c.dir/rosidl_typesupport_introspection_c/stm_interfaces/msg/detail/stm_control__type_support.c.o[0m
[5.176s] [ 42%] [32m[1mLinking CXX shared library libstm_interfaces__rosidl_typesupport_introspection_cpp.so[0m
[5.228s] [ 44%] [32mBuilding C object CMakeFiles/stm_interfaces__rosidl_typesupport_introspection_c.dir/rosidl_typesupport_introspection_c/stm_interfaces/msg/detail/stm_state__type_support.c.o[0m
[5.244s] [ 46%] [32m[1mLinking CXX shared library libstm_interfaces__rosidl_typesupport_cpp.so[0m
[5.284s] [ 48%] [32mBuilding CXX object CMakeFiles/stm_interfaces__rosidl_typesupport_fastrtps_cpp.dir/rosidl_typesupport_fastrtps_cpp/stm_interfaces/srv/detail/dds_fastrtps/stm_set_control_type__type_support.cpp.o[0m
[5.311s] [ 51%] [32mBuilding C object CMakeFiles/stm_interfaces__rosidl_typesupport_introspection_c.dir/rosidl_typesupport_introspection_c/stm_interfaces/srv/detail/stm_set_control_type__type_support.c.o[0m
[5.324s] [ 51%] Built target stm_interfaces__rosidl_typesupport_cpp
[5.342s] [ 51%] Built target stm_interfaces__rosidl_typesupport_introspection_cpp
[5.356s] [ 53%] [34m[1mGenerating C type support dispatch for ROS interfaces[0m
[5.367s] [ 55%] [32m[1mLinking C shared library libstm_interfaces__rosidl_typesupport_introspection_c.so[0m
[5.411s] [ 55%] Built target stm_interfaces__rosidl_typesupport_introspection_c
[5.677s] [ 57%] [32m[1mLinking CXX shared library libstm_interfaces__rosidl_typesupport_fastrtps_cpp.so[0m
[5.758s] [35m[1mScanning dependencies of target stm_interfaces__rosidl_typesupport_c[0m
[5.796s] [ 61%] [32mBuilding CXX object CMakeFiles/stm_interfaces__rosidl_typesupport_c.dir/rosidl_typesupport_c/stm_interfaces/msg/stm_control__type_support.cpp.o[0m
[5.798s] [ 61%] [32mBuilding CXX object CMakeFiles/stm_interfaces__rosidl_typesupport_c.dir/rosidl_typesupport_c/stm_interfaces/msg/stm_state__type_support.cpp.o[0m
[5.798s] [ 63%] [32mBuilding CXX object CMakeFiles/stm_interfaces__rosidl_typesupport_c.dir/rosidl_typesupport_c/stm_interfaces/srv/stm_set_control_type__type_support.cpp.o[0m
[5.798s] [ 63%] Built target stm_interfaces__rosidl_typesupport_fastrtps_cpp
[5.830s] [ 65%] [34m[1mGenerating C type support for eProsima Fast-RTPS[0m
[5.845s] [ 68%] [32m[1mLinking CXX shared library libstm_interfaces__rosidl_typesupport_c.so[0m
[5.936s] [ 68%] Built target stm_interfaces__rosidl_typesupport_c
[6.389s] [35m[1mScanning dependencies of target stm_interfaces__rosidl_typesupport_fastrtps_c[0m
[6.431s] [ 70%] [32mBuilding CXX object CMakeFiles/stm_interfaces__rosidl_typesupport_fastrtps_c.dir/rosidl_typesupport_fastrtps_c/stm_interfaces/msg/detail/stm_control__type_support_c.cpp.o[0m
[6.434s] [ 72%] [32mBuilding CXX object CMakeFiles/stm_interfaces__rosidl_typesupport_fastrtps_c.dir/rosidl_typesupport_fastrtps_c/stm_interfaces/msg/detail/stm_state__type_support_c.cpp.o[0m
[6.445s] [ 74%] [32mBuilding CXX object CMakeFiles/stm_interfaces__rosidl_typesupport_fastrtps_c.dir/rosidl_typesupport_fastrtps_c/stm_interfaces/srv/detail/stm_set_control_type__type_support_c.cpp.o[0m
[7.033s] [ 76%] [32m[1mLinking CXX shared library libstm_interfaces__rosidl_typesupport_fastrtps_c.so[0m
[7.160s] [ 76%] Built target stm_interfaces__rosidl_typesupport_fastrtps_c
[7.205s] [ 76%] Built target stm_interfaces
[7.234s] [35m[1mScanning dependencies of target stm_interfaces__py[0m
[7.252s] [ 78%] [34m[1mGenerating Python code for ROS interfaces[0m
[8.284s] [ 78%] Built target stm_interfaces__py
[8.311s] [35m[1mScanning dependencies of target stm_interfaces__python[0m
[8.349s] [ 80%] [32mBuilding C object CMakeFiles/stm_interfaces__python.dir/rosidl_generator_py/stm_interfaces/msg/_stm_control_s.c.o[0m
[8.349s] [ 82%] [32mBuilding C object CMakeFiles/stm_interfaces__python.dir/rosidl_generator_py/stm_interfaces/msg/_stm_state_s.c.o[0m
[8.351s] [ 85%] [32mBuilding C object CMakeFiles/stm_interfaces__python.dir/rosidl_generator_py/stm_interfaces/srv/_stm_set_control_type_s.c.o[0m
[8.473s] [ 87%] [32m[1mLinking C shared library rosidl_generator_py/stm_interfaces/libstm_interfaces__python.so[0m
[8.560s] [ 87%] Built target stm_interfaces__python
[8.588s] [35m[1mScanning dependencies of target stm_interfaces__rosidl_typesupport_introspection_c__pyext[0m
[8.588s] [35m[1mScanning dependencies of target stm_interfaces__rosidl_typesupport_c__pyext[0m
[8.599s] [35m[1mScanning dependencies of target stm_interfaces__rosidl_typesupport_fastrtps_c__pyext[0m
[8.637s] [ 89%] [32mBuilding C object CMakeFiles/stm_interfaces__rosidl_typesupport_c__pyext.dir/rosidl_generator_py/stm_interfaces/_stm_interfaces_s.ep.rosidl_typesupport_c.c.o[0m
[8.646s] [ 91%] [32mBuilding C object CMakeFiles/stm_interfaces__rosidl_typesupport_introspection_c__pyext.dir/rosidl_generator_py/stm_interfaces/_stm_interfaces_s.ep.rosidl_typesupport_introspection_c.c.o[0m
[8.660s] [ 93%] [32mBuilding C object CMakeFiles/stm_interfaces__rosidl_typesupport_fastrtps_c__pyext.dir/rosidl_generator_py/stm_interfaces/_stm_interfaces_s.ep.rosidl_typesupport_fastrtps_c.c.o[0m
[8.788s] [ 95%] [32m[1mLinking C shared library rosidl_generator_py/stm_interfaces/stm_interfaces_s__rosidl_typesupport_introspection_c.cpython-38-x86_64-linux-gnu.so[0m
[8.798s] [ 97%] [32m[1mLinking C shared library rosidl_generator_py/stm_interfaces/stm_interfaces_s__rosidl_typesupport_c.cpython-38-x86_64-linux-gnu.so[0m
[8.818s] [100%] [32m[1mLinking CXX shared library rosidl_generator_py/stm_interfaces/stm_interfaces_s__rosidl_typesupport_fastrtps_c.cpython-38-x86_64-linux-gnu.so[0m
[8.842s] [100%] Built target stm_interfaces__rosidl_typesupport_introspection_c__pyext
[8.871s] [100%] Built target stm_interfaces__rosidl_typesupport_c__pyext
[8.905s] [100%] Built target stm_interfaces__rosidl_typesupport_fastrtps_c__pyext
[8.928s] Invoked command in '/home/athens/ros2_athens_ws/build/stm_interfaces' returned '0': CMAKE_PREFIX_PATH=${CMAKE_PREFIX_PATH}:/home/athens/ros2_athens_ws/install/stm_station:/home/athens/ros2_athens_ws/install/first_package:/opt/ros/foxy /usr/bin/cmake --build /home/athens/ros2_athens_ws/build/stm_interfaces -- -j4 -l4
[9.177s] Invoking command in '/home/athens/ros2_athens_ws/build/stm_interfaces': CMAKE_PREFIX_PATH=${CMAKE_PREFIX_PATH}:/home/athens/ros2_athens_ws/install/stm_station:/home/athens/ros2_athens_ws/install/first_package:/opt/ros/foxy /usr/bin/cmake --install /home/athens/ros2_athens_ws/build/stm_interfaces
[9.198s] -- Install configuration: ""
[9.198s] -- Installing: /home/athens/ros2_athens_ws/install/stm_interfaces/share/ament_index/resource_index/rosidl_interfaces/stm_interfaces
[9.199s] -- Up-to-date: /home/athens/ros2_athens_ws/install/stm_interfaces/include/stm_interfaces
[9.199s] -- Up-to-date: /home/athens/ros2_athens_ws/install/stm_interfaces/include/stm_interfaces/msg
[9.199s] -- Installing: /home/athens/ros2_athens_ws/install/stm_interfaces/include/stm_interfaces/msg/stm_control.h
[9.199s] -- Up-to-date: /home/athens/ros2_athens_ws/install/stm_interfaces/include/stm_interfaces/msg/detail
[9.200s] -- Installing: /home/athens/ros2_athens_ws/install/stm_interfaces/include/stm_interfaces/msg/detail/stm_state__functions.c
[9.200s] -- Installing: /home/athens/ros2_athens_ws/install/stm_interfaces/include/stm_interfaces/msg/detail/stm_control__struct.h
[9.200s] -- Installing: /home/athens/ros2_athens_ws/install/stm_interfaces/include/stm_interfaces/msg/detail/stm_control__type_support.h
[9.200s] -- Installing: /home/athens/ros2_athens_ws/install/stm_interfaces/include/stm_interfaces/msg/detail/stm_state__struct.h
[9.200s] -- Installing: /home/athens/ros2_athens_ws/install/stm_interfaces/include/stm_interfaces/msg/detail/stm_state__type_support.h
[9.200s] -- Installing: /home/athens/ros2_athens_ws/install/stm_interfaces/include/stm_interfaces/msg/detail/stm_state__functions.h
[9.200s] -- Installing: /home/athens/ros2_athens_ws/install/stm_interfaces/include/stm_interfaces/msg/detail/stm_control__functions.h
[9.200s] -- Installing: /home/athens/ros2_athens_ws/install/stm_interfaces/include/stm_interfaces/msg/detail/stm_control__functions.c
[9.200s] -- Installing: /home/athens/ros2_athens_ws/install/stm_interfaces/include/stm_interfaces/msg/stm_state.h
[9.201s] -- Up-to-date: /home/athens/ros2_athens_ws/install/stm_interfaces/include/stm_interfaces/msg/rosidl_generator_c__visibility_control.h
[9.201s] -- Installing: /home/athens/ros2_athens_ws/install/stm_interfaces/include/stm_interfaces/srv
[9.201s] -- Installing: /home/athens/ros2_athens_ws/install/stm_interfaces/include/stm_interfaces/srv/stm_set_control_type.h
[9.201s] -- Installing: /home/athens/ros2_athens_ws/install/stm_interfaces/include/stm_interfaces/srv/detail
[9.201s] -- Installing: /home/athens/ros2_athens_ws/install/stm_interfaces/include/stm_interfaces/srv/detail/stm_set_control_type__functions.h
[9.202s] -- Installing: /home/athens/ros2_athens_ws/install/stm_interfaces/include/stm_interfaces/srv/detail/stm_set_control_type__type_support.h
[9.202s] -- Installing: /home/athens/ros2_athens_ws/install/stm_interfaces/include/stm_interfaces/srv/detail/stm_set_control_type__functions.c
[9.203s] -- Installing: /home/athens/ros2_athens_ws/install/stm_interfaces/include/stm_interfaces/srv/detail/stm_set_control_type__struct.h
[9.204s] -- Up-to-date: /home/athens/ros2_athens_ws/install/stm_interfaces/share/stm_interfaces/environment/library_path.sh
[9.204s] -- Installing: /home/athens/ros2_athens_ws/install/stm_interfaces/share/stm_interfaces/environment/library_path.dsv
[9.204s] -- Installing: /home/athens/ros2_athens_ws/install/stm_interfaces/lib/libstm_interfaces__rosidl_generator_c.so
[9.204s] -- Set runtime path of "/home/athens/ros2_athens_ws/install/stm_interfaces/lib/libstm_interfaces__rosidl_generator_c.so" to ""
[9.204s] -- Up-to-date: /home/athens/ros2_athens_ws/install/stm_interfaces/include/stm_interfaces
[9.204s] -- Up-to-date: /home/athens/ros2_athens_ws/install/stm_interfaces/include/stm_interfaces/msg
[9.204s] -- Up-to-date: /home/athens/ros2_athens_ws/install/stm_interfaces/include/stm_interfaces/msg/detail
[9.204s] -- Installing: /home/athens/ros2_athens_ws/install/stm_interfaces/include/stm_interfaces/msg/detail/stm_control__rosidl_typesupport_fastrtps_c.h
[9.204s] -- Installing: /home/athens/ros2_athens_ws/install/stm_interfaces/include/stm_interfaces/msg/detail/stm_state__rosidl_typesupport_fastrtps_c.h
[9.204s] -- Up-to-date: /home/athens/ros2_athens_ws/install/stm_interfaces/include/stm_interfaces/msg/rosidl_typesupport_fastrtps_c__visibility_control.h
[9.205s] -- Up-to-date: /home/athens/ros2_athens_ws/install/stm_interfaces/include/stm_interfaces/srv
[9.205s] -- Up-to-date: /home/athens/ros2_athens_ws/install/stm_interfaces/include/stm_interfaces/srv/detail
[9.205s] -- Installing: /home/athens/ros2_athens_ws/install/stm_interfaces/include/stm_interfaces/srv/detail/stm_set_control_type__rosidl_typesupport_fastrtps_c.h
[9.205s] -- Installing: /home/athens/ros2_athens_ws/install/stm_interfaces/lib/libstm_interfaces__rosidl_typesupport_fastrtps_c.so
[9.217s] -- Set runtime path of "/home/athens/ros2_athens_ws/install/stm_interfaces/lib/libstm_interfaces__rosidl_typesupport_fastrtps_c.so" to ""
[9.217s] -- Up-to-date: /home/athens/ros2_athens_ws/install/stm_interfaces/include/stm_interfaces
[9.218s] -- Up-to-date: /home/athens/ros2_athens_ws/install/stm_interfaces/include/stm_interfaces/msg
[9.218s] -- Up-to-date: /home/athens/ros2_athens_ws/install/stm_interfaces/include/stm_interfaces/msg/detail
[9.218s] -- Installing: /home/athens/ros2_athens_ws/install/stm_interfaces/include/stm_interfaces/msg/detail/stm_state__rosidl_typesupport_fastrtps_cpp.hpp
[9.218s] -- Up-to-date: /home/athens/ros2_athens_ws/install/stm_interfaces/include/stm_interfaces/msg/detail/dds_fastrtps
[9.218s] -- Installing: /home/athens/ros2_athens_ws/install/stm_interfaces/include/stm_interfaces/msg/detail/stm_control__rosidl_typesupport_fastrtps_cpp.hpp
[9.218s] -- Up-to-date: /home/athens/ros2_athens_ws/install/stm_interfaces/include/stm_interfaces/msg/rosidl_typesupport_fastrtps_cpp__visibility_control.h
[9.218s] -- Up-to-date: /home/athens/ros2_athens_ws/install/stm_interfaces/include/stm_interfaces/srv
[9.218s] -- Up-to-date: /home/athens/ros2_athens_ws/install/stm_interfaces/include/stm_interfaces/srv/detail
[9.218s] -- Installing: /home/athens/ros2_athens_ws/install/stm_interfaces/include/stm_interfaces/srv/detail/stm_set_control_type__rosidl_typesupport_fastrtps_cpp.hpp
[9.219s] -- Installing: /home/athens/ros2_athens_ws/install/stm_interfaces/include/stm_interfaces/srv/detail/dds_fastrtps
[9.219s] -- Installing: /home/athens/ros2_athens_ws/install/stm_interfaces/lib/libstm_interfaces__rosidl_typesupport_fastrtps_cpp.so
[9.220s] -- Set runtime path of "/home/athens/ros2_athens_ws/install/stm_interfaces/lib/libstm_interfaces__rosidl_typesupport_fastrtps_cpp.so" to ""
[9.220s] -- Up-to-date: /home/athens/ros2_athens_ws/install/stm_interfaces/include/stm_interfaces
[9.221s] -- Up-to-date: /home/athens/ros2_athens_ws/install/stm_interfaces/include/stm_interfaces/msg
[9.221s] -- Up-to-date: /home/athens/ros2_athens_ws/install/stm_interfaces/include/stm_interfaces/msg/detail
[9.221s] -- Installing: /home/athens/ros2_athens_ws/install/stm_interfaces/include/stm_interfaces/msg/detail/stm_state__type_support.c
[9.221s] -- Installing: /home/athens/ros2_athens_ws/install/stm_interfaces/include/stm_interfaces/msg/detail/stm_control__rosidl_typesupport_introspection_c.h
[9.221s] -- Installing: /home/athens/ros2_athens_ws/install/stm_interfaces/include/stm_interfaces/msg/detail/stm_state__rosidl_typesupport_introspection_c.h
[9.221s] -- Installing: /home/athens/ros2_athens_ws/install/stm_interfaces/include/stm_interfaces/msg/detail/stm_control__type_support.c
[9.221s] -- Up-to-date: /home/athens/ros2_athens_ws/install/stm_interfaces/include/stm_interfaces/msg/rosidl_typesupport_introspection_c__visibility_control.h
[9.221s] -- Up-to-date: /home/athens/ros2_athens_ws/install/stm_interfaces/include/stm_interfaces/srv
[9.222s] -- Up-to-date: /home/athens/ros2_athens_ws/install/stm_interfaces/include/stm_interfaces/srv/detail
[9.222s] -- Installing: /home/athens/ros2_athens_ws/install/stm_interfaces/include/stm_interfaces/srv/detail/stm_set_control_type__rosidl_typesupport_introspection_c.h
[9.222s] -- Installing: /home/athens/ros2_athens_ws/install/stm_interfaces/include/stm_interfaces/srv/detail/stm_set_control_type__type_support.c
[9.222s] -- Installing: /home/athens/ros2_athens_ws/install/stm_interfaces/lib/libstm_interfaces__rosidl_typesupport_introspection_c.so
[9.223s] -- Set runtime path of "/home/athens/ros2_athens_ws/install/stm_interfaces/lib/libstm_interfaces__rosidl_typesupport_introspection_c.so" to ""
[9.223s] -- Installing: /home/athens/ros2_athens_ws/install/stm_interfaces/lib/libstm_interfaces__rosidl_typesupport_c.so
[9.224s] -- Set runtime path of "/home/athens/ros2_athens_ws/install/stm_interfaces/lib/libstm_interfaces__rosidl_typesupport_c.so" to ""
[9.224s] -- Up-to-date: /home/athens/ros2_athens_ws/install/stm_interfaces/include/stm_interfaces
[9.224s] -- Up-to-date: /home/athens/ros2_athens_ws/install/stm_interfaces/include/stm_interfaces/msg
[9.224s] -- Up-to-date: /home/athens/ros2_athens_ws/install/stm_interfaces/include/stm_interfaces/msg/detail
[9.224s] -- Installing: /home/athens/ros2_athens_ws/install/stm_interfaces/include/stm_interfaces/msg/detail/stm_control__traits.hpp
[9.224s] -- Installing: /home/athens/ros2_athens_ws/install/stm_interfaces/include/stm_interfaces/msg/detail/stm_control__type_support.hpp
[9.225s] -- Installing: /home/athens/ros2_athens_ws/install/stm_interfaces/include/stm_interfaces/msg/detail/stm_state__struct.hpp
[9.229s] -- Installing: /home/athens/ros2_athens_ws/install/stm_interfaces/include/stm_interfaces/msg/detail/stm_state__traits.hpp
[9.229s] -- Installing: /home/athens/ros2_athens_ws/install/stm_interfaces/include/stm_interfaces/msg/detail/stm_control__struct.hpp
[9.229s] -- Installing: /home/athens/ros2_athens_ws/install/stm_interfaces/include/stm_interfaces/msg/detail/stm_state__type_support.hpp
[9.229s] -- Installing: /home/athens/ros2_athens_ws/install/stm_interfaces/include/stm_interfaces/msg/detail/stm_control__builder.hpp
[9.229s] -- Installing: /home/athens/ros2_athens_ws/install/stm_interfaces/include/stm_interfaces/msg/detail/stm_state__builder.hpp
[9.230s] -- Up-to-date: /home/athens/ros2_athens_ws/install/stm_interfaces/include/stm_interfaces/msg/rosidl_generator_cpp__visibility_control.hpp
[9.230s] -- Installing: /home/athens/ros2_athens_ws/install/stm_interfaces/include/stm_interfaces/msg/stm_control.hpp
[9.230s] -- Installing: /home/athens/ros2_athens_ws/install/stm_interfaces/include/stm_interfaces/msg/stm_state.hpp
[9.230s] -- Up-to-date: /home/athens/ros2_athens_ws/install/stm_interfaces/include/stm_interfaces/srv
[9.230s] -- Up-to-date: /home/athens/ros2_athens_ws/install/stm_interfaces/include/stm_interfaces/srv/detail
[9.230s] -- Installing: /home/athens/ros2_athens_ws/install/stm_interfaces/include/stm_interfaces/srv/detail/stm_set_control_type__traits.hpp
[9.230s] -- Installing: /home/athens/ros2_athens_ws/install/stm_interfaces/include/stm_interfaces/srv/detail/stm_set_control_type__type_support.hpp
[9.230s] -- Installing: /home/athens/ros2_athens_ws/install/stm_interfaces/include/stm_interfaces/srv/detail/stm_set_control_type__struct.hpp
[9.230s] -- Installing: /home/athens/ros2_athens_ws/install/stm_interfaces/include/stm_interfaces/srv/detail/stm_set_control_type__builder.hpp
[9.230s] -- Installing: /home/athens/ros2_athens_ws/install/stm_interfaces/include/stm_interfaces/srv/stm_set_control_type.hpp
[9.231s] -- Up-to-date: /home/athens/ros2_athens_ws/install/stm_interfaces/include/stm_interfaces
[9.231s] -- Up-to-date: /home/athens/ros2_athens_ws/install/stm_interfaces/include/stm_interfaces/msg
[9.231s] -- Up-to-date: /home/athens/ros2_athens_ws/install/stm_interfaces/include/stm_interfaces/msg/detail
[9.231s] -- Installing: /home/athens/ros2_athens_ws/install/stm_interfaces/include/stm_interfaces/msg/detail/stm_control__type_support.cpp
[9.231s] -- Installing: /home/athens/ros2_athens_ws/install/stm_interfaces/include/stm_interfaces/msg/detail/stm_state__rosidl_typesupport_introspection_cpp.hpp
[9.231s] -- Installing: /home/athens/ros2_athens_ws/install/stm_interfaces/include/stm_interfaces/msg/detail/stm_control__rosidl_typesupport_introspection_cpp.hpp
[9.231s] -- Installing: /home/athens/ros2_athens_ws/install/stm_interfaces/include/stm_interfaces/msg/detail/stm_state__type_support.cpp
[9.231s] -- Up-to-date: /home/athens/ros2_athens_ws/install/stm_interfaces/include/stm_interfaces/srv
[9.231s] -- Up-to-date: /home/athens/ros2_athens_ws/install/stm_interfaces/include/stm_interfaces/srv/detail
[9.231s] -- Installing: /home/athens/ros2_athens_ws/install/stm_interfaces/include/stm_interfaces/srv/detail/stm_set_control_type__rosidl_typesupport_introspection_cpp.hpp
[9.231s] -- Installing: /home/athens/ros2_athens_ws/install/stm_interfaces/include/stm_interfaces/srv/detail/stm_set_control_type__type_support.cpp
[9.232s] -- Installing: /home/athens/ros2_athens_ws/install/stm_interfaces/lib/libstm_interfaces__rosidl_typesupport_introspection_cpp.so
[9.232s] -- Set runtime path of "/home/athens/ros2_athens_ws/install/stm_interfaces/lib/libstm_interfaces__rosidl_typesupport_introspection_cpp.so" to ""
[9.232s] -- Installing: /home/athens/ros2_athens_ws/install/stm_interfaces/lib/libstm_interfaces__rosidl_typesupport_cpp.so
[9.232s] -- Set runtime path of "/home/athens/ros2_athens_ws/install/stm_interfaces/lib/libstm_interfaces__rosidl_typesupport_cpp.so" to ""
[9.232s] -- Up-to-date: /home/athens/ros2_athens_ws/install/stm_interfaces/share/stm_interfaces/environment/pythonpath.sh
[9.232s] -- Installing: /home/athens/ros2_athens_ws/install/stm_interfaces/share/stm_interfaces/environment/pythonpath.dsv
[9.232s] -- Installing: /home/athens/ros2_athens_ws/install/stm_interfaces/lib/python3.8/site-packages/stm_interfaces/__init__.py
[9.275s] Compiling '/home/athens/ros2_athens_ws/install/stm_interfaces/lib/python3.8/site-packages/stm_interfaces/__init__.py'...
[9.280s] -- Up-to-date: /home/athens/ros2_athens_ws/install/stm_interfaces/lib/python3.8/site-packages/stm_interfaces/msg
[9.281s] -- Installing: /home/athens/ros2_athens_ws/install/stm_interfaces/lib/python3.8/site-packages/stm_interfaces/msg/_stm_control_s.c
[9.281s] -- Installing: /home/athens/ros2_athens_ws/install/stm_interfaces/lib/python3.8/site-packages/stm_interfaces/msg/_stm_state_s.c
[9.281s] -- Installing: /home/athens/ros2_athens_ws/install/stm_interfaces/lib/python3.8/site-packages/stm_interfaces/msg/_stm_state.py
[9.281s] -- Installing: /home/athens/ros2_athens_ws/install/stm_interfaces/lib/python3.8/site-packages/stm_interfaces/msg/__init__.py
[9.281s] -- Installing: /home/athens/ros2_athens_ws/install/stm_interfaces/lib/python3.8/site-packages/stm_interfaces/msg/_stm_control.py
[9.281s] -- Installing: /home/athens/ros2_athens_ws/install/stm_interfaces/lib/python3.8/site-packages/stm_interfaces/srv
[9.282s] -- Installing: /home/athens/ros2_athens_ws/install/stm_interfaces/lib/python3.8/site-packages/stm_interfaces/srv/_stm_set_control_type.py
[9.282s] -- Installing: /home/athens/ros2_athens_ws/install/stm_interfaces/lib/python3.8/site-packages/stm_interfaces/srv/__init__.py
[9.282s] -- Installing: /home/athens/ros2_athens_ws/install/stm_interfaces/lib/python3.8/site-packages/stm_interfaces/srv/_stm_set_control_type_s.c
[9.285s] -- Installing: /home/athens/ros2_athens_ws/install/stm_interfaces/lib/python3.8/site-packages/stm_interfaces/stm_interfaces_s__rosidl_typesupport_fastrtps_c.cpython-38-x86_64-linux-gnu.so
[9.285s] -- Set runtime path of "/home/athens/ros2_athens_ws/install/stm_interfaces/lib/python3.8/site-packages/stm_interfaces/stm_interfaces_s__rosidl_typesupport_fastrtps_c.cpython-38-x86_64-linux-gnu.so" to ""
[9.286s] -- Installing: /home/athens/ros2_athens_ws/install/stm_interfaces/lib/python3.8/site-packages/stm_interfaces/stm_interfaces_s__rosidl_typesupport_introspection_c.cpython-38-x86_64-linux-gnu.so
[9.286s] -- Set runtime path of "/home/athens/ros2_athens_ws/install/stm_interfaces/lib/python3.8/site-packages/stm_interfaces/stm_interfaces_s__rosidl_typesupport_introspection_c.cpython-38-x86_64-linux-gnu.so" to ""
[9.287s] -- Installing: /home/athens/ros2_athens_ws/install/stm_interfaces/lib/python3.8/site-packages/stm_interfaces/stm_interfaces_s__rosidl_typesupport_c.cpython-38-x86_64-linux-gnu.so
[9.287s] -- Set runtime path of "/home/athens/ros2_athens_ws/install/stm_interfaces/lib/python3.8/site-packages/stm_interfaces/stm_interfaces_s__rosidl_typesupport_c.cpython-38-x86_64-linux-gnu.so" to ""
[9.288s] -- Installing: /home/athens/ros2_athens_ws/install/stm_interfaces/lib/libstm_interfaces__python.so
[9.288s] -- Set runtime path of "/home/athens/ros2_athens_ws/install/stm_interfaces/lib/libstm_interfaces__python.so" to ""
[9.288s] -- Up-to-date: /home/athens/ros2_athens_ws/install/stm_interfaces/share/stm_interfaces/msg/STMControl.idl
[9.289s] -- Up-to-date: /home/athens/ros2_athens_ws/install/stm_interfaces/share/stm_interfaces/msg/STMState.idl
[9.289s] -- Installing: /home/athens/ros2_athens_ws/install/stm_interfaces/share/stm_interfaces/srv/STMSetControlType.idl
[9.289s] -- Up-to-date: /home/athens/ros2_athens_ws/install/stm_interfaces/share/stm_interfaces/msg/STMControl.msg
[9.289s] -- Up-to-date: /home/athens/ros2_athens_ws/install/stm_interfaces/share/stm_interfaces/msg/STMState.msg
[9.289s] -- Installing: /home/athens/ros2_athens_ws/install/stm_interfaces/share/stm_interfaces/srv/STMSetControlType.srv
[9.290s] -- Installing: /home/athens/ros2_athens_ws/install/stm_interfaces/share/stm_interfaces/srv/STMSetControlType_Request.msg
[9.290s] -- Installing: /home/athens/ros2_athens_ws/install/stm_interfaces/share/stm_interfaces/srv/STMSetControlType_Response.msg
[9.290s] -- Up-to-date: /home/athens/ros2_athens_ws/install/stm_interfaces/share/ament_index/resource_index/package_run_dependencies/stm_interfaces
[9.290s] -- Installing: /home/athens/ros2_athens_ws/install/stm_interfaces/share/ament_index/resource_index/parent_prefix_path/stm_interfaces
[9.290s] -- Up-to-date: /home/athens/ros2_athens_ws/install/stm_interfaces/share/stm_interfaces/environment/ament_prefix_path.sh
[9.291s] -- Installing: /home/athens/ros2_athens_ws/install/stm_interfaces/share/stm_interfaces/environment/ament_prefix_path.dsv
[9.291s] -- Up-to-date: /home/athens/ros2_athens_ws/install/stm_interfaces/share/stm_interfaces/environment/path.sh
[9.291s] -- Installing: /home/athens/ros2_athens_ws/install/stm_interfaces/share/stm_interfaces/environment/path.dsv
[9.291s] -- Up-to-date: /home/athens/ros2_athens_ws/install/stm_interfaces/share/stm_interfaces/local_setup.bash
[9.291s] -- Up-to-date: /home/athens/ros2_athens_ws/install/stm_interfaces/share/stm_interfaces/local_setup.sh
[9.291s] -- Up-to-date: /home/athens/ros2_athens_ws/install/stm_interfaces/share/stm_interfaces/local_setup.zsh
[9.291s] -- Installing: /home/athens/ros2_athens_ws/install/stm_interfaces/share/stm_interfaces/local_setup.dsv
[9.291s] -- Installing: /home/athens/ros2_athens_ws/install/stm_interfaces/share/stm_interfaces/package.dsv
[9.291s] -- Up-to-date: /home/athens/ros2_athens_ws/install/stm_interfaces/share/ament_index/resource_index/packages/stm_interfaces
[9.291s] -- Up-to-date: /home/athens/ros2_athens_ws/install/stm_interfaces/share/stm_interfaces/cmake/stm_interfaces__rosidl_generator_cExport.cmake
[9.291s] -- Installing: /home/athens/ros2_athens_ws/install/stm_interfaces/share/stm_interfaces/cmake/stm_interfaces__rosidl_generator_cExport-noconfig.cmake
[9.292s] -- Up-to-date: /home/athens/ros2_athens_ws/install/stm_interfaces/share/stm_interfaces/cmake/stm_interfaces__rosidl_typesupport_introspection_cExport.cmake
[9.292s] -- Installing: /home/athens/ros2_athens_ws/install/stm_interfaces/share/stm_interfaces/cmake/stm_interfaces__rosidl_typesupport_introspection_cExport-noconfig.cmake
[9.293s] -- Up-to-date: /home/athens/ros2_athens_ws/install/stm_interfaces/share/stm_interfaces/cmake/stm_interfaces__rosidl_typesupport_cExport.cmake
[9.293s] -- Installing: /home/athens/ros2_athens_ws/install/stm_interfaces/share/stm_interfaces/cmake/stm_interfaces__rosidl_typesupport_cExport-noconfig.cmake
[9.294s] -- Up-to-date: /home/athens/ros2_athens_ws/install/stm_interfaces/share/stm_interfaces/cmake/stm_interfaces__rosidl_generator_cppExport.cmake
[9.294s] -- Up-to-date: /home/athens/ros2_athens_ws/install/stm_interfaces/share/stm_interfaces/cmake/stm_interfaces__rosidl_typesupport_introspection_cppExport.cmake
[9.294s] -- Installing: /home/athens/ros2_athens_ws/install/stm_interfaces/share/stm_interfaces/cmake/stm_interfaces__rosidl_typesupport_introspection_cppExport-noconfig.cmake
[9.294s] -- Up-to-date: /home/athens/ros2_athens_ws/install/stm_interfaces/share/stm_interfaces/cmake/stm_interfaces__rosidl_typesupport_cppExport.cmake
[9.294s] -- Installing: /home/athens/ros2_athens_ws/install/stm_interfaces/share/stm_interfaces/cmake/stm_interfaces__rosidl_typesupport_cppExport-noconfig.cmake
[9.295s] -- Installing: /home/athens/ros2_athens_ws/install/stm_interfaces/share/stm_interfaces/cmake/rosidl_cmake-extras.cmake
[9.295s] -- Up-to-date: /home/athens/ros2_athens_ws/install/stm_interfaces/share/stm_interfaces/cmake/ament_cmake_export_dependencies-extras.cmake
[9.295s] -- Up-to-date: /home/athens/ros2_athens_ws/install/stm_interfaces/share/stm_interfaces/cmake/ament_cmake_export_libraries-extras.cmake
[9.295s] -- Up-to-date: /home/athens/ros2_athens_ws/install/stm_interfaces/share/stm_interfaces/cmake/ament_cmake_export_targets-extras.cmake
[9.295s] -- Up-to-date: /home/athens/ros2_athens_ws/install/stm_interfaces/share/stm_interfaces/cmake/ament_cmake_export_include_directories-extras.cmake
[9.296s] -- Up-to-date: /home/athens/ros2_athens_ws/install/stm_interfaces/share/stm_interfaces/cmake/rosidl_cmake_export_typesupport_libraries-extras.cmake
[9.296s] -- Up-to-date: /home/athens/ros2_athens_ws/install/stm_interfaces/share/stm_interfaces/cmake/rosidl_cmake_export_typesupport_targets-extras.cmake
[9.296s] -- Up-to-date: /home/athens/ros2_athens_ws/install/stm_interfaces/share/stm_interfaces/cmake/stm_interfacesConfig.cmake
[9.296s] -- Up-to-date: /home/athens/ros2_athens_ws/install/stm_interfaces/share/stm_interfaces/cmake/stm_interfacesConfig-version.cmake
[9.296s] -- Up-to-date: /home/athens/ros2_athens_ws/install/stm_interfaces/share/stm_interfaces/package.xml
[9.308s] Invoked command in '/home/athens/ros2_athens_ws/build/stm_interfaces' returned '0': CMAKE_PREFIX_PATH=${CMAKE_PREFIX_PATH}:/home/athens/ros2_athens_ws/install/stm_station:/home/athens/ros2_athens_ws/install/first_package:/opt/ros/foxy /usr/bin/cmake --install /home/athens/ros2_athens_ws/build/stm_interfaces
