[0.706s] Invoking command in '/home/athens/ros2_athens_ws/src/stm_station': PYTHONPATH=/home/athens/ros2_athens_ws/build/stm_station/prefix_override:/usr/lib/python3/dist-packages/colcon_core/task/python/colcon_distutils_commands:/home/athens/ros2_athens_ws/install/stm_station/lib/python3.8/site-packages:/home/athens/ros2_athens_ws/install/stm_interfaces/lib/python3.8/site-packages:/home/athens/ros2_athens_ws/install/stm_station/lib/python3.8/site-packages:/home/athens/ros2_athens_ws/install/first_package/lib/python3.8/site-packages:/home/athens/ros2_athens_ws/install/first_interfaces/lib/python3.8/site-packages:/opt/ros/foxy/lib/python3.8/site-packages /usr/bin/python3 -W ignore:setup.py install is deprecated setup.py egg_info --egg-base ../../build/stm_station build --build-base /home/athens/ros2_athens_ws/build/stm_station/build install --record /home/athens/ros2_athens_ws/build/stm_station/install.log --install-scripts $base/lib/stm_station --single-version-externally-managed install_data
[0.918s] running egg_info
[0.923s] writing ../../build/stm_station/stm_station.egg-info/PKG-INFO
[0.925s] writing dependency_links to ../../build/stm_station/stm_station.egg-info/dependency_links.txt
[0.925s] writing entry points to ../../build/stm_station/stm_station.egg-info/entry_points.txt
[0.925s] writing requirements to ../../build/stm_station/stm_station.egg-info/requires.txt
[0.925s] writing top-level names to ../../build/stm_station/stm_station.egg-info/top_level.txt
[0.968s] reading manifest file '../../build/stm_station/stm_station.egg-info/SOURCES.txt'
[0.970s] writing manifest file '../../build/stm_station/stm_station.egg-info/SOURCES.txt'
[0.970s] running build
[0.970s] running build_py
[0.970s] copying stm_station/stm_control_node_master_slave.py -> /home/athens/ros2_athens_ws/build/stm_station/build/lib/stm_station
[0.970s] running install
[0.971s] running install_lib
[0.973s] copying /home/athens/ros2_athens_ws/build/stm_station/build/lib/stm_station/stm_control_node_master_slave.py -> /home/athens/ros2_athens_ws/install/stm_station/lib/python3.8/site-packages/stm_station
[0.974s] byte-compiling /home/athens/ros2_athens_ws/install/stm_station/lib/python3.8/site-packages/stm_station/stm_control_node_master_slave.py to stm_control_node_master_slave.cpython-38.pyc
[0.976s] running install_data
[0.976s] running install_egg_info
[0.978s] removing '/home/athens/ros2_athens_ws/install/stm_station/lib/python3.8/site-packages/stm_station-0.0.0-py3.8.egg-info' (and everything under it)
[0.978s] Copying ../../build/stm_station/stm_station.egg-info to /home/athens/ros2_athens_ws/install/stm_station/lib/python3.8/site-packages/stm_station-0.0.0-py3.8.egg-info
[0.979s] running install_scripts
[1.009s] Installing 4_stm_serial_node_pub script to /home/athens/ros2_athens_ws/install/stm_station/lib/stm_station
[1.009s] Installing stm_serial_node_pub_sub script to /home/athens/ros2_athens_ws/install/stm_station/lib/stm_station
[1.010s] writing list of installed files to '/home/athens/ros2_athens_ws/build/stm_station/install.log'
[1.039s] Invoked command in '/home/athens/ros2_athens_ws/src/stm_station' returned '0': PYTHONPATH=/home/athens/ros2_athens_ws/build/stm_station/prefix_override:/usr/lib/python3/dist-packages/colcon_core/task/python/colcon_distutils_commands:/home/athens/ros2_athens_ws/install/stm_station/lib/python3.8/site-packages:/home/athens/ros2_athens_ws/install/stm_interfaces/lib/python3.8/site-packages:/home/athens/ros2_athens_ws/install/stm_station/lib/python3.8/site-packages:/home/athens/ros2_athens_ws/install/first_package/lib/python3.8/site-packages:/home/athens/ros2_athens_ws/install/first_interfaces/lib/python3.8/site-packages:/opt/ros/foxy/lib/python3.8/site-packages /usr/bin/python3 -W ignore:setup.py install is deprecated setup.py egg_info --egg-base ../../build/stm_station build --build-base /home/athens/ros2_athens_ws/build/stm_station/build install --record /home/athens/ros2_athens_ws/build/stm_station/install.log --install-scripts $base/lib/stm_station --single-version-externally-managed install_data
