[1.791s] Invoking command in '/home/athens/ros2_athens_ws/src/first_package': PYTHONPATH=/home/athens/ros2_athens_ws/build/first_package/prefix_override:/usr/lib/python3/dist-packages/colcon_core/task/python/colcon_distutils_commands:/home/athens/ros2_athens_ws/install/first_package/lib/python3.8/site-packages:${PYTHONPATH} /usr/bin/python3 -W ignore:setup.py install is deprecated setup.py egg_info --egg-base ../../build/first_package build --build-base /home/athens/ros2_athens_ws/build/first_package/build install --record /home/athens/ros2_athens_ws/build/first_package/install.log --install-scripts $base/lib/first_package --single-version-externally-managed install_data
[2.191s] running egg_info
[2.193s] writing ../../build/first_package/first_package.egg-info/PKG-INFO
[2.196s] writing dependency_links to ../../build/first_package/first_package.egg-info/dependency_links.txt
[2.198s] writing entry points to ../../build/first_package/first_package.egg-info/entry_points.txt
[2.200s] writing requirements to ../../build/first_package/first_package.egg-info/requires.txt
[2.202s] writing top-level names to ../../build/first_package/first_package.egg-info/top_level.txt
[2.295s] reading manifest file '../../build/first_package/first_package.egg-info/SOURCES.txt'
[2.296s] writing manifest file '../../build/first_package/first_package.egg-info/SOURCES.txt'
[2.300s] running build
[2.300s] running build_py
[2.301s] running install
[2.303s] running install_lib
[2.305s] running install_data
[2.306s] running install_egg_info
[2.308s] removing '/home/athens/ros2_athens_ws/install/first_package/lib/python3.8/site-packages/first_package-0.0.0-py3.8.egg-info' (and everything under it)
[2.323s] Copying ../../build/first_package/first_package.egg-info to /home/athens/ros2_athens_ws/install/first_package/lib/python3.8/site-packages/first_package-0.0.0-py3.8.egg-info
[2.329s] running install_scripts
[2.378s] Installing simple_publisher_node script to /home/athens/ros2_athens_ws/install/first_package/lib/first_package
[2.380s] Installing simple_pubsub_node script to /home/athens/ros2_athens_ws/install/first_package/lib/first_package
[2.382s] Installing simple_subscriber_node script to /home/athens/ros2_athens_ws/install/first_package/lib/first_package
[2.384s] Installing test_simple_pubsub_node script to /home/athens/ros2_athens_ws/install/first_package/lib/first_package
[2.386s] writing list of installed files to '/home/athens/ros2_athens_ws/build/first_package/install.log'
[2.429s] Invoked command in '/home/athens/ros2_athens_ws/src/first_package' returned '0': PYTHONPATH=/home/athens/ros2_athens_ws/build/first_package/prefix_override:/usr/lib/python3/dist-packages/colcon_core/task/python/colcon_distutils_commands:/home/athens/ros2_athens_ws/install/first_package/lib/python3.8/site-packages:${PYTHONPATH} /usr/bin/python3 -W ignore:setup.py install is deprecated setup.py egg_info --egg-base ../../build/first_package build --build-base /home/athens/ros2_athens_ws/build/first_package/build install --record /home/athens/ros2_athens_ws/build/first_package/install.log --install-scripts $base/lib/first_package --single-version-externally-managed install_data
