[0.982s] Invoking command in '/home/athens/ros2_athens_ws/src/stm_station': PYTHONPATH=/home/athens/ros2_athens_ws/build/stm_station/prefix_override:/usr/lib/python3/dist-packages/colcon_core/task/python/colcon_distutils_commands:/home/athens/ros2_athens_ws/install/stm_station/lib/python3.8/site-packages:/home/athens/ros2_athens_ws/install/stm_interfaces/lib/python3.8/site-packages:/home/athens/ros2_athens_ws/install/stm_station/lib/python3.8/site-packages:/home/athens/ros2_athens_ws/install/first_package/lib/python3.8/site-packages:/home/athens/ros2_athens_ws/install/first_interfaces/lib/python3.8/site-packages:/opt/ros/foxy/lib/python3.8/site-packages /usr/bin/python3 -W ignore:setup.py install is deprecated setup.py egg_info --egg-base ../../build/stm_station build --build-base /home/athens/ros2_athens_ws/build/stm_station/build install --record /home/athens/ros2_athens_ws/build/stm_station/install.log --install-scripts $base/lib/stm_station --single-version-externally-managed install_data
[1.185s] running egg_info
[1.187s] writing ../../build/stm_station/stm_station.egg-info/PKG-INFO
[1.188s] writing dependency_links to ../../build/stm_station/stm_station.egg-info/dependency_links.txt
[1.189s] writing entry points to ../../build/stm_station/stm_station.egg-info/entry_points.txt
[1.190s] writing requirements to ../../build/stm_station/stm_station.egg-info/requires.txt
[1.191s] writing top-level names to ../../build/stm_station/stm_station.egg-info/top_level.txt
[1.226s] reading manifest file '../../build/stm_station/stm_station.egg-info/SOURCES.txt'
[1.227s] writing manifest file '../../build/stm_station/stm_station.egg-info/SOURCES.txt'
[1.227s] running build
[1.227s] running build_py
[1.228s] copying stm_station/stm_control_node_master_slave.py -> /home/athens/ros2_athens_ws/build/stm_station/build/lib/stm_station
[1.228s] running install
[1.229s] running install_lib
[1.231s] copying /home/athens/ros2_athens_ws/build/stm_station/build/lib/stm_station/stm_control_node_master_slave.py -> /home/athens/ros2_athens_ws/install/stm_station/lib/python3.8/site-packages/stm_station
[1.231s] byte-compiling /home/athens/ros2_athens_ws/install/stm_station/lib/python3.8/site-packages/stm_station/stm_control_node_master_slave.py to stm_control_node_master_slave.cpython-38.pyc
[1.233s]   File "/home/athens/ros2_athens_ws/install/stm_station/lib/python3.8/site-packages/stm_station/stm_control_node_master_slave.py", line 102
[1.233s]     self.control_type = request...
[1.234s]                                ^
[1.234s] SyntaxError: invalid syntax
[1.234s] 
[1.234s] running install_data
[1.234s] running install_egg_info
[1.235s] removing '/home/athens/ros2_athens_ws/install/stm_station/lib/python3.8/site-packages/stm_station-0.0.0-py3.8.egg-info' (and everything under it)
[1.235s] Copying ../../build/stm_station/stm_station.egg-info to /home/athens/ros2_athens_ws/install/stm_station/lib/python3.8/site-packages/stm_station-0.0.0-py3.8.egg-info
[1.236s] running install_scripts
[1.261s] Installing 4_stm_serial_node_pub script to /home/athens/ros2_athens_ws/install/stm_station/lib/stm_station
[1.263s] Installing stm_serial_node_pub_sub script to /home/athens/ros2_athens_ws/install/stm_station/lib/stm_station
[1.264s] writing list of installed files to '/home/athens/ros2_athens_ws/build/stm_station/install.log'
[1.303s] Invoked command in '/home/athens/ros2_athens_ws/src/stm_station' returned '0': PYTHONPATH=/home/athens/ros2_athens_ws/build/stm_station/prefix_override:/usr/lib/python3/dist-packages/colcon_core/task/python/colcon_distutils_commands:/home/athens/ros2_athens_ws/install/stm_station/lib/python3.8/site-packages:/home/athens/ros2_athens_ws/install/stm_interfaces/lib/python3.8/site-packages:/home/athens/ros2_athens_ws/install/stm_station/lib/python3.8/site-packages:/home/athens/ros2_athens_ws/install/first_package/lib/python3.8/site-packages:/home/athens/ros2_athens_ws/install/first_interfaces/lib/python3.8/site-packages:/opt/ros/foxy/lib/python3.8/site-packages /usr/bin/python3 -W ignore:setup.py install is deprecated setup.py egg_info --egg-base ../../build/stm_station build --build-base /home/athens/ros2_athens_ws/build/stm_station/build install --record /home/athens/ros2_athens_ws/build/stm_station/install.log --install-scripts $base/lib/stm_station --single-version-externally-managed install_data
