[0.208s] DEBUG:colcon:Command line arguments: ['/usr/bin/colcon', 'build']
[0.208s] DEBUG:colcon:Parsed command line arguments: Namespace(allow_overriding=[], ament_cmake_args=None, base_paths=['.'], build_base='build', catkin_cmake_args=None, catkin_skip_building_tests=False, cmake_args=None, cmake_clean_cache=False, cmake_clean_first=False, cmake_force_configure=False, cmake_target=None, cmake_target_skip_unavailable=False, continue_on_error=False, event_handlers=None, executor='parallel', ignore_user_meta=False, install_base='install', log_base=None, log_level=None, main=<bound method BuildVerb.main of <colcon_core.verb.build.BuildVerb object at 0x7f38fa82b880>>, merge_install=False, metas=['./colcon.meta'], mixin=None, mixin_files=None, mixin_verb=('build',), packages_above=None, packages_above_and_dependencies=None, packages_above_depth=None, packages_end=None, packages_ignore=None, packages_ignore_regex=None, packages_select=None, packages_select_build_failed=False, packages_select_by_dep=None, packages_select_regex=None, packages_select_test_failures=False, packages_skip=None, packages_skip_build_finished=False, packages_skip_by_dep=None, packages_skip_regex=None, packages_skip_test_passed=False, packages_skip_up_to=None, packages_start=None, packages_up_to=None, packages_up_to_regex=None, parallel_workers=4, paths=None, symlink_install=False, test_result_base=None, verb_extension=<colcon_core.verb.build.BuildVerb object at 0x7f38fa82b880>, verb_name='build', verb_parser=<colcon_mixin.mixin.mixin_argument.MixinArgumentDecorator object at 0x7f38fa7a6c40>)
[0.357s] Level 1:colcon.colcon_core.package_discovery:discover_packages(colcon_meta) check parameters
[0.358s] Level 1:colcon.colcon_core.package_discovery:discover_packages(recursive) check parameters
[0.359s] Level 1:colcon.colcon_core.package_discovery:discover_packages(ignore) check parameters
[0.359s] Level 1:colcon.colcon_core.package_discovery:discover_packages(path) check parameters
[0.359s] Level 1:colcon.colcon_core.package_discovery:discover_packages(colcon_meta) discover
[0.359s] Level 1:colcon.colcon_core.package_discovery:discover_packages(recursive) discover
[0.359s] INFO:colcon.colcon_core.package_discovery:Crawling recursively for packages in '/home/athens/ros2_athens_ws'
[0.359s] Level 1:colcon.colcon_core.package_identification:_identify(.) by extensions ['ignore', 'ignore_ament_install']
[0.359s] Level 1:colcon.colcon_core.package_identification:_identify(.) by extension 'ignore'
[0.360s] Level 1:colcon.colcon_core.package_identification:_identify(.) by extension 'ignore_ament_install'
[0.360s] Level 1:colcon.colcon_core.package_identification:_identify(.) by extensions ['colcon_pkg']
[0.360s] Level 1:colcon.colcon_core.package_identification:_identify(.) by extension 'colcon_pkg'
[0.360s] Level 1:colcon.colcon_core.package_identification:_identify(.) by extensions ['colcon_meta']
[0.360s] Level 1:colcon.colcon_core.package_identification:_identify(.) by extension 'colcon_meta'
[0.360s] Level 1:colcon.colcon_core.package_identification:_identify(.) by extensions ['ros']
[0.360s] Level 1:colcon.colcon_core.package_identification:_identify(.) by extension 'ros'
[0.375s] Level 1:colcon.colcon_core.package_identification:_identify(.) by extensions ['cmake', 'python']
[0.375s] Level 1:colcon.colcon_core.package_identification:_identify(.) by extension 'cmake'
[0.375s] Level 1:colcon.colcon_core.package_identification:_identify(.) by extension 'python'
[0.375s] Level 1:colcon.colcon_core.package_identification:_identify(.) by extensions ['python_setup_py']
[0.375s] Level 1:colcon.colcon_core.package_identification:_identify(.) by extension 'python_setup_py'
[0.376s] Level 1:colcon.colcon_core.package_identification:_identify(build) by extensions ['ignore', 'ignore_ament_install']
[0.376s] Level 1:colcon.colcon_core.package_identification:_identify(build) by extension 'ignore'
[0.376s] Level 1:colcon.colcon_core.package_identification:_identify(build) ignored
[0.376s] Level 1:colcon.colcon_core.package_identification:_identify(install) by extensions ['ignore', 'ignore_ament_install']
[0.376s] Level 1:colcon.colcon_core.package_identification:_identify(install) by extension 'ignore'
[0.376s] Level 1:colcon.colcon_core.package_identification:_identify(install) ignored
[0.377s] Level 1:colcon.colcon_core.package_identification:_identify(lob) by extensions ['ignore', 'ignore_ament_install']
[0.377s] Level 1:colcon.colcon_core.package_identification:_identify(lob) by extension 'ignore'
[0.377s] Level 1:colcon.colcon_core.package_identification:_identify(lob) ignored
[0.377s] Level 1:colcon.colcon_core.package_identification:_identify(log) by extensions ['ignore', 'ignore_ament_install']
[0.377s] Level 1:colcon.colcon_core.package_identification:_identify(log) by extension 'ignore'
[0.378s] Level 1:colcon.colcon_core.package_identification:_identify(log) ignored
[0.378s] Level 1:colcon.colcon_core.package_identification:_identify(src) by extensions ['ignore', 'ignore_ament_install']
[0.379s] Level 1:colcon.colcon_core.package_identification:_identify(src) by extension 'ignore'
[0.379s] Level 1:colcon.colcon_core.package_identification:_identify(src) by extension 'ignore_ament_install'
[0.379s] Level 1:colcon.colcon_core.package_identification:_identify(src) by extensions ['colcon_pkg']
[0.379s] Level 1:colcon.colcon_core.package_identification:_identify(src) by extension 'colcon_pkg'
[0.380s] Level 1:colcon.colcon_core.package_identification:_identify(src) by extensions ['colcon_meta']
[0.380s] Level 1:colcon.colcon_core.package_identification:_identify(src) by extension 'colcon_meta'
[0.380s] Level 1:colcon.colcon_core.package_identification:_identify(src) by extensions ['ros']
[0.380s] Level 1:colcon.colcon_core.package_identification:_identify(src) by extension 'ros'
[0.380s] Level 1:colcon.colcon_core.package_identification:_identify(src) by extensions ['cmake', 'python']
[0.380s] Level 1:colcon.colcon_core.package_identification:_identify(src) by extension 'cmake'
[0.380s] Level 1:colcon.colcon_core.package_identification:_identify(src) by extension 'python'
[0.380s] Level 1:colcon.colcon_core.package_identification:_identify(src) by extensions ['python_setup_py']
[0.380s] Level 1:colcon.colcon_core.package_identification:_identify(src) by extension 'python_setup_py'
[0.380s] Level 1:colcon.colcon_core.package_identification:_identify(src/build) by extensions ['ignore', 'ignore_ament_install']
[0.381s] Level 1:colcon.colcon_core.package_identification:_identify(src/build) by extension 'ignore'
[0.381s] Level 1:colcon.colcon_core.package_identification:_identify(src/build) by extension 'ignore_ament_install'
[0.381s] Level 1:colcon.colcon_core.package_identification:_identify(src/build) by extensions ['colcon_pkg']
[0.381s] Level 1:colcon.colcon_core.package_identification:_identify(src/build) by extension 'colcon_pkg'
[0.381s] Level 1:colcon.colcon_core.package_identification:_identify(src/build) by extensions ['colcon_meta']
[0.381s] Level 1:colcon.colcon_core.package_identification:_identify(src/build) by extension 'colcon_meta'
[0.381s] Level 1:colcon.colcon_core.package_identification:_identify(src/build) by extensions ['ros']
[0.381s] Level 1:colcon.colcon_core.package_identification:_identify(src/build) by extension 'ros'
[0.381s] Level 1:colcon.colcon_core.package_identification:_identify(src/build) by extensions ['cmake', 'python']
[0.381s] Level 1:colcon.colcon_core.package_identification:_identify(src/build) by extension 'cmake'
[0.381s] Level 1:colcon.colcon_core.package_identification:_identify(src/build) by extension 'python'
[0.381s] Level 1:colcon.colcon_core.package_identification:_identify(src/build) by extensions ['python_setup_py']
[0.381s] Level 1:colcon.colcon_core.package_identification:_identify(src/build) by extension 'python_setup_py'
[0.382s] Level 1:colcon.colcon_core.package_identification:_identify(src/build/first_interfaces) by extensions ['ignore', 'ignore_ament_install']
[0.382s] Level 1:colcon.colcon_core.package_identification:_identify(src/build/first_interfaces) by extension 'ignore'
[0.382s] Level 1:colcon.colcon_core.package_identification:_identify(src/build/first_interfaces) by extension 'ignore_ament_install'
[0.382s] Level 1:colcon.colcon_core.package_identification:_identify(src/build/first_interfaces) by extensions ['colcon_pkg']
[0.382s] Level 1:colcon.colcon_core.package_identification:_identify(src/build/first_interfaces) by extension 'colcon_pkg'
[0.382s] Level 1:colcon.colcon_core.package_identification:_identify(src/build/first_interfaces) by extensions ['colcon_meta']
[0.382s] Level 1:colcon.colcon_core.package_identification:_identify(src/build/first_interfaces) by extension 'colcon_meta'
[0.382s] Level 1:colcon.colcon_core.package_identification:_identify(src/build/first_interfaces) by extensions ['ros']
[0.382s] Level 1:colcon.colcon_core.package_identification:_identify(src/build/first_interfaces) by extension 'ros'
[0.382s] Level 1:colcon.colcon_core.package_identification:_identify(src/build/first_interfaces) by extensions ['cmake', 'python']
[0.382s] Level 1:colcon.colcon_core.package_identification:_identify(src/build/first_interfaces) by extension 'cmake'
[0.383s] Level 1:colcon.colcon_core.package_identification:_identify(src/build/first_interfaces) by extension 'python'
[0.383s] Level 1:colcon.colcon_core.package_identification:_identify(src/build/first_interfaces) by extensions ['python_setup_py']
[0.383s] Level 1:colcon.colcon_core.package_identification:_identify(src/build/first_interfaces) by extension 'python_setup_py'
[0.383s] Level 1:colcon.colcon_core.package_identification:_identify(src/build/first_interfaces/CMakeFiles) by extensions ['ignore', 'ignore_ament_install']
[0.383s] Level 1:colcon.colcon_core.package_identification:_identify(src/build/first_interfaces/CMakeFiles) by extension 'ignore'
[0.383s] Level 1:colcon.colcon_core.package_identification:_identify(src/build/first_interfaces/CMakeFiles) by extension 'ignore_ament_install'
[0.383s] Level 1:colcon.colcon_core.package_identification:_identify(src/build/first_interfaces/CMakeFiles) by extensions ['colcon_pkg']
[0.383s] Level 1:colcon.colcon_core.package_identification:_identify(src/build/first_interfaces/CMakeFiles) by extension 'colcon_pkg'
[0.383s] Level 1:colcon.colcon_core.package_identification:_identify(src/build/first_interfaces/CMakeFiles) by extensions ['colcon_meta']
[0.383s] Level 1:colcon.colcon_core.package_identification:_identify(src/build/first_interfaces/CMakeFiles) by extension 'colcon_meta'
[0.383s] Level 1:colcon.colcon_core.package_identification:_identify(src/build/first_interfaces/CMakeFiles) by extensions ['ros']
[0.383s] Level 1:colcon.colcon_core.package_identification:_identify(src/build/first_interfaces/CMakeFiles) by extension 'ros'
[0.383s] Level 1:colcon.colcon_core.package_identification:_identify(src/build/first_interfaces/CMakeFiles) by extensions ['cmake', 'python']
[0.383s] Level 1:colcon.colcon_core.package_identification:_identify(src/build/first_interfaces/CMakeFiles) by extension 'cmake'
[0.383s] Level 1:colcon.colcon_core.package_identification:_identify(src/build/first_interfaces/CMakeFiles) by extension 'python'
[0.383s] Level 1:colcon.colcon_core.package_identification:_identify(src/build/first_interfaces/CMakeFiles) by extensions ['python_setup_py']
[0.383s] Level 1:colcon.colcon_core.package_identification:_identify(src/build/first_interfaces/CMakeFiles) by extension 'python_setup_py'
[0.383s] Level 1:colcon.colcon_core.package_identification:_identify(src/build/first_interfaces/CMakeFiles/3.16.3) by extensions ['ignore', 'ignore_ament_install']
[0.384s] Level 1:colcon.colcon_core.package_identification:_identify(src/build/first_interfaces/CMakeFiles/3.16.3) by extension 'ignore'
[0.384s] Level 1:colcon.colcon_core.package_identification:_identify(src/build/first_interfaces/CMakeFiles/3.16.3) by extension 'ignore_ament_install'
[0.384s] Level 1:colcon.colcon_core.package_identification:_identify(src/build/first_interfaces/CMakeFiles/3.16.3) by extensions ['colcon_pkg']
[0.384s] Level 1:colcon.colcon_core.package_identification:_identify(src/build/first_interfaces/CMakeFiles/3.16.3) by extension 'colcon_pkg'
[0.384s] Level 1:colcon.colcon_core.package_identification:_identify(src/build/first_interfaces/CMakeFiles/3.16.3) by extensions ['colcon_meta']
[0.384s] Level 1:colcon.colcon_core.package_identification:_identify(src/build/first_interfaces/CMakeFiles/3.16.3) by extension 'colcon_meta'
[0.384s] Level 1:colcon.colcon_core.package_identification:_identify(src/build/first_interfaces/CMakeFiles/3.16.3) by extensions ['ros']
[0.384s] Level 1:colcon.colcon_core.package_identification:_identify(src/build/first_interfaces/CMakeFiles/3.16.3) by extension 'ros'
[0.384s] Level 1:colcon.colcon_core.package_identification:_identify(src/build/first_interfaces/CMakeFiles/3.16.3) by extensions ['cmake', 'python']
[0.384s] Level 1:colcon.colcon_core.package_identification:_identify(src/build/first_interfaces/CMakeFiles/3.16.3) by extension 'cmake'
[0.384s] Level 1:colcon.colcon_core.package_identification:_identify(src/build/first_interfaces/CMakeFiles/3.16.3) by extension 'python'
[0.384s] Level 1:colcon.colcon_core.package_identification:_identify(src/build/first_interfaces/CMakeFiles/3.16.3) by extensions ['python_setup_py']
[0.384s] Level 1:colcon.colcon_core.package_identification:_identify(src/build/first_interfaces/CMakeFiles/3.16.3) by extension 'python_setup_py'
[0.384s] Level 1:colcon.colcon_core.package_identification:_identify(src/build/first_interfaces/CMakeFiles/3.16.3/CompilerIdC) by extensions ['ignore', 'ignore_ament_install']
[0.384s] Level 1:colcon.colcon_core.package_identification:_identify(src/build/first_interfaces/CMakeFiles/3.16.3/CompilerIdC) by extension 'ignore'
[0.384s] Level 1:colcon.colcon_core.package_identification:_identify(src/build/first_interfaces/CMakeFiles/3.16.3/CompilerIdC) by extension 'ignore_ament_install'
[0.384s] Level 1:colcon.colcon_core.package_identification:_identify(src/build/first_interfaces/CMakeFiles/3.16.3/CompilerIdC) by extensions ['colcon_pkg']
[0.384s] Level 1:colcon.colcon_core.package_identification:_identify(src/build/first_interfaces/CMakeFiles/3.16.3/CompilerIdC) by extension 'colcon_pkg'
[0.384s] Level 1:colcon.colcon_core.package_identification:_identify(src/build/first_interfaces/CMakeFiles/3.16.3/CompilerIdC) by extensions ['colcon_meta']
[0.385s] Level 1:colcon.colcon_core.package_identification:_identify(src/build/first_interfaces/CMakeFiles/3.16.3/CompilerIdC) by extension 'colcon_meta'
[0.385s] Level 1:colcon.colcon_core.package_identification:_identify(src/build/first_interfaces/CMakeFiles/3.16.3/CompilerIdC) by extensions ['ros']
[0.385s] Level 1:colcon.colcon_core.package_identification:_identify(src/build/first_interfaces/CMakeFiles/3.16.3/CompilerIdC) by extension 'ros'
[0.385s] Level 1:colcon.colcon_core.package_identification:_identify(src/build/first_interfaces/CMakeFiles/3.16.3/CompilerIdC) by extensions ['cmake', 'python']
[0.385s] Level 1:colcon.colcon_core.package_identification:_identify(src/build/first_interfaces/CMakeFiles/3.16.3/CompilerIdC) by extension 'cmake'
[0.385s] Level 1:colcon.colcon_core.package_identification:_identify(src/build/first_interfaces/CMakeFiles/3.16.3/CompilerIdC) by extension 'python'
[0.385s] Level 1:colcon.colcon_core.package_identification:_identify(src/build/first_interfaces/CMakeFiles/3.16.3/CompilerIdC) by extensions ['python_setup_py']
[0.385s] Level 1:colcon.colcon_core.package_identification:_identify(src/build/first_interfaces/CMakeFiles/3.16.3/CompilerIdC) by extension 'python_setup_py'
[0.385s] Level 1:colcon.colcon_core.package_identification:_identify(src/build/first_interfaces/CMakeFiles/3.16.3/CompilerIdC/tmp) by extensions ['ignore', 'ignore_ament_install']
[0.385s] Level 1:colcon.colcon_core.package_identification:_identify(src/build/first_interfaces/CMakeFiles/3.16.3/CompilerIdC/tmp) by extension 'ignore'
[0.385s] Level 1:colcon.colcon_core.package_identification:_identify(src/build/first_interfaces/CMakeFiles/3.16.3/CompilerIdC/tmp) by extension 'ignore_ament_install'
[0.385s] Level 1:colcon.colcon_core.package_identification:_identify(src/build/first_interfaces/CMakeFiles/3.16.3/CompilerIdC/tmp) by extensions ['colcon_pkg']
[0.385s] Level 1:colcon.colcon_core.package_identification:_identify(src/build/first_interfaces/CMakeFiles/3.16.3/CompilerIdC/tmp) by extension 'colcon_pkg'
[0.385s] Level 1:colcon.colcon_core.package_identification:_identify(src/build/first_interfaces/CMakeFiles/3.16.3/CompilerIdC/tmp) by extensions ['colcon_meta']
[0.385s] Level 1:colcon.colcon_core.package_identification:_identify(src/build/first_interfaces/CMakeFiles/3.16.3/CompilerIdC/tmp) by extension 'colcon_meta'
[0.385s] Level 1:colcon.colcon_core.package_identification:_identify(src/build/first_interfaces/CMakeFiles/3.16.3/CompilerIdC/tmp) by extensions ['ros']
[0.385s] Level 1:colcon.colcon_core.package_identification:_identify(src/build/first_interfaces/CMakeFiles/3.16.3/CompilerIdC/tmp) by extension 'ros'
[0.385s] Level 1:colcon.colcon_core.package_identification:_identify(src/build/first_interfaces/CMakeFiles/3.16.3/CompilerIdC/tmp) by extensions ['cmake', 'python']
[0.385s] Level 1:colcon.colcon_core.package_identification:_identify(src/build/first_interfaces/CMakeFiles/3.16.3/CompilerIdC/tmp) by extension 'cmake'
[0.386s] Level 1:colcon.colcon_core.package_identification:_identify(src/build/first_interfaces/CMakeFiles/3.16.3/CompilerIdC/tmp) by extension 'python'
[0.386s] Level 1:colcon.colcon_core.package_identification:_identify(src/build/first_interfaces/CMakeFiles/3.16.3/CompilerIdC/tmp) by extensions ['python_setup_py']
[0.386s] Level 1:colcon.colcon_core.package_identification:_identify(src/build/first_interfaces/CMakeFiles/3.16.3/CompilerIdC/tmp) by extension 'python_setup_py'
[0.386s] Level 1:colcon.colcon_core.package_identification:_identify(src/build/first_interfaces/CMakeFiles/3.16.3/CompilerIdCXX) by extensions ['ignore', 'ignore_ament_install']
[0.386s] Level 1:colcon.colcon_core.package_identification:_identify(src/build/first_interfaces/CMakeFiles/3.16.3/CompilerIdCXX) by extension 'ignore'
[0.386s] Level 1:colcon.colcon_core.package_identification:_identify(src/build/first_interfaces/CMakeFiles/3.16.3/CompilerIdCXX) by extension 'ignore_ament_install'
[0.386s] Level 1:colcon.colcon_core.package_identification:_identify(src/build/first_interfaces/CMakeFiles/3.16.3/CompilerIdCXX) by extensions ['colcon_pkg']
[0.386s] Level 1:colcon.colcon_core.package_identification:_identify(src/build/first_interfaces/CMakeFiles/3.16.3/CompilerIdCXX) by extension 'colcon_pkg'
[0.386s] Level 1:colcon.colcon_core.package_identification:_identify(src/build/first_interfaces/CMakeFiles/3.16.3/CompilerIdCXX) by extensions ['colcon_meta']
[0.386s] Level 1:colcon.colcon_core.package_identification:_identify(src/build/first_interfaces/CMakeFiles/3.16.3/CompilerIdCXX) by extension 'colcon_meta'
[0.386s] Level 1:colcon.colcon_core.package_identification:_identify(src/build/first_interfaces/CMakeFiles/3.16.3/CompilerIdCXX) by extensions ['ros']
[0.386s] Level 1:colcon.colcon_core.package_identification:_identify(src/build/first_interfaces/CMakeFiles/3.16.3/CompilerIdCXX) by extension 'ros'
[0.386s] Level 1:colcon.colcon_core.package_identification:_identify(src/build/first_interfaces/CMakeFiles/3.16.3/CompilerIdCXX) by extensions ['cmake', 'python']
[0.386s] Level 1:colcon.colcon_core.package_identification:_identify(src/build/first_interfaces/CMakeFiles/3.16.3/CompilerIdCXX) by extension 'cmake'
[0.386s] Level 1:colcon.colcon_core.package_identification:_identify(src/build/first_interfaces/CMakeFiles/3.16.3/CompilerIdCXX) by extension 'python'
[0.386s] Level 1:colcon.colcon_core.package_identification:_identify(src/build/first_interfaces/CMakeFiles/3.16.3/CompilerIdCXX) by extensions ['python_setup_py']
[0.386s] Level 1:colcon.colcon_core.package_identification:_identify(src/build/first_interfaces/CMakeFiles/3.16.3/CompilerIdCXX) by extension 'python_setup_py'
[0.386s] Level 1:colcon.colcon_core.package_identification:_identify(src/build/first_interfaces/CMakeFiles/3.16.3/CompilerIdCXX/tmp) by extensions ['ignore', 'ignore_ament_install']
[0.387s] Level 1:colcon.colcon_core.package_identification:_identify(src/build/first_interfaces/CMakeFiles/3.16.3/CompilerIdCXX/tmp) by extension 'ignore'
[0.387s] Level 1:colcon.colcon_core.package_identification:_identify(src/build/first_interfaces/CMakeFiles/3.16.3/CompilerIdCXX/tmp) by extension 'ignore_ament_install'
[0.387s] Level 1:colcon.colcon_core.package_identification:_identify(src/build/first_interfaces/CMakeFiles/3.16.3/CompilerIdCXX/tmp) by extensions ['colcon_pkg']
[0.387s] Level 1:colcon.colcon_core.package_identification:_identify(src/build/first_interfaces/CMakeFiles/3.16.3/CompilerIdCXX/tmp) by extension 'colcon_pkg'
[0.387s] Level 1:colcon.colcon_core.package_identification:_identify(src/build/first_interfaces/CMakeFiles/3.16.3/CompilerIdCXX/tmp) by extensions ['colcon_meta']
[0.387s] Level 1:colcon.colcon_core.package_identification:_identify(src/build/first_interfaces/CMakeFiles/3.16.3/CompilerIdCXX/tmp) by extension 'colcon_meta'
[0.387s] Level 1:colcon.colcon_core.package_identification:_identify(src/build/first_interfaces/CMakeFiles/3.16.3/CompilerIdCXX/tmp) by extensions ['ros']
[0.387s] Level 1:colcon.colcon_core.package_identification:_identify(src/build/first_interfaces/CMakeFiles/3.16.3/CompilerIdCXX/tmp) by extension 'ros'
[0.387s] Level 1:colcon.colcon_core.package_identification:_identify(src/build/first_interfaces/CMakeFiles/3.16.3/CompilerIdCXX/tmp) by extensions ['cmake', 'python']
[0.387s] Level 1:colcon.colcon_core.package_identification:_identify(src/build/first_interfaces/CMakeFiles/3.16.3/CompilerIdCXX/tmp) by extension 'cmake'
[0.387s] Level 1:colcon.colcon_core.package_identification:_identify(src/build/first_interfaces/CMakeFiles/3.16.3/CompilerIdCXX/tmp) by extension 'python'
[0.387s] Level 1:colcon.colcon_core.package_identification:_identify(src/build/first_interfaces/CMakeFiles/3.16.3/CompilerIdCXX/tmp) by extensions ['python_setup_py']
[0.387s] Level 1:colcon.colcon_core.package_identification:_identify(src/build/first_interfaces/CMakeFiles/3.16.3/CompilerIdCXX/tmp) by extension 'python_setup_py'
[0.387s] Level 1:colcon.colcon_core.package_identification:_identify(src/build/first_interfaces/CMakeFiles/CMakeTmp) by extensions ['ignore', 'ignore_ament_install']
[0.387s] Level 1:colcon.colcon_core.package_identification:_identify(src/build/first_interfaces/CMakeFiles/CMakeTmp) by extension 'ignore'
[0.387s] Level 1:colcon.colcon_core.package_identification:_identify(src/build/first_interfaces/CMakeFiles/CMakeTmp) by extension 'ignore_ament_install'
[0.387s] Level 1:colcon.colcon_core.package_identification:_identify(src/build/first_interfaces/CMakeFiles/CMakeTmp) by extensions ['colcon_pkg']
[0.387s] Level 1:colcon.colcon_core.package_identification:_identify(src/build/first_interfaces/CMakeFiles/CMakeTmp) by extension 'colcon_pkg'
[0.387s] Level 1:colcon.colcon_core.package_identification:_identify(src/build/first_interfaces/CMakeFiles/CMakeTmp) by extensions ['colcon_meta']
[0.387s] Level 1:colcon.colcon_core.package_identification:_identify(src/build/first_interfaces/CMakeFiles/CMakeTmp) by extension 'colcon_meta'
[0.387s] Level 1:colcon.colcon_core.package_identification:_identify(src/build/first_interfaces/CMakeFiles/CMakeTmp) by extensions ['ros']
[0.387s] Level 1:colcon.colcon_core.package_identification:_identify(src/build/first_interfaces/CMakeFiles/CMakeTmp) by extension 'ros'
[0.388s] Level 1:colcon.colcon_core.package_identification:_identify(src/build/first_interfaces/CMakeFiles/CMakeTmp) by extensions ['cmake', 'python']
[0.388s] Level 1:colcon.colcon_core.package_identification:_identify(src/build/first_interfaces/CMakeFiles/CMakeTmp) by extension 'cmake'
[0.388s] Level 1:colcon.colcon_core.package_identification:_identify(src/build/first_interfaces/CMakeFiles/CMakeTmp) by extension 'python'
[0.388s] Level 1:colcon.colcon_core.package_identification:_identify(src/build/first_interfaces/CMakeFiles/CMakeTmp) by extensions ['python_setup_py']
[0.388s] Level 1:colcon.colcon_core.package_identification:_identify(src/build/first_interfaces/CMakeFiles/CMakeTmp) by extension 'python_setup_py'
[0.388s] Level 1:colcon.colcon_core.package_identification:_identify(src/build/first_interfaces/ament_copyright) by extensions ['ignore', 'ignore_ament_install']
[0.388s] Level 1:colcon.colcon_core.package_identification:_identify(src/build/first_interfaces/ament_copyright) by extension 'ignore'
[0.388s] Level 1:colcon.colcon_core.package_identification:_identify(src/build/first_interfaces/ament_copyright) by extension 'ignore_ament_install'
[0.388s] Level 1:colcon.colcon_core.package_identification:_identify(src/build/first_interfaces/ament_copyright) by extensions ['colcon_pkg']
[0.388s] Level 1:colcon.colcon_core.package_identification:_identify(src/build/first_interfaces/ament_copyright) by extension 'colcon_pkg'
[0.388s] Level 1:colcon.colcon_core.package_identification:_identify(src/build/first_interfaces/ament_copyright) by extensions ['colcon_meta']
[0.388s] Level 1:colcon.colcon_core.package_identification:_identify(src/build/first_interfaces/ament_copyright) by extension 'colcon_meta'
[0.388s] Level 1:colcon.colcon_core.package_identification:_identify(src/build/first_interfaces/ament_copyright) by extensions ['ros']
[0.388s] Level 1:colcon.colcon_core.package_identification:_identify(src/build/first_interfaces/ament_copyright) by extension 'ros'
[0.388s] Level 1:colcon.colcon_core.package_identification:_identify(src/build/first_interfaces/ament_copyright) by extensions ['cmake', 'python']
[0.388s] Level 1:colcon.colcon_core.package_identification:_identify(src/build/first_interfaces/ament_copyright) by extension 'cmake'
[0.388s] Level 1:colcon.colcon_core.package_identification:_identify(src/build/first_interfaces/ament_copyright) by extension 'python'
[0.388s] Level 1:colcon.colcon_core.package_identification:_identify(src/build/first_interfaces/ament_copyright) by extensions ['python_setup_py']
[0.388s] Level 1:colcon.colcon_core.package_identification:_identify(src/build/first_interfaces/ament_copyright) by extension 'python_setup_py'
[0.389s] Level 1:colcon.colcon_core.package_identification:_identify(src/build/first_interfaces/ament_lint_cmake) by extensions ['ignore', 'ignore_ament_install']
[0.389s] Level 1:colcon.colcon_core.package_identification:_identify(src/build/first_interfaces/ament_lint_cmake) by extension 'ignore'
[0.389s] Level 1:colcon.colcon_core.package_identification:_identify(src/build/first_interfaces/ament_lint_cmake) by extension 'ignore_ament_install'
[0.389s] Level 1:colcon.colcon_core.package_identification:_identify(src/build/first_interfaces/ament_lint_cmake) by extensions ['colcon_pkg']
[0.389s] Level 1:colcon.colcon_core.package_identification:_identify(src/build/first_interfaces/ament_lint_cmake) by extension 'colcon_pkg'
[0.389s] Level 1:colcon.colcon_core.package_identification:_identify(src/build/first_interfaces/ament_lint_cmake) by extensions ['colcon_meta']
[0.389s] Level 1:colcon.colcon_core.package_identification:_identify(src/build/first_interfaces/ament_lint_cmake) by extension 'colcon_meta'
[0.389s] Level 1:colcon.colcon_core.package_identification:_identify(src/build/first_interfaces/ament_lint_cmake) by extensions ['ros']
[0.389s] Level 1:colcon.colcon_core.package_identification:_identify(src/build/first_interfaces/ament_lint_cmake) by extension 'ros'
[0.389s] Level 1:colcon.colcon_core.package_identification:_identify(src/build/first_interfaces/ament_lint_cmake) by extensions ['cmake', 'python']
[0.389s] Level 1:colcon.colcon_core.package_identification:_identify(src/build/first_interfaces/ament_lint_cmake) by extension 'cmake'
[0.389s] Level 1:colcon.colcon_core.package_identification:_identify(src/build/first_interfaces/ament_lint_cmake) by extension 'python'
[0.389s] Level 1:colcon.colcon_core.package_identification:_identify(src/build/first_interfaces/ament_lint_cmake) by extensions ['python_setup_py']
[0.389s] Level 1:colcon.colcon_core.package_identification:_identify(src/build/first_interfaces/ament_lint_cmake) by extension 'python_setup_py'
[0.389s] Level 1:colcon.colcon_core.package_identification:_identify(src/build/first_interfaces/ament_xmllint) by extensions ['ignore', 'ignore_ament_install']
[0.389s] Level 1:colcon.colcon_core.package_identification:_identify(src/build/first_interfaces/ament_xmllint) by extension 'ignore'
[0.389s] Level 1:colcon.colcon_core.package_identification:_identify(src/build/first_interfaces/ament_xmllint) by extension 'ignore_ament_install'
[0.389s] Level 1:colcon.colcon_core.package_identification:_identify(src/build/first_interfaces/ament_xmllint) by extensions ['colcon_pkg']
[0.389s] Level 1:colcon.colcon_core.package_identification:_identify(src/build/first_interfaces/ament_xmllint) by extension 'colcon_pkg'
[0.389s] Level 1:colcon.colcon_core.package_identification:_identify(src/build/first_interfaces/ament_xmllint) by extensions ['colcon_meta']
[0.389s] Level 1:colcon.colcon_core.package_identification:_identify(src/build/first_interfaces/ament_xmllint) by extension 'colcon_meta'
[0.390s] Level 1:colcon.colcon_core.package_identification:_identify(src/build/first_interfaces/ament_xmllint) by extensions ['ros']
[0.390s] Level 1:colcon.colcon_core.package_identification:_identify(src/build/first_interfaces/ament_xmllint) by extension 'ros'
[0.390s] Level 1:colcon.colcon_core.package_identification:_identify(src/build/first_interfaces/ament_xmllint) by extensions ['cmake', 'python']
[0.390s] Level 1:colcon.colcon_core.package_identification:_identify(src/build/first_interfaces/ament_xmllint) by extension 'cmake'
[0.390s] Level 1:colcon.colcon_core.package_identification:_identify(src/build/first_interfaces/ament_xmllint) by extension 'python'
[0.390s] Level 1:colcon.colcon_core.package_identification:_identify(src/build/first_interfaces/ament_xmllint) by extensions ['python_setup_py']
[0.390s] Level 1:colcon.colcon_core.package_identification:_identify(src/build/first_interfaces/ament_xmllint) by extension 'python_setup_py'
[0.390s] Level 1:colcon.colcon_core.package_identification:_identify(src/first_interfaces) by extensions ['ignore', 'ignore_ament_install']
[0.390s] Level 1:colcon.colcon_core.package_identification:_identify(src/first_interfaces) by extension 'ignore'
[0.390s] Level 1:colcon.colcon_core.package_identification:_identify(src/first_interfaces) by extension 'ignore_ament_install'
[0.390s] Level 1:colcon.colcon_core.package_identification:_identify(src/first_interfaces) by extensions ['colcon_pkg']
[0.390s] Level 1:colcon.colcon_core.package_identification:_identify(src/first_interfaces) by extension 'colcon_pkg'
[0.390s] Level 1:colcon.colcon_core.package_identification:_identify(src/first_interfaces) by extensions ['colcon_meta']
[0.390s] Level 1:colcon.colcon_core.package_identification:_identify(src/first_interfaces) by extension 'colcon_meta'
[0.390s] Level 1:colcon.colcon_core.package_identification:_identify(src/first_interfaces) by extensions ['ros']
[0.390s] Level 1:colcon.colcon_core.package_identification:_identify(src/first_interfaces) by extension 'ros'
[0.390s] Level 1:colcon.colcon_core.package_identification:_identify(src/first_interfaces) by extensions ['cmake', 'python']
[0.390s] Level 1:colcon.colcon_core.package_identification:_identify(src/first_interfaces) by extension 'cmake'
[0.390s] Level 1:colcon.colcon_core.package_identification:_identify(src/first_interfaces) by extension 'python'
[0.390s] Level 1:colcon.colcon_core.package_identification:_identify(src/first_interfaces) by extensions ['python_setup_py']
[0.390s] Level 1:colcon.colcon_core.package_identification:_identify(src/first_interfaces) by extension 'python_setup_py'
[0.391s] Level 1:colcon.colcon_core.package_identification:_identify(src/first_interfaces/include) by extensions ['ignore', 'ignore_ament_install']
[0.391s] Level 1:colcon.colcon_core.package_identification:_identify(src/first_interfaces/include) by extension 'ignore'
[0.391s] Level 1:colcon.colcon_core.package_identification:_identify(src/first_interfaces/include) by extension 'ignore_ament_install'
[0.391s] Level 1:colcon.colcon_core.package_identification:_identify(src/first_interfaces/include) by extensions ['colcon_pkg']
[0.391s] Level 1:colcon.colcon_core.package_identification:_identify(src/first_interfaces/include) by extension 'colcon_pkg'
[0.391s] Level 1:colcon.colcon_core.package_identification:_identify(src/first_interfaces/include) by extensions ['colcon_meta']
[0.391s] Level 1:colcon.colcon_core.package_identification:_identify(src/first_interfaces/include) by extension 'colcon_meta'
[0.391s] Level 1:colcon.colcon_core.package_identification:_identify(src/first_interfaces/include) by extensions ['ros']
[0.391s] Level 1:colcon.colcon_core.package_identification:_identify(src/first_interfaces/include) by extension 'ros'
[0.391s] Level 1:colcon.colcon_core.package_identification:_identify(src/first_interfaces/include) by extensions ['cmake', 'python']
[0.391s] Level 1:colcon.colcon_core.package_identification:_identify(src/first_interfaces/include) by extension 'cmake'
[0.391s] Level 1:colcon.colcon_core.package_identification:_identify(src/first_interfaces/include) by extension 'python'
[0.391s] Level 1:colcon.colcon_core.package_identification:_identify(src/first_interfaces/include) by extensions ['python_setup_py']
[0.391s] Level 1:colcon.colcon_core.package_identification:_identify(src/first_interfaces/include) by extension 'python_setup_py'
[0.391s] Level 1:colcon.colcon_core.package_identification:_identify(src/first_interfaces/include/first_interfaces) by extensions ['ignore', 'ignore_ament_install']
[0.391s] Level 1:colcon.colcon_core.package_identification:_identify(src/first_interfaces/include/first_interfaces) by extension 'ignore'
[0.391s] Level 1:colcon.colcon_core.package_identification:_identify(src/first_interfaces/include/first_interfaces) by extension 'ignore_ament_install'
[0.392s] Level 1:colcon.colcon_core.package_identification:_identify(src/first_interfaces/include/first_interfaces) by extensions ['colcon_pkg']
[0.392s] Level 1:colcon.colcon_core.package_identification:_identify(src/first_interfaces/include/first_interfaces) by extension 'colcon_pkg'
[0.392s] Level 1:colcon.colcon_core.package_identification:_identify(src/first_interfaces/include/first_interfaces) by extensions ['colcon_meta']
[0.392s] Level 1:colcon.colcon_core.package_identification:_identify(src/first_interfaces/include/first_interfaces) by extension 'colcon_meta'
[0.392s] Level 1:colcon.colcon_core.package_identification:_identify(src/first_interfaces/include/first_interfaces) by extensions ['ros']
[0.392s] Level 1:colcon.colcon_core.package_identification:_identify(src/first_interfaces/include/first_interfaces) by extension 'ros'
[0.392s] Level 1:colcon.colcon_core.package_identification:_identify(src/first_interfaces/include/first_interfaces) by extensions ['cmake', 'python']
[0.392s] Level 1:colcon.colcon_core.package_identification:_identify(src/first_interfaces/include/first_interfaces) by extension 'cmake'
[0.392s] Level 1:colcon.colcon_core.package_identification:_identify(src/first_interfaces/include/first_interfaces) by extension 'python'
[0.392s] Level 1:colcon.colcon_core.package_identification:_identify(src/first_interfaces/include/first_interfaces) by extensions ['python_setup_py']
[0.392s] Level 1:colcon.colcon_core.package_identification:_identify(src/first_interfaces/include/first_interfaces) by extension 'python_setup_py'
[0.392s] Level 1:colcon.colcon_core.package_identification:_identify(src/first_interfaces/src) by extensions ['ignore', 'ignore_ament_install']
[0.392s] Level 1:colcon.colcon_core.package_identification:_identify(src/first_interfaces/src) by extension 'ignore'
[0.392s] Level 1:colcon.colcon_core.package_identification:_identify(src/first_interfaces/src) by extension 'ignore_ament_install'
[0.392s] Level 1:colcon.colcon_core.package_identification:_identify(src/first_interfaces/src) by extensions ['colcon_pkg']
[0.392s] Level 1:colcon.colcon_core.package_identification:_identify(src/first_interfaces/src) by extension 'colcon_pkg'
[0.392s] Level 1:colcon.colcon_core.package_identification:_identify(src/first_interfaces/src) by extensions ['colcon_meta']
[0.392s] Level 1:colcon.colcon_core.package_identification:_identify(src/first_interfaces/src) by extension 'colcon_meta'
[0.392s] Level 1:colcon.colcon_core.package_identification:_identify(src/first_interfaces/src) by extensions ['ros']
[0.392s] Level 1:colcon.colcon_core.package_identification:_identify(src/first_interfaces/src) by extension 'ros'
[0.392s] Level 1:colcon.colcon_core.package_identification:_identify(src/first_interfaces/src) by extensions ['cmake', 'python']
[0.392s] Level 1:colcon.colcon_core.package_identification:_identify(src/first_interfaces/src) by extension 'cmake'
[0.392s] Level 1:colcon.colcon_core.package_identification:_identify(src/first_interfaces/src) by extension 'python'
[0.393s] Level 1:colcon.colcon_core.package_identification:_identify(src/first_interfaces/src) by extensions ['python_setup_py']
[0.393s] Level 1:colcon.colcon_core.package_identification:_identify(src/first_interfaces/src) by extension 'python_setup_py'
[0.393s] Level 1:colcon.colcon_core.package_identification:_identify(src/first_package) by extensions ['ignore', 'ignore_ament_install']
[0.393s] Level 1:colcon.colcon_core.package_identification:_identify(src/first_package) by extension 'ignore'
[0.393s] Level 1:colcon.colcon_core.package_identification:_identify(src/first_package) by extension 'ignore_ament_install'
[0.393s] Level 1:colcon.colcon_core.package_identification:_identify(src/first_package) by extensions ['colcon_pkg']
[0.393s] Level 1:colcon.colcon_core.package_identification:_identify(src/first_package) by extension 'colcon_pkg'
[0.393s] Level 1:colcon.colcon_core.package_identification:_identify(src/first_package) by extensions ['colcon_meta']
[0.393s] Level 1:colcon.colcon_core.package_identification:_identify(src/first_package) by extension 'colcon_meta'
[0.393s] Level 1:colcon.colcon_core.package_identification:_identify(src/first_package) by extensions ['ros']
[0.393s] Level 1:colcon.colcon_core.package_identification:_identify(src/first_package) by extension 'ros'
[0.397s] DEBUG:colcon.colcon_core.package_identification:Package 'src/first_package' with type 'ros.ament_python' and name 'first_package'
[0.397s] Level 1:colcon.colcon_core.package_identification:_identify(src/install) by extensions ['ignore', 'ignore_ament_install']
[0.397s] Level 1:colcon.colcon_core.package_identification:_identify(src/install) by extension 'ignore'
[0.397s] Level 1:colcon.colcon_core.package_identification:_identify(src/install) by extension 'ignore_ament_install'
[0.397s] Level 1:colcon.colcon_core.package_identification:_identify(src/install) by extensions ['colcon_pkg']
[0.397s] Level 1:colcon.colcon_core.package_identification:_identify(src/install) by extension 'colcon_pkg'
[0.397s] Level 1:colcon.colcon_core.package_identification:_identify(src/install) by extensions ['colcon_meta']
[0.397s] Level 1:colcon.colcon_core.package_identification:_identify(src/install) by extension 'colcon_meta'
[0.397s] Level 1:colcon.colcon_core.package_identification:_identify(src/install) by extensions ['ros']
[0.398s] Level 1:colcon.colcon_core.package_identification:_identify(src/install) by extension 'ros'
[0.398s] Level 1:colcon.colcon_core.package_identification:_identify(src/install) by extensions ['cmake', 'python']
[0.398s] Level 1:colcon.colcon_core.package_identification:_identify(src/install) by extension 'cmake'
[0.398s] Level 1:colcon.colcon_core.package_identification:_identify(src/install) by extension 'python'
[0.398s] Level 1:colcon.colcon_core.package_identification:_identify(src/install) by extensions ['python_setup_py']
[0.398s] Level 1:colcon.colcon_core.package_identification:_identify(src/install) by extension 'python_setup_py'
[0.398s] Level 1:colcon.colcon_core.package_identification:_identify(src/install/first_interfaces) by extensions ['ignore', 'ignore_ament_install']
[0.398s] Level 1:colcon.colcon_core.package_identification:_identify(src/install/first_interfaces) by extension 'ignore'
[0.398s] Level 1:colcon.colcon_core.package_identification:_identify(src/install/first_interfaces) by extension 'ignore_ament_install'
[0.398s] Level 1:colcon.colcon_core.package_identification:_identify(src/install/first_interfaces) by extensions ['colcon_pkg']
[0.398s] Level 1:colcon.colcon_core.package_identification:_identify(src/install/first_interfaces) by extension 'colcon_pkg'
[0.398s] Level 1:colcon.colcon_core.package_identification:_identify(src/install/first_interfaces) by extensions ['colcon_meta']
[0.398s] Level 1:colcon.colcon_core.package_identification:_identify(src/install/first_interfaces) by extension 'colcon_meta'
[0.398s] Level 1:colcon.colcon_core.package_identification:_identify(src/install/first_interfaces) by extensions ['ros']
[0.398s] Level 1:colcon.colcon_core.package_identification:_identify(src/install/first_interfaces) by extension 'ros'
[0.398s] Level 1:colcon.colcon_core.package_identification:_identify(src/install/first_interfaces) by extensions ['cmake', 'python']
[0.398s] Level 1:colcon.colcon_core.package_identification:_identify(src/install/first_interfaces) by extension 'cmake'
[0.398s] Level 1:colcon.colcon_core.package_identification:_identify(src/install/first_interfaces) by extension 'python'
[0.398s] Level 1:colcon.colcon_core.package_identification:_identify(src/install/first_interfaces) by extensions ['python_setup_py']
[0.398s] Level 1:colcon.colcon_core.package_identification:_identify(src/install/first_interfaces) by extension 'python_setup_py'
[0.399s] Level 1:colcon.colcon_core.package_identification:_identify(src/install/first_interfaces/include) by extensions ['ignore', 'ignore_ament_install']
[0.399s] Level 1:colcon.colcon_core.package_identification:_identify(src/install/first_interfaces/include) by extension 'ignore'
[0.399s] Level 1:colcon.colcon_core.package_identification:_identify(src/install/first_interfaces/include) by extension 'ignore_ament_install'
[0.399s] Level 1:colcon.colcon_core.package_identification:_identify(src/install/first_interfaces/include) by extensions ['colcon_pkg']
[0.399s] Level 1:colcon.colcon_core.package_identification:_identify(src/install/first_interfaces/include) by extension 'colcon_pkg'
[0.399s] Level 1:colcon.colcon_core.package_identification:_identify(src/install/first_interfaces/include) by extensions ['colcon_meta']
[0.399s] Level 1:colcon.colcon_core.package_identification:_identify(src/install/first_interfaces/include) by extension 'colcon_meta'
[0.399s] Level 1:colcon.colcon_core.package_identification:_identify(src/install/first_interfaces/include) by extensions ['ros']
[0.400s] Level 1:colcon.colcon_core.package_identification:_identify(src/install/first_interfaces/include) by extension 'ros'
[0.400s] Level 1:colcon.colcon_core.package_identification:_identify(src/install/first_interfaces/include) by extensions ['cmake', 'python']
[0.400s] Level 1:colcon.colcon_core.package_identification:_identify(src/install/first_interfaces/include) by extension 'cmake'
[0.400s] Level 1:colcon.colcon_core.package_identification:_identify(src/install/first_interfaces/include) by extension 'python'
[0.400s] Level 1:colcon.colcon_core.package_identification:_identify(src/install/first_interfaces/include) by extensions ['python_setup_py']
[0.400s] Level 1:colcon.colcon_core.package_identification:_identify(src/install/first_interfaces/include) by extension 'python_setup_py'
[0.400s] Level 1:colcon.colcon_core.package_identification:_identify(src/install/first_interfaces/include/first_interfaces) by extensions ['ignore', 'ignore_ament_install']
[0.400s] Level 1:colcon.colcon_core.package_identification:_identify(src/install/first_interfaces/include/first_interfaces) by extension 'ignore'
[0.400s] Level 1:colcon.colcon_core.package_identification:_identify(src/install/first_interfaces/include/first_interfaces) by extension 'ignore_ament_install'
[0.402s] Level 1:colcon.colcon_core.package_identification:_identify(src/install/first_interfaces/include/first_interfaces) by extensions ['colcon_pkg']
[0.402s] Level 1:colcon.colcon_core.package_identification:_identify(src/install/first_interfaces/include/first_interfaces) by extension 'colcon_pkg'
[0.402s] Level 1:colcon.colcon_core.package_identification:_identify(src/install/first_interfaces/include/first_interfaces) by extensions ['colcon_meta']
[0.402s] Level 1:colcon.colcon_core.package_identification:_identify(src/install/first_interfaces/include/first_interfaces) by extension 'colcon_meta'
[0.402s] Level 1:colcon.colcon_core.package_identification:_identify(src/install/first_interfaces/include/first_interfaces) by extensions ['ros']
[0.402s] Level 1:colcon.colcon_core.package_identification:_identify(src/install/first_interfaces/include/first_interfaces) by extension 'ros'
[0.402s] Level 1:colcon.colcon_core.package_identification:_identify(src/install/first_interfaces/include/first_interfaces) by extensions ['cmake', 'python']
[0.402s] Level 1:colcon.colcon_core.package_identification:_identify(src/install/first_interfaces/include/first_interfaces) by extension 'cmake'
[0.402s] Level 1:colcon.colcon_core.package_identification:_identify(src/install/first_interfaces/include/first_interfaces) by extension 'python'
[0.402s] Level 1:colcon.colcon_core.package_identification:_identify(src/install/first_interfaces/include/first_interfaces) by extensions ['python_setup_py']
[0.403s] Level 1:colcon.colcon_core.package_identification:_identify(src/install/first_interfaces/include/first_interfaces) by extension 'python_setup_py'
[0.403s] Level 1:colcon.colcon_core.package_identification:_identify(src/install/first_interfaces/include/first_interfaces/msg) by extensions ['ignore', 'ignore_ament_install']
[0.403s] Level 1:colcon.colcon_core.package_identification:_identify(src/install/first_interfaces/include/first_interfaces/msg) by extension 'ignore'
[0.403s] Level 1:colcon.colcon_core.package_identification:_identify(src/install/first_interfaces/include/first_interfaces/msg) by extension 'ignore_ament_install'
[0.403s] Level 1:colcon.colcon_core.package_identification:_identify(src/install/first_interfaces/include/first_interfaces/msg) by extensions ['colcon_pkg']
[0.403s] Level 1:colcon.colcon_core.package_identification:_identify(src/install/first_interfaces/include/first_interfaces/msg) by extension 'colcon_pkg'
[0.403s] Level 1:colcon.colcon_core.package_identification:_identify(src/install/first_interfaces/include/first_interfaces/msg) by extensions ['colcon_meta']
[0.403s] Level 1:colcon.colcon_core.package_identification:_identify(src/install/first_interfaces/include/first_interfaces/msg) by extension 'colcon_meta'
[0.403s] Level 1:colcon.colcon_core.package_identification:_identify(src/install/first_interfaces/include/first_interfaces/msg) by extensions ['ros']
[0.403s] Level 1:colcon.colcon_core.package_identification:_identify(src/install/first_interfaces/include/first_interfaces/msg) by extension 'ros'
[0.403s] Level 1:colcon.colcon_core.package_identification:_identify(src/install/first_interfaces/include/first_interfaces/msg) by extensions ['cmake', 'python']
[0.403s] Level 1:colcon.colcon_core.package_identification:_identify(src/install/first_interfaces/include/first_interfaces/msg) by extension 'cmake'
[0.403s] Level 1:colcon.colcon_core.package_identification:_identify(src/install/first_interfaces/include/first_interfaces/msg) by extension 'python'
[0.403s] Level 1:colcon.colcon_core.package_identification:_identify(src/install/first_interfaces/include/first_interfaces/msg) by extensions ['python_setup_py']
[0.403s] Level 1:colcon.colcon_core.package_identification:_identify(src/install/first_interfaces/include/first_interfaces/msg) by extension 'python_setup_py'
[0.403s] Level 1:colcon.colcon_core.package_identification:_identify(src/install/first_interfaces/include/first_interfaces/msg/detail) by extensions ['ignore', 'ignore_ament_install']
[0.404s] Level 1:colcon.colcon_core.package_identification:_identify(src/install/first_interfaces/include/first_interfaces/msg/detail) by extension 'ignore'
[0.404s] Level 1:colcon.colcon_core.package_identification:_identify(src/install/first_interfaces/include/first_interfaces/msg/detail) by extension 'ignore_ament_install'
[0.404s] Level 1:colcon.colcon_core.package_identification:_identify(src/install/first_interfaces/include/first_interfaces/msg/detail) by extensions ['colcon_pkg']
[0.404s] Level 1:colcon.colcon_core.package_identification:_identify(src/install/first_interfaces/include/first_interfaces/msg/detail) by extension 'colcon_pkg'
[0.404s] Level 1:colcon.colcon_core.package_identification:_identify(src/install/first_interfaces/include/first_interfaces/msg/detail) by extensions ['colcon_meta']
[0.404s] Level 1:colcon.colcon_core.package_identification:_identify(src/install/first_interfaces/include/first_interfaces/msg/detail) by extension 'colcon_meta'
[0.404s] Level 1:colcon.colcon_core.package_identification:_identify(src/install/first_interfaces/include/first_interfaces/msg/detail) by extensions ['ros']
[0.404s] Level 1:colcon.colcon_core.package_identification:_identify(src/install/first_interfaces/include/first_interfaces/msg/detail) by extension 'ros'
[0.404s] Level 1:colcon.colcon_core.package_identification:_identify(src/install/first_interfaces/include/first_interfaces/msg/detail) by extensions ['cmake', 'python']
[0.404s] Level 1:colcon.colcon_core.package_identification:_identify(src/install/first_interfaces/include/first_interfaces/msg/detail) by extension 'cmake'
[0.404s] Level 1:colcon.colcon_core.package_identification:_identify(src/install/first_interfaces/include/first_interfaces/msg/detail) by extension 'python'
[0.404s] Level 1:colcon.colcon_core.package_identification:_identify(src/install/first_interfaces/include/first_interfaces/msg/detail) by extensions ['python_setup_py']
[0.404s] Level 1:colcon.colcon_core.package_identification:_identify(src/install/first_interfaces/include/first_interfaces/msg/detail) by extension 'python_setup_py'
[0.404s] Level 1:colcon.colcon_core.package_identification:_identify(src/install/first_interfaces/include/first_interfaces/msg/detail/dds_fastrtps) by extensions ['ignore', 'ignore_ament_install']
[0.404s] Level 1:colcon.colcon_core.package_identification:_identify(src/install/first_interfaces/include/first_interfaces/msg/detail/dds_fastrtps) by extension 'ignore'
[0.404s] Level 1:colcon.colcon_core.package_identification:_identify(src/install/first_interfaces/include/first_interfaces/msg/detail/dds_fastrtps) by extension 'ignore_ament_install'
[0.404s] Level 1:colcon.colcon_core.package_identification:_identify(src/install/first_interfaces/include/first_interfaces/msg/detail/dds_fastrtps) by extensions ['colcon_pkg']
[0.404s] Level 1:colcon.colcon_core.package_identification:_identify(src/install/first_interfaces/include/first_interfaces/msg/detail/dds_fastrtps) by extension 'colcon_pkg'
[0.404s] Level 1:colcon.colcon_core.package_identification:_identify(src/install/first_interfaces/include/first_interfaces/msg/detail/dds_fastrtps) by extensions ['colcon_meta']
[0.404s] Level 1:colcon.colcon_core.package_identification:_identify(src/install/first_interfaces/include/first_interfaces/msg/detail/dds_fastrtps) by extension 'colcon_meta'
[0.405s] Level 1:colcon.colcon_core.package_identification:_identify(src/install/first_interfaces/include/first_interfaces/msg/detail/dds_fastrtps) by extensions ['ros']
[0.405s] Level 1:colcon.colcon_core.package_identification:_identify(src/install/first_interfaces/include/first_interfaces/msg/detail/dds_fastrtps) by extension 'ros'
[0.405s] Level 1:colcon.colcon_core.package_identification:_identify(src/install/first_interfaces/include/first_interfaces/msg/detail/dds_fastrtps) by extensions ['cmake', 'python']
[0.405s] Level 1:colcon.colcon_core.package_identification:_identify(src/install/first_interfaces/include/first_interfaces/msg/detail/dds_fastrtps) by extension 'cmake'
[0.405s] Level 1:colcon.colcon_core.package_identification:_identify(src/install/first_interfaces/include/first_interfaces/msg/detail/dds_fastrtps) by extension 'python'
[0.405s] Level 1:colcon.colcon_core.package_identification:_identify(src/install/first_interfaces/include/first_interfaces/msg/detail/dds_fastrtps) by extensions ['python_setup_py']
[0.405s] Level 1:colcon.colcon_core.package_identification:_identify(src/install/first_interfaces/include/first_interfaces/msg/detail/dds_fastrtps) by extension 'python_setup_py'
[0.405s] Level 1:colcon.colcon_core.package_identification:_identify(src/stm_station) by extensions ['ignore', 'ignore_ament_install']
[0.405s] Level 1:colcon.colcon_core.package_identification:_identify(src/stm_station) by extension 'ignore'
[0.405s] Level 1:colcon.colcon_core.package_identification:_identify(src/stm_station) by extension 'ignore_ament_install'
[0.405s] Level 1:colcon.colcon_core.package_identification:_identify(src/stm_station) by extensions ['colcon_pkg']
[0.405s] Level 1:colcon.colcon_core.package_identification:_identify(src/stm_station) by extension 'colcon_pkg'
[0.405s] Level 1:colcon.colcon_core.package_identification:_identify(src/stm_station) by extensions ['colcon_meta']
[0.405s] Level 1:colcon.colcon_core.package_identification:_identify(src/stm_station) by extension 'colcon_meta'
[0.405s] Level 1:colcon.colcon_core.package_identification:_identify(src/stm_station) by extensions ['ros']
[0.405s] Level 1:colcon.colcon_core.package_identification:_identify(src/stm_station) by extension 'ros'
[0.406s] DEBUG:colcon.colcon_core.package_identification:Package 'src/stm_station' with type 'ros.ament_python' and name 'stm_station'
[0.406s] Level 1:colcon.colcon_core.package_discovery:discover_packages(recursive) using defaults
[0.407s] Level 1:colcon.colcon_core.package_discovery:discover_packages(ignore) discover
[0.407s] Level 1:colcon.colcon_core.package_discovery:discover_packages(ignore) using defaults
[0.407s] Level 1:colcon.colcon_core.package_discovery:discover_packages(path) discover
[0.407s] Level 1:colcon.colcon_core.package_discovery:discover_packages(path) using defaults
[0.426s] Level 1:colcon.colcon_core.package_discovery:discover_packages(prefix_path) check parameters
[0.427s] Level 1:colcon.colcon_core.package_discovery:discover_packages(prefix_path) discover
[0.429s] DEBUG:colcon.colcon_installed_package_information.package_discovery:Found 2 installed packages in /home/athens/ros2_athens_ws/install
[0.430s] DEBUG:colcon.colcon_installed_package_information.package_discovery:Found 6 installed packages in /home/athens/ros2_ws/install
[0.432s] DEBUG:colcon.colcon_installed_package_information.package_discovery:Found 256 installed packages in /opt/ros/foxy
[0.434s] Level 1:colcon.colcon_core.package_discovery:discover_packages(prefix_path) using defaults
[0.497s] Level 5:colcon.colcon_core.verb:set package 'first_package' build argument 'cmake_args' from command line to 'None'
[0.497s] Level 5:colcon.colcon_core.verb:set package 'first_package' build argument 'cmake_target' from command line to 'None'
[0.497s] Level 5:colcon.colcon_core.verb:set package 'first_package' build argument 'cmake_target_skip_unavailable' from command line to 'False'
[0.498s] Level 5:colcon.colcon_core.verb:set package 'first_package' build argument 'cmake_clean_cache' from command line to 'False'
[0.498s] Level 5:colcon.colcon_core.verb:set package 'first_package' build argument 'cmake_clean_first' from command line to 'False'
[0.498s] Level 5:colcon.colcon_core.verb:set package 'first_package' build argument 'cmake_force_configure' from command line to 'False'
[0.498s] Level 5:colcon.colcon_core.verb:set package 'first_package' build argument 'ament_cmake_args' from command line to 'None'
[0.498s] Level 5:colcon.colcon_core.verb:set package 'first_package' build argument 'catkin_cmake_args' from command line to 'None'
[0.498s] Level 5:colcon.colcon_core.verb:set package 'first_package' build argument 'catkin_skip_building_tests' from command line to 'False'
[0.498s] DEBUG:colcon.colcon_core.verb:Building package 'first_package' with the following arguments: {'ament_cmake_args': None, 'build_base': '/home/athens/ros2_athens_ws/build/first_package', 'catkin_cmake_args': None, 'catkin_skip_building_tests': False, 'cmake_args': None, 'cmake_clean_cache': False, 'cmake_clean_first': False, 'cmake_force_configure': False, 'cmake_target': None, 'cmake_target_skip_unavailable': False, 'install_base': '/home/athens/ros2_athens_ws/install/first_package', 'merge_install': False, 'path': '/home/athens/ros2_athens_ws/src/first_package', 'symlink_install': False, 'test_result_base': None}
[0.498s] Level 5:colcon.colcon_core.verb:set package 'stm_station' build argument 'cmake_args' from command line to 'None'
[0.498s] Level 5:colcon.colcon_core.verb:set package 'stm_station' build argument 'cmake_target' from command line to 'None'
[0.498s] Level 5:colcon.colcon_core.verb:set package 'stm_station' build argument 'cmake_target_skip_unavailable' from command line to 'False'
[0.498s] Level 5:colcon.colcon_core.verb:set package 'stm_station' build argument 'cmake_clean_cache' from command line to 'False'
[0.498s] Level 5:colcon.colcon_core.verb:set package 'stm_station' build argument 'cmake_clean_first' from command line to 'False'
[0.499s] Level 5:colcon.colcon_core.verb:set package 'stm_station' build argument 'cmake_force_configure' from command line to 'False'
[0.499s] Level 5:colcon.colcon_core.verb:set package 'stm_station' build argument 'ament_cmake_args' from command line to 'None'
[0.499s] Level 5:colcon.colcon_core.verb:set package 'stm_station' build argument 'catkin_cmake_args' from command line to 'None'
[0.499s] Level 5:colcon.colcon_core.verb:set package 'stm_station' build argument 'catkin_skip_building_tests' from command line to 'False'
[0.499s] DEBUG:colcon.colcon_core.verb:Building package 'stm_station' with the following arguments: {'ament_cmake_args': None, 'build_base': '/home/athens/ros2_athens_ws/build/stm_station', 'catkin_cmake_args': None, 'catkin_skip_building_tests': False, 'cmake_args': None, 'cmake_clean_cache': False, 'cmake_clean_first': False, 'cmake_force_configure': False, 'cmake_target': None, 'cmake_target_skip_unavailable': False, 'install_base': '/home/athens/ros2_athens_ws/install/stm_station', 'merge_install': False, 'path': '/home/athens/ros2_athens_ws/src/stm_station', 'symlink_install': False, 'test_result_base': None}
[0.499s] INFO:colcon.colcon_core.executor:Executing jobs using 'parallel' executor
[0.501s] DEBUG:colcon.colcon_parallel_executor.executor.parallel:run_until_complete
[0.504s] INFO:colcon.colcon_ros.task.ament_python.build:Building ROS package in '/home/athens/ros2_athens_ws/src/first_package' with build type 'ament_python'
[0.504s] Level 1:colcon.colcon_core.shell:create_environment_hook('first_package', 'ament_prefix_path')
[0.507s] INFO:colcon.colcon_core.plugin_system:Skipping extension 'colcon_core.shell.bat': Not used on non-Windows systems
[0.508s] INFO:colcon.colcon_core.shell:Creating environment hook '/home/athens/ros2_athens_ws/install/first_package/share/first_package/hook/ament_prefix_path.ps1'
[0.509s] INFO:colcon.colcon_core.shell:Creating environment descriptor '/home/athens/ros2_athens_ws/install/first_package/share/first_package/hook/ament_prefix_path.dsv'
[0.511s] INFO:colcon.colcon_core.shell:Creating environment hook '/home/athens/ros2_athens_ws/install/first_package/share/first_package/hook/ament_prefix_path.sh'
[0.513s] INFO:colcon.colcon_core.shell:Skip shell extension 'powershell' for command environment: Not usable outside of PowerShell
[0.513s] DEBUG:colcon.colcon_core.shell:Skip shell extension 'dsv' for command environment
[0.520s] INFO:colcon.colcon_ros.task.ament_python.build:Building ROS package in '/home/athens/ros2_athens_ws/src/stm_station' with build type 'ament_python'
[0.521s] Level 1:colcon.colcon_core.shell:create_environment_hook('stm_station', 'ament_prefix_path')
[0.522s] INFO:colcon.colcon_core.shell:Creating environment hook '/home/athens/ros2_athens_ws/install/stm_station/share/stm_station/hook/ament_prefix_path.ps1'
[0.523s] INFO:colcon.colcon_core.shell:Creating environment descriptor '/home/athens/ros2_athens_ws/install/stm_station/share/stm_station/hook/ament_prefix_path.dsv'
[0.532s] INFO:colcon.colcon_core.shell:Creating environment hook '/home/athens/ros2_athens_ws/install/stm_station/share/stm_station/hook/ament_prefix_path.sh'
[0.536s] INFO:colcon.colcon_core.shell:Skip shell extension 'powershell' for command environment: Not usable outside of PowerShell
[0.536s] DEBUG:colcon.colcon_core.shell:Skip shell extension 'dsv' for command environment
[0.904s] INFO:colcon.colcon_core.task.python.build:Building Python package in '/home/athens/ros2_athens_ws/src/first_package'
[0.910s] INFO:colcon.colcon_core.shell:Skip shell extension 'powershell' for command environment: Not usable outside of PowerShell
[0.910s] DEBUG:colcon.colcon_core.shell:Skip shell extension 'dsv' for command environment
[1.203s] INFO:colcon.colcon_core.task.python.build:Building Python package in '/home/athens/ros2_athens_ws/src/stm_station'
[1.204s] INFO:colcon.colcon_core.shell:Skip shell extension 'powershell' for command environment: Not usable outside of PowerShell
[1.204s] DEBUG:colcon.colcon_core.shell:Skip shell extension 'dsv' for command environment
[1.900s] DEBUG:colcon.colcon_core.event_handler.log_command:Invoking command in '/home/athens/ros2_athens_ws/src/first_package': PYTHONPATH=/home/athens/ros2_athens_ws/build/first_package/prefix_override:/usr/lib/python3/dist-packages/colcon_core/task/python/colcon_distutils_commands:/home/athens/ros2_athens_ws/install/first_package/lib/python3.8/site-packages:${PYTHONPATH} /usr/bin/python3 -W ignore:setup.py install is deprecated setup.py egg_info --egg-base ../../build/first_package build --build-base /home/athens/ros2_athens_ws/build/first_package/build install --record /home/athens/ros2_athens_ws/build/first_package/install.log --install-scripts $base/lib/first_package --single-version-externally-managed install_data
[1.919s] DEBUG:colcon.colcon_core.event_handler.log_command:Invoking command in '/home/athens/ros2_athens_ws/src/stm_station': PYTHONPATH=/home/athens/ros2_athens_ws/build/stm_station/prefix_override:/usr/lib/python3/dist-packages/colcon_core/task/python/colcon_distutils_commands:/home/athens/ros2_athens_ws/install/stm_station/lib/python3.8/site-packages:${PYTHONPATH} /usr/bin/python3 -W ignore:setup.py install is deprecated setup.py egg_info --egg-base ../../build/stm_station build --build-base /home/athens/ros2_athens_ws/build/stm_station/build install --record /home/athens/ros2_athens_ws/build/stm_station/install.log --install-scripts $base/lib/stm_station --single-version-externally-managed install_data
[2.336s] DEBUG:colcon.colcon_core.event_handler.log_command:Invoked command in '/home/athens/ros2_athens_ws/src/stm_station' returned '0': PYTHONPATH=/home/athens/ros2_athens_ws/build/stm_station/prefix_override:/usr/lib/python3/dist-packages/colcon_core/task/python/colcon_distutils_commands:/home/athens/ros2_athens_ws/install/stm_station/lib/python3.8/site-packages:${PYTHONPATH} /usr/bin/python3 -W ignore:setup.py install is deprecated setup.py egg_info --egg-base ../../build/stm_station build --build-base /home/athens/ros2_athens_ws/build/stm_station/build install --record /home/athens/ros2_athens_ws/build/stm_station/install.log --install-scripts $base/lib/stm_station --single-version-externally-managed install_data
[2.339s] Level 1:colcon.colcon_core.environment:checking '/home/athens/ros2_athens_ws/install/stm_station' for CMake module files
[2.340s] Level 1:colcon.colcon_core.environment:checking '/home/athens/ros2_athens_ws/install/stm_station' for CMake config files
[2.341s] Level 1:colcon.colcon_core.environment:checking '/home/athens/ros2_athens_ws/install/stm_station/lib'
[2.342s] Level 1:colcon.colcon_core.environment:checking '/home/athens/ros2_athens_ws/install/stm_station/bin'
[2.343s] Level 1:colcon.colcon_core.environment:checking '/home/athens/ros2_athens_ws/install/stm_station/lib/pkgconfig/stm_station.pc'
[2.343s] Level 1:colcon.colcon_core.environment:checking '/home/athens/ros2_athens_ws/install/stm_station/lib/python3.8/site-packages'
[2.343s] Level 1:colcon.colcon_core.shell:create_environment_hook('stm_station', 'pythonpath')
[2.343s] INFO:colcon.colcon_core.shell:Creating environment hook '/home/athens/ros2_athens_ws/install/stm_station/share/stm_station/hook/pythonpath.ps1'
[2.344s] INFO:colcon.colcon_core.shell:Creating environment descriptor '/home/athens/ros2_athens_ws/install/stm_station/share/stm_station/hook/pythonpath.dsv'
[2.345s] INFO:colcon.colcon_core.shell:Creating environment hook '/home/athens/ros2_athens_ws/install/stm_station/share/stm_station/hook/pythonpath.sh'
[2.347s] Level 1:colcon.colcon_core.environment:checking '/home/athens/ros2_athens_ws/install/stm_station/bin'
[2.347s] Level 1:colcon.colcon_core.environment:create_environment_scripts_only(stm_station)
[2.347s] INFO:colcon.colcon_core.shell:Creating package script '/home/athens/ros2_athens_ws/install/stm_station/share/stm_station/package.ps1'
[2.349s] INFO:colcon.colcon_core.shell:Creating package descriptor '/home/athens/ros2_athens_ws/install/stm_station/share/stm_station/package.dsv'
[2.351s] INFO:colcon.colcon_core.shell:Creating package script '/home/athens/ros2_athens_ws/install/stm_station/share/stm_station/package.sh'
[2.353s] INFO:colcon.colcon_core.shell:Creating package script '/home/athens/ros2_athens_ws/install/stm_station/share/stm_station/package.bash'
[2.354s] INFO:colcon.colcon_core.shell:Creating package script '/home/athens/ros2_athens_ws/install/stm_station/share/stm_station/package.zsh'
[2.356s] Level 1:colcon.colcon_core.environment:create_file_with_runtime_dependencies(/home/athens/ros2_athens_ws/install/stm_station/share/colcon-core/packages/stm_station)
[2.361s] Level 1:colcon.colcon_core.environment:checking '/home/athens/ros2_athens_ws/install/first_package' for CMake module files
[2.364s] DEBUG:colcon.colcon_core.event_handler.log_command:Invoked command in '/home/athens/ros2_athens_ws/src/first_package' returned '0': PYTHONPATH=/home/athens/ros2_athens_ws/build/first_package/prefix_override:/usr/lib/python3/dist-packages/colcon_core/task/python/colcon_distutils_commands:/home/athens/ros2_athens_ws/install/first_package/lib/python3.8/site-packages:${PYTHONPATH} /usr/bin/python3 -W ignore:setup.py install is deprecated setup.py egg_info --egg-base ../../build/first_package build --build-base /home/athens/ros2_athens_ws/build/first_package/build install --record /home/athens/ros2_athens_ws/build/first_package/install.log --install-scripts $base/lib/first_package --single-version-externally-managed install_data
[2.365s] Level 1:colcon.colcon_core.environment:checking '/home/athens/ros2_athens_ws/install/first_package' for CMake config files
[2.366s] Level 1:colcon.colcon_core.environment:checking '/home/athens/ros2_athens_ws/install/first_package/lib'
[2.366s] Level 1:colcon.colcon_core.environment:checking '/home/athens/ros2_athens_ws/install/first_package/bin'
[2.366s] Level 1:colcon.colcon_core.environment:checking '/home/athens/ros2_athens_ws/install/first_package/lib/pkgconfig/first_package.pc'
[2.367s] Level 1:colcon.colcon_core.environment:checking '/home/athens/ros2_athens_ws/install/first_package/lib/python3.8/site-packages'
[2.367s] Level 1:colcon.colcon_core.shell:create_environment_hook('first_package', 'pythonpath')
[2.367s] INFO:colcon.colcon_core.shell:Creating environment hook '/home/athens/ros2_athens_ws/install/first_package/share/first_package/hook/pythonpath.ps1'
[2.368s] INFO:colcon.colcon_core.shell:Creating environment descriptor '/home/athens/ros2_athens_ws/install/first_package/share/first_package/hook/pythonpath.dsv'
[2.369s] INFO:colcon.colcon_core.shell:Creating environment hook '/home/athens/ros2_athens_ws/install/first_package/share/first_package/hook/pythonpath.sh'
[2.371s] Level 1:colcon.colcon_core.environment:checking '/home/athens/ros2_athens_ws/install/first_package/bin'
[2.372s] Level 1:colcon.colcon_core.environment:create_environment_scripts_only(first_package)
[2.372s] INFO:colcon.colcon_core.shell:Creating package script '/home/athens/ros2_athens_ws/install/first_package/share/first_package/package.ps1'
[2.373s] INFO:colcon.colcon_core.shell:Creating package descriptor '/home/athens/ros2_athens_ws/install/first_package/share/first_package/package.dsv'
[2.374s] INFO:colcon.colcon_core.shell:Creating package script '/home/athens/ros2_athens_ws/install/first_package/share/first_package/package.sh'
[2.376s] INFO:colcon.colcon_core.shell:Creating package script '/home/athens/ros2_athens_ws/install/first_package/share/first_package/package.bash'
[2.376s] INFO:colcon.colcon_core.shell:Creating package script '/home/athens/ros2_athens_ws/install/first_package/share/first_package/package.zsh'
[2.379s] Level 1:colcon.colcon_core.environment:create_file_with_runtime_dependencies(/home/athens/ros2_athens_ws/install/first_package/share/colcon-core/packages/first_package)
[2.381s] DEBUG:colcon.colcon_parallel_executor.executor.parallel:closing loop
[2.381s] DEBUG:colcon.colcon_parallel_executor.executor.parallel:loop closed
[2.382s] DEBUG:colcon.colcon_parallel_executor.executor.parallel:run_until_complete finished with '0'
[2.383s] DEBUG:colcon.colcon_core.event_reactor:joining thread
[2.394s] INFO:colcon.colcon_core.plugin_system:Skipping extension 'colcon_notification.desktop_notification.terminal_notifier': Not used on non-Darwin systems
[2.394s] INFO:colcon.colcon_core.plugin_system:Skipping extension 'colcon_notification.desktop_notification.win32': Not used on non-Windows systems
[2.394s] INFO:colcon.colcon_notification.desktop_notification:Sending desktop notification using 'notify2'
[2.437s] DEBUG:colcon.colcon_core.event_reactor:joined thread
[2.438s] INFO:colcon.colcon_core.shell:Creating prefix script '/home/athens/ros2_athens_ws/install/local_setup.ps1'
[2.440s] INFO:colcon.colcon_core.shell:Creating prefix util module '/home/athens/ros2_athens_ws/install/_local_setup_util_ps1.py'
[2.443s] INFO:colcon.colcon_core.shell:Creating prefix chain script '/home/athens/ros2_athens_ws/install/setup.ps1'
[2.445s] INFO:colcon.colcon_core.shell:Creating prefix script '/home/athens/ros2_athens_ws/install/local_setup.sh'
[2.446s] INFO:colcon.colcon_core.shell:Creating prefix util module '/home/athens/ros2_athens_ws/install/_local_setup_util_sh.py'
[2.447s] INFO:colcon.colcon_core.shell:Creating prefix chain script '/home/athens/ros2_athens_ws/install/setup.sh'
[2.450s] INFO:colcon.colcon_core.shell:Creating prefix script '/home/athens/ros2_athens_ws/install/local_setup.bash'
[2.452s] INFO:colcon.colcon_core.shell:Creating prefix chain script '/home/athens/ros2_athens_ws/install/setup.bash'
[2.454s] INFO:colcon.colcon_core.shell:Creating prefix script '/home/athens/ros2_athens_ws/install/local_setup.zsh'
[2.456s] INFO:colcon.colcon_core.shell:Creating prefix chain script '/home/athens/ros2_athens_ws/install/setup.zsh'
