[1.395s] Invoking command in '/home/athens/ros2_athens_ws/src/first_package': PYTHONPATH=/home/athens/ros2_athens_ws/build/first_package/prefix_override:/usr/lib/python3/dist-packages/colcon_core/task/python/colcon_distutils_commands:/home/athens/ros2_athens_ws/install/first_package/lib/python3.8/site-packages:${PYTHONPATH} /usr/bin/python3 -W ignore:setup.py install is deprecated setup.py egg_info --egg-base ../../build/first_package build --build-base /home/athens/ros2_athens_ws/build/first_package/build install --record /home/athens/ros2_athens_ws/build/first_package/install.log --install-scripts $base/lib/first_package --single-version-externally-managed install_data
[1.714s] running egg_info
[1.715s] writing ../../build/first_package/first_package.egg-info/PKG-INFO
[1.716s] writing dependency_links to ../../build/first_package/first_package.egg-info/dependency_links.txt
[1.716s] writing entry points to ../../build/first_package/first_package.egg-info/entry_points.txt
[1.724s] writing requirements to ../../build/first_package/first_package.egg-info/requires.txt
[1.724s] writing top-level names to ../../build/first_package/first_package.egg-info/top_level.txt
[1.775s] reading manifest file '../../build/first_package/first_package.egg-info/SOURCES.txt'
[1.775s] writing manifest file '../../build/first_package/first_package.egg-info/SOURCES.txt'
[1.776s] running build
[1.776s] running build_py
[1.776s] running install
[1.776s] running install_lib
[1.779s] running install_data
[1.780s] running install_egg_info
[1.781s] removing '/home/athens/ros2_athens_ws/install/first_package/lib/python3.8/site-packages/first_package-0.0.0-py3.8.egg-info' (and everything under it)
[1.782s] Copying ../../build/first_package/first_package.egg-info to /home/athens/ros2_athens_ws/install/first_package/lib/python3.8/site-packages/first_package-0.0.0-py3.8.egg-info
[1.782s] running install_scripts
[1.806s] Installing simple_publisher_node script to /home/athens/ros2_athens_ws/install/first_package/lib/first_package
[1.806s] Installing simple_pubsub_node script to /home/athens/ros2_athens_ws/install/first_package/lib/first_package
[1.812s] Installing simple_subscriber_node script to /home/athens/ros2_athens_ws/install/first_package/lib/first_package
[1.812s] Installing test_simple_pubsub_node script to /home/athens/ros2_athens_ws/install/first_package/lib/first_package
[1.812s] writing list of installed files to '/home/athens/ros2_athens_ws/build/first_package/install.log'
[1.860s] Invoked command in '/home/athens/ros2_athens_ws/src/first_package' returned '0': PYTHONPATH=/home/athens/ros2_athens_ws/build/first_package/prefix_override:/usr/lib/python3/dist-packages/colcon_core/task/python/colcon_distutils_commands:/home/athens/ros2_athens_ws/install/first_package/lib/python3.8/site-packages:${PYTHONPATH} /usr/bin/python3 -W ignore:setup.py install is deprecated setup.py egg_info --egg-base ../../build/first_package build --build-base /home/athens/ros2_athens_ws/build/first_package/build install --record /home/athens/ros2_athens_ws/build/first_package/install.log --install-scripts $base/lib/first_package --single-version-externally-managed install_data
