[0.027s] Invoking command in '/home/athens/ros2_athens_ws/build/first_interfaces': CMAKE_PREFIX_PATH=${CMAKE_PREFIX_PATH}:/home/athens/ros2_athens_ws/install/stm_station:/home/athens/ros2_athens_ws/install/first_package:/opt/ros/foxy /usr/bin/cmake --build /home/athens/ros2_athens_ws/build/first_interfaces -- -j4 -l4
[0.112s] [ 10%] Built target first_interfaces__rosidl_generator_c
[0.124s] [ 12%] Built target first_interfaces__cpp
[0.181s] [ 23%] Built target first_interfaces__rosidl_typesupport_c
[0.190s] [ 33%] Built target first_interfaces__rosidl_typesupport_introspection_c
[0.193s] [ 43%] Built target first_interfaces__rosidl_typesupport_introspection_cpp
[0.214s] [ 53%] Built target first_interfaces__rosidl_typesupport_fastrtps_cpp
[0.229s] [ 64%] Built target first_interfaces__rosidl_typesupport_cpp
[0.260s] [ 74%] Built target first_interfaces__rosidl_typesupport_fastrtps_c
[0.291s] [ 74%] Built target first_interfaces
[0.353s] [ 76%] Built target first_interfaces__py
[0.399s] [ 84%] Built target first_interfaces__python
[0.453s] [ 89%] Built target first_interfaces__rosidl_typesupport_c__pyext
[0.470s] [ 94%] Built target first_interfaces__rosidl_typesupport_fastrtps_c__pyext
[0.476s] [100%] Built target first_interfaces__rosidl_typesupport_introspection_c__pyext
[0.504s] Invoked command in '/home/athens/ros2_athens_ws/build/first_interfaces' returned '0': CMAKE_PREFIX_PATH=${CMAKE_PREFIX_PATH}:/home/athens/ros2_athens_ws/install/stm_station:/home/athens/ros2_athens_ws/install/first_package:/opt/ros/foxy /usr/bin/cmake --build /home/athens/ros2_athens_ws/build/first_interfaces -- -j4 -l4
[0.712s] Invoking command in '/home/athens/ros2_athens_ws/build/first_interfaces': CMAKE_PREFIX_PATH=${CMAKE_PREFIX_PATH}:/home/athens/ros2_athens_ws/install/stm_station:/home/athens/ros2_athens_ws/install/first_package:/opt/ros/foxy /usr/bin/cmake --install /home/athens/ros2_athens_ws/build/first_interfaces
[0.739s] -- Install configuration: ""
[0.740s] -- Up-to-date: /home/athens/ros2_athens_ws/install/first_interfaces/share/ament_index/resource_index/rosidl_interfaces/first_interfaces
[0.740s] -- Up-to-date: /home/athens/ros2_athens_ws/install/first_interfaces/include/first_interfaces
[0.740s] -- Up-to-date: /home/athens/ros2_athens_ws/install/first_interfaces/include/first_interfaces/msg
[0.740s] -- Up-to-date: /home/athens/ros2_athens_ws/install/first_interfaces/include/first_interfaces/msg/example_message.h
[0.740s] -- Up-to-date: /home/athens/ros2_athens_ws/install/first_interfaces/include/first_interfaces/msg/detail
[0.740s] -- Up-to-date: /home/athens/ros2_athens_ws/install/first_interfaces/include/first_interfaces/msg/detail/example_message__struct.h
[0.740s] -- Up-to-date: /home/athens/ros2_athens_ws/install/first_interfaces/include/first_interfaces/msg/detail/example_message__type_support.h
[0.741s] -- Up-to-date: /home/athens/ros2_athens_ws/install/first_interfaces/include/first_interfaces/msg/detail/example_message__functions.h
[0.741s] -- Up-to-date: /home/athens/ros2_athens_ws/install/first_interfaces/include/first_interfaces/msg/detail/example_message__functions.c
[0.741s] -- Up-to-date: /home/athens/ros2_athens_ws/install/first_interfaces/include/first_interfaces/msg/rosidl_generator_c__visibility_control.h
[0.741s] -- Up-to-date: /home/athens/ros2_athens_ws/install/first_interfaces/include/first_interfaces/srv
[0.741s] -- Up-to-date: /home/athens/ros2_athens_ws/install/first_interfaces/include/first_interfaces/srv/detail
[0.743s] -- Up-to-date: /home/athens/ros2_athens_ws/install/first_interfaces/include/first_interfaces/srv/detail/add_two_ints__functions.c
[0.743s] -- Up-to-date: /home/athens/ros2_athens_ws/install/first_interfaces/include/first_interfaces/srv/detail/add_two_ints__struct.h
[0.747s] -- Up-to-date: /home/athens/ros2_athens_ws/install/first_interfaces/include/first_interfaces/srv/detail/add_two_ints__functions.h
[0.747s] -- Up-to-date: /home/athens/ros2_athens_ws/install/first_interfaces/include/first_interfaces/srv/detail/add_two_ints__type_support.h
[0.749s] -- Up-to-date: /home/athens/ros2_athens_ws/install/first_interfaces/include/first_interfaces/srv/add_two_ints.h
[0.750s] -- Up-to-date: /home/athens/ros2_athens_ws/install/first_interfaces/share/first_interfaces/environment/library_path.sh
[0.750s] -- Up-to-date: /home/athens/ros2_athens_ws/install/first_interfaces/share/first_interfaces/environment/library_path.dsv
[0.751s] -- Up-to-date: /home/athens/ros2_athens_ws/install/first_interfaces/lib/libfirst_interfaces__rosidl_generator_c.so
[0.751s] -- Up-to-date: /home/athens/ros2_athens_ws/install/first_interfaces/include/first_interfaces
[0.751s] -- Up-to-date: /home/athens/ros2_athens_ws/install/first_interfaces/include/first_interfaces/msg
[0.751s] -- Up-to-date: /home/athens/ros2_athens_ws/install/first_interfaces/include/first_interfaces/msg/detail
[0.752s] -- Up-to-date: /home/athens/ros2_athens_ws/install/first_interfaces/include/first_interfaces/msg/detail/example_message__rosidl_typesupport_fastrtps_c.h
[0.752s] -- Up-to-date: /home/athens/ros2_athens_ws/install/first_interfaces/include/first_interfaces/msg/rosidl_typesupport_fastrtps_c__visibility_control.h
[0.752s] -- Up-to-date: /home/athens/ros2_athens_ws/install/first_interfaces/include/first_interfaces/srv
[0.752s] -- Up-to-date: /home/athens/ros2_athens_ws/install/first_interfaces/include/first_interfaces/srv/detail
[0.753s] -- Up-to-date: /home/athens/ros2_athens_ws/install/first_interfaces/include/first_interfaces/srv/detail/add_two_ints__rosidl_typesupport_fastrtps_c.h
[0.753s] -- Up-to-date: /home/athens/ros2_athens_ws/install/first_interfaces/lib/libfirst_interfaces__rosidl_typesupport_fastrtps_c.so
[0.753s] -- Up-to-date: /home/athens/ros2_athens_ws/install/first_interfaces/include/first_interfaces
[0.753s] -- Up-to-date: /home/athens/ros2_athens_ws/install/first_interfaces/include/first_interfaces/msg
[0.756s] -- Up-to-date: /home/athens/ros2_athens_ws/install/first_interfaces/include/first_interfaces/msg/detail
[0.756s] -- Up-to-date: /home/athens/ros2_athens_ws/install/first_interfaces/include/first_interfaces/msg/detail/dds_fastrtps
[0.756s] -- Up-to-date: /home/athens/ros2_athens_ws/install/first_interfaces/include/first_interfaces/msg/detail/example_message__rosidl_typesupport_fastrtps_cpp.hpp
[0.756s] -- Up-to-date: /home/athens/ros2_athens_ws/install/first_interfaces/include/first_interfaces/msg/rosidl_typesupport_fastrtps_cpp__visibility_control.h
[0.756s] -- Up-to-date: /home/athens/ros2_athens_ws/install/first_interfaces/include/first_interfaces/srv
[0.757s] -- Up-to-date: /home/athens/ros2_athens_ws/install/first_interfaces/include/first_interfaces/srv/detail
[0.757s] -- Up-to-date: /home/athens/ros2_athens_ws/install/first_interfaces/include/first_interfaces/srv/detail/dds_fastrtps
[0.757s] -- Up-to-date: /home/athens/ros2_athens_ws/install/first_interfaces/include/first_interfaces/srv/detail/add_two_ints__rosidl_typesupport_fastrtps_cpp.hpp
[0.757s] -- Up-to-date: /home/athens/ros2_athens_ws/install/first_interfaces/lib/libfirst_interfaces__rosidl_typesupport_fastrtps_cpp.so
[0.757s] -- Up-to-date: /home/athens/ros2_athens_ws/install/first_interfaces/include/first_interfaces
[0.757s] -- Up-to-date: /home/athens/ros2_athens_ws/install/first_interfaces/include/first_interfaces/msg
[0.757s] -- Up-to-date: /home/athens/ros2_athens_ws/install/first_interfaces/include/first_interfaces/msg/detail
[0.757s] -- Up-to-date: /home/athens/ros2_athens_ws/install/first_interfaces/include/first_interfaces/msg/detail/example_message__type_support.c
[0.757s] -- Up-to-date: /home/athens/ros2_athens_ws/install/first_interfaces/include/first_interfaces/msg/detail/example_message__rosidl_typesupport_introspection_c.h
[0.758s] -- Up-to-date: /home/athens/ros2_athens_ws/install/first_interfaces/include/first_interfaces/msg/rosidl_typesupport_introspection_c__visibility_control.h
[0.758s] -- Up-to-date: /home/athens/ros2_athens_ws/install/first_interfaces/include/first_interfaces/srv
[0.758s] -- Up-to-date: /home/athens/ros2_athens_ws/install/first_interfaces/include/first_interfaces/srv/detail
[0.758s] -- Up-to-date: /home/athens/ros2_athens_ws/install/first_interfaces/include/first_interfaces/srv/detail/add_two_ints__rosidl_typesupport_introspection_c.h
[0.758s] -- Up-to-date: /home/athens/ros2_athens_ws/install/first_interfaces/include/first_interfaces/srv/detail/add_two_ints__type_support.c
[0.760s] -- Up-to-date: /home/athens/ros2_athens_ws/install/first_interfaces/lib/libfirst_interfaces__rosidl_typesupport_introspection_c.so
[0.760s] -- Up-to-date: /home/athens/ros2_athens_ws/install/first_interfaces/lib/libfirst_interfaces__rosidl_typesupport_c.so
[0.760s] -- Up-to-date: /home/athens/ros2_athens_ws/install/first_interfaces/include/first_interfaces
[0.760s] -- Up-to-date: /home/athens/ros2_athens_ws/install/first_interfaces/include/first_interfaces/msg
[0.760s] -- Up-to-date: /home/athens/ros2_athens_ws/install/first_interfaces/include/first_interfaces/msg/detail
[0.760s] -- Up-to-date: /home/athens/ros2_athens_ws/install/first_interfaces/include/first_interfaces/msg/detail/example_message__type_support.hpp
[0.760s] -- Up-to-date: /home/athens/ros2_athens_ws/install/first_interfaces/include/first_interfaces/msg/detail/example_message__traits.hpp
[0.761s] -- Up-to-date: /home/athens/ros2_athens_ws/install/first_interfaces/include/first_interfaces/msg/detail/example_message__struct.hpp
[0.761s] -- Up-to-date: /home/athens/ros2_athens_ws/install/first_interfaces/include/first_interfaces/msg/detail/example_message__builder.hpp
[0.761s] -- Up-to-date: /home/athens/ros2_athens_ws/install/first_interfaces/include/first_interfaces/msg/rosidl_generator_cpp__visibility_control.hpp
[0.761s] -- Up-to-date: /home/athens/ros2_athens_ws/install/first_interfaces/include/first_interfaces/msg/example_message.hpp
[0.762s] -- Up-to-date: /home/athens/ros2_athens_ws/install/first_interfaces/include/first_interfaces/srv
[0.762s] -- Up-to-date: /home/athens/ros2_athens_ws/install/first_interfaces/include/first_interfaces/srv/detail
[0.762s] -- Up-to-date: /home/athens/ros2_athens_ws/install/first_interfaces/include/first_interfaces/srv/detail/add_two_ints__type_support.hpp
[0.762s] -- Up-to-date: /home/athens/ros2_athens_ws/install/first_interfaces/include/first_interfaces/srv/detail/add_two_ints__builder.hpp
[0.762s] -- Up-to-date: /home/athens/ros2_athens_ws/install/first_interfaces/include/first_interfaces/srv/detail/add_two_ints__struct.hpp
[0.763s] -- Up-to-date: /home/athens/ros2_athens_ws/install/first_interfaces/include/first_interfaces/srv/detail/add_two_ints__traits.hpp
[0.763s] -- Up-to-date: /home/athens/ros2_athens_ws/install/first_interfaces/include/first_interfaces/srv/add_two_ints.hpp
[0.763s] -- Up-to-date: /home/athens/ros2_athens_ws/install/first_interfaces/include/first_interfaces
[0.763s] -- Up-to-date: /home/athens/ros2_athens_ws/install/first_interfaces/include/first_interfaces/msg
[0.764s] -- Up-to-date: /home/athens/ros2_athens_ws/install/first_interfaces/include/first_interfaces/msg/detail
[0.765s] -- Up-to-date: /home/athens/ros2_athens_ws/install/first_interfaces/include/first_interfaces/msg/detail/example_message__rosidl_typesupport_introspection_cpp.hpp
[0.765s] -- Up-to-date: /home/athens/ros2_athens_ws/install/first_interfaces/include/first_interfaces/msg/detail/example_message__type_support.cpp
[0.765s] -- Up-to-date: /home/athens/ros2_athens_ws/install/first_interfaces/include/first_interfaces/srv
[0.765s] -- Up-to-date: /home/athens/ros2_athens_ws/install/first_interfaces/include/first_interfaces/srv/detail
[0.765s] -- Up-to-date: /home/athens/ros2_athens_ws/install/first_interfaces/include/first_interfaces/srv/detail/add_two_ints__rosidl_typesupport_introspection_cpp.hpp
[0.765s] -- Up-to-date: /home/athens/ros2_athens_ws/install/first_interfaces/include/first_interfaces/srv/detail/add_two_ints__type_support.cpp
[0.766s] -- Up-to-date: /home/athens/ros2_athens_ws/install/first_interfaces/lib/libfirst_interfaces__rosidl_typesupport_introspection_cpp.so
[0.766s] -- Up-to-date: /home/athens/ros2_athens_ws/install/first_interfaces/lib/libfirst_interfaces__rosidl_typesupport_cpp.so
[0.766s] -- Up-to-date: /home/athens/ros2_athens_ws/install/first_interfaces/share/first_interfaces/environment/pythonpath.sh
[0.766s] -- Up-to-date: /home/athens/ros2_athens_ws/install/first_interfaces/share/first_interfaces/environment/pythonpath.dsv
[0.767s] -- Up-to-date: /home/athens/ros2_athens_ws/install/first_interfaces/lib/python3.8/site-packages/first_interfaces/__init__.py
[0.817s] -- Up-to-date: /home/athens/ros2_athens_ws/install/first_interfaces/lib/python3.8/site-packages/first_interfaces/msg
[0.817s] -- Up-to-date: /home/athens/ros2_athens_ws/install/first_interfaces/lib/python3.8/site-packages/first_interfaces/msg/_example_message_s.c
[0.817s] -- Up-to-date: /home/athens/ros2_athens_ws/install/first_interfaces/lib/python3.8/site-packages/first_interfaces/msg/_example_message.py
[0.817s] -- Up-to-date: /home/athens/ros2_athens_ws/install/first_interfaces/lib/python3.8/site-packages/first_interfaces/msg/__init__.py
[0.817s] -- Up-to-date: /home/athens/ros2_athens_ws/install/first_interfaces/lib/python3.8/site-packages/first_interfaces/srv
[0.817s] -- Up-to-date: /home/athens/ros2_athens_ws/install/first_interfaces/lib/python3.8/site-packages/first_interfaces/srv/_add_two_ints_s.c
[0.817s] -- Up-to-date: /home/athens/ros2_athens_ws/install/first_interfaces/lib/python3.8/site-packages/first_interfaces/srv/_add_two_ints.py
[0.817s] -- Up-to-date: /home/athens/ros2_athens_ws/install/first_interfaces/lib/python3.8/site-packages/first_interfaces/srv/__init__.py
[0.817s] -- Up-to-date: /home/athens/ros2_athens_ws/install/first_interfaces/lib/python3.8/site-packages/first_interfaces/first_interfaces_s__rosidl_typesupport_fastrtps_c.cpython-38-x86_64-linux-gnu.so
[0.818s] -- Up-to-date: /home/athens/ros2_athens_ws/install/first_interfaces/lib/python3.8/site-packages/first_interfaces/first_interfaces_s__rosidl_typesupport_introspection_c.cpython-38-x86_64-linux-gnu.so
[0.819s] -- Up-to-date: /home/athens/ros2_athens_ws/install/first_interfaces/lib/python3.8/site-packages/first_interfaces/first_interfaces_s__rosidl_typesupport_c.cpython-38-x86_64-linux-gnu.so
[0.819s] -- Up-to-date: /home/athens/ros2_athens_ws/install/first_interfaces/lib/libfirst_interfaces__python.so
[0.820s] -- Up-to-date: /home/athens/ros2_athens_ws/install/first_interfaces/share/first_interfaces/msg/ExampleMessage.idl
[0.821s] -- Up-to-date: /home/athens/ros2_athens_ws/install/first_interfaces/share/first_interfaces/srv/AddTwoInts.idl
[0.821s] -- Up-to-date: /home/athens/ros2_athens_ws/install/first_interfaces/share/first_interfaces/msg/ExampleMessage.msg
[0.822s] -- Up-to-date: /home/athens/ros2_athens_ws/install/first_interfaces/share/first_interfaces/srv/AddTwoInts.srv
[0.822s] -- Up-to-date: /home/athens/ros2_athens_ws/install/first_interfaces/share/first_interfaces/srv/AddTwoInts_Request.msg
[0.822s] -- Up-to-date: /home/athens/ros2_athens_ws/install/first_interfaces/share/first_interfaces/srv/AddTwoInts_Response.msg
[0.824s] -- Up-to-date: /home/athens/ros2_athens_ws/install/first_interfaces/share/ament_index/resource_index/package_run_dependencies/first_interfaces
[0.824s] -- Up-to-date: /home/athens/ros2_athens_ws/install/first_interfaces/share/ament_index/resource_index/parent_prefix_path/first_interfaces
[0.824s] -- Up-to-date: /home/athens/ros2_athens_ws/install/first_interfaces/share/first_interfaces/environment/ament_prefix_path.sh
[0.824s] -- Up-to-date: /home/athens/ros2_athens_ws/install/first_interfaces/share/first_interfaces/environment/ament_prefix_path.dsv
[0.824s] -- Up-to-date: /home/athens/ros2_athens_ws/install/first_interfaces/share/first_interfaces/environment/path.sh
[0.824s] -- Up-to-date: /home/athens/ros2_athens_ws/install/first_interfaces/share/first_interfaces/environment/path.dsv
[0.824s] -- Up-to-date: /home/athens/ros2_athens_ws/install/first_interfaces/share/first_interfaces/local_setup.bash
[0.825s] -- Up-to-date: /home/athens/ros2_athens_ws/install/first_interfaces/share/first_interfaces/local_setup.sh
[0.825s] -- Up-to-date: /home/athens/ros2_athens_ws/install/first_interfaces/share/first_interfaces/local_setup.zsh
[0.825s] -- Up-to-date: /home/athens/ros2_athens_ws/install/first_interfaces/share/first_interfaces/local_setup.dsv
[0.825s] -- Installing: /home/athens/ros2_athens_ws/install/first_interfaces/share/first_interfaces/package.dsv
[0.825s] -- Up-to-date: /home/athens/ros2_athens_ws/install/first_interfaces/share/ament_index/resource_index/packages/first_interfaces
[0.825s] -- Up-to-date: /home/athens/ros2_athens_ws/install/first_interfaces/share/first_interfaces/cmake/first_interfaces__rosidl_generator_cExport.cmake
[0.825s] -- Up-to-date: /home/athens/ros2_athens_ws/install/first_interfaces/share/first_interfaces/cmake/first_interfaces__rosidl_generator_cExport-noconfig.cmake
[0.825s] -- Up-to-date: /home/athens/ros2_athens_ws/install/first_interfaces/share/first_interfaces/cmake/first_interfaces__rosidl_typesupport_introspection_cExport.cmake
[0.825s] -- Up-to-date: /home/athens/ros2_athens_ws/install/first_interfaces/share/first_interfaces/cmake/first_interfaces__rosidl_typesupport_introspection_cExport-noconfig.cmake
[0.825s] -- Up-to-date: /home/athens/ros2_athens_ws/install/first_interfaces/share/first_interfaces/cmake/first_interfaces__rosidl_typesupport_cExport.cmake
[0.825s] -- Up-to-date: /home/athens/ros2_athens_ws/install/first_interfaces/share/first_interfaces/cmake/first_interfaces__rosidl_typesupport_cExport-noconfig.cmake
[0.825s] -- Up-to-date: /home/athens/ros2_athens_ws/install/first_interfaces/share/first_interfaces/cmake/first_interfaces__rosidl_generator_cppExport.cmake
[0.825s] -- Up-to-date: /home/athens/ros2_athens_ws/install/first_interfaces/share/first_interfaces/cmake/first_interfaces__rosidl_typesupport_introspection_cppExport.cmake
[0.825s] -- Up-to-date: /home/athens/ros2_athens_ws/install/first_interfaces/share/first_interfaces/cmake/first_interfaces__rosidl_typesupport_introspection_cppExport-noconfig.cmake
[0.825s] -- Up-to-date: /home/athens/ros2_athens_ws/install/first_interfaces/share/first_interfaces/cmake/first_interfaces__rosidl_typesupport_cppExport.cmake
[0.825s] -- Up-to-date: /home/athens/ros2_athens_ws/install/first_interfaces/share/first_interfaces/cmake/first_interfaces__rosidl_typesupport_cppExport-noconfig.cmake
[0.825s] -- Up-to-date: /home/athens/ros2_athens_ws/install/first_interfaces/share/first_interfaces/cmake/rosidl_cmake-extras.cmake
[0.826s] -- Up-to-date: /home/athens/ros2_athens_ws/install/first_interfaces/share/first_interfaces/cmake/ament_cmake_export_dependencies-extras.cmake
[0.826s] -- Up-to-date: /home/athens/ros2_athens_ws/install/first_interfaces/share/first_interfaces/cmake/ament_cmake_export_libraries-extras.cmake
[0.826s] -- Up-to-date: /home/athens/ros2_athens_ws/install/first_interfaces/share/first_interfaces/cmake/ament_cmake_export_targets-extras.cmake
[0.826s] -- Up-to-date: /home/athens/ros2_athens_ws/install/first_interfaces/share/first_interfaces/cmake/ament_cmake_export_include_directories-extras.cmake
[0.826s] -- Up-to-date: /home/athens/ros2_athens_ws/install/first_interfaces/share/first_interfaces/cmake/rosidl_cmake_export_typesupport_libraries-extras.cmake
[0.826s] -- Up-to-date: /home/athens/ros2_athens_ws/install/first_interfaces/share/first_interfaces/cmake/rosidl_cmake_export_typesupport_targets-extras.cmake
[0.826s] -- Up-to-date: /home/athens/ros2_athens_ws/install/first_interfaces/share/first_interfaces/cmake/first_interfacesConfig.cmake
[0.826s] -- Up-to-date: /home/athens/ros2_athens_ws/install/first_interfaces/share/first_interfaces/cmake/first_interfacesConfig-version.cmake
[0.827s] -- Up-to-date: /home/athens/ros2_athens_ws/install/first_interfaces/share/first_interfaces/package.xml
[0.830s] Invoked command in '/home/athens/ros2_athens_ws/build/first_interfaces' returned '0': CMAKE_PREFIX_PATH=${CMAKE_PREFIX_PATH}:/home/athens/ros2_athens_ws/install/stm_station:/home/athens/ros2_athens_ws/install/first_package:/opt/ros/foxy /usr/bin/cmake --install /home/athens/ros2_athens_ws/build/first_interfaces
