[1.984s] Invoking command in '/home/athens/ros2_athens_ws/src/first_package': PYTHONPATH=/home/athens/ros2_athens_ws/build/first_package/prefix_override:/usr/lib/python3/dist-packages/colcon_core/task/python/colcon_distutils_commands:/home/athens/ros2_athens_ws/install/first_package/lib/python3.8/site-packages:${PYTHONPATH} /usr/bin/python3 -W ignore:setup.py install is deprecated setup.py egg_info --egg-base ../../build/first_package build --build-base /home/athens/ros2_athens_ws/build/first_package/build install --record /home/athens/ros2_athens_ws/build/first_package/install.log --install-scripts $base/lib/first_package --single-version-externally-managed install_data
[2.477s] running egg_info
[2.478s] creating ../../build/first_package/first_package.egg-info
[2.478s] writing ../../build/first_package/first_package.egg-info/PKG-INFO
[2.479s] writing dependency_links to ../../build/first_package/first_package.egg-info/dependency_links.txt
[2.479s] writing entry points to ../../build/first_package/first_package.egg-info/entry_points.txt
[2.479s] writing requirements to ../../build/first_package/first_package.egg-info/requires.txt
[2.479s] writing top-level names to ../../build/first_package/first_package.egg-info/top_level.txt
[2.502s] writing manifest file '../../build/first_package/first_package.egg-info/SOURCES.txt'
[2.581s] reading manifest file '../../build/first_package/first_package.egg-info/SOURCES.txt'
[2.582s] writing manifest file '../../build/first_package/first_package.egg-info/SOURCES.txt'
[2.585s] running build
[2.585s] running build_py
[2.586s] creating /home/athens/ros2_athens_ws/build/first_package/build
[2.586s] creating /home/athens/ros2_athens_ws/build/first_package/build/lib
[2.586s] creating /home/athens/ros2_athens_ws/build/first_package/build/lib/first_package
[2.586s] copying first_package/__init__.py -> /home/athens/ros2_athens_ws/build/first_package/build/lib/first_package
[2.587s] running install
[2.589s] running install_lib
[2.590s] creating /home/athens/ros2_athens_ws/install/first_package/lib/python3.8/site-packages/first_package
[2.590s] copying /home/athens/ros2_athens_ws/build/first_package/build/lib/first_package/__init__.py -> /home/athens/ros2_athens_ws/install/first_package/lib/python3.8/site-packages/first_package
[2.591s] byte-compiling /home/athens/ros2_athens_ws/install/first_package/lib/python3.8/site-packages/first_package/__init__.py to __init__.cpython-38.pyc
[2.592s] running install_data
[2.592s] creating /home/athens/ros2_athens_ws/install/first_package/share/ament_index
[2.592s] creating /home/athens/ros2_athens_ws/install/first_package/share/ament_index/resource_index
[2.592s] creating /home/athens/ros2_athens_ws/install/first_package/share/ament_index/resource_index/packages
[2.592s] copying resource/first_package -> /home/athens/ros2_athens_ws/install/first_package/share/ament_index/resource_index/packages
[2.593s] copying package.xml -> /home/athens/ros2_athens_ws/install/first_package/share/first_package
[2.593s] running install_egg_info
[2.600s] Copying ../../build/first_package/first_package.egg-info to /home/athens/ros2_athens_ws/install/first_package/lib/python3.8/site-packages/first_package-0.0.0-py3.8.egg-info
[2.601s] running install_scripts
[2.644s] writing list of installed files to '/home/athens/ros2_athens_ws/build/first_package/install.log'
[2.704s] Invoked command in '/home/athens/ros2_athens_ws/src/first_package' returned '0': PYTHONPATH=/home/athens/ros2_athens_ws/build/first_package/prefix_override:/usr/lib/python3/dist-packages/colcon_core/task/python/colcon_distutils_commands:/home/athens/ros2_athens_ws/install/first_package/lib/python3.8/site-packages:${PYTHONPATH} /usr/bin/python3 -W ignore:setup.py install is deprecated setup.py egg_info --egg-base ../../build/first_package build --build-base /home/athens/ros2_athens_ws/build/first_package/build install --record /home/athens/ros2_athens_ws/build/first_package/install.log --install-scripts $base/lib/first_package --single-version-externally-managed install_data
